2023-07-05 21:09:34,096 - main2 - INFO - Request: GET http://localhost:8000/tools/password-data
2023-07-05 21:09:34,117 - main2 - INFO - Response: 200
2023-07-05 21:09:58,393 - main2 - INFO - Request: GET http://localhost:8000/tools/wifi-details
2023-07-05 21:09:58,394 - main2 - INFO - Request: GET http://localhost:8000/tools/trusted-network-status
2023-07-05 21:09:58,518 - main2 - INFO - Response: 200
2023-07-05 21:09:58,519 - main2 - INFO - Response: 200
2023-07-05 21:14:57,393 - main2 - INFO - Request: GET http://localhost:8000/tools/ad-status
2023-07-05 21:14:57,503 - main2 - INFO - Response: 200
2023-07-05 21:14:59,071 - main2 - INFO - Request: GET http://localhost:8000/tools/wifi-details
2023-07-05 21:14:59,072 - main2 - INFO - Request: GET http://localhost:8000/tools/trusted-network-status
2023-07-05 21:14:59,136 - main2 - INFO - Response: 200
2023-07-05 21:14:59,137 - main2 - INFO - Response: 200
2023-07-05 21:20:00,389 - main2 - INFO - Request: GET http://localhost:8000/tools/trusted-network-status
2023-07-05 21:20:00,390 - main2 - INFO - Request: GET http://localhost:8000/tools/wifi-details
2023-07-05 21:20:00,479 - main2 - INFO - Response: 200
2023-07-05 21:20:00,479 - main2 - INFO - Response: 200
2023-07-05 21:24:58,384 - main2 - INFO - Request: GET http://localhost:8000/tools/ad-status
2023-07-05 21:24:58,438 - main2 - INFO - Response: 200
2023-07-05 21:25:01,080 - main2 - INFO - Request: GET http://localhost:8000/tools/trusted-network-status
2023-07-05 21:25:01,080 - main2 - INFO - Request: GET http://localhost:8000/tools/wifi-details
2023-07-05 21:25:01,151 - main2 - INFO - Response: 200
2023-07-05 21:25:01,152 - main2 - INFO - Response: 200
2023-07-05 21:30:02,381 - main2 - INFO - Request: GET http://localhost:8000/tools/trusted-network-status
2023-07-05 21:30:02,381 - main2 - INFO - Request: GET http://localhost:8000/tools/wifi-details
2023-07-05 21:30:02,460 - main2 - INFO - Response: 200
2023-07-05 21:30:02,461 - main2 - INFO - Response: 200
2023-07-05 21:34:59,388 - main2 - INFO - Request: GET http://localhost:8000/tools/ad-status
2023-07-05 21:34:59,449 - main2 - INFO - Response: 200
2023-07-05 21:35:03,068 - main2 - INFO - Request: GET http://localhost:8000/tools/trusted-network-status
2023-07-05 21:35:03,069 - main2 - INFO - Request: GET http://localhost:8000/tools/wifi-details
2023-07-05 21:35:03,161 - main2 - INFO - Response: 200
2023-07-05 21:35:03,161 - main2 - INFO - Response: 200
2023-07-05 21:40:04,388 - main2 - INFO - Request: GET http://localhost:8000/tools/trusted-network-status
2023-07-05 21:40:04,388 - main2 - INFO - Request: GET http://localhost:8000/tools/wifi-details
2023-07-05 21:40:04,468 - main2 - INFO - Response: 200
2023-07-05 21:40:04,468 - main2 - INFO - Response: 200
2023-07-05 21:45:00,391 - main2 - INFO - Request: GET http://localhost:8000/tools/ad-status
2023-07-05 21:45:00,450 - main2 - INFO - Response: 200
2023-07-05 21:45:05,068 - main2 - INFO - Request: GET http://localhost:8000/tools/trusted-network-status
2023-07-05 21:45:05,068 - main2 - INFO - Request: GET http://localhost:8000/tools/wifi-details
2023-07-05 21:45:05,132 - main2 - INFO - Response: 200
2023-07-05 21:45:05,133 - main2 - INFO - Response: 200
2023-07-05 21:50:06,391 - main2 - INFO - Request: GET http://localhost:8000/tools/trusted-network-status
2023-07-05 21:50:06,393 - main2 - INFO - Request: GET http://localhost:8000/tools/wifi-details
2023-07-05 21:50:06,455 - main2 - INFO - Response: 200
2023-07-05 21:50:06,455 - main2 - INFO - Response: 200
2023-07-05 21:55:01,386 - main2 - INFO - Request: GET http://localhost:8000/tools/ad-status
2023-07-05 21:55:01,509 - main2 - INFO - Response: 200
2023-07-05 21:55:07,076 - main2 - INFO - Request: GET http://localhost:8000/tools/trusted-network-status
2023-07-05 21:55:07,079 - main2 - INFO - Response: 200
2023-07-05 21:55:07,083 - main2 - INFO - Request: GET http://localhost:8000/tools/wifi-details
2023-07-05 21:55:07,166 - main2 - INFO - Response: 200
2023-07-05 22:00:57,660 - main2 - INFO - Request: GET http://localhost:8000/tools/ad-status
2023-07-05 22:00:57,660 - main2 - INFO - Request: GET http://localhost:8000/tools/trusted-network-status
2023-07-05 22:00:57,664 - main2 - INFO - Request: GET http://localhost:8000/tools/wifi-details
2023-07-05 22:00:57,666 - main2 - INFO - Request: GET http://localhost:8000/tools/password-data
2023-07-05 22:00:57,971 - main2 - INFO - Response: 200
2023-07-05 22:00:57,971 - main2 - INFO - Response: 200
2023-07-05 22:00:57,971 - main2 - INFO - Response: 200
2023-07-05 22:00:57,977 - main2 - INFO - Response: 200
2023-07-05 22:03:52,121 - main2 - INFO - Request: GET http://localhost:8000/tools/wifi-details
2023-07-05 22:03:52,123 - main2 - INFO - Request: GET http://localhost:8000/tools/trusted-network-status
2023-07-05 22:03:52,375 - main2 - INFO - Response: 200
2023-07-05 22:03:52,376 - main2 - INFO - Response: 200
2023-07-05 22:03:55,585 - main2 - INFO - Request: GET http://localhost:8000/tools/wifi-details
2023-07-05 22:03:55,586 - main2 - INFO - Request: GET http://localhost:8000/tools/trusted-network-status
2023-07-05 22:03:55,588 - main2 - INFO - Request: GET http://localhost:8000/tools/ad-status
2023-07-05 22:03:55,861 - main2 - INFO - Response: 200
2023-07-05 22:03:55,861 - main2 - INFO - Response: 200
2023-07-05 22:03:55,861 - main2 - INFO - Response: 200
2023-07-05 22:03:55,866 - main2 - INFO - Request: GET http://localhost:8000/tools/password-data
2023-07-05 22:03:55,869 - main2 - INFO - Response: 200
2023-07-05 22:04:41,510 - main2 - INFO - Request: GET http://localhost:8000/tools/wifi-details
2023-07-05 22:04:41,663 - main2 - INFO - Response: 200
2023-07-05 22:04:41,666 - main2 - INFO - Request: GET http://localhost:8000/tools/trusted-network-status
2023-07-05 22:04:41,667 - main2 - INFO - Response: 200
2023-07-05 22:04:44,888 - main2 - INFO - Request: GET http://localhost:8000/tools/wifi-details
2023-07-05 22:04:45,012 - main2 - INFO - Request: GET http://localhost:8000/tools/trusted-network-status
2023-07-05 22:04:45,012 - main2 - INFO - Response: 200
2023-07-05 22:04:45,015 - main2 - INFO - Request: GET http://localhost:8000/tools/ad-status
2023-07-05 22:04:45,015 - main2 - INFO - Response: 200
2023-07-05 22:04:45,104 - main2 - INFO - Request: GET http://localhost:8000/tools/password-data
2023-07-05 22:04:45,105 - main2 - INFO - Response: 200
2023-07-05 22:04:45,107 - main2 - INFO - Response: 200
2023-07-05 22:05:00,264 - main2 - INFO - Request: GET http://localhost:8000/tools/wifi-details
2023-07-05 22:05:00,416 - main2 - INFO - Request: GET http://localhost:8000/tools/trusted-network-status
2023-07-05 22:05:00,417 - main2 - INFO - Response: 200
2023-07-05 22:05:00,420 - main2 - INFO - Response: 200
2023-07-05 22:05:01,648 - main2 - INFO - Request: GET http://localhost:8000/tools/wifi-details
2023-07-05 22:05:01,648 - main2 - INFO - Request: GET http://localhost:8000/tools/trusted-network-status
2023-07-05 22:05:01,649 - main2 - INFO - Request: GET http://localhost:8000/tools/ad-status
2023-07-05 22:05:01,649 - main2 - INFO - Request: GET http://localhost:8000/tools/password-data
2023-07-05 22:05:01,791 - main2 - INFO - Response: 200
2023-07-05 22:05:01,792 - main2 - INFO - Response: 200
2023-07-05 22:05:01,792 - main2 - INFO - Response: 200
2023-07-05 22:05:01,792 - main2 - INFO - Response: 200
2023-07-05 22:06:06,996 - main2 - INFO - Request: GET http://localhost:8000/tools/wifi-details
2023-07-05 22:06:06,997 - main2 - INFO - Request: GET http://localhost:8000/tools/trusted-network-status
2023-07-05 22:06:07,188 - main2 - INFO - Response: 200
2023-07-05 22:06:07,190 - main2 - INFO - Response: 200
2023-07-05 22:06:11,312 - main2 - INFO - Request: GET http://localhost:8000/tools/wifi-details
2023-07-05 22:06:11,313 - main2 - INFO - Request: GET http://localhost:8000/tools/trusted-network-status
2023-07-05 22:06:11,512 - main2 - INFO - Request: GET http://localhost:8000/tools/ad-status
2023-07-05 22:06:11,513 - main2 - INFO - Response: 200
2023-07-05 22:06:11,515 - main2 - INFO - Response: 200
2023-07-05 22:06:11,627 - main2 - INFO - Response: 200
2023-07-05 22:06:11,628 - main2 - INFO - Request: GET http://localhost:8000/tools/password-data
2023-07-05 22:06:11,632 - main2 - INFO - Response: 200
2023-07-05 22:06:22,379 - main2 - INFO - Request: GET http://localhost:8000/tools/wifi-details
2023-07-05 22:06:22,379 - main2 - INFO - Request: GET http://localhost:8000/tools/trusted-network-status
2023-07-05 22:06:22,459 - main2 - INFO - Response: 200
2023-07-05 22:06:22,459 - main2 - INFO - Response: 200
2023-07-05 22:07:03,154 - main2 - INFO - Request: GET http://localhost:8000/tools/trusted-network-status
2023-07-05 22:07:03,154 - main2 - INFO - Request: GET http://localhost:8000/tools/password-data
2023-07-05 22:07:03,154 - main2 - INFO - Request: GET http://localhost:8000/tools/wifi-details
2023-07-05 22:07:03,155 - main2 - INFO - Request: GET http://localhost:8000/tools/ad-status
2023-07-05 22:07:03,329 - main2 - INFO - Response: 200
2023-07-05 22:07:03,329 - main2 - INFO - Response: 200
2023-07-05 22:07:03,330 - main2 - INFO - Response: 200
2023-07-05 22:07:03,331 - main2 - INFO - Response: 200
2023-07-05 22:07:23,639 - main2 - INFO - Request: GET http://localhost:8000/tools/wifi-details
2023-07-05 22:07:23,639 - main2 - INFO - Request: GET http://localhost:8000/tools/trusted-network-status
2023-07-05 22:07:23,706 - main2 - INFO - Response: 200
2023-07-05 22:07:23,706 - main2 - INFO - Response: 200
2023-07-05 22:07:41,760 - main2 - INFO - Request: GET http://localhost:8000/tools/trusted-network-status
2023-07-05 22:07:41,762 - main2 - INFO - Request: GET http://localhost:8000/tools/ad-status
2023-07-05 22:07:41,762 - main2 - INFO - Request: GET http://localhost:8000/tools/wifi-details
2023-07-05 22:07:41,763 - main2 - INFO - Request: GET http://localhost:8000/tools/password-data
2023-07-05 22:07:41,891 - main2 - INFO - Response: 200
2023-07-05 22:07:41,892 - main2 - INFO - Response: 200
2023-07-05 22:07:41,892 - main2 - INFO - Response: 200
2023-07-05 22:07:41,892 - main2 - INFO - Response: 200
2023-07-05 22:07:46,768 - main2 - INFO - Request: GET http://localhost:8000/tools/wifi-details
2023-07-05 22:07:46,769 - main2 - INFO - Request: GET http://localhost:8000/tools/trusted-network-status
2023-07-05 22:07:46,770 - main2 - INFO - Request: GET http://localhost:8000/tools/ad-status
2023-07-05 22:07:46,771 - main2 - INFO - Request: GET http://localhost:8000/tools/password-data
2023-07-05 22:07:46,773 - main2 - INFO - Response: 200
2023-07-05 22:07:47,010 - main2 - INFO - Response: 200
2023-07-05 22:07:47,010 - main2 - INFO - Response: 200
2023-07-05 22:07:47,012 - main2 - INFO - Response: 200
2023-07-05 22:08:08,139 - main2 - INFO - Request: GET http://localhost:8000/tools/ad-status
2023-07-05 22:08:08,139 - main2 - INFO - Request: GET http://localhost:8000/tools/password-data
2023-07-05 22:08:08,139 - main2 - INFO - Request: GET http://localhost:8000/tools/wifi-details
2023-07-05 22:08:08,140 - main2 - INFO - Request: GET http://localhost:8000/tools/trusted-network-status
2023-07-05 22:08:08,283 - main2 - INFO - Response: 200
2023-07-05 22:08:08,283 - main2 - INFO - Response: 200
2023-07-05 22:08:08,284 - main2 - INFO - Response: 200
2023-07-05 22:08:08,284 - main2 - INFO - Response: 200
2023-07-05 22:08:29,985 - main2 - INFO - Request: GET http://localhost:8000/tools/wifi-details
2023-07-05 22:08:30,102 - main2 - INFO - Response: 200
2023-07-05 22:08:30,103 - main2 - INFO - Request: GET http://localhost:8000/tools/trusted-network-status
2023-07-05 22:08:30,105 - main2 - INFO - Response: 200
2023-07-05 22:11:21,799 - main2 - INFO - Request: GET http://localhost:8000/tools/wifi-details
2023-07-05 22:11:21,800 - main2 - INFO - Request: GET http://localhost:8000/tools/trusted-network-status
2023-07-05 22:11:21,884 - main2 - INFO - Response: 200
2023-07-05 22:11:21,885 - main2 - INFO - Response: 200
2023-07-05 22:11:47,187 - main2 - INFO - Request: GET http://localhost:8000/tools/wifi-details
2023-07-05 22:11:47,294 - main2 - INFO - Response: 200
2023-07-05 22:11:47,295 - main2 - INFO - Request: GET http://localhost:8000/tools/trusted-network-status
2023-07-05 22:11:47,297 - main2 - INFO - Response: 200
2023-07-05 22:12:05,912 - main2 - INFO - Request: GET http://localhost:8000/tools/wifi-details
2023-07-05 22:12:06,017 - main2 - INFO - Response: 200
2023-07-05 22:12:06,020 - main2 - INFO - Request: GET http://localhost:8000/tools/trusted-network-status
2023-07-05 22:12:06,022 - main2 - INFO - Response: 200
2023-07-05 22:12:29,191 - main2 - INFO - Request: GET http://localhost:8000/tools/wifi-details
2023-07-05 22:12:29,303 - main2 - INFO - Response: 200
2023-07-05 22:12:29,304 - main2 - INFO - Request: GET http://localhost:8000/tools/trusted-network-status
2023-07-05 22:12:29,306 - main2 - INFO - Response: 200
2023-07-05 22:12:35,760 - main2 - INFO - Request: GET http://localhost:8000/tools/wifi-details
2023-07-05 22:12:35,828 - main2 - INFO - Response: 200
2023-07-05 22:12:35,829 - main2 - INFO - Request: GET http://localhost:8000/tools/trusted-network-status
2023-07-05 22:12:35,830 - main2 - INFO - Response: 200
2023-07-05 22:12:51,533 - main2 - INFO - Request: GET http://localhost:8000/tools/wifi-details
2023-07-05 22:12:51,616 - main2 - INFO - Response: 200
2023-07-05 22:12:51,618 - main2 - INFO - Request: GET http://localhost:8000/tools/trusted-network-status
2023-07-05 22:12:51,620 - main2 - INFO - Response: 200
