2023-07-16 17:43:27,643 - root - INFO - {"event": "startup", "message": "Loading tool states"}
2023-07-16 17:43:27,643 - root - INFO - {"event": "load_states", "message": "Loading states"}
2023-07-16 17:43:27,647 - root - INFO - {"event": "load_states", "message": "States loaded successfully"}
2023-07-16 17:43:27,647 - root - INFO - {"event": "startup", "message": "Adding wifi-details tool"}
2023-07-16 17:43:27,648 - root - INFO - {"event": "add_tool", "message": "Adding tool wifi-details"}
2023-07-16 17:43:27,648 - root - INFO - {"event": "add_tool", "message": "Tool wifi-details added successfully"}
2023-07-16 17:43:27,658 - root - INFO - {"event": "startup", "message": "Adding network adapters tool"}
2023-07-16 17:43:27,658 - root - INFO - {"event": "add_tool", "message": "Adding tool network-adapters"}
2023-07-16 17:43:27,658 - root - INFO - {"event": "add_tool", "message": "Tool network-adapters added successfully"}
2023-07-16 17:43:27,658 - root - INFO - {"event": "startup", "message": "Adding trusted network status tool"}
2023-07-16 17:43:27,659 - root - INFO - {"event": "add_tool", "message": "Adding tool trusted-network-status"}
2023-07-16 17:43:27,659 - root - INFO - {"event": "add_tool", "message": "Tool trusted-network-status added successfully"}
2023-07-16 17:43:27,659 - root - INFO - {"event": "startup", "message": "Adding ad status tool"}
2023-07-16 17:43:27,659 - root - INFO - {"event": "add_tool", "message": "Adding tool ad-status"}
2023-07-16 17:43:27,659 - root - INFO - {"event": "add_tool", "message": "Tool ad-status added successfully"}
2023-07-16 17:43:27,659 - root - INFO - {"event": "startup", "message": "Adding device data tool"}
2023-07-16 17:43:27,660 - root - INFO - {"event": "add_tool", "message": "Adding tool device-data"}
2023-07-16 17:43:27,660 - root - INFO - {"event": "add_tool", "message": "Tool device-data added successfully"}
2023-07-16 17:43:27,660 - root - INFO - {"event": "startup", "message": "Adding domain data tool"}
2023-07-16 17:43:27,660 - root - INFO - {"event": "add_tool", "message": "Adding tool domain-data"}
2023-07-16 17:43:27,660 - root - INFO - {"event": "add_tool", "message": "Tool domain-data added successfully"}
2023-07-16 17:43:27,660 - root - INFO - {"event": "startup", "message": "Adding password data tool"}
2023-07-16 17:43:27,660 - root - INFO - {"event": "add_tool", "message": "Adding tool password-data"}
2023-07-16 17:43:27,660 - root - INFO - {"event": "add_tool", "message": "Tool password-data added successfully"}
2023-07-16 17:43:27,660 - root - INFO - {"event": "startup", "message": "Adding disk usage tool"}
2023-07-16 17:43:27,661 - root - INFO - {"event": "add_tool", "message": "Adding tool disk-usage"}
2023-07-16 17:43:27,661 - root - INFO - {"event": "add_tool", "message": "Tool disk-usage added successfully"}
2023-07-16 17:43:27,661 - root - INFO - {"event": "startup", "message": "Adding toggle low Wi-Fi notifications tool"}
2023-07-16 17:43:27,661 - root - INFO - {"event": "add_tool", "message": "Adding tool low-wifi-notifs"}
2023-07-16 17:43:27,662 - root - INFO - {"event": "add_tool", "message": "Tool low-wifi-notifs added successfully"}
2023-07-16 17:43:27,665 - root - INFO - {"event": "execute_tool", "message": "Executing tool wifi-details"}
2023-07-16 17:43:38,976 - root - INFO - {"event": "execute_tool", "message": "Executing tool wifi-details"}
2023-07-16 17:43:44,049 - root - INFO - {"event": "execute_tool", "message": "Executing tool wifi-details"}
2023-07-16 17:43:50,958 - root - INFO - {"event": "execute_tool", "message": "Executing tool wifi-details"}
2023-07-16 17:43:51,065 - root - INFO - {"event": "execute_tool", "message": "Executing tool trusted-network-status"}
2023-07-16 17:44:00,627 - root - INFO - {"event": "execute_tool", "message": "Executing tool wifi-details"}
2023-07-16 17:44:06,271 - root - INFO - {"event": "execute_tool", "message": "Executing tool wifi-details"}
2023-07-16 17:44:20,394 - root - INFO - {"event": "execute_tool", "message": "Executing tool wifi-details"}
2023-07-16 17:44:24,028 - root - INFO - {"event": "execute_tool", "message": "Executing tool wifi-details"}
2023-07-16 17:44:54,071 - root - INFO - {"event": "execute_tool", "message": "Executing tool wifi-details"}
2023-07-16 17:44:57,533 - root - INFO - {"event": "execute_tool", "message": "Executing tool wifi-details"}
2023-07-16 17:45:09,368 - root - INFO - {"event": "execute_tool", "message": "Executing tool wifi-details"}
2023-07-16 17:45:12,994 - root - INFO - {"event": "execute_tool", "message": "Executing tool wifi-details"}
2023-07-16 17:45:20,314 - root - INFO - {"event": "execute_tool", "message": "Executing tool wifi-details"}
2023-07-16 17:45:23,903 - root - INFO - {"event": "execute_tool", "message": "Executing tool wifi-details"}
2023-07-16 17:45:39,632 - root - INFO - {"event": "execute_tool", "message": "Executing tool wifi-details"}
2023-07-16 17:45:42,505 - root - INFO - {"event": "execute_tool", "message": "Executing tool wifi-details"}
2023-07-16 17:45:52,026 - root - INFO - {"event": "execute_tool", "message": "Executing tool wifi-details"}
2023-07-16 17:45:56,734 - root - INFO - {"event": "execute_tool", "message": "Executing tool wifi-details"}
2023-07-16 17:46:45,472 - root - INFO - {"event": "execute_tool", "message": "Executing tool wifi-details"}
2023-07-16 17:46:50,175 - root - INFO - {"event": "execute_tool", "message": "Executing tool wifi-details"}
2023-07-16 17:47:01,989 - root - INFO - {"event": "execute_tool", "message": "Executing tool wifi-details"}
2023-07-16 17:47:05,039 - root - INFO - {"event": "execute_tool", "message": "Executing tool wifi-details"}
2023-07-16 17:47:22,890 - root - INFO - {"event": "execute_tool", "message": "Executing tool wifi-details"}
2023-07-16 17:47:27,246 - root - INFO - {"event": "execute_tool", "message": "Executing tool wifi-details"}
2023-07-16 17:47:29,338 - root - INFO - {"event": "execute_tool", "message": "Executing tool trusted-network-status"}
2023-07-16 17:47:30,060 - root - INFO - {"event": "execute_tool", "message": "Executing tool ad-status"}
2023-07-16 17:47:30,135 - root - INFO - {"event": "execute_tool", "message": "Executing tool password-data"}
2023-07-16 17:47:35,192 - root - INFO - {"event": "execute_tool", "message": "Executing tool disk-usage"}
2023-07-16 17:47:39,029 - root - INFO - {"event": "execute_tool", "message": "Executing tool wifi-details"}
2023-07-16 17:48:04,872 - root - INFO - {"event": "execute_tool", "message": "Executing tool wifi-details"}
2023-07-16 17:48:06,159 - root - INFO - {"event": "execute_tool", "message": "Executing tool trusted-network-status"}
2023-07-16 17:48:06,624 - root - INFO - {"event": "execute_tool", "message": "Executing tool ad-status"}
2023-07-16 17:48:06,682 - root - INFO - {"event": "execute_tool", "message": "Executing tool password-data"}
2023-07-16 17:51:03,438 - root - INFO - {"event": "execute_tool", "message": "Executing tool wifi-details"}
2023-07-16 17:51:07,385 - root - INFO - {"event": "execute_tool", "message": "Executing tool ad-status"}
2023-07-16 17:51:07,463 - root - INFO - {"event": "execute_tool", "message": "Executing tool password-data"}
2023-07-16 17:51:09,898 - root - INFO - {"event": "execute_tool", "message": "Executing tool wifi-details"}
2023-07-16 17:51:22,450 - root - INFO - {"event": "execute_tool", "message": "Executing tool network-adapters"}
2023-07-16 17:51:25,037 - root - INFO - {"event": "execute_tool", "message": "Executing tool network-adapters"}
2023-07-16 17:52:08,943 - root - INFO - {"event": "execute_tool", "message": "Executing tool wifi-details"}
2023-07-16 17:52:12,433 - root - INFO - {"event": "execute_tool", "message": "Executing tool wifi-details"}
2023-07-16 17:52:16,154 - root - INFO - {"event": "execute_tool", "message": "Executing tool wifi-details"}
2023-07-16 17:52:45,686 - root - INFO - {"event": "execute_tool", "message": "Executing tool wifi-details"}
2023-07-16 17:54:36,221 - root - INFO - {"event": "execute_tool", "message": "Executing tool wifi-details"}
2023-07-16 17:54:37,350 - root - INFO - {"event": "execute_tool", "message": "Executing tool wifi-details"}
2023-07-16 17:59:37,799 - root - INFO - {"event": "execute_tool", "message": "Executing tool wifi-details"}
2023-07-16 18:04:38,185 - root - INFO - {"event": "execute_tool", "message": "Executing tool wifi-details"}
2023-07-16 18:04:56,634 - root - INFO - {"event": "execute_tool", "message": "Executing tool wifi-details"}
2023-07-16 18:04:59,403 - root - INFO - {"event": "execute_tool", "message": "Executing tool trusted-network-status"}
2023-07-16 18:05:06,277 - root - INFO - {"event": "execute_tool", "message": "Executing tool wifi-details"}
2023-07-16 18:05:06,437 - root - INFO - {"event": "execute_tool", "message": "Executing tool ad-status"}
2023-07-16 18:05:06,496 - root - INFO - {"event": "execute_tool", "message": "Executing tool password-data"}
2023-07-16 18:05:07,524 - root - INFO - {"event": "execute_tool", "message": "Executing tool disk-usage"}
2023-07-16 18:05:31,859 - root - INFO - {"event": "execute_tool", "message": "Executing tool wifi-details"}
2023-07-16 18:07:37,113 - root - INFO - {"event": "execute_tool", "message": "Executing tool wifi-details"}
2023-07-16 18:07:37,191 - root - INFO - {"event": "execute_tool", "message": "Executing tool trusted-network-status"}
2023-07-16 18:07:59,048 - root - INFO - {"event": "execute_tool", "message": "Executing tool wifi-details"}
2023-07-16 18:12:59,491 - root - INFO - {"event": "execute_tool", "message": "Executing tool wifi-details"}
2023-07-16 18:17:59,879 - root - INFO - {"event": "execute_tool", "message": "Executing tool wifi-details"}
2023-07-16 18:23:00,296 - root - INFO - {"event": "execute_tool", "message": "Executing tool wifi-details"}
2023-07-16 18:23:37,115 - root - INFO - {"event": "execute_tool", "message": "Executing tool wifi-details"}
2023-07-16 18:23:40,818 - root - INFO - {"event": "execute_tool", "message": "Executing tool wifi-details"}
2023-07-16 18:23:43,709 - root - INFO - {"event": "execute_tool", "message": "Executing tool trusted-network-status"}
2023-07-16 18:23:46,909 - root - INFO - {"event": "execute_tool", "message": "Executing tool wifi-details"}
2023-07-16 18:23:55,263 - root - INFO - {"event": "execute_tool", "message": "Executing tool wifi-details"}
2023-07-16 18:24:11,021 - root - INFO - {"event": "execute_tool", "message": "Executing tool wifi-details"}
2023-07-16 18:24:28,022 - root - INFO - {"event": "execute_tool", "message": "Executing tool wifi-details"}
2023-07-16 18:24:50,295 - root - INFO - {"event": "execute_tool", "message": "Executing tool wifi-details"}
2023-07-16 18:24:54,887 - root - INFO - {"event": "execute_tool", "message": "Executing tool wifi-details"}
2023-07-16 18:24:59,114 - root - INFO - {"event": "execute_tool", "message": "Executing tool trusted-network-status"}
2023-07-16 18:25:02,215 - root - INFO - {"event": "execute_tool", "message": "Executing tool wifi-details"}
2023-07-16 18:25:11,545 - root - INFO - {"event": "execute_tool", "message": "Executing tool wifi-details"}
2023-07-16 18:25:17,797 - root - INFO - {"event": "execute_tool", "message": "Executing tool wifi-details"}
2023-07-16 18:25:23,956 - root - INFO - {"event": "execute_tool", "message": "Executing tool wifi-details"}
2023-07-16 18:25:30,155 - root - INFO - {"event": "execute_tool", "message": "Executing tool wifi-details"}
2023-07-16 18:25:51,060 - root - INFO - {"event": "execute_tool", "message": "Executing tool wifi-details"}
2023-07-16 18:25:52,852 - root - INFO - {"event": "execute_tool", "message": "Executing tool ad-status"}
2023-07-16 18:25:52,913 - root - INFO - {"event": "execute_tool", "message": "Executing tool password-data"}
2023-07-16 18:25:58,628 - root - INFO - {"event": "execute_tool", "message": "Executing tool wifi-details"}
2023-07-16 18:26:06,170 - root - INFO - {"event": "execute_tool", "message": "Executing tool wifi-details"}
2023-07-16 18:26:12,373 - root - INFO - {"event": "execute_tool", "message": "Executing tool wifi-details"}
2023-07-16 18:26:19,755 - root - INFO - {"event": "execute_tool", "message": "Executing tool wifi-details"}
2023-07-16 18:26:37,561 - root - INFO - {"event": "execute_tool", "message": "Executing tool wifi-details"}
2023-07-16 18:29:54,015 - root - INFO - {"event": "execute_tool", "message": "Executing tool wifi-details"}
2023-07-16 18:32:23,792 - root - INFO - {"event": "execute_tool", "message": "Executing tool wifi-details"}
2023-07-16 18:32:26,806 - root - INFO - {"event": "execute_tool", "message": "Executing tool trusted-network-status"}
2023-07-16 18:32:29,517 - root - INFO - {"event": "execute_tool", "message": "Executing tool wifi-details"}
2023-07-16 18:33:57,808 - root - INFO - {"event": "execute_tool", "message": "Executing tool wifi-details"}
2023-07-16 18:34:01,958 - root - INFO - {"event": "execute_tool", "message": "Executing tool wifi-details"}
2023-07-16 18:34:04,494 - root - INFO - {"event": "execute_tool", "message": "Executing tool trusted-network-status"}
2023-07-16 18:34:07,918 - root - INFO - {"event": "execute_tool", "message": "Executing tool wifi-details"}
2023-07-16 18:36:16,985 - root - INFO - {"event": "execute_tool", "message": "Executing tool wifi-details"}
2023-07-16 18:36:20,244 - root - INFO - {"event": "execute_tool", "message": "Executing tool wifi-details"}
2023-07-16 18:36:22,403 - root - INFO - {"event": "execute_tool", "message": "Executing tool trusted-network-status"}
2023-07-16 18:36:25,690 - root - INFO - {"event": "execute_tool", "message": "Executing tool wifi-details"}
2023-07-16 18:37:55,291 - root - INFO - {"event": "execute_tool", "message": "Executing tool wifi-details"}
2023-07-16 18:38:02,430 - root - INFO - {"event": "execute_tool", "message": "Executing tool trusted-network-status"}
2023-07-16 18:38:02,939 - root - INFO - {"event": "execute_tool", "message": "Executing tool wifi-details"}
2023-07-16 18:38:49,930 - root - INFO - {"event": "execute_tool", "message": "Executing tool trusted-network-status"}
2023-07-16 18:38:53,232 - root - INFO - {"event": "execute_tool", "message": "Executing tool wifi-details"}
2023-07-16 18:38:54,528 - root - INFO - {"event": "execute_tool", "message": "Executing tool trusted-network-status"}
2023-07-16 18:38:59,309 - root - INFO - {"event": "execute_tool", "message": "Executing tool wifi-details"}
2023-07-16 18:39:02,610 - root - INFO - {"event": "execute_tool", "message": "Executing tool ad-status"}
2023-07-16 18:39:02,660 - root - INFO - {"event": "execute_tool", "message": "Executing tool password-data"}
2023-07-16 18:39:17,639 - root - INFO - {"event": "execute_tool", "message": "Executing tool trusted-network-status"}
2023-07-16 18:39:17,642 - root - INFO - {"event": "execute_tool", "message": "Executing tool wifi-details"}
2023-07-16 18:39:22,913 - root - INFO - {"event": "execute_tool", "message": "Executing tool wifi-details"}
2023-07-16 18:39:34,000 - root - INFO - {"event": "execute_tool", "message": "Executing tool disk-usage"}
2023-07-16 18:39:36,631 - root - INFO - {"event": "execute_tool", "message": "Executing tool wifi-details"}
2023-07-16 18:39:43,123 - root - INFO - {"event": "execute_tool", "message": "Executing tool wifi-details"}
2023-07-16 18:39:59,476 - root - INFO - {"event": "execute_tool", "message": "Executing tool wifi-details"}
2023-07-16 18:40:36,169 - root - INFO - {"event": "execute_tool", "message": "Executing tool trusted-network-status"}
2023-07-16 18:40:36,192 - root - INFO - {"event": "execute_tool", "message": "Executing tool wifi-details"}
2023-07-16 18:40:42,802 - root - INFO - {"event": "execute_tool", "message": "Executing tool wifi-details"}
2023-07-16 18:40:47,646 - root - INFO - {"event": "execute_tool", "message": "Executing tool wifi-details"}
2023-07-16 18:40:53,885 - root - INFO - {"event": "execute_tool", "message": "Executing tool trusted-network-status"}
2023-07-16 18:40:55,427 - root - INFO - {"event": "execute_tool", "message": "Executing tool wifi-details"}
2023-07-16 18:41:00,265 - root - INFO - {"event": "execute_tool", "message": "Executing tool trusted-network-status"}
2023-07-16 18:41:02,667 - root - INFO - {"event": "execute_tool", "message": "Executing tool ad-status"}
2023-07-16 18:41:02,739 - root - INFO - {"event": "execute_tool", "message": "Executing tool password-data"}
2023-07-16 18:41:03,409 - root - INFO - {"event": "execute_tool", "message": "Executing tool wifi-details"}
2023-07-16 18:41:06,908 - root - INFO - {"event": "execute_tool", "message": "Executing tool trusted-network-status"}
2023-07-16 18:41:11,683 - root - INFO - {"event": "execute_tool", "message": "Executing tool disk-usage"}
2023-07-16 18:41:14,317 - root - INFO - {"event": "execute_tool", "message": "Executing tool wifi-details"}
2023-07-16 18:41:16,303 - root - INFO - {"event": "execute_tool", "message": "Executing tool trusted-network-status"}
2023-07-16 18:41:22,706 - root - INFO - {"event": "execute_tool", "message": "Executing tool wifi-details"}
2023-07-16 18:41:24,025 - root - INFO - {"event": "execute_tool", "message": "Executing tool trusted-network-status"}
2023-07-16 18:41:32,274 - root - INFO - {"event": "execute_tool", "message": "Executing tool wifi-details"}
2023-07-16 18:41:32,872 - root - INFO - {"event": "execute_tool", "message": "Executing tool trusted-network-status"}
2023-07-16 18:41:44,132 - root - INFO - {"event": "execute_tool", "message": "Executing tool wifi-details"}
2023-07-16 18:41:55,222 - root - INFO - {"event": "execute_tool", "message": "Executing tool trusted-network-status"}
2023-07-16 18:42:08,107 - root - INFO - {"event": "execute_tool", "message": "Executing tool wifi-details"}
2023-07-16 18:42:10,163 - root - INFO - {"event": "execute_tool", "message": "Executing tool trusted-network-status"}
2023-07-16 18:42:40,532 - root - INFO - {"event": "execute_tool", "message": "Executing tool wifi-details"}
2023-07-16 18:42:46,272 - root - INFO - {"event": "execute_tool", "message": "Executing tool wifi-details"}
2023-07-16 18:42:54,332 - root - INFO - {"event": "execute_tool", "message": "Executing tool wifi-details"}
2023-07-16 18:42:56,765 - root - INFO - {"event": "execute_tool", "message": "Executing tool trusted-network-status"}
2023-07-16 18:43:47,718 - root - INFO - {"event": "execute_tool", "message": "Executing tool wifi-details"}
2023-07-16 18:43:48,079 - root - INFO - {"event": "execute_tool", "message": "Executing tool trusted-network-status"}
2023-07-16 18:43:48,733 - root - INFO - {"event": "execute_tool", "message": "Executing tool ad-status"}
2023-07-16 18:43:48,816 - root - INFO - {"event": "execute_tool", "message": "Executing tool password-data"}
2023-07-16 18:44:50,358 - root - INFO - {"event": "execute_tool", "message": "Executing tool wifi-details"}
2023-07-16 18:44:51,473 - root - INFO - {"event": "execute_tool", "message": "Executing tool trusted-network-status"}
2023-07-16 18:44:52,863 - root - INFO - {"event": "execute_tool", "message": "Executing tool ad-status"}
2023-07-16 18:44:52,929 - root - INFO - {"event": "execute_tool", "message": "Executing tool password-data"}
2023-07-16 18:44:55,570 - root - INFO - {"event": "execute_tool", "message": "Executing tool disk-usage"}
2023-07-16 18:45:00,179 - root - INFO - {"event": "execute_tool", "message": "Executing tool wifi-details"}
2023-07-16 18:45:04,922 - root - INFO - {"event": "execute_tool", "message": "Executing tool ad-status"}
2023-07-16 18:48:22,823 - root - INFO - {"event": "execute_tool", "message": "Executing tool wifi-details"}
2023-07-16 18:48:24,124 - root - INFO - {"event": "execute_tool", "message": "Executing tool ad-status"}
2023-07-16 18:48:24,206 - root - INFO - {"event": "execute_tool", "message": "Executing tool password-data"}
2023-07-16 18:48:49,302 - root - INFO - {"event": "execute_tool", "message": "Executing tool ad-status"}
2023-07-16 18:48:49,364 - root - INFO - {"event": "execute_tool", "message": "Executing tool password-data"}
2023-07-16 18:48:57,160 - root - INFO - {"event": "execute_tool", "message": "Executing tool disk-usage"}
2023-07-16 18:48:58,320 - root - INFO - {"event": "execute_tool", "message": "Executing tool wifi-details"}
2023-07-16 18:49:02,287 - root - INFO - {"event": "execute_tool", "message": "Executing tool trusted-network-status"}
2023-07-16 18:51:28,353 - root - INFO - {"event": "execute_tool", "message": "Executing tool wifi-details"}
2023-07-16 18:51:29,810 - root - INFO - {"event": "execute_tool", "message": "Executing tool trusted-network-status"}
2023-07-16 18:51:32,769 - root - INFO - {"event": "execute_tool", "message": "Executing tool ad-status"}
2023-07-16 18:51:32,822 - root - INFO - {"event": "execute_tool", "message": "Executing tool password-data"}
2023-07-16 18:51:35,457 - root - INFO - {"event": "execute_tool", "message": "Executing tool disk-usage"}
2023-07-16 18:51:39,791 - root - INFO - {"event": "execute_tool", "message": "Executing tool wifi-details"}
2023-07-16 18:51:44,795 - root - INFO - {"event": "execute_tool", "message": "Executing tool trusted-network-status"}
2023-07-16 18:51:45,576 - root - INFO - {"event": "execute_tool", "message": "Executing tool wifi-details"}
2023-07-16 18:51:51,652 - root - INFO - {"event": "execute_tool", "message": "Executing tool wifi-details"}
2023-07-16 18:52:02,618 - root - INFO - {"event": "execute_tool", "message": "Executing tool wifi-details"}
2023-07-16 18:53:39,972 - root - INFO - {"event": "execute_tool", "message": "Executing tool wifi-details"}
2023-07-16 18:53:40,081 - root - INFO - {"event": "execute_tool", "message": "Executing tool trusted-network-status"}
2023-07-16 18:53:48,910 - root - INFO - {"event": "execute_tool", "message": "Executing tool trusted-network-status"}
2023-07-16 18:53:52,598 - root - INFO - {"event": "execute_tool", "message": "Executing tool wifi-details"}
2023-07-16 18:53:55,655 - root - INFO - {"event": "execute_tool", "message": "Executing tool trusted-network-status"}
2023-07-16 18:54:02,118 - root - INFO - {"event": "execute_tool", "message": "Executing tool wifi-details"}
2023-07-16 18:54:31,299 - root - INFO - {"event": "execute_tool", "message": "Executing tool wifi-details"}
2023-07-16 18:54:31,425 - root - INFO - {"event": "execute_tool", "message": "Executing tool trusted-network-status"}
2023-07-16 18:55:00,014 - root - INFO - {"event": "execute_tool", "message": "Executing tool trusted-network-status"}
2023-07-16 18:55:00,958 - root - INFO - {"event": "execute_tool", "message": "Executing tool wifi-details"}
2023-07-16 18:55:05,539 - root - INFO - {"event": "execute_tool", "message": "Executing tool wifi-details"}
2023-07-16 18:55:06,812 - root - INFO - {"event": "execute_tool", "message": "Executing tool trusted-network-status"}
2023-07-16 18:55:44,341 - root - INFO - {"event": "execute_tool", "message": "Executing tool password-data"}
2023-07-16 18:55:44,346 - root - INFO - {"event": "execute_tool", "message": "Executing tool wifi-details"}
2023-07-16 18:55:44,469 - root - INFO - {"event": "execute_tool", "message": "Executing tool ad-status"}
2023-07-16 18:55:44,541 - root - INFO - {"event": "execute_tool", "message": "Executing tool trusted-network-status"}
2023-07-16 18:56:33,173 - root - INFO - {"event": "execute_tool", "message": "Executing tool wifi-details"}
2023-07-16 18:56:34,348 - root - INFO - {"event": "execute_tool", "message": "Executing tool trusted-network-status"}
2023-07-16 18:56:34,833 - root - INFO - {"event": "execute_tool", "message": "Executing tool ad-status"}
2023-07-16 18:56:34,908 - root - INFO - {"event": "execute_tool", "message": "Executing tool password-data"}
2023-07-16 18:56:56,818 - root - INFO - {"event": "execute_tool", "message": "Executing tool ad-status"}
2023-07-16 18:56:56,874 - root - INFO - {"event": "execute_tool", "message": "Executing tool wifi-details"}
2023-07-16 18:56:56,945 - root - INFO - {"event": "execute_tool", "message": "Executing tool password-data"}
2023-07-16 18:57:12,285 - root - INFO - {"event": "execute_tool", "message": "Executing tool password-data"}
2023-07-16 18:57:12,287 - root - INFO - {"event": "execute_tool", "message": "Executing tool ad-status"}
2023-07-16 18:57:14,546 - root - INFO - {"event": "execute_tool", "message": "Executing tool wifi-details"}
2023-07-16 18:57:15,178 - root - INFO - {"event": "execute_tool", "message": "Executing tool disk-usage"}
2023-07-16 18:57:21,750 - root - INFO - {"event": "execute_tool", "message": "Executing tool wifi-details"}
2023-07-16 18:57:24,074 - root - INFO - {"event": "execute_tool", "message": "Executing tool trusted-network-status"}
2023-07-16 18:57:33,732 - root - INFO - {"event": "execute_tool", "message": "Executing tool wifi-details"}
