2023-07-17 19:28:45,801 - root - INFO - {"event": "startup", "message": "Loading tool states"}
2023-07-17 19:28:45,801 - root - INFO - {"event": "load_states", "message": "Loading states"}
2023-07-17 19:28:45,804 - root - INFO - {"event": "load_states", "message": "States loaded successfully"}
2023-07-17 19:28:45,804 - root - INFO - {"event": "startup", "message": "Adding wifi-details tool"}
2023-07-17 19:28:45,804 - root - INFO - {"event": "add_tool", "message": "Adding tool wifi-details"}
2023-07-17 19:28:45,804 - root - INFO - {"event": "add_tool", "message": "Tool wifi-details added successfully"}
2023-07-17 19:28:45,813 - root - INFO - {"event": "startup", "message": "Adding network adapters tool"}
2023-07-17 19:28:45,813 - root - INFO - {"event": "add_tool", "message": "Adding tool network-adapters"}
2023-07-17 19:28:45,813 - root - INFO - {"event": "add_tool", "message": "Tool network-adapters added successfully"}
2023-07-17 19:28:45,813 - root - INFO - {"event": "startup", "message": "Adding trusted network status tool"}
2023-07-17 19:28:45,813 - root - INFO - {"event": "add_tool", "message": "Adding tool trusted-network-status"}
2023-07-17 19:28:45,813 - root - INFO - {"event": "add_tool", "message": "Tool trusted-network-status added successfully"}
2023-07-17 19:28:45,813 - root - INFO - {"event": "startup", "message": "Adding ad status tool"}
2023-07-17 19:28:45,813 - root - INFO - {"event": "add_tool", "message": "Adding tool ad-status"}
2023-07-17 19:28:45,813 - root - INFO - {"event": "add_tool", "message": "Tool ad-status added successfully"}
2023-07-17 19:28:45,813 - root - INFO - {"event": "startup", "message": "Adding device data tool"}
2023-07-17 19:28:45,814 - root - INFO - {"event": "add_tool", "message": "Adding tool device-data"}
2023-07-17 19:28:45,814 - root - INFO - {"event": "add_tool", "message": "Tool device-data added successfully"}
2023-07-17 19:28:45,814 - root - INFO - {"event": "startup", "message": "Adding domain data tool"}
2023-07-17 19:28:45,814 - root - INFO - {"event": "add_tool", "message": "Adding tool domain-data"}
2023-07-17 19:28:45,814 - root - INFO - {"event": "add_tool", "message": "Tool domain-data added successfully"}
2023-07-17 19:28:45,814 - root - INFO - {"event": "startup", "message": "Adding password data tool"}
2023-07-17 19:28:45,814 - root - INFO - {"event": "add_tool", "message": "Adding tool password-data"}
2023-07-17 19:28:45,814 - root - INFO - {"event": "add_tool", "message": "Tool password-data added successfully"}
2023-07-17 19:28:45,814 - root - INFO - {"event": "startup", "message": "Adding disk usage tool"}
2023-07-17 19:28:45,814 - root - INFO - {"event": "add_tool", "message": "Adding tool disk-usage"}
2023-07-17 19:28:45,814 - root - INFO - {"event": "add_tool", "message": "Tool disk-usage added successfully"}
2023-07-17 19:28:45,814 - root - INFO - {"event": "startup", "message": "Adding toggle low Wi-Fi notifications tool"}
2023-07-17 19:28:45,815 - root - INFO - {"event": "add_tool", "message": "Adding tool low-wifi-notifs"}
2023-07-17 19:28:45,815 - root - INFO - {"event": "add_tool", "message": "Tool low-wifi-notifs added successfully"}
2023-07-17 19:29:09,544 - root - INFO - {"event": "execute_tool", "message": "Executing tool wifi-details"}
2023-07-17 19:29:09,633 - root - INFO - {"event": "execute_tool", "message": "Executing tool trusted-network-status"}
2023-07-17 19:29:09,634 - root - INFO - {"event": "execute_tool", "message": "Executing tool ad-status"}
2023-07-17 19:29:09,696 - root - INFO - {"event": "execute_tool", "message": "Executing tool password-data"}
2023-07-17 19:29:09,697 - root - INFO - {"event": "execute_tool", "message": "Executing tool disk-usage"}
2023-07-17 19:29:14,721 - root - INFO - {"event": "execute_tool", "message": "Executing tool wifi-details"}
2023-07-17 19:29:20,155 - root - INFO - {"event": "execute_tool", "message": "Executing tool wifi-details"}
2023-07-17 19:29:25,265 - root - INFO - {"event": "execute_tool", "message": "Executing tool wifi-details"}
2023-07-17 19:29:30,661 - root - INFO - {"event": "execute_tool", "message": "Executing tool wifi-details"}
2023-07-17 19:29:35,770 - root - INFO - {"event": "execute_tool", "message": "Executing tool wifi-details"}
2023-07-17 19:29:41,155 - root - INFO - {"event": "execute_tool", "message": "Executing tool wifi-details"}
2023-07-17 19:29:41,820 - root - INFO - {"event": "execute_tool", "message": "Executing tool network-adapters"}
2023-07-17 19:29:42,950 - root - INFO - {"event": "execute_tool", "message": "Executing tool network-adapters"}
2023-07-17 19:29:46,255 - root - INFO - {"event": "execute_tool", "message": "Executing tool wifi-details"}
2023-07-17 19:29:51,358 - root - INFO - {"event": "execute_tool", "message": "Executing tool wifi-details"}
2023-07-17 19:29:56,760 - root - INFO - {"event": "execute_tool", "message": "Executing tool wifi-details"}
