2023-07-18 01:24:27,787 - root - INFO - {"event": "startup", "message": "Loading tool states"}
2023-07-18 01:24:27,787 - root - INFO - {"event": "load_states", "message": "Loading states"}
2023-07-18 01:24:27,791 - root - INFO - {"event": "load_states", "message": "States loaded successfully"}
2023-07-18 01:24:27,791 - root - INFO - {"event": "startup", "message": "Adding wifi-details tool"}
2023-07-18 01:24:27,791 - root - INFO - {"event": "add_tool", "message": "Adding tool wifi-details"}
2023-07-18 01:24:27,793 - root - INFO - {"event": "add_tool", "message": "Tool wifi-details added successfully"}
2023-07-18 01:24:27,793 - root - INFO - {"event": "startup", "message": "Adding network adapters tool"}
2023-07-18 01:24:27,793 - root - INFO - {"event": "add_tool", "message": "Adding tool network-adapters"}
2023-07-18 01:24:27,794 - root - INFO - {"event": "add_tool", "message": "Tool network-adapters added successfully"}
2023-07-18 01:24:27,794 - root - INFO - {"event": "startup", "message": "Adding trusted network status tool"}
2023-07-18 01:24:27,794 - root - INFO - {"event": "add_tool", "message": "Adding tool trusted-network-status"}
2023-07-18 01:24:27,795 - root - INFO - {"event": "add_tool", "message": "Tool trusted-network-status added successfully"}
2023-07-18 01:24:27,795 - root - INFO - {"event": "startup", "message": "Adding ad status tool"}
2023-07-18 01:24:27,795 - root - INFO - {"event": "add_tool", "message": "Adding tool ad-status"}
2023-07-18 01:24:27,795 - root - INFO - {"event": "add_tool", "message": "Tool ad-status added successfully"}
2023-07-18 01:24:27,795 - root - INFO - {"event": "startup", "message": "Adding device data tool"}
2023-07-18 01:24:27,795 - root - INFO - {"event": "add_tool", "message": "Adding tool device-data"}
2023-07-18 01:24:27,795 - root - INFO - {"event": "add_tool", "message": "Tool device-data added successfully"}
2023-07-18 01:24:27,795 - root - INFO - {"event": "startup", "message": "Adding domain data tool"}
2023-07-18 01:24:27,796 - root - INFO - {"event": "add_tool", "message": "Adding tool domain-data"}
2023-07-18 01:24:27,796 - root - INFO - {"event": "add_tool", "message": "Tool domain-data added successfully"}
2023-07-18 01:24:27,796 - root - INFO - {"event": "startup", "message": "Adding password data tool"}
2023-07-18 01:24:27,796 - root - INFO - {"event": "add_tool", "message": "Adding tool password-data"}
2023-07-18 01:24:27,796 - root - INFO - {"event": "add_tool", "message": "Tool password-data added successfully"}
2023-07-18 01:24:27,796 - root - INFO - {"event": "startup", "message": "Adding disk usage tool"}
2023-07-18 01:24:27,796 - root - INFO - {"event": "add_tool", "message": "Adding tool disk-usage"}
2023-07-18 01:24:27,796 - root - INFO - {"event": "add_tool", "message": "Tool disk-usage added successfully"}
2023-07-18 01:24:27,797 - root - INFO - {"event": "startup", "message": "Adding toggle low Wi-Fi notifications tool"}
2023-07-18 01:24:27,797 - root - INFO - {"event": "add_tool", "message": "Adding tool low-wifi-notifs"}
2023-07-18 01:24:27,797 - root - INFO - {"event": "add_tool", "message": "Tool low-wifi-notifs added successfully"}
2023-07-18 01:24:27,797 - root - INFO - {"event": "startup", "message": "Adding get last boottime tool"}
2023-07-18 01:24:27,797 - root - INFO - {"event": "add_tool", "message": "Adding tool last-boottime"}
2023-07-18 01:24:27,797 - root - INFO - {"event": "add_tool", "message": "Tool last-boottime added successfully"}
2023-07-18 01:24:27,799 - root - INFO - {"event": "execute_tool", "message": "Executing tool wifi-details"}
2023-07-18 01:24:28,158 - root - INFO - {"event": "execute_tool", "message": "Executing tool trusted-network-status"}
2023-07-18 01:24:32,923 - root - INFO - {"event": "execute_tool", "message": "Executing tool wifi-details"}
2023-07-18 01:24:35,465 - root - INFO - {"event": "execute_tool", "message": "Executing tool wifi-details"}
2023-07-18 01:24:35,579 - root - INFO - {"event": "execute_tool", "message": "Executing tool trusted-network-status"}
2023-07-18 01:24:35,583 - root - INFO - {"event": "execute_tool", "message": "Executing tool ad-status"}
2023-07-18 01:24:35,663 - root - INFO - {"event": "execute_tool", "message": "Executing tool password-data"}
2023-07-18 01:24:35,665 - root - INFO - {"event": "execute_tool", "message": "Executing tool disk-usage"}
2023-07-18 01:24:35,666 - root - INFO - {"event": "execute_tool", "message": "Executing tool last-boottime"}
2023-07-18 01:24:40,607 - root - INFO - {"event": "execute_tool", "message": "Executing tool wifi-details"}
2023-07-18 01:24:45,698 - root - INFO - {"event": "execute_tool", "message": "Executing tool wifi-details"}
2023-07-18 01:24:50,776 - root - INFO - {"event": "execute_tool", "message": "Executing tool wifi-details"}
2023-07-18 01:24:55,877 - root - INFO - {"event": "execute_tool", "message": "Executing tool wifi-details"}
2023-07-18 01:25:00,974 - root - INFO - {"event": "execute_tool", "message": "Executing tool wifi-details"}
2023-07-18 01:25:06,418 - root - INFO - {"event": "execute_tool", "message": "Executing tool wifi-details"}
2023-07-18 01:25:11,532 - root - INFO - {"event": "execute_tool", "message": "Executing tool wifi-details"}
2023-07-18 01:25:16,938 - root - INFO - {"event": "execute_tool", "message": "Executing tool wifi-details"}
2023-07-18 01:25:22,044 - root - INFO - {"event": "execute_tool", "message": "Executing tool wifi-details"}
2023-07-18 01:25:27,451 - root - INFO - {"event": "execute_tool", "message": "Executing tool wifi-details"}
