2023-07-17 19:30:03,466 - root - INFO - {"event": "startup", "message": "Loading tool states"}
2023-07-17 19:30:03,466 - root - INFO - {"event": "load_states", "message": "Loading states"}
2023-07-17 19:30:03,470 - root - INFO - {"event": "load_states", "message": "States loaded successfully"}
2023-07-17 19:30:03,470 - root - INFO - {"event": "startup", "message": "Adding wifi-details tool"}
2023-07-17 19:30:03,470 - root - INFO - {"event": "add_tool", "message": "Adding tool wifi-details"}
2023-07-17 19:30:03,471 - root - INFO - {"event": "add_tool", "message": "Tool wifi-details added successfully"}
2023-07-17 19:30:03,471 - root - INFO - {"event": "startup", "message": "Adding network adapters tool"}
2023-07-17 19:30:03,471 - root - INFO - {"event": "add_tool", "message": "Adding tool network-adapters"}
2023-07-17 19:30:03,471 - root - INFO - {"event": "add_tool", "message": "Tool network-adapters added successfully"}
2023-07-17 19:30:03,471 - root - INFO - {"event": "startup", "message": "Adding trusted network status tool"}
2023-07-17 19:30:03,471 - root - INFO - {"event": "add_tool", "message": "Adding tool trusted-network-status"}
2023-07-17 19:30:03,472 - root - INFO - {"event": "add_tool", "message": "Tool trusted-network-status added successfully"}
2023-07-17 19:30:03,472 - root - INFO - {"event": "startup", "message": "Adding ad status tool"}
2023-07-17 19:30:03,472 - root - INFO - {"event": "add_tool", "message": "Adding tool ad-status"}
2023-07-17 19:30:03,472 - root - INFO - {"event": "add_tool", "message": "Tool ad-status added successfully"}
2023-07-17 19:30:03,472 - root - INFO - {"event": "startup", "message": "Adding device data tool"}
2023-07-17 19:30:03,472 - root - INFO - {"event": "add_tool", "message": "Adding tool device-data"}
2023-07-17 19:30:03,473 - root - INFO - {"event": "add_tool", "message": "Tool device-data added successfully"}
2023-07-17 19:30:03,473 - root - INFO - {"event": "startup", "message": "Adding domain data tool"}
2023-07-17 19:30:03,473 - root - INFO - {"event": "add_tool", "message": "Adding tool domain-data"}
2023-07-17 19:30:03,473 - root - INFO - {"event": "add_tool", "message": "Tool domain-data added successfully"}
2023-07-17 19:30:03,473 - root - INFO - {"event": "startup", "message": "Adding password data tool"}
2023-07-17 19:30:03,473 - root - INFO - {"event": "add_tool", "message": "Adding tool password-data"}
2023-07-17 19:30:03,473 - root - INFO - {"event": "add_tool", "message": "Tool password-data added successfully"}
2023-07-17 19:30:03,473 - root - INFO - {"event": "startup", "message": "Adding disk usage tool"}
2023-07-17 19:30:03,473 - root - INFO - {"event": "add_tool", "message": "Adding tool disk-usage"}
2023-07-17 19:30:03,474 - root - INFO - {"event": "add_tool", "message": "Tool disk-usage added successfully"}
2023-07-17 19:30:03,474 - root - INFO - {"event": "startup", "message": "Adding toggle low Wi-Fi notifications tool"}
2023-07-17 19:30:03,474 - root - INFO - {"event": "add_tool", "message": "Adding tool low-wifi-notifs"}
2023-07-17 19:30:03,474 - root - INFO - {"event": "add_tool", "message": "Tool low-wifi-notifs added successfully"}
2023-07-17 19:30:03,476 - root - INFO - {"event": "execute_tool", "message": "Executing tool wifi-details"}
2023-07-17 19:30:04,785 - root - INFO - {"event": "execute_tool", "message": "Executing tool trusted-network-status"}
2023-07-17 19:30:06,260 - root - INFO - {"event": "execute_tool", "message": "Executing tool network-adapters"}
2023-07-17 19:30:07,327 - root - INFO - {"event": "execute_tool", "message": "Executing tool network-adapters"}
2023-07-17 19:30:08,653 - root - INFO - {"event": "execute_tool", "message": "Executing tool wifi-details"}
2023-07-17 19:30:09,391 - root - INFO - {"event": "execute_tool", "message": "Executing tool network-adapters"}
2023-07-17 19:30:13,467 - root - INFO - {"event": "execute_tool", "message": "Executing tool network-adapters"}
2023-07-17 19:30:13,726 - root - INFO - {"event": "execute_tool", "message": "Executing tool wifi-details"}
2023-07-17 19:30:15,998 - root - INFO - {"event": "execute_tool", "message": "Executing tool trusted-network-status"}
2023-07-17 19:30:18,211 - root - INFO - {"event": "execute_tool", "message": "Executing tool wifi-details"}
2023-07-17 19:30:18,319 - root - INFO - {"event": "execute_tool", "message": "Executing tool trusted-network-status"}
2023-07-17 19:30:18,323 - root - INFO - {"event": "execute_tool", "message": "Executing tool ad-status"}
2023-07-17 19:30:18,403 - root - INFO - {"event": "execute_tool", "message": "Executing tool password-data"}
2023-07-17 19:30:18,405 - root - INFO - {"event": "execute_tool", "message": "Executing tool disk-usage"}
2023-07-17 19:30:21,817 - root - INFO - {"event": "execute_tool", "message": "Executing tool network-adapters"}
2023-07-17 19:30:22,877 - root - INFO - {"event": "execute_tool", "message": "Executing tool network-adapters"}
2023-07-17 19:30:23,342 - root - INFO - {"event": "execute_tool", "message": "Executing tool wifi-details"}
2023-07-17 19:30:24,945 - root - INFO - {"event": "execute_tool", "message": "Executing tool network-adapters"}
2023-07-17 19:30:28,427 - root - INFO - {"event": "execute_tool", "message": "Executing tool wifi-details"}
2023-07-17 19:30:29,022 - root - INFO - {"event": "execute_tool", "message": "Executing tool network-adapters"}
2023-07-17 19:30:33,441 - root - INFO - {"event": "execute_tool", "message": "Executing tool network-adapters"}
2023-07-17 19:30:33,566 - root - INFO - {"event": "execute_tool", "message": "Executing tool wifi-details"}
2023-07-17 19:30:34,496 - root - INFO - {"event": "execute_tool", "message": "Executing tool network-adapters"}
2023-07-17 19:30:36,565 - root - INFO - {"event": "execute_tool", "message": "Executing tool network-adapters"}
2023-07-17 19:30:38,651 - root - INFO - {"event": "execute_tool", "message": "Executing tool wifi-details"}
2023-07-17 19:30:40,636 - root - INFO - {"event": "execute_tool", "message": "Executing tool network-adapters"}
2023-07-17 19:30:43,761 - root - INFO - {"event": "execute_tool", "message": "Executing tool wifi-details"}
2023-07-17 19:30:48,864 - root - INFO - {"event": "execute_tool", "message": "Executing tool wifi-details"}
2023-07-17 19:30:54,008 - root - INFO - {"event": "execute_tool", "message": "Executing tool wifi-details"}
2023-07-17 19:30:59,084 - root - INFO - {"event": "execute_tool", "message": "Executing tool wifi-details"}
2023-07-17 19:31:04,171 - root - INFO - {"event": "execute_tool", "message": "Executing tool wifi-details"}
2023-07-17 19:31:09,562 - root - INFO - {"event": "execute_tool", "message": "Executing tool wifi-details"}
2023-07-17 19:31:14,652 - root - INFO - {"event": "execute_tool", "message": "Executing tool wifi-details"}
2023-07-17 19:31:16,154 - root - INFO - {"event": "execute_tool", "message": "Executing tool trusted-network-status"}
2023-07-17 19:31:17,786 - root - INFO - {"event": "execute_tool", "message": "Executing tool network-adapters"}
2023-07-17 19:31:18,841 - root - INFO - {"event": "execute_tool", "message": "Executing tool network-adapters"}
2023-07-17 19:31:19,727 - root - INFO - {"event": "execute_tool", "message": "Executing tool wifi-details"}
2023-07-17 19:31:20,922 - root - INFO - {"event": "execute_tool", "message": "Executing tool network-adapters"}
2023-07-17 19:31:24,879 - root - INFO - {"event": "execute_tool", "message": "Executing tool wifi-details"}
2023-07-17 19:31:24,990 - root - INFO - {"event": "execute_tool", "message": "Executing tool network-adapters"}
2023-07-17 19:31:29,981 - root - INFO - {"event": "execute_tool", "message": "Executing tool wifi-details"}
2023-07-17 19:31:35,072 - root - INFO - {"event": "execute_tool", "message": "Executing tool wifi-details"}
2023-07-17 19:31:40,482 - root - INFO - {"event": "execute_tool", "message": "Executing tool wifi-details"}
2023-07-17 19:31:45,554 - root - INFO - {"event": "execute_tool", "message": "Executing tool wifi-details"}
2023-07-17 19:31:50,949 - root - INFO - {"event": "execute_tool", "message": "Executing tool wifi-details"}
2023-07-17 19:31:56,036 - root - INFO - {"event": "execute_tool", "message": "Executing tool wifi-details"}
2023-07-17 19:32:01,435 - root - INFO - {"event": "execute_tool", "message": "Executing tool wifi-details"}
2023-07-17 19:32:06,524 - root - INFO - {"event": "execute_tool", "message": "Executing tool wifi-details"}
2023-07-17 19:32:11,919 - root - INFO - {"event": "execute_tool", "message": "Executing tool wifi-details"}
2023-07-17 19:32:17,000 - root - INFO - {"event": "execute_tool", "message": "Executing tool wifi-details"}
2023-07-17 19:32:22,101 - root - INFO - {"event": "execute_tool", "message": "Executing tool wifi-details"}
2023-07-17 19:32:27,700 - root - INFO - {"event": "execute_tool", "message": "Executing tool wifi-details"}
2023-07-17 19:32:32,845 - root - INFO - {"event": "execute_tool", "message": "Executing tool wifi-details"}
2023-07-17 19:32:38,322 - root - INFO - {"event": "execute_tool", "message": "Executing tool wifi-details"}
2023-07-17 19:32:43,410 - root - INFO - {"event": "execute_tool", "message": "Executing tool wifi-details"}
2023-07-17 19:32:48,837 - root - INFO - {"event": "execute_tool", "message": "Executing tool wifi-details"}
2023-07-17 19:32:53,113 - root - INFO - {"event": "execute_tool", "message": "Executing tool trusted-network-status"}
2023-07-17 19:32:53,999 - root - INFO - {"event": "execute_tool", "message": "Executing tool wifi-details"}
2023-07-17 19:32:57,040 - root - INFO - {"event": "execute_tool", "message": "Executing tool wifi-details"}
2023-07-17 19:32:57,154 - root - INFO - {"event": "execute_tool", "message": "Executing tool trusted-network-status"}
2023-07-17 19:32:57,158 - root - INFO - {"event": "execute_tool", "message": "Executing tool ad-status"}
2023-07-17 19:32:57,234 - root - INFO - {"event": "execute_tool", "message": "Executing tool password-data"}
2023-07-17 19:32:57,236 - root - INFO - {"event": "execute_tool", "message": "Executing tool disk-usage"}
2023-07-17 19:33:00,594 - root - INFO - {"event": "execute_tool", "message": "Executing tool network-adapters"}
2023-07-17 19:33:01,662 - root - INFO - {"event": "execute_tool", "message": "Executing tool network-adapters"}
2023-07-17 19:33:02,179 - root - INFO - {"event": "execute_tool", "message": "Executing tool wifi-details"}
2023-07-17 19:33:03,730 - root - INFO - {"event": "execute_tool", "message": "Executing tool network-adapters"}
2023-07-17 19:33:07,268 - root - INFO - {"event": "execute_tool", "message": "Executing tool wifi-details"}
2023-07-17 19:33:07,800 - root - INFO - {"event": "execute_tool", "message": "Executing tool network-adapters"}
2023-07-17 19:33:12,357 - root - INFO - {"event": "execute_tool", "message": "Executing tool wifi-details"}
2023-07-17 19:33:17,461 - root - INFO - {"event": "execute_tool", "message": "Executing tool wifi-details"}
2023-07-17 19:33:19,137 - root - INFO - {"event": "execute_tool", "message": "Executing tool trusted-network-status"}
2023-07-17 19:33:22,587 - root - INFO - {"event": "execute_tool", "message": "Executing tool wifi-details"}
2023-07-17 19:33:27,676 - root - INFO - {"event": "execute_tool", "message": "Executing tool wifi-details"}
2023-07-17 19:33:32,777 - root - INFO - {"event": "execute_tool", "message": "Executing tool wifi-details"}
2023-07-17 19:33:38,200 - root - INFO - {"event": "execute_tool", "message": "Executing tool wifi-details"}
2023-07-17 19:33:43,348 - root - INFO - {"event": "execute_tool", "message": "Executing tool wifi-details"}
2023-07-17 19:33:48,481 - root - INFO - {"event": "execute_tool", "message": "Executing tool wifi-details"}
2023-07-17 19:33:53,876 - root - INFO - {"event": "execute_tool", "message": "Executing tool wifi-details"}
2023-07-17 19:33:58,991 - root - INFO - {"event": "execute_tool", "message": "Executing tool wifi-details"}
2023-07-17 19:34:52,647 - root - INFO - {"event": "execute_tool", "message": "Executing tool wifi-details"}
2023-07-17 19:34:52,892 - root - INFO - {"event": "execute_tool", "message": "Executing tool disk-usage"}
2023-07-17 19:34:52,894 - root - INFO - {"event": "execute_tool", "message": "Executing tool ad-status"}
2023-07-17 19:34:53,197 - root - INFO - {"event": "execute_tool", "message": "Executing tool password-data"}
2023-07-17 19:34:53,199 - root - INFO - {"event": "execute_tool", "message": "Executing tool trusted-network-status"}
2023-07-17 19:34:58,222 - root - INFO - {"event": "execute_tool", "message": "Executing tool wifi-details"}
2023-07-17 19:35:03,332 - root - INFO - {"event": "execute_tool", "message": "Executing tool wifi-details"}
2023-07-17 19:35:08,050 - root - INFO - {"event": "execute_tool", "message": "Executing tool trusted-network-status"}
2023-07-17 19:35:08,420 - root - INFO - {"event": "execute_tool", "message": "Executing tool wifi-details"}
2023-07-17 19:35:13,526 - root - INFO - {"event": "execute_tool", "message": "Executing tool wifi-details"}
2023-07-17 19:35:18,370 - root - INFO - {"event": "execute_tool", "message": "Executing tool trusted-network-status"}
2023-07-17 19:35:18,680 - root - INFO - {"event": "execute_tool", "message": "Executing tool wifi-details"}
2023-07-17 19:35:19,033 - root - INFO - {"event": "execute_tool", "message": "Executing tool network-adapters"}
2023-07-17 19:35:20,097 - root - INFO - {"event": "execute_tool", "message": "Executing tool network-adapters"}
2023-07-17 19:35:22,149 - root - INFO - {"event": "execute_tool", "message": "Executing tool network-adapters"}
2023-07-17 19:35:23,774 - root - INFO - {"event": "execute_tool", "message": "Executing tool wifi-details"}
2023-07-17 19:35:26,237 - root - INFO - {"event": "execute_tool", "message": "Executing tool network-adapters"}
2023-07-17 19:35:28,908 - root - INFO - {"event": "execute_tool", "message": "Executing tool wifi-details"}
2023-07-17 19:35:34,305 - root - INFO - {"event": "execute_tool", "message": "Executing tool wifi-details"}
2023-07-17 19:35:39,393 - root - INFO - {"event": "execute_tool", "message": "Executing tool wifi-details"}
2023-07-17 19:35:44,475 - root - INFO - {"event": "execute_tool", "message": "Executing tool wifi-details"}
2023-07-17 19:35:49,550 - root - INFO - {"event": "execute_tool", "message": "Executing tool wifi-details"}
2023-07-17 19:35:54,952 - root - INFO - {"event": "execute_tool", "message": "Executing tool wifi-details"}
2023-07-17 19:36:00,170 - root - INFO - {"event": "execute_tool", "message": "Executing tool wifi-details"}
2023-07-17 19:36:03,233 - root - INFO - {"event": "execute_tool", "message": "Executing tool trusted-network-status"}
2023-07-17 19:36:05,299 - root - INFO - {"event": "execute_tool", "message": "Executing tool wifi-details"}
2023-07-17 19:36:22,243 - root - INFO - {"event": "execute_tool", "message": "Executing tool wifi-details"}
2023-07-17 19:36:22,454 - root - INFO - {"event": "execute_tool", "message": "Executing tool trusted-network-status"}
2023-07-17 19:36:22,456 - root - INFO - {"event": "execute_tool", "message": "Executing tool password-data"}
2023-07-17 19:36:22,458 - root - INFO - {"event": "execute_tool", "message": "Executing tool ad-status"}
2023-07-17 19:36:22,603 - root - INFO - {"event": "execute_tool", "message": "Executing tool disk-usage"}
2023-07-17 19:36:27,619 - root - INFO - {"event": "execute_tool", "message": "Executing tool wifi-details"}
2023-07-17 19:36:33,015 - root - INFO - {"event": "execute_tool", "message": "Executing tool wifi-details"}
2023-07-17 19:36:38,145 - root - INFO - {"event": "execute_tool", "message": "Executing tool wifi-details"}
2023-07-17 19:36:43,552 - root - INFO - {"event": "execute_tool", "message": "Executing tool wifi-details"}
2023-07-17 19:36:48,635 - root - INFO - {"event": "execute_tool", "message": "Executing tool wifi-details"}
2023-07-17 19:36:54,028 - root - INFO - {"event": "execute_tool", "message": "Executing tool wifi-details"}
2023-07-17 19:36:59,112 - root - INFO - {"event": "execute_tool", "message": "Executing tool wifi-details"}
2023-07-17 19:37:04,500 - root - INFO - {"event": "execute_tool", "message": "Executing tool wifi-details"}
2023-07-17 19:37:09,605 - root - INFO - {"event": "execute_tool", "message": "Executing tool wifi-details"}
2023-07-17 19:37:13,479 - root - INFO - {"event": "execute_tool", "message": "Executing tool trusted-network-status"}
2023-07-17 19:37:14,695 - root - INFO - {"event": "execute_tool", "message": "Executing tool wifi-details"}
2023-07-17 19:37:18,005 - root - INFO - {"event": "execute_tool", "message": "Executing tool wifi-details"}
2023-07-17 19:37:18,093 - root - INFO - {"event": "execute_tool", "message": "Executing tool trusted-network-status"}
2023-07-17 19:37:18,096 - root - INFO - {"event": "execute_tool", "message": "Executing tool ad-status"}
2023-07-17 19:37:18,164 - root - INFO - {"event": "execute_tool", "message": "Executing tool password-data"}
2023-07-17 19:37:18,166 - root - INFO - {"event": "execute_tool", "message": "Executing tool disk-usage"}
2023-07-17 19:37:23,118 - root - INFO - {"event": "execute_tool", "message": "Executing tool wifi-details"}
2023-07-17 19:37:23,510 - root - INFO - {"event": "execute_tool", "message": "Executing tool network-adapters"}
2023-07-17 19:37:24,597 - root - INFO - {"event": "execute_tool", "message": "Executing tool network-adapters"}
2023-07-17 19:37:26,680 - root - INFO - {"event": "execute_tool", "message": "Executing tool network-adapters"}
2023-07-17 19:37:28,204 - root - INFO - {"event": "execute_tool", "message": "Executing tool wifi-details"}
2023-07-17 19:37:30,778 - root - INFO - {"event": "execute_tool", "message": "Executing tool network-adapters"}
2023-07-17 19:37:33,299 - root - INFO - {"event": "execute_tool", "message": "Executing tool wifi-details"}
2023-07-17 19:37:38,373 - root - INFO - {"event": "execute_tool", "message": "Executing tool wifi-details"}
2023-07-17 19:37:43,455 - root - INFO - {"event": "execute_tool", "message": "Executing tool wifi-details"}
2023-07-17 19:37:48,555 - root - INFO - {"event": "execute_tool", "message": "Executing tool wifi-details"}
2023-07-17 19:37:53,959 - root - INFO - {"event": "execute_tool", "message": "Executing tool wifi-details"}
2023-07-17 19:37:59,074 - root - INFO - {"event": "execute_tool", "message": "Executing tool wifi-details"}
2023-07-17 19:38:04,466 - root - INFO - {"event": "execute_tool", "message": "Executing tool wifi-details"}
2023-07-17 19:38:09,565 - root - INFO - {"event": "execute_tool", "message": "Executing tool wifi-details"}
2023-07-17 19:38:12,315 - root - INFO - {"event": "execute_tool", "message": "Executing tool trusted-network-status"}
2023-07-17 19:38:14,510 - root - INFO - {"event": "execute_tool", "message": "Executing tool wifi-details"}
2023-07-17 19:38:14,609 - root - INFO - {"event": "execute_tool", "message": "Executing tool trusted-network-status"}
2023-07-17 19:38:14,613 - root - INFO - {"event": "execute_tool", "message": "Executing tool ad-status"}
2023-07-17 19:38:14,683 - root - INFO - {"event": "execute_tool", "message": "Executing tool password-data"}
2023-07-17 19:38:14,687 - root - INFO - {"event": "execute_tool", "message": "Executing tool disk-usage"}
2023-07-17 19:38:19,623 - root - INFO - {"event": "execute_tool", "message": "Executing tool wifi-details"}
2023-07-17 19:38:24,705 - root - INFO - {"event": "execute_tool", "message": "Executing tool wifi-details"}
2023-07-17 19:38:29,779 - root - INFO - {"event": "execute_tool", "message": "Executing tool wifi-details"}
2023-07-17 19:38:34,865 - root - INFO - {"event": "execute_tool", "message": "Executing tool wifi-details"}
2023-07-17 19:38:39,958 - root - INFO - {"event": "execute_tool", "message": "Executing tool wifi-details"}
2023-07-17 19:38:45,360 - root - INFO - {"event": "execute_tool", "message": "Executing tool wifi-details"}
2023-07-17 19:38:50,446 - root - INFO - {"event": "execute_tool", "message": "Executing tool wifi-details"}
2023-07-17 19:38:55,857 - root - INFO - {"event": "execute_tool", "message": "Executing tool wifi-details"}
2023-07-17 19:39:00,971 - root - INFO - {"event": "execute_tool", "message": "Executing tool wifi-details"}
2023-07-17 19:39:06,367 - root - INFO - {"event": "execute_tool", "message": "Executing tool wifi-details"}
2023-07-17 19:39:11,455 - root - INFO - {"event": "execute_tool", "message": "Executing tool wifi-details"}
2023-07-17 19:39:16,846 - root - INFO - {"event": "execute_tool", "message": "Executing tool wifi-details"}
2023-07-17 19:39:21,933 - root - INFO - {"event": "execute_tool", "message": "Executing tool wifi-details"}
2023-07-17 19:39:27,330 - root - INFO - {"event": "execute_tool", "message": "Executing tool wifi-details"}
2023-07-17 19:39:32,414 - root - INFO - {"event": "execute_tool", "message": "Executing tool wifi-details"}
2023-07-17 19:39:34,925 - root - INFO - {"event": "execute_tool", "message": "Executing tool trusted-network-status"}
2023-07-17 19:39:37,495 - root - INFO - {"event": "execute_tool", "message": "Executing tool wifi-details"}
2023-07-17 19:39:42,879 - root - INFO - {"event": "execute_tool", "message": "Executing tool wifi-details"}
2023-07-17 19:39:47,978 - root - INFO - {"event": "execute_tool", "message": "Executing tool wifi-details"}
2023-07-17 19:39:53,390 - root - INFO - {"event": "execute_tool", "message": "Executing tool wifi-details"}
2023-07-17 19:39:58,507 - root - INFO - {"event": "execute_tool", "message": "Executing tool wifi-details"}
2023-07-17 19:40:03,934 - root - INFO - {"event": "execute_tool", "message": "Executing tool wifi-details"}
2023-07-17 19:40:09,159 - root - INFO - {"event": "execute_tool", "message": "Executing tool wifi-details"}
2023-07-17 19:40:14,585 - root - INFO - {"event": "execute_tool", "message": "Executing tool wifi-details"}
2023-07-17 19:40:19,698 - root - INFO - {"event": "execute_tool", "message": "Executing tool wifi-details"}
2023-07-17 19:40:25,153 - root - INFO - {"event": "execute_tool", "message": "Executing tool wifi-details"}
2023-07-17 19:40:30,261 - root - INFO - {"event": "execute_tool", "message": "Executing tool wifi-details"}
2023-07-17 19:40:35,697 - root - INFO - {"event": "execute_tool", "message": "Executing tool wifi-details"}
2023-07-17 19:40:40,779 - root - INFO - {"event": "execute_tool", "message": "Executing tool wifi-details"}
2023-07-17 19:40:46,167 - root - INFO - {"event": "execute_tool", "message": "Executing tool wifi-details"}
2023-07-17 19:40:51,276 - root - INFO - {"event": "execute_tool", "message": "Executing tool wifi-details"}
2023-07-17 19:40:56,416 - root - INFO - {"event": "execute_tool", "message": "Executing tool wifi-details"}
2023-07-17 19:41:01,808 - root - INFO - {"event": "execute_tool", "message": "Executing tool wifi-details"}
2023-07-17 19:41:06,887 - root - INFO - {"event": "execute_tool", "message": "Executing tool wifi-details"}
2023-07-17 19:41:12,288 - root - INFO - {"event": "execute_tool", "message": "Executing tool wifi-details"}
2023-07-17 19:41:17,378 - root - INFO - {"event": "execute_tool", "message": "Executing tool wifi-details"}
2023-07-17 19:41:22,766 - root - INFO - {"event": "execute_tool", "message": "Executing tool wifi-details"}
2023-07-17 19:41:27,897 - root - INFO - {"event": "execute_tool", "message": "Executing tool wifi-details"}
2023-07-17 19:41:33,301 - root - INFO - {"event": "execute_tool", "message": "Executing tool wifi-details"}
2023-07-17 19:41:38,385 - root - INFO - {"event": "execute_tool", "message": "Executing tool wifi-details"}
2023-07-17 19:41:43,485 - root - INFO - {"event": "execute_tool", "message": "Executing tool wifi-details"}
2023-07-17 19:41:48,573 - root - INFO - {"event": "execute_tool", "message": "Executing tool wifi-details"}
2023-07-17 19:41:53,978 - root - INFO - {"event": "execute_tool", "message": "Executing tool wifi-details"}
2023-07-17 19:41:59,068 - root - INFO - {"event": "execute_tool", "message": "Executing tool wifi-details"}
2023-07-17 19:42:04,464 - root - INFO - {"event": "execute_tool", "message": "Executing tool wifi-details"}
2023-07-17 19:42:09,538 - root - INFO - {"event": "execute_tool", "message": "Executing tool wifi-details"}
2023-07-17 19:42:14,935 - root - INFO - {"event": "execute_tool", "message": "Executing tool wifi-details"}
2023-07-17 19:42:20,037 - root - INFO - {"event": "execute_tool", "message": "Executing tool wifi-details"}
2023-07-17 19:42:25,119 - root - INFO - {"event": "execute_tool", "message": "Executing tool wifi-details"}
2023-07-17 19:42:30,523 - root - INFO - {"event": "execute_tool", "message": "Executing tool wifi-details"}
2023-07-17 19:42:35,657 - root - INFO - {"event": "execute_tool", "message": "Executing tool wifi-details"}
2023-07-17 19:42:41,059 - root - INFO - {"event": "execute_tool", "message": "Executing tool wifi-details"}
2023-07-17 19:42:46,153 - root - INFO - {"event": "execute_tool", "message": "Executing tool wifi-details"}
2023-07-17 19:42:51,595 - root - INFO - {"event": "execute_tool", "message": "Executing tool wifi-details"}
2023-07-17 19:42:56,700 - root - INFO - {"event": "execute_tool", "message": "Executing tool wifi-details"}
2023-07-17 19:43:02,098 - root - INFO - {"event": "execute_tool", "message": "Executing tool wifi-details"}
2023-07-17 19:43:07,271 - root - INFO - {"event": "execute_tool", "message": "Executing tool wifi-details"}
2023-07-17 19:43:12,370 - root - INFO - {"event": "execute_tool", "message": "Executing tool wifi-details"}
2023-07-17 19:43:17,787 - root - INFO - {"event": "execute_tool", "message": "Executing tool wifi-details"}
2023-07-17 19:43:22,867 - root - INFO - {"event": "execute_tool", "message": "Executing tool wifi-details"}
2023-07-17 19:43:27,941 - root - INFO - {"event": "execute_tool", "message": "Executing tool wifi-details"}
2023-07-17 19:43:33,337 - root - INFO - {"event": "execute_tool", "message": "Executing tool wifi-details"}
2023-07-17 19:43:38,409 - root - INFO - {"event": "execute_tool", "message": "Executing tool wifi-details"}
2023-07-17 19:43:43,849 - root - INFO - {"event": "execute_tool", "message": "Executing tool wifi-details"}
2023-07-17 19:43:48,963 - root - INFO - {"event": "execute_tool", "message": "Executing tool wifi-details"}
2023-07-17 19:43:54,469 - root - INFO - {"event": "execute_tool", "message": "Executing tool wifi-details"}
2023-07-17 19:43:59,580 - root - INFO - {"event": "execute_tool", "message": "Executing tool wifi-details"}
2023-07-17 19:44:04,987 - root - INFO - {"event": "execute_tool", "message": "Executing tool wifi-details"}
2023-07-17 19:44:10,282 - root - INFO - {"event": "execute_tool", "message": "Executing tool wifi-details"}
2023-07-17 19:44:15,785 - root - INFO - {"event": "execute_tool", "message": "Executing tool wifi-details"}
2023-07-17 19:44:20,903 - root - INFO - {"event": "execute_tool", "message": "Executing tool wifi-details"}
2023-07-17 19:44:26,307 - root - INFO - {"event": "execute_tool", "message": "Executing tool wifi-details"}
2023-07-17 19:44:31,399 - root - INFO - {"event": "execute_tool", "message": "Executing tool wifi-details"}
2023-07-17 19:44:34,974 - root - INFO - {"event": "execute_tool", "message": "Executing tool trusted-network-status"}
2023-07-17 19:44:36,474 - root - INFO - {"event": "execute_tool", "message": "Executing tool wifi-details"}
2023-07-17 19:44:41,863 - root - INFO - {"event": "execute_tool", "message": "Executing tool wifi-details"}
2023-07-17 19:44:46,956 - root - INFO - {"event": "execute_tool", "message": "Executing tool wifi-details"}
2023-07-17 19:44:52,053 - root - INFO - {"event": "execute_tool", "message": "Executing tool wifi-details"}
2023-07-17 19:44:52,359 - root - INFO - {"event": "execute_tool", "message": "Executing tool trusted-network-status"}
2023-07-17 19:44:55,896 - root - INFO - {"event": "execute_tool", "message": "Executing tool wifi-details"}
2023-07-17 19:44:56,033 - root - INFO - {"event": "execute_tool", "message": "Executing tool trusted-network-status"}
2023-07-17 19:44:56,038 - root - INFO - {"event": "execute_tool", "message": "Executing tool ad-status"}
2023-07-17 19:44:56,134 - root - INFO - {"event": "execute_tool", "message": "Executing tool password-data"}
2023-07-17 19:44:56,139 - root - INFO - {"event": "execute_tool", "message": "Executing tool disk-usage"}
2023-07-17 19:45:01,051 - root - INFO - {"event": "execute_tool", "message": "Executing tool wifi-details"}
2023-07-17 19:45:06,149 - root - INFO - {"event": "execute_tool", "message": "Executing tool wifi-details"}
2023-07-17 19:45:11,241 - root - INFO - {"event": "execute_tool", "message": "Executing tool wifi-details"}
2023-07-17 19:45:16,374 - root - INFO - {"event": "execute_tool", "message": "Executing tool wifi-details"}
2023-07-17 19:45:21,454 - root - INFO - {"event": "execute_tool", "message": "Executing tool wifi-details"}
2023-07-17 19:45:26,535 - root - INFO - {"event": "execute_tool", "message": "Executing tool wifi-details"}
2023-07-17 19:45:31,929 - root - INFO - {"event": "execute_tool", "message": "Executing tool wifi-details"}
2023-07-17 19:45:37,001 - root - INFO - {"event": "execute_tool", "message": "Executing tool wifi-details"}
2023-07-17 19:45:42,396 - root - INFO - {"event": "execute_tool", "message": "Executing tool wifi-details"}
2023-07-17 19:45:47,550 - root - INFO - {"event": "execute_tool", "message": "Executing tool wifi-details"}
2023-07-17 19:45:52,951 - root - INFO - {"event": "execute_tool", "message": "Executing tool wifi-details"}
2023-07-17 19:45:58,052 - root - INFO - {"event": "execute_tool", "message": "Executing tool wifi-details"}
2023-07-17 19:46:03,464 - root - INFO - {"event": "execute_tool", "message": "Executing tool wifi-details"}
2023-07-17 19:46:08,559 - root - INFO - {"event": "execute_tool", "message": "Executing tool wifi-details"}
2023-07-17 19:46:13,980 - root - INFO - {"event": "execute_tool", "message": "Executing tool wifi-details"}
2023-07-17 19:46:19,082 - root - INFO - {"event": "execute_tool", "message": "Executing tool wifi-details"}
2023-07-17 19:46:24,504 - root - INFO - {"event": "execute_tool", "message": "Executing tool wifi-details"}
2023-07-17 19:46:26,310 - root - INFO - {"event": "execute_tool", "message": "Executing tool trusted-network-status"}
2023-07-17 19:46:29,607 - root - INFO - {"event": "execute_tool", "message": "Executing tool wifi-details"}
2023-07-17 19:46:34,717 - root - INFO - {"event": "execute_tool", "message": "Executing tool wifi-details"}
2023-07-17 19:46:40,164 - root - INFO - {"event": "execute_tool", "message": "Executing tool wifi-details"}
2023-07-17 19:46:45,309 - root - INFO - {"event": "execute_tool", "message": "Executing tool wifi-details"}
2023-07-17 19:46:50,770 - root - INFO - {"event": "execute_tool", "message": "Executing tool wifi-details"}
2023-07-17 19:46:55,907 - root - INFO - {"event": "execute_tool", "message": "Executing tool wifi-details"}
2023-07-17 19:47:01,330 - root - INFO - {"event": "execute_tool", "message": "Executing tool wifi-details"}
2023-07-17 19:47:06,424 - root - INFO - {"event": "execute_tool", "message": "Executing tool wifi-details"}
2023-07-17 19:47:11,813 - root - INFO - {"event": "execute_tool", "message": "Executing tool wifi-details"}
2023-07-17 19:47:16,893 - root - INFO - {"event": "execute_tool", "message": "Executing tool wifi-details"}
2023-07-17 19:47:22,314 - root - INFO - {"event": "execute_tool", "message": "Executing tool wifi-details"}
2023-07-17 19:47:27,403 - root - INFO - {"event": "execute_tool", "message": "Executing tool wifi-details"}
2023-07-17 19:47:32,795 - root - INFO - {"event": "execute_tool", "message": "Executing tool wifi-details"}
2023-07-17 19:47:37,874 - root - INFO - {"event": "execute_tool", "message": "Executing tool wifi-details"}
2023-07-17 19:47:43,263 - root - INFO - {"event": "execute_tool", "message": "Executing tool wifi-details"}
2023-07-17 19:47:48,367 - root - INFO - {"event": "execute_tool", "message": "Executing tool wifi-details"}
2023-07-17 19:47:53,762 - root - INFO - {"event": "execute_tool", "message": "Executing tool wifi-details"}
2023-07-17 19:47:58,864 - root - INFO - {"event": "execute_tool", "message": "Executing tool wifi-details"}
2023-07-17 19:48:03,971 - root - INFO - {"event": "execute_tool", "message": "Executing tool wifi-details"}
2023-07-17 19:48:09,365 - root - INFO - {"event": "execute_tool", "message": "Executing tool wifi-details"}
2023-07-17 19:48:14,506 - root - INFO - {"event": "execute_tool", "message": "Executing tool wifi-details"}
2023-07-17 19:48:19,330 - root - INFO - {"event": "execute_tool", "message": "Executing tool trusted-network-status"}
2023-07-17 19:48:19,598 - root - INFO - {"event": "execute_tool", "message": "Executing tool wifi-details"}
2023-07-17 19:48:23,210 - root - INFO - {"event": "execute_tool", "message": "Executing tool wifi-details"}
2023-07-17 19:48:23,356 - root - INFO - {"event": "execute_tool", "message": "Executing tool trusted-network-status"}
2023-07-17 19:48:23,361 - root - INFO - {"event": "execute_tool", "message": "Executing tool ad-status"}
2023-07-17 19:48:23,471 - root - INFO - {"event": "execute_tool", "message": "Executing tool password-data"}
2023-07-17 19:48:23,476 - root - INFO - {"event": "execute_tool", "message": "Executing tool disk-usage"}
2023-07-17 19:48:28,372 - root - INFO - {"event": "execute_tool", "message": "Executing tool wifi-details"}
2023-07-17 19:48:33,574 - root - INFO - {"event": "execute_tool", "message": "Executing tool wifi-details"}
2023-07-17 19:48:38,666 - root - INFO - {"event": "execute_tool", "message": "Executing tool wifi-details"}
2023-07-17 19:48:43,266 - root - INFO - {"event": "execute_tool", "message": "Executing tool trusted-network-status"}
2023-07-17 19:48:43,796 - root - INFO - {"event": "execute_tool", "message": "Executing tool wifi-details"}
2023-07-17 19:48:46,391 - root - INFO - {"event": "execute_tool", "message": "Executing tool wifi-details"}
2023-07-17 19:48:46,520 - root - INFO - {"event": "execute_tool", "message": "Executing tool ad-status"}
2023-07-17 19:48:46,602 - root - INFO - {"event": "execute_tool", "message": "Executing tool trusted-network-status"}
2023-07-17 19:48:46,604 - root - INFO - {"event": "execute_tool", "message": "Executing tool password-data"}
2023-07-17 19:48:46,607 - root - INFO - {"event": "execute_tool", "message": "Executing tool disk-usage"}
2023-07-17 19:48:51,167 - root - INFO - {"event": "execute_tool", "message": "Executing tool wifi-details"}
2023-07-17 19:48:51,296 - root - INFO - {"event": "execute_tool", "message": "Executing tool password-data"}
2023-07-17 19:48:51,298 - root - INFO - {"event": "execute_tool", "message": "Executing tool trusted-network-status"}
2023-07-17 19:48:51,300 - root - INFO - {"event": "execute_tool", "message": "Executing tool ad-status"}
2023-07-17 19:48:51,385 - root - INFO - {"event": "execute_tool", "message": "Executing tool disk-usage"}
2023-07-17 19:48:56,710 - root - INFO - {"event": "execute_tool", "message": "Executing tool wifi-details"}
2023-07-17 19:49:02,038 - root - INFO - {"event": "execute_tool", "message": "Executing tool wifi-details"}
2023-07-17 19:49:02,149 - root - INFO - {"event": "execute_tool", "message": "Executing tool trusted-network-status"}
2023-07-17 19:49:02,154 - root - INFO - {"event": "execute_tool", "message": "Executing tool ad-status"}
2023-07-17 19:49:02,239 - root - INFO - {"event": "execute_tool", "message": "Executing tool password-data"}
2023-07-17 19:49:02,243 - root - INFO - {"event": "execute_tool", "message": "Executing tool disk-usage"}
2023-07-17 19:49:07,167 - root - INFO - {"event": "execute_tool", "message": "Executing tool wifi-details"}
2023-07-17 19:49:07,268 - root - INFO - {"event": "execute_tool", "message": "Executing tool password-data"}
2023-07-17 19:49:07,270 - root - INFO - {"event": "execute_tool", "message": "Executing tool ad-status"}
2023-07-17 19:49:07,331 - root - INFO - {"event": "execute_tool", "message": "Executing tool trusted-network-status"}
2023-07-17 19:49:07,333 - root - INFO - {"event": "execute_tool", "message": "Executing tool disk-usage"}
2023-07-17 19:49:12,357 - root - INFO - {"event": "execute_tool", "message": "Executing tool wifi-details"}
2023-07-17 19:49:17,794 - root - INFO - {"event": "execute_tool", "message": "Executing tool wifi-details"}
2023-07-17 19:49:18,037 - root - INFO - {"event": "execute_tool", "message": "Executing tool trusted-network-status"}
2023-07-17 19:49:21,616 - root - INFO - {"event": "execute_tool", "message": "Executing tool network-adapters"}
2023-07-17 19:49:22,691 - root - INFO - {"event": "execute_tool", "message": "Executing tool network-adapters"}
2023-07-17 19:49:22,876 - root - INFO - {"event": "execute_tool", "message": "Executing tool wifi-details"}
2023-07-17 19:49:24,769 - root - INFO - {"event": "execute_tool", "message": "Executing tool network-adapters"}
2023-07-17 19:49:27,974 - root - INFO - {"event": "execute_tool", "message": "Executing tool wifi-details"}
2023-07-17 19:49:28,837 - root - INFO - {"event": "execute_tool", "message": "Executing tool network-adapters"}
2023-07-17 19:49:33,053 - root - INFO - {"event": "execute_tool", "message": "Executing tool wifi-details"}
2023-07-17 19:49:38,146 - root - INFO - {"event": "execute_tool", "message": "Executing tool wifi-details"}
2023-07-17 19:49:43,546 - root - INFO - {"event": "execute_tool", "message": "Executing tool wifi-details"}
2023-07-17 19:49:48,794 - root - INFO - {"event": "execute_tool", "message": "Executing tool wifi-details"}
2023-07-17 19:49:54,266 - root - INFO - {"event": "execute_tool", "message": "Executing tool wifi-details"}
2023-07-17 19:49:59,376 - root - INFO - {"event": "execute_tool", "message": "Executing tool wifi-details"}
2023-07-17 19:50:04,816 - root - INFO - {"event": "execute_tool", "message": "Executing tool wifi-details"}
2023-07-17 19:50:09,945 - root - INFO - {"event": "execute_tool", "message": "Executing tool wifi-details"}
2023-07-17 19:50:15,361 - root - INFO - {"event": "execute_tool", "message": "Executing tool wifi-details"}
2023-07-17 19:50:20,468 - root - INFO - {"event": "execute_tool", "message": "Executing tool wifi-details"}
2023-07-17 19:50:25,884 - root - INFO - {"event": "execute_tool", "message": "Executing tool wifi-details"}
2023-07-17 19:50:29,008 - root - INFO - {"event": "execute_tool", "message": "Executing tool trusted-network-status"}
2023-07-17 19:50:31,033 - root - INFO - {"event": "execute_tool", "message": "Executing tool wifi-details"}
2023-07-17 19:50:32,683 - root - INFO - {"event": "execute_tool", "message": "Executing tool wifi-details"}
2023-07-17 19:50:32,805 - root - INFO - {"event": "execute_tool", "message": "Executing tool trusted-network-status"}
2023-07-17 19:50:32,810 - root - INFO - {"event": "execute_tool", "message": "Executing tool ad-status"}
2023-07-17 19:50:32,892 - root - INFO - {"event": "execute_tool", "message": "Executing tool password-data"}
2023-07-17 19:50:32,900 - root - INFO - {"event": "execute_tool", "message": "Executing tool disk-usage"}
2023-07-17 19:50:34,036 - root - INFO - {"event": "execute_tool", "message": "Executing tool network-adapters"}
2023-07-17 19:50:35,212 - root - INFO - {"event": "execute_tool", "message": "Executing tool network-adapters"}
2023-07-17 19:50:37,277 - root - INFO - {"event": "execute_tool", "message": "Executing tool network-adapters"}
2023-07-17 19:50:37,830 - root - INFO - {"event": "execute_tool", "message": "Executing tool wifi-details"}
2023-07-17 19:50:41,368 - root - INFO - {"event": "execute_tool", "message": "Executing tool network-adapters"}
2023-07-17 19:50:42,923 - root - INFO - {"event": "execute_tool", "message": "Executing tool wifi-details"}
2023-07-17 19:50:48,029 - root - INFO - {"event": "execute_tool", "message": "Executing tool wifi-details"}
2023-07-17 19:50:49,450 - root - INFO - {"event": "execute_tool", "message": "Executing tool trusted-network-status"}
2023-07-17 19:50:53,444 - root - INFO - {"event": "execute_tool", "message": "Executing tool wifi-details"}
2023-07-17 19:50:53,635 - root - INFO - {"event": "execute_tool", "message": "Executing tool password-data"}
2023-07-17 19:50:53,637 - root - INFO - {"event": "execute_tool", "message": "Executing tool trusted-network-status"}
2023-07-17 19:50:53,639 - root - INFO - {"event": "execute_tool", "message": "Executing tool ad-status"}
2023-07-17 19:50:53,727 - root - INFO - {"event": "execute_tool", "message": "Executing tool disk-usage"}
2023-07-17 19:50:53,730 - root - INFO - {"event": "execute_tool", "message": "Executing tool network-adapters"}
2023-07-17 19:50:54,829 - root - INFO - {"event": "execute_tool", "message": "Executing tool network-adapters"}
2023-07-17 19:50:56,897 - root - INFO - {"event": "execute_tool", "message": "Executing tool network-adapters"}
2023-07-17 19:50:58,827 - root - INFO - {"event": "execute_tool", "message": "Executing tool wifi-details"}
2023-07-17 19:51:00,978 - root - INFO - {"event": "execute_tool", "message": "Executing tool network-adapters"}
2023-07-17 19:51:03,117 - root - INFO - {"event": "execute_tool", "message": "Executing tool trusted-network-status"}
2023-07-17 19:51:03,905 - root - INFO - {"event": "execute_tool", "message": "Executing tool wifi-details"}
2023-07-17 19:51:08,988 - root - INFO - {"event": "execute_tool", "message": "Executing tool wifi-details"}
2023-07-17 19:51:14,165 - root - INFO - {"event": "execute_tool", "message": "Executing tool wifi-details"}
2023-07-17 19:51:19,577 - root - INFO - {"event": "execute_tool", "message": "Executing tool wifi-details"}
2023-07-17 19:51:24,718 - root - INFO - {"event": "execute_tool", "message": "Executing tool wifi-details"}
2023-07-17 19:51:27,012 - root - INFO - {"event": "execute_tool", "message": "Executing tool trusted-network-status"}
2023-07-17 19:51:30,254 - root - INFO - {"event": "execute_tool", "message": "Executing tool wifi-details"}
2023-07-17 19:51:30,393 - root - INFO - {"event": "execute_tool", "message": "Executing tool trusted-network-status"}
2023-07-17 19:51:30,396 - root - INFO - {"event": "execute_tool", "message": "Executing tool ad-status"}
2023-07-17 19:51:30,469 - root - INFO - {"event": "execute_tool", "message": "Executing tool password-data"}
2023-07-17 19:51:30,473 - root - INFO - {"event": "execute_tool", "message": "Executing tool disk-usage"}
