2023-07-14 21:53:22,960 - root - INFO - {"event": "startup", "message": "Loading tool states"}
2023-07-14 21:53:22,961 - root - INFO - {"event": "load_states", "message": "Loading states"}
2023-07-14 21:53:22,962 - root - INFO - {"event": "load_states", "message": "States loaded successfully"}
2023-07-14 21:53:22,962 - root - INFO - {"event": "startup", "message": "Adding wifi-details tool"}
2023-07-14 21:53:22,963 - root - INFO - {"event": "add_tool", "message": "Adding tool wifi-details"}
2023-07-14 21:53:22,963 - root - INFO - {"event": "add_tool", "message": "Tool wifi-details added successfully"}
2023-07-14 21:53:22,963 - root - INFO - {"event": "startup", "message": "Adding network adapters tool"}
2023-07-14 21:53:22,963 - root - INFO - {"event": "add_tool", "message": "Adding tool network-adapters"}
2023-07-14 21:53:22,963 - root - INFO - {"event": "add_tool", "message": "Tool network-adapters added successfully"}
2023-07-14 21:53:22,963 - root - INFO - {"event": "startup", "message": "Adding trusted network status tool"}
2023-07-14 21:53:22,963 - root - INFO - {"event": "add_tool", "message": "Adding tool trusted-network-status"}
2023-07-14 21:53:22,963 - root - INFO - {"event": "add_tool", "message": "Tool trusted-network-status added successfully"}
2023-07-14 21:53:22,964 - root - INFO - {"event": "startup", "message": "Adding ad status tool"}
2023-07-14 21:53:22,964 - root - INFO - {"event": "add_tool", "message": "Adding tool ad-status"}
2023-07-14 21:53:22,964 - root - INFO - {"event": "add_tool", "message": "Tool ad-status added successfully"}
2023-07-14 21:53:22,964 - root - INFO - {"event": "startup", "message": "Adding device data tool"}
2023-07-14 21:53:22,964 - root - INFO - {"event": "add_tool", "message": "Adding tool device-data"}
2023-07-14 21:53:22,964 - root - INFO - {"event": "add_tool", "message": "Tool device-data added successfully"}
2023-07-14 21:53:22,964 - root - INFO - {"event": "startup", "message": "Adding domain data tool"}
2023-07-14 21:53:22,964 - root - INFO - {"event": "add_tool", "message": "Adding tool domain-data"}
2023-07-14 21:53:22,965 - root - INFO - {"event": "add_tool", "message": "Tool domain-data added successfully"}
2023-07-14 21:53:22,965 - root - INFO - {"event": "startup", "message": "Adding password data tool"}
2023-07-14 21:53:22,965 - root - INFO - {"event": "add_tool", "message": "Adding tool password-data"}
2023-07-14 21:53:22,965 - root - INFO - {"event": "add_tool", "message": "Tool password-data added successfully"}
2023-07-14 21:53:22,965 - root - INFO - {"event": "startup", "message": "Adding disk usage tool"}
2023-07-14 21:53:22,965 - root - INFO - {"event": "add_tool", "message": "Adding tool disk-usage"}
2023-07-14 21:53:22,965 - root - INFO - {"event": "add_tool", "message": "Tool disk-usage added successfully"}
2023-07-14 21:53:22,965 - root - INFO - {"event": "startup", "message": "Adding toggle low Wi-Fi notifications tool"}
2023-07-14 21:53:22,966 - root - INFO - {"event": "add_tool", "message": "Adding tool low-wifi-notifs"}
2023-07-14 21:53:22,966 - root - INFO - {"event": "add_tool", "message": "Tool low-wifi-notifs added successfully"}
2023-07-14 21:53:24,848 - root - INFO - {"event": "execute_tool", "message": "Executing tool wifi-details"}
2023-07-14 21:53:27,720 - root - INFO - {"event": "execute_tool", "message": "Executing tool trusted-network-status"}
2023-07-14 22:02:08,080 - root - INFO - {"event": "execute_tool", "message": "Executing tool wifi-details"}
2023-07-14 22:07:08,603 - root - INFO - {"event": "execute_tool", "message": "Executing tool wifi-details"}
2023-07-14 22:12:09,017 - root - INFO - {"event": "execute_tool", "message": "Executing tool wifi-details"}
2023-07-14 22:13:17,993 - root - INFO - {"event": "execute_tool", "message": "Executing tool wifi-details"}
2023-07-14 22:18:18,418 - root - INFO - {"event": "execute_tool", "message": "Executing tool wifi-details"}
2023-07-14 22:20:31,520 - root - INFO - {"event": "execute_tool", "message": "Executing tool wifi-details"}
2023-07-14 22:30:18,805 - root - INFO - {"event": "execute_tool", "message": "Executing tool wifi-details"}
2023-07-14 22:35:19,254 - root - INFO - {"event": "execute_tool", "message": "Executing tool wifi-details"}
2023-07-14 22:40:19,679 - root - INFO - {"event": "execute_tool", "message": "Executing tool wifi-details"}
2023-07-14 22:43:07,258 - root - INFO - {"event": "execute_tool", "message": "Executing tool wifi-details"}
2023-07-14 22:43:11,161 - root - INFO - {"event": "execute_tool", "message": "Executing tool wifi-details"}
2023-07-14 22:43:44,468 - root - INFO - {"event": "execute_tool", "message": "Executing tool wifi-details"}
2023-07-14 22:44:28,625 - root - INFO - {"event": "execute_tool", "message": "Executing tool wifi-details"}
2023-07-14 22:44:59,126 - root - INFO - {"event": "execute_tool", "message": "Executing tool wifi-details"}
2023-07-14 22:45:02,620 - root - INFO - {"event": "execute_tool", "message": "Executing tool wifi-details"}
2023-07-14 22:45:07,374 - root - INFO - {"event": "execute_tool", "message": "Executing tool ad-status"}
2023-07-14 22:45:07,455 - root - INFO - {"event": "execute_tool", "message": "Executing tool password-data"}
2023-07-14 22:45:10,371 - root - INFO - {"event": "execute_tool", "message": "Executing tool wifi-details"}
2023-07-14 22:51:00,782 - root - INFO - {"event": "execute_tool", "message": "Executing tool wifi-details"}
2023-07-14 22:51:00,926 - root - INFO - {"event": "execute_tool", "message": "Executing tool trusted-network-status"}
2023-07-14 22:51:07,314 - root - INFO - {"event": "execute_tool", "message": "Executing tool wifi-details"}
2023-07-14 22:51:09,879 - root - INFO - {"event": "execute_tool", "message": "Executing tool ad-status"}
2023-07-14 22:51:09,939 - root - INFO - {"event": "execute_tool", "message": "Executing tool password-data"}
2023-07-14 22:51:11,603 - root - INFO - {"event": "execute_tool", "message": "Executing tool disk-usage"}
2023-07-14 22:51:16,876 - root - INFO - {"event": "execute_tool", "message": "Executing tool wifi-details"}
2023-07-14 22:51:20,095 - root - INFO - {"event": "execute_tool", "message": "Executing tool wifi-details"}
