2023-07-17 18:55:12,317 - root - INFO - {"event": "startup", "message": "Loading tool states"}
2023-07-17 18:55:12,318 - root - INFO - {"event": "load_states", "message": "Loading states"}
2023-07-17 18:55:12,321 - root - INFO - {"event": "load_states", "message": "States loaded successfully"}
2023-07-17 18:55:12,321 - root - INFO - {"event": "startup", "message": "Adding wifi-details tool"}
2023-07-17 18:55:12,321 - root - INFO - {"event": "add_tool", "message": "Adding tool wifi-details"}
2023-07-17 18:55:12,322 - root - INFO - {"event": "add_tool", "message": "Tool wifi-details added successfully"}
2023-07-17 18:55:12,330 - root - INFO - {"event": "startup", "message": "Adding network adapters tool"}
2023-07-17 18:55:12,330 - root - INFO - {"event": "add_tool", "message": "Adding tool network-adapters"}
2023-07-17 18:55:12,331 - root - INFO - {"event": "add_tool", "message": "Tool network-adapters added successfully"}
2023-07-17 18:55:12,331 - root - INFO - {"event": "startup", "message": "Adding trusted network status tool"}
2023-07-17 18:55:12,331 - root - INFO - {"event": "add_tool", "message": "Adding tool trusted-network-status"}
2023-07-17 18:55:12,331 - root - INFO - {"event": "add_tool", "message": "Tool trusted-network-status added successfully"}
2023-07-17 18:55:12,331 - root - INFO - {"event": "startup", "message": "Adding ad status tool"}
2023-07-17 18:55:12,331 - root - INFO - {"event": "add_tool", "message": "Adding tool ad-status"}
2023-07-17 18:55:12,331 - root - INFO - {"event": "add_tool", "message": "Tool ad-status added successfully"}
2023-07-17 18:55:12,331 - root - INFO - {"event": "startup", "message": "Adding device data tool"}
2023-07-17 18:55:12,331 - root - INFO - {"event": "add_tool", "message": "Adding tool device-data"}
2023-07-17 18:55:12,332 - root - INFO - {"event": "add_tool", "message": "Tool device-data added successfully"}
2023-07-17 18:55:12,332 - root - INFO - {"event": "startup", "message": "Adding domain data tool"}
2023-07-17 18:55:12,332 - root - INFO - {"event": "add_tool", "message": "Adding tool domain-data"}
2023-07-17 18:55:12,332 - root - INFO - {"event": "add_tool", "message": "Tool domain-data added successfully"}
2023-07-17 18:55:12,332 - root - INFO - {"event": "startup", "message": "Adding password data tool"}
2023-07-17 18:55:12,332 - root - INFO - {"event": "add_tool", "message": "Adding tool password-data"}
2023-07-17 18:55:12,333 - root - INFO - {"event": "add_tool", "message": "Tool password-data added successfully"}
2023-07-17 18:55:12,333 - root - INFO - {"event": "startup", "message": "Adding disk usage tool"}
2023-07-17 18:55:12,333 - root - INFO - {"event": "add_tool", "message": "Adding tool disk-usage"}
2023-07-17 18:55:12,333 - root - INFO - {"event": "add_tool", "message": "Tool disk-usage added successfully"}
2023-07-17 18:55:12,333 - root - INFO - {"event": "startup", "message": "Adding toggle low Wi-Fi notifications tool"}
2023-07-17 18:55:12,333 - root - INFO - {"event": "add_tool", "message": "Adding tool low-wifi-notifs"}
2023-07-17 18:55:12,333 - root - INFO - {"event": "add_tool", "message": "Tool low-wifi-notifs added successfully"}
2023-07-17 18:55:15,707 - root - INFO - {"event": "get_tools", "message": "Returned 1 tools"}
2023-07-17 18:55:16,832 - root - INFO - {"event": "execute_tool", "message": "Executing tool wifi-details"}
2023-07-17 18:55:16,946 - root - INFO - {"event": "execute_tool", "message": "Executing tool trusted-network-status"}
2023-07-17 18:55:16,948 - root - INFO - {"event": "execute_tool", "message": "Executing tool ad-status"}
2023-07-17 18:55:17,022 - root - INFO - {"event": "execute_tool", "message": "Executing tool disk-usage"}
2023-07-17 18:55:17,024 - root - INFO - {"event": "execute_tool", "message": "Executing tool password-data"}
2023-07-17 18:55:22,038 - root - INFO - {"event": "execute_tool", "message": "Executing tool wifi-details"}
2023-07-17 18:55:27,115 - root - INFO - {"event": "execute_tool", "message": "Executing tool wifi-details"}
2023-07-17 18:55:32,541 - root - INFO - {"event": "execute_tool", "message": "Executing tool wifi-details"}
2023-07-17 18:55:37,633 - root - INFO - {"event": "execute_tool", "message": "Executing tool wifi-details"}
2023-07-17 18:55:43,078 - root - INFO - {"event": "execute_tool", "message": "Executing tool wifi-details"}
2023-07-17 18:55:48,158 - root - INFO - {"event": "execute_tool", "message": "Executing tool wifi-details"}
2023-07-17 18:55:53,226 - root - INFO - {"event": "execute_tool", "message": "Executing tool wifi-details"}
2023-07-17 18:55:58,728 - root - INFO - {"event": "execute_tool", "message": "Executing tool wifi-details"}
2023-07-17 18:56:03,830 - root - INFO - {"event": "execute_tool", "message": "Executing tool wifi-details"}
2023-07-17 18:56:09,274 - root - INFO - {"event": "execute_tool", "message": "Executing tool wifi-details"}
2023-07-17 18:56:14,381 - root - INFO - {"event": "execute_tool", "message": "Executing tool wifi-details"}
2023-07-17 18:56:19,476 - root - INFO - {"event": "execute_tool", "message": "Executing tool wifi-details"}
2023-07-17 18:56:24,876 - root - INFO - {"event": "execute_tool", "message": "Executing tool wifi-details"}
2023-07-17 18:56:29,963 - root - INFO - {"event": "execute_tool", "message": "Executing tool wifi-details"}
2023-07-17 18:56:35,347 - root - INFO - {"event": "execute_tool", "message": "Executing tool wifi-details"}
2023-07-17 18:56:40,447 - root - INFO - {"event": "execute_tool", "message": "Executing tool wifi-details"}
2023-07-17 18:56:45,837 - root - INFO - {"event": "execute_tool", "message": "Executing tool wifi-details"}
2023-07-17 18:56:50,965 - root - INFO - {"event": "execute_tool", "message": "Executing tool wifi-details"}
2023-07-17 18:56:56,377 - root - INFO - {"event": "execute_tool", "message": "Executing tool wifi-details"}
2023-07-17 18:57:01,461 - root - INFO - {"event": "execute_tool", "message": "Executing tool wifi-details"}
2023-07-17 18:57:06,555 - root - INFO - {"event": "execute_tool", "message": "Executing tool wifi-details"}
2023-07-17 18:57:11,959 - root - INFO - {"event": "execute_tool", "message": "Executing tool wifi-details"}
2023-07-17 18:57:17,063 - root - INFO - {"event": "execute_tool", "message": "Executing tool wifi-details"}
2023-07-17 18:57:22,469 - root - INFO - {"event": "execute_tool", "message": "Executing tool wifi-details"}
2023-07-17 18:57:27,574 - root - INFO - {"event": "execute_tool", "message": "Executing tool wifi-details"}
2023-07-17 18:57:32,982 - root - INFO - {"event": "execute_tool", "message": "Executing tool wifi-details"}
2023-07-17 18:57:36,069 - root - INFO - {"event": "execute_tool", "message": "Executing tool trusted-network-status"}
2023-07-17 18:57:38,458 - root - INFO - {"event": "execute_tool", "message": "Executing tool wifi-details"}
2023-07-17 18:57:38,590 - root - INFO - {"event": "execute_tool", "message": "Executing tool trusted-network-status"}
2023-07-17 18:57:38,595 - root - INFO - {"event": "execute_tool", "message": "Executing tool ad-status"}
2023-07-17 18:57:38,714 - root - INFO - {"event": "execute_tool", "message": "Executing tool password-data"}
2023-07-17 18:57:38,724 - root - INFO - {"event": "execute_tool", "message": "Executing tool disk-usage"}
2023-07-17 18:57:43,616 - root - INFO - {"event": "execute_tool", "message": "Executing tool wifi-details"}
2023-07-17 18:57:48,704 - root - INFO - {"event": "execute_tool", "message": "Executing tool wifi-details"}
2023-07-17 18:57:53,816 - root - INFO - {"event": "execute_tool", "message": "Executing tool wifi-details"}
2023-07-17 18:57:58,894 - root - INFO - {"event": "execute_tool", "message": "Executing tool wifi-details"}
2023-07-17 18:58:04,277 - root - INFO - {"event": "execute_tool", "message": "Executing tool wifi-details"}
2023-07-17 18:58:09,375 - root - INFO - {"event": "execute_tool", "message": "Executing tool wifi-details"}
2023-07-17 18:58:14,771 - root - INFO - {"event": "execute_tool", "message": "Executing tool wifi-details"}
2023-07-17 18:58:19,873 - root - INFO - {"event": "execute_tool", "message": "Executing tool wifi-details"}
2023-07-17 18:58:25,269 - root - INFO - {"event": "execute_tool", "message": "Executing tool wifi-details"}
2023-07-17 18:58:30,359 - root - INFO - {"event": "execute_tool", "message": "Executing tool wifi-details"}
2023-07-17 18:58:35,761 - root - INFO - {"event": "execute_tool", "message": "Executing tool wifi-details"}
2023-07-17 18:58:40,869 - root - INFO - {"event": "execute_tool", "message": "Executing tool wifi-details"}
2023-07-17 18:58:45,975 - root - INFO - {"event": "execute_tool", "message": "Executing tool wifi-details"}
2023-07-17 18:58:51,051 - root - INFO - {"event": "execute_tool", "message": "Executing tool wifi-details"}
2023-07-17 18:58:56,491 - root - INFO - {"event": "execute_tool", "message": "Executing tool wifi-details"}
2023-07-17 18:59:01,626 - root - INFO - {"event": "execute_tool", "message": "Executing tool wifi-details"}
2023-07-17 18:59:07,028 - root - INFO - {"event": "execute_tool", "message": "Executing tool wifi-details"}
2023-07-17 18:59:09,815 - root - INFO - {"event": "execute_tool", "message": "Executing tool trusted-network-status"}
2023-07-17 18:59:13,593 - root - INFO - {"event": "execute_tool", "message": "Executing tool wifi-details"}
2023-07-17 18:59:13,788 - root - INFO - {"event": "execute_tool", "message": "Executing tool trusted-network-status"}
2023-07-17 18:59:13,793 - root - INFO - {"event": "execute_tool", "message": "Executing tool ad-status"}
2023-07-17 18:59:13,881 - root - INFO - {"event": "execute_tool", "message": "Executing tool password-data"}
2023-07-17 18:59:13,885 - root - INFO - {"event": "execute_tool", "message": "Executing tool disk-usage"}
2023-07-17 18:59:18,819 - root - INFO - {"event": "execute_tool", "message": "Executing tool wifi-details"}
2023-07-17 18:59:21,610 - root - INFO - {"event": "execute_tool", "message": "Executing tool trusted-network-status"}
2023-07-17 18:59:23,926 - root - INFO - {"event": "execute_tool", "message": "Executing tool wifi-details"}
2023-07-17 18:59:29,073 - root - INFO - {"event": "execute_tool", "message": "Executing tool wifi-details"}
2023-07-17 18:59:35,371 - root - INFO - {"event": "execute_tool", "message": "Executing tool wifi-details"}
2023-07-17 18:59:41,066 - root - INFO - {"event": "execute_tool", "message": "Executing tool wifi-details"}
2023-07-17 18:59:45,501 - root - INFO - {"event": "execute_tool", "message": "Executing tool trusted-network-status"}
2023-07-17 18:59:46,206 - root - INFO - {"event": "execute_tool", "message": "Executing tool wifi-details"}
2023-07-17 18:59:47,922 - root - INFO - {"event": "execute_tool", "message": "Executing tool wifi-details"}
2023-07-17 18:59:48,030 - root - INFO - {"event": "execute_tool", "message": "Executing tool trusted-network-status"}
2023-07-17 18:59:48,034 - root - INFO - {"event": "execute_tool", "message": "Executing tool ad-status"}
2023-07-17 18:59:48,105 - root - INFO - {"event": "execute_tool", "message": "Executing tool password-data"}
2023-07-17 18:59:48,108 - root - INFO - {"event": "execute_tool", "message": "Executing tool disk-usage"}
2023-07-17 18:59:53,072 - root - INFO - {"event": "execute_tool", "message": "Executing tool wifi-details"}
2023-07-17 18:59:59,060 - root - INFO - {"event": "execute_tool", "message": "Executing tool wifi-details"}
2023-07-17 19:00:05,081 - root - INFO - {"event": "execute_tool", "message": "Executing tool wifi-details"}
2023-07-17 19:00:11,342 - root - INFO - {"event": "execute_tool", "message": "Executing tool wifi-details"}
2023-07-17 19:00:12,940 - root - INFO - {"event": "execute_tool", "message": "Executing tool wifi-details"}
2023-07-17 19:00:13,436 - root - INFO - {"event": "execute_tool", "message": "Executing tool password-data"}
2023-07-17 19:00:13,441 - root - INFO - {"event": "execute_tool", "message": "Executing tool trusted-network-status"}
2023-07-17 19:00:13,442 - root - INFO - {"event": "execute_tool", "message": "Executing tool ad-status"}
2023-07-17 19:00:13,908 - root - INFO - {"event": "execute_tool", "message": "Executing tool disk-usage"}
2023-07-17 19:00:18,054 - root - INFO - {"event": "execute_tool", "message": "Executing tool wifi-details"}
2023-07-17 19:00:24,373 - root - INFO - {"event": "execute_tool", "message": "Executing tool wifi-details"}
2023-07-17 19:00:30,071 - root - INFO - {"event": "execute_tool", "message": "Executing tool wifi-details"}
2023-07-17 19:00:36,385 - root - INFO - {"event": "execute_tool", "message": "Executing tool wifi-details"}
2023-07-17 19:00:42,070 - root - INFO - {"event": "execute_tool", "message": "Executing tool wifi-details"}
2023-07-17 19:00:48,376 - root - INFO - {"event": "execute_tool", "message": "Executing tool wifi-details"}
2023-07-17 19:00:54,066 - root - INFO - {"event": "execute_tool", "message": "Executing tool wifi-details"}
2023-07-17 19:01:00,379 - root - INFO - {"event": "execute_tool", "message": "Executing tool wifi-details"}
2023-07-17 19:01:06,070 - root - INFO - {"event": "execute_tool", "message": "Executing tool wifi-details"}
2023-07-17 19:01:12,374 - root - INFO - {"event": "execute_tool", "message": "Executing tool wifi-details"}
2023-07-17 19:01:18,069 - root - INFO - {"event": "execute_tool", "message": "Executing tool wifi-details"}
2023-07-17 19:01:24,374 - root - INFO - {"event": "execute_tool", "message": "Executing tool wifi-details"}
2023-07-17 19:01:30,054 - root - INFO - {"event": "execute_tool", "message": "Executing tool wifi-details"}
2023-07-17 19:01:36,382 - root - INFO - {"event": "execute_tool", "message": "Executing tool wifi-details"}
2023-07-17 19:01:42,064 - root - INFO - {"event": "execute_tool", "message": "Executing tool wifi-details"}
2023-07-17 19:01:48,377 - root - INFO - {"event": "execute_tool", "message": "Executing tool wifi-details"}
2023-07-17 19:01:54,059 - root - INFO - {"event": "execute_tool", "message": "Executing tool wifi-details"}
2023-07-17 19:02:00,367 - root - INFO - {"event": "execute_tool", "message": "Executing tool wifi-details"}
2023-07-17 19:02:06,056 - root - INFO - {"event": "execute_tool", "message": "Executing tool wifi-details"}
2023-07-17 19:02:12,368 - root - INFO - {"event": "execute_tool", "message": "Executing tool wifi-details"}
2023-07-17 19:02:18,060 - root - INFO - {"event": "execute_tool", "message": "Executing tool wifi-details"}
2023-07-17 19:02:24,379 - root - INFO - {"event": "execute_tool", "message": "Executing tool wifi-details"}
2023-07-17 19:02:30,067 - root - INFO - {"event": "execute_tool", "message": "Executing tool wifi-details"}
2023-07-17 19:02:36,378 - root - INFO - {"event": "execute_tool", "message": "Executing tool wifi-details"}
2023-07-17 19:02:42,065 - root - INFO - {"event": "execute_tool", "message": "Executing tool wifi-details"}
2023-07-17 19:02:48,372 - root - INFO - {"event": "execute_tool", "message": "Executing tool wifi-details"}
2023-07-17 19:02:54,068 - root - INFO - {"event": "execute_tool", "message": "Executing tool wifi-details"}
2023-07-17 19:03:00,376 - root - INFO - {"event": "execute_tool", "message": "Executing tool wifi-details"}
2023-07-17 19:03:06,057 - root - INFO - {"event": "execute_tool", "message": "Executing tool wifi-details"}
2023-07-17 19:03:12,383 - root - INFO - {"event": "execute_tool", "message": "Executing tool wifi-details"}
2023-07-17 19:03:18,070 - root - INFO - {"event": "execute_tool", "message": "Executing tool wifi-details"}
2023-07-17 19:03:24,381 - root - INFO - {"event": "execute_tool", "message": "Executing tool wifi-details"}
2023-07-17 19:03:30,063 - root - INFO - {"event": "execute_tool", "message": "Executing tool wifi-details"}
2023-07-17 19:03:36,381 - root - INFO - {"event": "execute_tool", "message": "Executing tool wifi-details"}
2023-07-17 19:03:42,067 - root - INFO - {"event": "execute_tool", "message": "Executing tool wifi-details"}
2023-07-17 19:03:48,377 - root - INFO - {"event": "execute_tool", "message": "Executing tool wifi-details"}
2023-07-17 19:03:54,066 - root - INFO - {"event": "execute_tool", "message": "Executing tool wifi-details"}
2023-07-17 19:04:00,383 - root - INFO - {"event": "execute_tool", "message": "Executing tool wifi-details"}
2023-07-17 19:04:02,100 - root - INFO - {"event": "execute_tool", "message": "Executing tool trusted-network-status"}
2023-07-17 19:04:06,068 - root - INFO - {"event": "execute_tool", "message": "Executing tool wifi-details"}
2023-07-17 19:04:12,072 - root - INFO - {"event": "execute_tool", "message": "Executing tool wifi-details"}
2023-07-17 19:04:18,386 - root - INFO - {"event": "execute_tool", "message": "Executing tool wifi-details"}
2023-07-17 19:04:24,067 - root - INFO - {"event": "execute_tool", "message": "Executing tool wifi-details"}
2023-07-17 19:04:30,381 - root - INFO - {"event": "execute_tool", "message": "Executing tool wifi-details"}
2023-07-17 19:04:36,059 - root - INFO - {"event": "execute_tool", "message": "Executing tool wifi-details"}
2023-07-17 19:04:42,376 - root - INFO - {"event": "execute_tool", "message": "Executing tool wifi-details"}
2023-07-17 19:04:48,056 - root - INFO - {"event": "execute_tool", "message": "Executing tool wifi-details"}
2023-07-17 19:04:54,377 - root - INFO - {"event": "execute_tool", "message": "Executing tool wifi-details"}
2023-07-17 19:05:00,068 - root - INFO - {"event": "execute_tool", "message": "Executing tool wifi-details"}
2023-07-17 19:05:06,371 - root - INFO - {"event": "execute_tool", "message": "Executing tool wifi-details"}
2023-07-17 19:05:12,068 - root - INFO - {"event": "execute_tool", "message": "Executing tool wifi-details"}
2023-07-17 19:05:18,384 - root - INFO - {"event": "execute_tool", "message": "Executing tool wifi-details"}
2023-07-17 19:05:24,064 - root - INFO - {"event": "execute_tool", "message": "Executing tool wifi-details"}
2023-07-17 19:05:30,385 - root - INFO - {"event": "execute_tool", "message": "Executing tool wifi-details"}
2023-07-17 19:05:36,064 - root - INFO - {"event": "execute_tool", "message": "Executing tool wifi-details"}
2023-07-17 19:05:42,371 - root - INFO - {"event": "execute_tool", "message": "Executing tool wifi-details"}
2023-07-17 19:05:48,070 - root - INFO - {"event": "execute_tool", "message": "Executing tool wifi-details"}
2023-07-17 19:05:54,374 - root - INFO - {"event": "execute_tool", "message": "Executing tool wifi-details"}
2023-07-17 19:06:00,065 - root - INFO - {"event": "execute_tool", "message": "Executing tool wifi-details"}
2023-07-17 19:06:06,371 - root - INFO - {"event": "execute_tool", "message": "Executing tool wifi-details"}
2023-07-17 19:06:12,059 - root - INFO - {"event": "execute_tool", "message": "Executing tool wifi-details"}
2023-07-17 19:06:18,380 - root - INFO - {"event": "execute_tool", "message": "Executing tool wifi-details"}
2023-07-17 19:06:24,054 - root - INFO - {"event": "execute_tool", "message": "Executing tool wifi-details"}
2023-07-17 19:06:30,384 - root - INFO - {"event": "execute_tool", "message": "Executing tool wifi-details"}
2023-07-17 19:06:36,063 - root - INFO - {"event": "execute_tool", "message": "Executing tool wifi-details"}
2023-07-17 19:06:42,416 - root - INFO - {"event": "execute_tool", "message": "Executing tool wifi-details"}
2023-07-17 19:06:48,071 - root - INFO - {"event": "execute_tool", "message": "Executing tool wifi-details"}
2023-07-17 19:06:54,378 - root - INFO - {"event": "execute_tool", "message": "Executing tool wifi-details"}
2023-07-17 19:07:00,059 - root - INFO - {"event": "execute_tool", "message": "Executing tool wifi-details"}
2023-07-17 19:07:06,370 - root - INFO - {"event": "execute_tool", "message": "Executing tool wifi-details"}
2023-07-17 19:07:12,058 - root - INFO - {"event": "execute_tool", "message": "Executing tool wifi-details"}
2023-07-17 19:07:18,431 - root - INFO - {"event": "execute_tool", "message": "Executing tool wifi-details"}
2023-07-17 19:07:24,069 - root - INFO - {"event": "execute_tool", "message": "Executing tool wifi-details"}
2023-07-17 19:07:30,378 - root - INFO - {"event": "execute_tool", "message": "Executing tool wifi-details"}
2023-07-17 19:07:36,059 - root - INFO - {"event": "execute_tool", "message": "Executing tool wifi-details"}
2023-07-17 19:07:42,372 - root - INFO - {"event": "execute_tool", "message": "Executing tool wifi-details"}
2023-07-17 19:07:48,062 - root - INFO - {"event": "execute_tool", "message": "Executing tool wifi-details"}
2023-07-17 19:07:54,376 - root - INFO - {"event": "execute_tool", "message": "Executing tool wifi-details"}
2023-07-17 19:08:00,064 - root - INFO - {"event": "execute_tool", "message": "Executing tool wifi-details"}
2023-07-17 19:08:06,377 - root - INFO - {"event": "execute_tool", "message": "Executing tool wifi-details"}
2023-07-17 19:08:12,059 - root - INFO - {"event": "execute_tool", "message": "Executing tool wifi-details"}
2023-07-17 19:08:18,374 - root - INFO - {"event": "execute_tool", "message": "Executing tool wifi-details"}
2023-07-17 19:08:24,060 - root - INFO - {"event": "execute_tool", "message": "Executing tool wifi-details"}
2023-07-17 19:08:30,381 - root - INFO - {"event": "execute_tool", "message": "Executing tool wifi-details"}
2023-07-17 19:08:36,055 - root - INFO - {"event": "execute_tool", "message": "Executing tool wifi-details"}
2023-07-17 19:08:42,383 - root - INFO - {"event": "execute_tool", "message": "Executing tool wifi-details"}
2023-07-17 19:08:48,064 - root - INFO - {"event": "execute_tool", "message": "Executing tool wifi-details"}
2023-07-17 19:08:54,381 - root - INFO - {"event": "execute_tool", "message": "Executing tool wifi-details"}
2023-07-17 19:09:00,055 - root - INFO - {"event": "execute_tool", "message": "Executing tool wifi-details"}
2023-07-17 19:09:03,070 - root - INFO - {"event": "execute_tool", "message": "Executing tool trusted-network-status"}
2023-07-17 19:09:06,062 - root - INFO - {"event": "execute_tool", "message": "Executing tool wifi-details"}
2023-07-17 19:09:12,375 - root - INFO - {"event": "execute_tool", "message": "Executing tool wifi-details"}
2023-07-17 19:09:18,059 - root - INFO - {"event": "execute_tool", "message": "Executing tool wifi-details"}
2023-07-17 19:09:24,374 - root - INFO - {"event": "execute_tool", "message": "Executing tool wifi-details"}
2023-07-17 19:09:30,058 - root - INFO - {"event": "execute_tool", "message": "Executing tool wifi-details"}
2023-07-17 19:09:36,368 - root - INFO - {"event": "execute_tool", "message": "Executing tool wifi-details"}
2023-07-17 19:09:42,067 - root - INFO - {"event": "execute_tool", "message": "Executing tool wifi-details"}
2023-07-17 19:09:48,377 - root - INFO - {"event": "execute_tool", "message": "Executing tool wifi-details"}
2023-07-17 19:09:49,057 - root - INFO - {"event": "execute_tool", "message": "Executing tool ad-status"}
2023-07-17 19:09:54,061 - root - INFO - {"event": "execute_tool", "message": "Executing tool wifi-details"}
2023-07-17 19:10:00,067 - root - INFO - {"event": "execute_tool", "message": "Executing tool wifi-details"}
2023-07-17 19:10:06,384 - root - INFO - {"event": "execute_tool", "message": "Executing tool wifi-details"}
2023-07-17 19:10:12,057 - root - INFO - {"event": "execute_tool", "message": "Executing tool wifi-details"}
2023-07-17 19:10:18,380 - root - INFO - {"event": "execute_tool", "message": "Executing tool wifi-details"}
2023-07-17 19:10:24,065 - root - INFO - {"event": "execute_tool", "message": "Executing tool wifi-details"}
2023-07-17 19:10:30,373 - root - INFO - {"event": "execute_tool", "message": "Executing tool wifi-details"}
2023-07-17 19:10:36,054 - root - INFO - {"event": "execute_tool", "message": "Executing tool wifi-details"}
2023-07-17 19:10:42,374 - root - INFO - {"event": "execute_tool", "message": "Executing tool wifi-details"}
2023-07-17 19:10:48,067 - root - INFO - {"event": "execute_tool", "message": "Executing tool wifi-details"}
2023-07-17 19:10:54,385 - root - INFO - {"event": "execute_tool", "message": "Executing tool wifi-details"}
2023-07-17 19:11:00,066 - root - INFO - {"event": "execute_tool", "message": "Executing tool wifi-details"}
2023-07-17 19:11:06,376 - root - INFO - {"event": "execute_tool", "message": "Executing tool wifi-details"}
2023-07-17 19:11:12,064 - root - INFO - {"event": "execute_tool", "message": "Executing tool wifi-details"}
2023-07-17 19:11:18,378 - root - INFO - {"event": "execute_tool", "message": "Executing tool wifi-details"}
2023-07-17 19:11:24,062 - root - INFO - {"event": "execute_tool", "message": "Executing tool wifi-details"}
2023-07-17 19:11:30,376 - root - INFO - {"event": "execute_tool", "message": "Executing tool wifi-details"}
2023-07-17 19:11:36,067 - root - INFO - {"event": "execute_tool", "message": "Executing tool wifi-details"}
2023-07-17 19:11:42,379 - root - INFO - {"event": "execute_tool", "message": "Executing tool wifi-details"}
2023-07-17 19:11:48,063 - root - INFO - {"event": "execute_tool", "message": "Executing tool wifi-details"}
2023-07-17 19:11:54,370 - root - INFO - {"event": "execute_tool", "message": "Executing tool wifi-details"}
2023-07-17 19:12:00,065 - root - INFO - {"event": "execute_tool", "message": "Executing tool wifi-details"}
2023-07-17 19:12:06,381 - root - INFO - {"event": "execute_tool", "message": "Executing tool wifi-details"}
2023-07-17 19:12:12,067 - root - INFO - {"event": "execute_tool", "message": "Executing tool wifi-details"}
2023-07-17 19:12:18,374 - root - INFO - {"event": "execute_tool", "message": "Executing tool wifi-details"}
2023-07-17 19:12:24,062 - root - INFO - {"event": "execute_tool", "message": "Executing tool wifi-details"}
2023-07-17 19:12:30,409 - root - INFO - {"event": "execute_tool", "message": "Executing tool wifi-details"}
2023-07-17 19:12:34,590 - root - INFO - {"event": "execute_tool", "message": "Executing tool trusted-network-status"}
2023-07-17 19:12:35,600 - root - INFO - {"event": "execute_tool", "message": "Executing tool wifi-details"}
2023-07-17 19:12:37,986 - root - INFO - {"event": "execute_tool", "message": "Executing tool wifi-details"}
2023-07-17 19:12:38,086 - root - INFO - {"event": "execute_tool", "message": "Executing tool trusted-network-status"}
2023-07-17 19:12:38,089 - root - INFO - {"event": "execute_tool", "message": "Executing tool ad-status"}
2023-07-17 19:12:38,170 - root - INFO - {"event": "execute_tool", "message": "Executing tool password-data"}
2023-07-17 19:12:38,172 - root - INFO - {"event": "execute_tool", "message": "Executing tool disk-usage"}
2023-07-17 19:12:43,107 - root - INFO - {"event": "execute_tool", "message": "Executing tool wifi-details"}
2023-07-17 19:12:48,205 - root - INFO - {"event": "execute_tool", "message": "Executing tool wifi-details"}
2023-07-17 19:12:53,335 - root - INFO - {"event": "execute_tool", "message": "Executing tool wifi-details"}
2023-07-17 19:12:58,474 - root - INFO - {"event": "execute_tool", "message": "Executing tool wifi-details"}
2023-07-17 19:13:03,566 - root - INFO - {"event": "execute_tool", "message": "Executing tool wifi-details"}
2023-07-17 19:13:08,995 - root - INFO - {"event": "execute_tool", "message": "Executing tool wifi-details"}
2023-07-17 19:13:14,143 - root - INFO - {"event": "execute_tool", "message": "Executing tool wifi-details"}
2023-07-17 19:13:19,556 - root - INFO - {"event": "execute_tool", "message": "Executing tool wifi-details"}
2023-07-17 19:13:24,679 - root - INFO - {"event": "execute_tool", "message": "Executing tool wifi-details"}
2023-07-17 19:13:30,083 - root - INFO - {"event": "execute_tool", "message": "Executing tool wifi-details"}
2023-07-17 19:13:35,188 - root - INFO - {"event": "execute_tool", "message": "Executing tool wifi-details"}
2023-07-17 19:13:40,611 - root - INFO - {"event": "execute_tool", "message": "Executing tool wifi-details"}
2023-07-17 19:13:45,714 - root - INFO - {"event": "execute_tool", "message": "Executing tool wifi-details"}
2023-07-17 19:13:51,175 - root - INFO - {"event": "execute_tool", "message": "Executing tool wifi-details"}
2023-07-17 19:13:56,298 - root - INFO - {"event": "execute_tool", "message": "Executing tool wifi-details"}
2023-07-17 19:14:01,711 - root - INFO - {"event": "execute_tool", "message": "Executing tool wifi-details"}
2023-07-17 19:14:06,806 - root - INFO - {"event": "execute_tool", "message": "Executing tool wifi-details"}
2023-07-17 19:14:12,190 - root - INFO - {"event": "execute_tool", "message": "Executing tool wifi-details"}
2023-07-17 19:14:17,273 - root - INFO - {"event": "execute_tool", "message": "Executing tool wifi-details"}
2023-07-17 19:14:22,665 - root - INFO - {"event": "execute_tool", "message": "Executing tool wifi-details"}
2023-07-17 19:14:27,806 - root - INFO - {"event": "execute_tool", "message": "Executing tool wifi-details"}
2023-07-17 19:14:33,240 - root - INFO - {"event": "execute_tool", "message": "Executing tool wifi-details"}
2023-07-17 19:14:38,332 - root - INFO - {"event": "execute_tool", "message": "Executing tool wifi-details"}
2023-07-17 19:14:43,756 - root - INFO - {"event": "execute_tool", "message": "Executing tool wifi-details"}
2023-07-17 19:14:48,879 - root - INFO - {"event": "execute_tool", "message": "Executing tool wifi-details"}
2023-07-17 19:14:54,305 - root - INFO - {"event": "execute_tool", "message": "Executing tool wifi-details"}
2023-07-17 19:14:59,390 - root - INFO - {"event": "execute_tool", "message": "Executing tool wifi-details"}
2023-07-17 19:15:04,782 - root - INFO - {"event": "execute_tool", "message": "Executing tool wifi-details"}
2023-07-17 19:15:09,876 - root - INFO - {"event": "execute_tool", "message": "Executing tool wifi-details"}
2023-07-17 19:15:15,312 - root - INFO - {"event": "execute_tool", "message": "Executing tool wifi-details"}
2023-07-17 19:15:20,412 - root - INFO - {"event": "execute_tool", "message": "Executing tool wifi-details"}
2023-07-17 19:15:25,507 - root - INFO - {"event": "execute_tool", "message": "Executing tool wifi-details"}
2023-07-17 19:15:30,900 - root - INFO - {"event": "execute_tool", "message": "Executing tool wifi-details"}
2023-07-17 19:15:35,965 - root - INFO - {"event": "execute_tool", "message": "Executing tool wifi-details"}
2023-07-17 19:15:39,241 - root - INFO - {"event": "execute_tool", "message": "Executing tool trusted-network-status"}
2023-07-17 19:15:56,375 - root - INFO - {"event": "execute_tool", "message": "Executing tool wifi-details"}
2023-07-17 19:15:56,489 - root - INFO - {"event": "execute_tool", "message": "Executing tool ad-status"}
2023-07-17 19:15:56,577 - root - INFO - {"event": "execute_tool", "message": "Executing tool password-data"}
2023-07-17 19:15:56,579 - root - INFO - {"event": "execute_tool", "message": "Executing tool trusted-network-status"}
2023-07-17 19:15:56,580 - root - INFO - {"event": "execute_tool", "message": "Executing tool disk-usage"}
2023-07-17 19:16:01,601 - root - INFO - {"event": "execute_tool", "message": "Executing tool wifi-details"}
2023-07-17 19:16:07,042 - root - INFO - {"event": "execute_tool", "message": "Executing tool wifi-details"}
2023-07-17 19:16:12,112 - root - INFO - {"event": "execute_tool", "message": "Executing tool wifi-details"}
2023-07-17 19:16:15,902 - root - INFO - {"event": "execute_tool", "message": "Executing tool trusted-network-status"}
2023-07-17 19:16:17,190 - root - INFO - {"event": "execute_tool", "message": "Executing tool wifi-details"}
2023-07-17 19:16:18,275 - root - INFO - {"event": "execute_tool", "message": "Executing tool wifi-details"}
2023-07-17 19:16:18,363 - root - INFO - {"event": "execute_tool", "message": "Executing tool trusted-network-status"}
2023-07-17 19:16:18,364 - root - INFO - {"event": "execute_tool", "message": "Executing tool disk-usage"}
2023-07-17 19:16:18,366 - root - INFO - {"event": "execute_tool", "message": "Executing tool ad-status"}
2023-07-17 19:16:18,452 - root - INFO - {"event": "execute_tool", "message": "Executing tool password-data"}
2023-07-17 19:16:23,482 - root - INFO - {"event": "execute_tool", "message": "Executing tool wifi-details"}
2023-07-17 19:16:28,906 - root - INFO - {"event": "execute_tool", "message": "Executing tool wifi-details"}
2023-07-17 19:16:33,990 - root - INFO - {"event": "execute_tool", "message": "Executing tool wifi-details"}
2023-07-17 19:16:39,407 - root - INFO - {"event": "execute_tool", "message": "Executing tool wifi-details"}
2023-07-17 19:16:44,530 - root - INFO - {"event": "execute_tool", "message": "Executing tool wifi-details"}
2023-07-17 19:16:49,995 - root - INFO - {"event": "execute_tool", "message": "Executing tool wifi-details"}
2023-07-17 19:16:55,089 - root - INFO - {"event": "execute_tool", "message": "Executing tool wifi-details"}
2023-07-17 19:17:00,486 - root - INFO - {"event": "execute_tool", "message": "Executing tool wifi-details"}
2023-07-17 19:17:05,593 - root - INFO - {"event": "execute_tool", "message": "Executing tool wifi-details"}
2023-07-17 19:17:11,032 - root - INFO - {"event": "execute_tool", "message": "Executing tool wifi-details"}
2023-07-17 19:17:16,146 - root - INFO - {"event": "execute_tool", "message": "Executing tool wifi-details"}
2023-07-17 19:17:21,661 - root - INFO - {"event": "execute_tool", "message": "Executing tool wifi-details"}
2023-07-17 19:17:23,939 - root - INFO - {"event": "execute_tool", "message": "Executing tool trusted-network-status"}
2023-07-17 19:17:27,454 - root - INFO - {"event": "execute_tool", "message": "Executing tool wifi-details"}
2023-07-17 19:17:27,639 - root - INFO - {"event": "execute_tool", "message": "Executing tool trusted-network-status"}
2023-07-17 19:17:27,654 - root - INFO - {"event": "execute_tool", "message": "Executing tool ad-status"}
2023-07-17 19:17:27,796 - root - INFO - {"event": "execute_tool", "message": "Executing tool password-data"}
2023-07-17 19:17:27,799 - root - INFO - {"event": "execute_tool", "message": "Executing tool disk-usage"}
2023-07-17 19:17:32,670 - root - INFO - {"event": "execute_tool", "message": "Executing tool wifi-details"}
2023-07-17 19:17:37,955 - root - INFO - {"event": "execute_tool", "message": "Executing tool wifi-details"}
2023-07-17 19:17:43,059 - root - INFO - {"event": "execute_tool", "message": "Executing tool wifi-details"}
2023-07-17 19:17:48,502 - root - INFO - {"event": "execute_tool", "message": "Executing tool wifi-details"}
2023-07-17 19:17:53,622 - root - INFO - {"event": "execute_tool", "message": "Executing tool wifi-details"}
2023-07-17 19:17:59,108 - root - INFO - {"event": "execute_tool", "message": "Executing tool wifi-details"}
2023-07-17 19:18:04,220 - root - INFO - {"event": "execute_tool", "message": "Executing tool wifi-details"}
2023-07-17 19:18:09,646 - root - INFO - {"event": "execute_tool", "message": "Executing tool wifi-details"}
2023-07-17 19:18:14,745 - root - INFO - {"event": "execute_tool", "message": "Executing tool wifi-details"}
2023-07-17 19:18:20,143 - root - INFO - {"event": "execute_tool", "message": "Executing tool wifi-details"}
2023-07-17 19:18:25,255 - root - INFO - {"event": "execute_tool", "message": "Executing tool wifi-details"}
2023-07-17 19:18:30,335 - root - INFO - {"event": "execute_tool", "message": "Executing tool wifi-details"}
2023-07-17 19:18:35,748 - root - INFO - {"event": "execute_tool", "message": "Executing tool wifi-details"}
2023-07-17 19:18:40,885 - root - INFO - {"event": "execute_tool", "message": "Executing tool wifi-details"}
2023-07-17 19:18:46,299 - root - INFO - {"event": "execute_tool", "message": "Executing tool wifi-details"}
2023-07-17 19:18:51,429 - root - INFO - {"event": "execute_tool", "message": "Executing tool wifi-details"}
2023-07-17 19:18:56,845 - root - INFO - {"event": "execute_tool", "message": "Executing tool wifi-details"}
2023-07-17 19:19:02,070 - root - INFO - {"event": "execute_tool", "message": "Executing tool wifi-details"}
2023-07-17 19:19:07,167 - root - INFO - {"event": "execute_tool", "message": "Executing tool wifi-details"}
2023-07-17 19:19:12,585 - root - INFO - {"event": "execute_tool", "message": "Executing tool wifi-details"}
2023-07-17 19:19:17,671 - root - INFO - {"event": "execute_tool", "message": "Executing tool wifi-details"}
2023-07-17 19:19:22,736 - root - INFO - {"event": "execute_tool", "message": "Executing tool wifi-details"}
2023-07-17 19:19:28,129 - root - INFO - {"event": "execute_tool", "message": "Executing tool wifi-details"}
2023-07-17 19:19:33,213 - root - INFO - {"event": "execute_tool", "message": "Executing tool wifi-details"}
2023-07-17 19:19:38,619 - root - INFO - {"event": "execute_tool", "message": "Executing tool wifi-details"}
2023-07-17 19:19:43,724 - root - INFO - {"event": "execute_tool", "message": "Executing tool wifi-details"}
2023-07-17 19:19:49,129 - root - INFO - {"event": "execute_tool", "message": "Executing tool wifi-details"}
2023-07-17 19:19:54,216 - root - INFO - {"event": "execute_tool", "message": "Executing tool wifi-details"}
2023-07-17 19:19:59,605 - root - INFO - {"event": "execute_tool", "message": "Executing tool wifi-details"}
2023-07-17 19:20:04,682 - root - INFO - {"event": "execute_tool", "message": "Executing tool wifi-details"}
2023-07-17 19:20:10,091 - root - INFO - {"event": "execute_tool", "message": "Executing tool wifi-details"}
2023-07-17 19:20:15,165 - root - INFO - {"event": "execute_tool", "message": "Executing tool wifi-details"}
2023-07-17 19:20:20,590 - root - INFO - {"event": "execute_tool", "message": "Executing tool wifi-details"}
2023-07-17 19:20:25,661 - root - INFO - {"event": "execute_tool", "message": "Executing tool wifi-details"}
2023-07-17 19:20:31,055 - root - INFO - {"event": "execute_tool", "message": "Executing tool wifi-details"}
2023-07-17 19:20:36,144 - root - INFO - {"event": "execute_tool", "message": "Executing tool wifi-details"}
2023-07-17 19:20:41,586 - root - INFO - {"event": "execute_tool", "message": "Executing tool wifi-details"}
2023-07-17 19:20:46,773 - root - INFO - {"event": "execute_tool", "message": "Executing tool wifi-details"}
2023-07-17 19:20:52,201 - root - INFO - {"event": "execute_tool", "message": "Executing tool wifi-details"}
2023-07-17 19:20:57,335 - root - INFO - {"event": "execute_tool", "message": "Executing tool wifi-details"}
2023-07-17 19:21:02,737 - root - INFO - {"event": "execute_tool", "message": "Executing tool wifi-details"}
2023-07-17 19:21:07,848 - root - INFO - {"event": "execute_tool", "message": "Executing tool wifi-details"}
2023-07-17 19:21:12,960 - root - INFO - {"event": "execute_tool", "message": "Executing tool wifi-details"}
2023-07-17 19:21:18,404 - root - INFO - {"event": "execute_tool", "message": "Executing tool wifi-details"}
2023-07-17 19:21:23,490 - root - INFO - {"event": "execute_tool", "message": "Executing tool wifi-details"}
2023-07-17 19:21:28,727 - root - INFO - {"event": "execute_tool", "message": "Executing tool wifi-details"}
2023-07-17 19:21:34,235 - root - INFO - {"event": "execute_tool", "message": "Executing tool wifi-details"}
2023-07-17 19:21:39,330 - root - INFO - {"event": "execute_tool", "message": "Executing tool wifi-details"}
2023-07-17 19:21:44,423 - root - INFO - {"event": "execute_tool", "message": "Executing tool wifi-details"}
2023-07-17 19:21:49,824 - root - INFO - {"event": "execute_tool", "message": "Executing tool wifi-details"}
2023-07-17 19:21:54,910 - root - INFO - {"event": "execute_tool", "message": "Executing tool wifi-details"}
2023-07-17 19:22:00,354 - root - INFO - {"event": "execute_tool", "message": "Executing tool wifi-details"}
2023-07-17 19:22:05,456 - root - INFO - {"event": "execute_tool", "message": "Executing tool wifi-details"}
2023-07-17 19:22:10,869 - root - INFO - {"event": "execute_tool", "message": "Executing tool wifi-details"}
2023-07-17 19:22:15,964 - root - INFO - {"event": "execute_tool", "message": "Executing tool wifi-details"}
2023-07-17 19:22:21,397 - root - INFO - {"event": "execute_tool", "message": "Executing tool wifi-details"}
2023-07-17 19:22:26,521 - root - INFO - {"event": "execute_tool", "message": "Executing tool wifi-details"}
2023-07-17 19:22:27,669 - root - INFO - {"event": "execute_tool", "message": "Executing tool trusted-network-status"}
2023-07-17 19:22:31,626 - root - INFO - {"event": "execute_tool", "message": "Executing tool wifi-details"}
2023-07-17 19:22:37,171 - root - INFO - {"event": "execute_tool", "message": "Executing tool wifi-details"}
2023-07-17 19:22:42,365 - root - INFO - {"event": "execute_tool", "message": "Executing tool wifi-details"}
2023-07-17 19:22:47,769 - root - INFO - {"event": "execute_tool", "message": "Executing tool wifi-details"}
2023-07-17 19:22:52,906 - root - INFO - {"event": "execute_tool", "message": "Executing tool wifi-details"}
2023-07-17 19:22:58,394 - root - INFO - {"event": "execute_tool", "message": "Executing tool wifi-details"}
2023-07-17 19:23:03,538 - root - INFO - {"event": "execute_tool", "message": "Executing tool wifi-details"}
2023-07-17 19:23:09,106 - root - INFO - {"event": "execute_tool", "message": "Executing tool wifi-details"}
2023-07-17 19:23:14,231 - root - INFO - {"event": "execute_tool", "message": "Executing tool wifi-details"}
2023-07-17 19:23:19,627 - root - INFO - {"event": "execute_tool", "message": "Executing tool wifi-details"}
2023-07-17 19:23:24,765 - root - INFO - {"event": "execute_tool", "message": "Executing tool wifi-details"}
2023-07-17 19:23:30,181 - root - INFO - {"event": "execute_tool", "message": "Executing tool wifi-details"}
2023-07-17 19:23:35,271 - root - INFO - {"event": "execute_tool", "message": "Executing tool wifi-details"}
2023-07-17 19:23:40,684 - root - INFO - {"event": "execute_tool", "message": "Executing tool wifi-details"}
2023-07-17 19:23:45,762 - root - INFO - {"event": "execute_tool", "message": "Executing tool wifi-details"}
2023-07-17 19:23:50,855 - root - INFO - {"event": "execute_tool", "message": "Executing tool wifi-details"}
2023-07-17 19:23:56,279 - root - INFO - {"event": "execute_tool", "message": "Executing tool wifi-details"}
2023-07-17 19:24:01,497 - root - INFO - {"event": "execute_tool", "message": "Executing tool wifi-details"}
2023-07-17 19:24:06,602 - root - INFO - {"event": "execute_tool", "message": "Executing tool wifi-details"}
2023-07-17 19:24:12,054 - root - INFO - {"event": "execute_tool", "message": "Executing tool wifi-details"}
2023-07-17 19:24:17,135 - root - INFO - {"event": "execute_tool", "message": "Executing tool wifi-details"}
2023-07-17 19:24:22,536 - root - INFO - {"event": "execute_tool", "message": "Executing tool wifi-details"}
2023-07-17 19:24:27,606 - root - INFO - {"event": "execute_tool", "message": "Executing tool wifi-details"}
2023-07-17 19:24:33,013 - root - INFO - {"event": "execute_tool", "message": "Executing tool wifi-details"}
2023-07-17 19:24:38,128 - root - INFO - {"event": "execute_tool", "message": "Executing tool wifi-details"}
2023-07-17 19:24:43,526 - root - INFO - {"event": "execute_tool", "message": "Executing tool wifi-details"}
2023-07-17 19:24:46,158 - root - INFO - {"event": "execute_tool", "message": "Executing tool trusted-network-status"}
2023-07-17 19:24:48,752 - root - INFO - {"event": "execute_tool", "message": "Executing tool wifi-details"}
2023-07-17 19:24:48,879 - root - INFO - {"event": "execute_tool", "message": "Executing tool trusted-network-status"}
2023-07-17 19:24:48,886 - root - INFO - {"event": "execute_tool", "message": "Executing tool ad-status"}
2023-07-17 19:24:48,997 - root - INFO - {"event": "execute_tool", "message": "Executing tool password-data"}
2023-07-17 19:24:49,000 - root - INFO - {"event": "execute_tool", "message": "Executing tool disk-usage"}
2023-07-17 19:24:53,901 - root - INFO - {"event": "execute_tool", "message": "Executing tool wifi-details"}
2023-07-17 19:25:21,569 - root - INFO - {"event": "execute_tool", "message": "Executing tool wifi-details"}
2023-07-17 19:25:21,635 - root - INFO - {"event": "execute_tool", "message": "Executing tool trusted-network-status"}
2023-07-17 19:25:21,637 - root - INFO - {"event": "execute_tool", "message": "Executing tool ad-status"}
2023-07-17 19:25:21,702 - root - INFO - {"event": "execute_tool", "message": "Executing tool disk-usage"}
2023-07-17 19:25:21,704 - root - INFO - {"event": "execute_tool", "message": "Executing tool password-data"}
2023-07-17 19:25:26,727 - root - INFO - {"event": "execute_tool", "message": "Executing tool wifi-details"}
2023-07-17 19:25:32,138 - root - INFO - {"event": "execute_tool", "message": "Executing tool wifi-details"}
2023-07-17 19:25:37,215 - root - INFO - {"event": "execute_tool", "message": "Executing tool wifi-details"}
2023-07-17 19:25:42,320 - root - INFO - {"event": "execute_tool", "message": "Executing tool wifi-details"}
2023-07-17 19:25:47,706 - root - INFO - {"event": "execute_tool", "message": "Executing tool wifi-details"}
2023-07-17 19:25:52,798 - root - INFO - {"event": "execute_tool", "message": "Executing tool wifi-details"}
2023-07-17 19:25:58,197 - root - INFO - {"event": "execute_tool", "message": "Executing tool wifi-details"}
2023-07-17 19:26:03,277 - root - INFO - {"event": "execute_tool", "message": "Executing tool wifi-details"}
2023-07-17 19:26:08,672 - root - INFO - {"event": "execute_tool", "message": "Executing tool wifi-details"}
2023-07-17 19:26:13,788 - root - INFO - {"event": "execute_tool", "message": "Executing tool wifi-details"}
2023-07-17 19:26:19,258 - root - INFO - {"event": "execute_tool", "message": "Executing tool wifi-details"}
2023-07-17 19:26:21,122 - root - INFO - {"event": "execute_tool", "message": "Executing tool trusted-network-status"}
2023-07-17 19:26:24,332 - root - INFO - {"event": "execute_tool", "message": "Executing tool wifi-details"}
2023-07-17 19:26:29,423 - root - INFO - {"event": "execute_tool", "message": "Executing tool wifi-details"}
2023-07-17 19:26:32,617 - root - INFO - {"event": "execute_tool", "message": "Executing tool trusted-network-status"}
2023-07-17 19:26:34,550 - root - INFO - {"event": "execute_tool", "message": "Executing tool wifi-details"}
2023-07-17 19:26:39,638 - root - INFO - {"event": "execute_tool", "message": "Executing tool wifi-details"}
