2023-07-17 22:28:06,015 - root - INFO - {"event": "startup", "message": "Loading tool states"}
2023-07-17 22:28:06,015 - root - INFO - {"event": "load_states", "message": "Loading states"}
2023-07-17 22:28:06,019 - root - INFO - {"event": "load_states", "message": "States loaded successfully"}
2023-07-17 22:28:06,019 - root - INFO - {"event": "startup", "message": "Adding wifi-details tool"}
2023-07-17 22:28:06,019 - root - INFO - {"event": "add_tool", "message": "Adding tool wifi-details"}
2023-07-17 22:28:06,019 - root - INFO - {"event": "add_tool", "message": "Tool wifi-details added successfully"}
2023-07-17 22:28:06,019 - root - INFO - {"event": "startup", "message": "Adding network adapters tool"}
2023-07-17 22:28:06,020 - root - INFO - {"event": "add_tool", "message": "Adding tool network-adapters"}
2023-07-17 22:28:06,020 - root - INFO - {"event": "add_tool", "message": "Tool network-adapters added successfully"}
2023-07-17 22:28:06,020 - root - INFO - {"event": "startup", "message": "Adding trusted network status tool"}
2023-07-17 22:28:06,020 - root - INFO - {"event": "add_tool", "message": "Adding tool trusted-network-status"}
2023-07-17 22:28:06,020 - root - INFO - {"event": "add_tool", "message": "Tool trusted-network-status added successfully"}
2023-07-17 22:28:06,020 - root - INFO - {"event": "startup", "message": "Adding ad status tool"}
2023-07-17 22:28:06,020 - root - INFO - {"event": "add_tool", "message": "Adding tool ad-status"}
2023-07-17 22:28:06,021 - root - INFO - {"event": "add_tool", "message": "Tool ad-status added successfully"}
2023-07-17 22:28:06,021 - root - INFO - {"event": "startup", "message": "Adding device data tool"}
2023-07-17 22:28:06,021 - root - INFO - {"event": "add_tool", "message": "Adding tool device-data"}
2023-07-17 22:28:06,021 - root - INFO - {"event": "add_tool", "message": "Tool device-data added successfully"}
2023-07-17 22:28:06,021 - root - INFO - {"event": "startup", "message": "Adding domain data tool"}
2023-07-17 22:28:06,021 - root - INFO - {"event": "add_tool", "message": "Adding tool domain-data"}
2023-07-17 22:28:06,021 - root - INFO - {"event": "add_tool", "message": "Tool domain-data added successfully"}
2023-07-17 22:28:06,021 - root - INFO - {"event": "startup", "message": "Adding password data tool"}
2023-07-17 22:28:06,022 - root - INFO - {"event": "add_tool", "message": "Adding tool password-data"}
2023-07-17 22:28:06,022 - root - INFO - {"event": "add_tool", "message": "Tool password-data added successfully"}
2023-07-17 22:28:06,022 - root - INFO - {"event": "startup", "message": "Adding disk usage tool"}
2023-07-17 22:28:06,022 - root - INFO - {"event": "add_tool", "message": "Adding tool disk-usage"}
2023-07-17 22:28:06,022 - root - INFO - {"event": "add_tool", "message": "Tool disk-usage added successfully"}
2023-07-17 22:28:06,022 - root - INFO - {"event": "startup", "message": "Adding toggle low Wi-Fi notifications tool"}
2023-07-17 22:28:06,022 - root - INFO - {"event": "add_tool", "message": "Adding tool low-wifi-notifs"}
2023-07-17 22:28:06,022 - root - INFO - {"event": "add_tool", "message": "Tool low-wifi-notifs added successfully"}
2023-07-17 22:28:06,023 - root - INFO - {"event": "startup", "message": "Adding get last boottime tool"}
2023-07-17 22:28:06,023 - root - INFO - {"event": "add_tool", "message": "Adding tool last-boottime"}
2023-07-17 22:28:06,023 - root - INFO - {"event": "add_tool", "message": "Tool last-boottime added successfully"}
2023-07-17 22:28:06,025 - root - INFO - {"event": "execute_tool", "message": "Executing tool wifi-details"}
2023-07-17 22:28:07,478 - root - INFO - {"event": "execute_tool", "message": "Executing tool trusted-network-status"}
2023-07-17 22:28:10,194 - root - INFO - {"event": "execute_tool", "message": "Executing tool wifi-details"}
2023-07-17 22:28:10,333 - root - INFO - {"event": "execute_tool", "message": "Executing tool trusted-network-status"}
2023-07-17 22:28:10,345 - root - INFO - {"event": "execute_tool", "message": "Executing tool ad-status"}
2023-07-17 22:28:10,493 - root - INFO - {"event": "execute_tool", "message": "Executing tool password-data"}
2023-07-17 22:28:10,496 - root - INFO - {"event": "execute_tool", "message": "Executing tool disk-usage"}
2023-07-17 22:28:10,879 - root - INFO - {"event": "execute_tool", "message": "Executing tool last-boottime"}
2023-07-17 22:28:15,387 - root - INFO - {"event": "execute_tool", "message": "Executing tool wifi-details"}
2023-07-17 22:28:20,458 - root - INFO - {"event": "execute_tool", "message": "Executing tool wifi-details"}
2023-07-17 22:28:25,609 - root - INFO - {"event": "execute_tool", "message": "Executing tool wifi-details"}
2023-07-17 22:28:28,774 - root - INFO - {"event": "execute_tool", "message": "Executing tool trusted-network-status"}
2023-07-17 22:28:30,704 - root - INFO - {"event": "execute_tool", "message": "Executing tool wifi-details"}
2023-07-17 22:28:35,834 - root - INFO - {"event": "execute_tool", "message": "Executing tool trusted-network-status"}
2023-07-17 22:28:35,871 - root - INFO - {"event": "execute_tool", "message": "Executing tool wifi-details"}
2023-07-17 22:28:41,113 - root - INFO - {"event": "execute_tool", "message": "Executing tool wifi-details"}
2023-07-17 22:28:46,208 - root - INFO - {"event": "execute_tool", "message": "Executing tool wifi-details"}
2023-07-17 22:28:51,615 - root - INFO - {"event": "execute_tool", "message": "Executing tool wifi-details"}
2023-07-17 22:28:56,768 - root - INFO - {"event": "execute_tool", "message": "Executing tool wifi-details"}
2023-07-17 22:29:02,198 - root - INFO - {"event": "execute_tool", "message": "Executing tool wifi-details"}
2023-07-17 22:29:07,282 - root - INFO - {"event": "execute_tool", "message": "Executing tool wifi-details"}
2023-07-17 22:29:10,602 - root - INFO - {"event": "execute_tool", "message": "Executing tool trusted-network-status"}
2023-07-17 22:29:12,392 - root - INFO - {"event": "execute_tool", "message": "Executing tool wifi-details"}
2023-07-17 22:29:14,124 - root - INFO - {"event": "execute_tool", "message": "Executing tool wifi-details"}
2023-07-17 22:29:14,463 - root - INFO - {"event": "execute_tool", "message": "Executing tool ad-status"}
2023-07-17 22:29:14,657 - root - INFO - {"event": "execute_tool", "message": "Executing tool password-data"}
2023-07-17 22:29:14,659 - root - INFO - {"event": "execute_tool", "message": "Executing tool trusted-network-status"}
2023-07-17 22:29:14,660 - root - INFO - {"event": "execute_tool", "message": "Executing tool disk-usage"}
2023-07-17 22:29:20,000 - root - INFO - {"event": "execute_tool", "message": "Executing tool wifi-details"}
2023-07-17 22:29:22,697 - root - INFO - {"event": "execute_tool", "message": "Executing tool last-boottime"}
2023-07-17 22:29:25,092 - root - INFO - {"event": "execute_tool", "message": "Executing tool wifi-details"}
2023-07-17 22:29:29,384 - root - INFO - {"event": "execute_tool", "message": "Executing tool trusted-network-status"}
2023-07-17 22:29:30,185 - root - INFO - {"event": "execute_tool", "message": "Executing tool wifi-details"}
2023-07-17 22:29:35,313 - root - INFO - {"event": "execute_tool", "message": "Executing tool wifi-details"}
2023-07-17 22:29:39,017 - root - INFO - {"event": "execute_tool", "message": "Executing tool trusted-network-status"}
2023-07-17 22:29:40,426 - root - INFO - {"event": "execute_tool", "message": "Executing tool wifi-details"}
2023-07-17 22:29:45,540 - root - INFO - {"event": "execute_tool", "message": "Executing tool wifi-details"}
2023-07-17 22:29:49,692 - root - INFO - {"event": "execute_tool", "message": "Executing tool trusted-network-status"}
2023-07-17 22:29:50,653 - root - INFO - {"event": "execute_tool", "message": "Executing tool wifi-details"}
2023-07-17 22:29:53,240 - root - INFO - {"event": "execute_tool", "message": "Executing tool wifi-details"}
2023-07-17 22:29:53,443 - root - INFO - {"event": "execute_tool", "message": "Executing tool trusted-network-status"}
2023-07-17 22:29:53,453 - root - INFO - {"event": "execute_tool", "message": "Executing tool ad-status"}
2023-07-17 22:29:53,555 - root - INFO - {"event": "execute_tool", "message": "Executing tool password-data"}
2023-07-17 22:29:53,559 - root - INFO - {"event": "execute_tool", "message": "Executing tool disk-usage"}
2023-07-17 22:29:57,312 - root - INFO - {"event": "execute_tool", "message": "Executing tool last-boottime"}
2023-07-17 22:29:58,494 - root - INFO - {"event": "execute_tool", "message": "Executing tool wifi-details"}
2023-07-17 22:30:03,609 - root - INFO - {"event": "execute_tool", "message": "Executing tool wifi-details"}
2023-07-17 22:30:08,718 - root - INFO - {"event": "execute_tool", "message": "Executing tool wifi-details"}
2023-07-17 22:30:14,121 - root - INFO - {"event": "execute_tool", "message": "Executing tool wifi-details"}
2023-07-17 22:30:19,216 - root - INFO - {"event": "execute_tool", "message": "Executing tool wifi-details"}
2023-07-17 22:30:20,189 - root - INFO - {"event": "execute_tool", "message": "Executing tool trusted-network-status"}
2023-07-17 22:30:22,526 - root - INFO - {"event": "execute_tool", "message": "Executing tool wifi-details"}
2023-07-17 22:30:22,637 - root - INFO - {"event": "execute_tool", "message": "Executing tool trusted-network-status"}
2023-07-17 22:30:22,643 - root - INFO - {"event": "execute_tool", "message": "Executing tool ad-status"}
2023-07-17 22:30:22,726 - root - INFO - {"event": "execute_tool", "message": "Executing tool password-data"}
2023-07-17 22:30:22,728 - root - INFO - {"event": "execute_tool", "message": "Executing tool disk-usage"}
2023-07-17 22:30:27,655 - root - INFO - {"event": "execute_tool", "message": "Executing tool wifi-details"}
2023-07-17 22:30:32,751 - root - INFO - {"event": "execute_tool", "message": "Executing tool wifi-details"}
2023-07-17 22:30:37,917 - root - INFO - {"event": "execute_tool", "message": "Executing tool wifi-details"}
2023-07-17 22:30:43,051 - root - INFO - {"event": "execute_tool", "message": "Executing tool wifi-details"}
2023-07-17 22:30:48,205 - root - INFO - {"event": "execute_tool", "message": "Executing tool wifi-details"}
2023-07-17 22:30:52,098 - root - INFO - {"event": "execute_tool", "message": "Executing tool trusted-network-status"}
2023-07-17 22:30:53,305 - root - INFO - {"event": "execute_tool", "message": "Executing tool wifi-details"}
2023-07-17 22:30:54,740 - root - INFO - {"event": "execute_tool", "message": "Executing tool wifi-details"}
2023-07-17 22:30:54,860 - root - INFO - {"event": "execute_tool", "message": "Executing tool trusted-network-status"}
2023-07-17 22:30:54,865 - root - INFO - {"event": "execute_tool", "message": "Executing tool ad-status"}
2023-07-17 22:30:54,960 - root - INFO - {"event": "execute_tool", "message": "Executing tool password-data"}
2023-07-17 22:30:54,964 - root - INFO - {"event": "execute_tool", "message": "Executing tool disk-usage"}
2023-07-17 22:30:59,475 - root - INFO - {"event": "execute_tool", "message": "Executing tool last-boottime"}
2023-07-17 22:30:59,878 - root - INFO - {"event": "execute_tool", "message": "Executing tool wifi-details"}
2023-07-17 22:31:04,977 - root - INFO - {"event": "execute_tool", "message": "Executing tool wifi-details"}
2023-07-17 22:31:10,075 - root - INFO - {"event": "execute_tool", "message": "Executing tool wifi-details"}
2023-07-17 22:31:15,181 - root - INFO - {"event": "execute_tool", "message": "Executing tool wifi-details"}
2023-07-17 22:31:20,289 - root - INFO - {"event": "execute_tool", "message": "Executing tool wifi-details"}
2023-07-17 22:31:25,381 - root - INFO - {"event": "execute_tool", "message": "Executing tool wifi-details"}
2023-07-17 22:31:30,775 - root - INFO - {"event": "execute_tool", "message": "Executing tool wifi-details"}
2023-07-17 22:31:31,656 - root - INFO - {"event": "execute_tool", "message": "Executing tool trusted-network-status"}
2023-07-17 22:31:35,869 - root - INFO - {"event": "execute_tool", "message": "Executing tool wifi-details"}
2023-07-17 22:31:36,981 - root - INFO - {"event": "execute_tool", "message": "Executing tool trusted-network-status"}
2023-07-17 22:31:40,964 - root - INFO - {"event": "execute_tool", "message": "Executing tool wifi-details"}
2023-07-17 22:31:46,067 - root - INFO - {"event": "execute_tool", "message": "Executing tool wifi-details"}
2023-07-17 22:31:51,461 - root - INFO - {"event": "execute_tool", "message": "Executing tool wifi-details"}
2023-07-17 22:31:56,549 - root - INFO - {"event": "execute_tool", "message": "Executing tool wifi-details"}
2023-07-17 22:32:01,967 - root - INFO - {"event": "execute_tool", "message": "Executing tool wifi-details"}
2023-07-17 22:32:03,846 - root - INFO - {"event": "execute_tool", "message": "Executing tool trusted-network-status"}
2023-07-17 22:32:08,014 - root - INFO - {"event": "execute_tool", "message": "Executing tool wifi-details"}
2023-07-17 22:32:08,331 - root - INFO - {"event": "execute_tool", "message": "Executing tool trusted-network-status"}
2023-07-17 22:32:08,335 - root - INFO - {"event": "execute_tool", "message": "Executing tool ad-status"}
2023-07-17 22:32:08,482 - root - INFO - {"event": "execute_tool", "message": "Executing tool password-data"}
2023-07-17 22:32:08,485 - root - INFO - {"event": "execute_tool", "message": "Executing tool disk-usage"}
2023-07-17 22:32:13,818 - root - INFO - {"event": "execute_tool", "message": "Executing tool wifi-details"}
2023-07-17 22:32:18,931 - root - INFO - {"event": "execute_tool", "message": "Executing tool wifi-details"}
2023-07-17 22:32:20,778 - root - INFO - {"event": "execute_tool", "message": "Executing tool trusted-network-status"}
2023-07-17 22:32:24,850 - root - INFO - {"event": "execute_tool", "message": "Executing tool wifi-details"}
2023-07-17 22:32:24,998 - root - INFO - {"event": "execute_tool", "message": "Executing tool trusted-network-status"}
2023-07-17 22:32:25,005 - root - INFO - {"event": "execute_tool", "message": "Executing tool ad-status"}
2023-07-17 22:32:25,124 - root - INFO - {"event": "execute_tool", "message": "Executing tool password-data"}
2023-07-17 22:32:25,128 - root - INFO - {"event": "execute_tool", "message": "Executing tool disk-usage"}
2023-07-17 22:32:30,015 - root - INFO - {"event": "execute_tool", "message": "Executing tool wifi-details"}
2023-07-17 22:32:35,150 - root - INFO - {"event": "execute_tool", "message": "Executing tool wifi-details"}
2023-07-17 22:32:35,556 - root - INFO - {"event": "execute_tool", "message": "Executing tool trusted-network-status"}
2023-07-17 22:32:37,805 - root - INFO - {"event": "execute_tool", "message": "Executing tool wifi-details"}
2023-07-17 22:32:38,144 - root - INFO - {"event": "execute_tool", "message": "Executing tool trusted-network-status"}
2023-07-17 22:32:38,169 - root - INFO - {"event": "execute_tool", "message": "Executing tool password-data"}
2023-07-17 22:32:38,173 - root - INFO - {"event": "execute_tool", "message": "Executing tool ad-status"}
2023-07-17 22:32:38,737 - root - INFO - {"event": "execute_tool", "message": "Executing tool disk-usage"}
2023-07-17 22:32:44,122 - root - INFO - {"event": "execute_tool", "message": "Executing tool wifi-details"}
2023-07-17 22:32:49,200 - root - INFO - {"event": "execute_tool", "message": "Executing tool wifi-details"}
2023-07-17 22:32:54,597 - root - INFO - {"event": "execute_tool", "message": "Executing tool wifi-details"}
2023-07-17 22:32:59,729 - root - INFO - {"event": "execute_tool", "message": "Executing tool wifi-details"}
2023-07-17 22:33:04,819 - root - INFO - {"event": "execute_tool", "message": "Executing tool wifi-details"}
2023-07-17 22:33:10,232 - root - INFO - {"event": "execute_tool", "message": "Executing tool wifi-details"}
2023-07-17 22:33:15,326 - root - INFO - {"event": "execute_tool", "message": "Executing tool wifi-details"}
2023-07-17 22:33:20,731 - root - INFO - {"event": "execute_tool", "message": "Executing tool wifi-details"}
2023-07-17 22:33:25,874 - root - INFO - {"event": "execute_tool", "message": "Executing tool wifi-details"}
2023-07-17 22:33:29,110 - root - INFO - {"event": "execute_tool", "message": "Executing tool trusted-network-status"}
2023-07-17 22:33:31,338 - root - INFO - {"event": "execute_tool", "message": "Executing tool wifi-details"}
2023-07-17 22:33:31,477 - root - INFO - {"event": "execute_tool", "message": "Executing tool trusted-network-status"}
2023-07-17 22:33:31,483 - root - INFO - {"event": "execute_tool", "message": "Executing tool ad-status"}
2023-07-17 22:33:31,589 - root - INFO - {"event": "execute_tool", "message": "Executing tool password-data"}
2023-07-17 22:33:31,592 - root - INFO - {"event": "execute_tool", "message": "Executing tool disk-usage"}
2023-07-17 22:33:36,499 - root - INFO - {"event": "execute_tool", "message": "Executing tool wifi-details"}
2023-07-17 22:33:41,613 - root - INFO - {"event": "execute_tool", "message": "Executing tool wifi-details"}
2023-07-17 22:33:46,731 - root - INFO - {"event": "execute_tool", "message": "Executing tool wifi-details"}
2023-07-17 22:33:51,843 - root - INFO - {"event": "execute_tool", "message": "Executing tool wifi-details"}
2023-07-17 22:33:56,962 - root - INFO - {"event": "execute_tool", "message": "Executing tool wifi-details"}
2023-07-17 22:34:02,382 - root - INFO - {"event": "execute_tool", "message": "Executing tool wifi-details"}
2023-07-17 22:34:07,486 - root - INFO - {"event": "execute_tool", "message": "Executing tool wifi-details"}
2023-07-17 22:34:12,893 - root - INFO - {"event": "execute_tool", "message": "Executing tool wifi-details"}
2023-07-17 22:34:17,967 - root - INFO - {"event": "execute_tool", "message": "Executing tool wifi-details"}
2023-07-17 22:34:22,603 - root - INFO - {"event": "execute_tool", "message": "Executing tool trusted-network-status"}
2023-07-17 22:34:23,099 - root - INFO - {"event": "execute_tool", "message": "Executing tool wifi-details"}
2023-07-17 22:34:26,867 - root - INFO - {"event": "execute_tool", "message": "Executing tool wifi-details"}
2023-07-17 22:34:27,010 - root - INFO - {"event": "execute_tool", "message": "Executing tool trusted-network-status"}
2023-07-17 22:34:27,014 - root - INFO - {"event": "execute_tool", "message": "Executing tool ad-status"}
2023-07-17 22:34:27,123 - root - INFO - {"event": "execute_tool", "message": "Executing tool password-data"}
2023-07-17 22:34:27,128 - root - INFO - {"event": "execute_tool", "message": "Executing tool disk-usage"}
2023-07-17 22:34:32,020 - root - INFO - {"event": "execute_tool", "message": "Executing tool wifi-details"}
2023-07-17 22:34:36,239 - root - INFO - {"event": "execute_tool", "message": "Executing tool trusted-network-status"}
2023-07-17 22:34:37,143 - root - INFO - {"event": "execute_tool", "message": "Executing tool wifi-details"}
2023-07-17 22:34:39,054 - root - INFO - {"event": "execute_tool", "message": "Executing tool wifi-details"}
2023-07-17 22:34:39,221 - root - INFO - {"event": "execute_tool", "message": "Executing tool password-data"}
2023-07-17 22:34:39,224 - root - INFO - {"event": "execute_tool", "message": "Executing tool disk-usage"}
2023-07-17 22:34:39,226 - root - INFO - {"event": "execute_tool", "message": "Executing tool ad-status"}
2023-07-17 22:34:39,476 - root - INFO - {"event": "execute_tool", "message": "Executing tool trusted-network-status"}
2023-07-17 22:34:44,945 - root - INFO - {"event": "execute_tool", "message": "Executing tool wifi-details"}
2023-07-17 22:34:50,056 - root - INFO - {"event": "execute_tool", "message": "Executing tool wifi-details"}
2023-07-17 22:34:53,844 - root - INFO - {"event": "execute_tool", "message": "Executing tool trusted-network-status"}
2023-07-17 22:34:55,233 - root - INFO - {"event": "execute_tool", "message": "Executing tool wifi-details"}
2023-07-17 22:34:56,950 - root - INFO - {"event": "execute_tool", "message": "Executing tool wifi-details"}
2023-07-17 22:34:57,103 - root - INFO - {"event": "execute_tool", "message": "Executing tool ad-status"}
2023-07-17 22:34:57,193 - root - INFO - {"event": "execute_tool", "message": "Executing tool trusted-network-status"}
2023-07-17 22:34:57,197 - root - INFO - {"event": "execute_tool", "message": "Executing tool password-data"}
2023-07-17 22:34:57,199 - root - INFO - {"event": "execute_tool", "message": "Executing tool disk-usage"}
2023-07-17 22:35:02,225 - root - INFO - {"event": "execute_tool", "message": "Executing tool wifi-details"}
2023-07-17 22:35:03,034 - root - INFO - {"event": "execute_tool", "message": "Executing tool last-boottime"}
2023-07-17 22:35:07,307 - root - INFO - {"event": "execute_tool", "message": "Executing tool wifi-details"}
2023-07-17 22:35:12,725 - root - INFO - {"event": "execute_tool", "message": "Executing tool wifi-details"}
2023-07-17 22:35:15,557 - root - INFO - {"event": "execute_tool", "message": "Executing tool trusted-network-status"}
2023-07-17 22:35:17,822 - root - INFO - {"event": "execute_tool", "message": "Executing tool wifi-details"}
2023-07-17 22:35:22,924 - root - INFO - {"event": "execute_tool", "message": "Executing tool wifi-details"}
2023-07-17 22:35:28,315 - root - INFO - {"event": "execute_tool", "message": "Executing tool wifi-details"}
2023-07-17 22:35:31,744 - root - INFO - {"event": "execute_tool", "message": "Executing tool trusted-network-status"}
2023-07-17 22:35:33,440 - root - INFO - {"event": "execute_tool", "message": "Executing tool wifi-details"}
2023-07-17 22:35:38,538 - root - INFO - {"event": "execute_tool", "message": "Executing tool wifi-details"}
2023-07-17 22:35:43,616 - root - INFO - {"event": "execute_tool", "message": "Executing tool wifi-details"}
2023-07-17 22:35:49,010 - root - INFO - {"event": "execute_tool", "message": "Executing tool wifi-details"}
2023-07-17 22:35:50,294 - root - INFO - {"event": "execute_tool", "message": "Executing tool trusted-network-status"}
2023-07-17 22:35:53,749 - root - INFO - {"event": "execute_tool", "message": "Executing tool wifi-details"}
2023-07-17 22:35:53,893 - root - INFO - {"event": "execute_tool", "message": "Executing tool trusted-network-status"}
2023-07-17 22:35:53,898 - root - INFO - {"event": "execute_tool", "message": "Executing tool ad-status"}
2023-07-17 22:35:54,048 - root - INFO - {"event": "execute_tool", "message": "Executing tool password-data"}
2023-07-17 22:35:54,055 - root - INFO - {"event": "execute_tool", "message": "Executing tool disk-usage"}
2023-07-17 22:35:58,923 - root - INFO - {"event": "execute_tool", "message": "Executing tool wifi-details"}
2023-07-17 22:36:04,028 - root - INFO - {"event": "execute_tool", "message": "Executing tool wifi-details"}
2023-07-17 22:36:09,116 - root - INFO - {"event": "execute_tool", "message": "Executing tool wifi-details"}
2023-07-17 22:36:09,574 - root - INFO - {"event": "execute_tool", "message": "Executing tool trusted-network-status"}
2023-07-17 22:36:12,298 - root - INFO - {"event": "execute_tool", "message": "Executing tool wifi-details"}
2023-07-17 22:36:12,441 - root - INFO - {"event": "execute_tool", "message": "Executing tool trusted-network-status"}
2023-07-17 22:36:12,457 - root - INFO - {"event": "execute_tool", "message": "Executing tool ad-status"}
2023-07-17 22:36:12,713 - root - INFO - {"event": "execute_tool", "message": "Executing tool password-data"}
2023-07-17 22:36:12,715 - root - INFO - {"event": "execute_tool", "message": "Executing tool disk-usage"}
2023-07-17 22:36:17,491 - root - INFO - {"event": "execute_tool", "message": "Executing tool wifi-details"}
2023-07-17 22:36:22,595 - root - INFO - {"event": "execute_tool", "message": "Executing tool wifi-details"}
2023-07-17 22:36:27,698 - root - INFO - {"event": "execute_tool", "message": "Executing tool wifi-details"}
2023-07-17 22:36:33,124 - root - INFO - {"event": "execute_tool", "message": "Executing tool wifi-details"}
2023-07-17 22:36:38,275 - root - INFO - {"event": "execute_tool", "message": "Executing tool wifi-details"}
2023-07-17 22:36:43,709 - root - INFO - {"event": "execute_tool", "message": "Executing tool wifi-details"}
2023-07-17 22:36:44,188 - root - INFO - {"event": "execute_tool", "message": "Executing tool trusted-network-status"}
2023-07-17 22:36:47,594 - root - INFO - {"event": "execute_tool", "message": "Executing tool wifi-details"}
2023-07-17 22:36:47,725 - root - INFO - {"event": "execute_tool", "message": "Executing tool trusted-network-status"}
2023-07-17 22:36:47,729 - root - INFO - {"event": "execute_tool", "message": "Executing tool ad-status"}
2023-07-17 22:36:47,819 - root - INFO - {"event": "execute_tool", "message": "Executing tool password-data"}
2023-07-17 22:36:47,821 - root - INFO - {"event": "execute_tool", "message": "Executing tool disk-usage"}
2023-07-17 22:36:52,740 - root - INFO - {"event": "execute_tool", "message": "Executing tool wifi-details"}
2023-07-17 22:36:57,833 - root - INFO - {"event": "execute_tool", "message": "Executing tool wifi-details"}
2023-07-17 22:36:59,457 - root - INFO - {"event": "execute_tool", "message": "Executing tool trusted-network-status"}
2023-07-17 22:37:01,692 - root - INFO - {"event": "execute_tool", "message": "Executing tool wifi-details"}
2023-07-17 22:37:01,842 - root - INFO - {"event": "execute_tool", "message": "Executing tool trusted-network-status"}
2023-07-17 22:37:01,845 - root - INFO - {"event": "execute_tool", "message": "Executing tool ad-status"}
2023-07-17 22:37:01,986 - root - INFO - {"event": "execute_tool", "message": "Executing tool password-data"}
2023-07-17 22:37:02,000 - root - INFO - {"event": "execute_tool", "message": "Executing tool disk-usage"}
2023-07-17 22:37:07,028 - root - INFO - {"event": "execute_tool", "message": "Executing tool wifi-details"}
2023-07-17 22:37:12,440 - root - INFO - {"event": "execute_tool", "message": "Executing tool wifi-details"}
2023-07-17 22:37:12,879 - root - INFO - {"event": "execute_tool", "message": "Executing tool trusted-network-status"}
2023-07-17 22:37:15,090 - root - INFO - {"event": "execute_tool", "message": "Executing tool wifi-details"}
2023-07-17 22:37:15,445 - root - INFO - {"event": "execute_tool", "message": "Executing tool trusted-network-status"}
2023-07-17 22:37:15,448 - root - INFO - {"event": "execute_tool", "message": "Executing tool password-data"}
2023-07-17 22:37:15,451 - root - INFO - {"event": "execute_tool", "message": "Executing tool ad-status"}
2023-07-17 22:37:15,635 - root - INFO - {"event": "execute_tool", "message": "Executing tool disk-usage"}
2023-07-17 22:37:20,962 - root - INFO - {"event": "execute_tool", "message": "Executing tool wifi-details"}
2023-07-17 22:37:23,381 - root - INFO - {"event": "execute_tool", "message": "Executing tool trusted-network-status"}
2023-07-17 22:37:26,047 - root - INFO - {"event": "execute_tool", "message": "Executing tool wifi-details"}
2023-07-17 22:37:26,273 - root - INFO - {"event": "execute_tool", "message": "Executing tool trusted-network-status"}
2023-07-17 22:37:26,278 - root - INFO - {"event": "execute_tool", "message": "Executing tool ad-status"}
2023-07-17 22:37:26,462 - root - INFO - {"event": "execute_tool", "message": "Executing tool password-data"}
2023-07-17 22:37:26,464 - root - INFO - {"event": "execute_tool", "message": "Executing tool disk-usage"}
2023-07-17 22:37:31,295 - root - INFO - {"event": "execute_tool", "message": "Executing tool wifi-details"}
2023-07-17 22:37:36,398 - root - INFO - {"event": "execute_tool", "message": "Executing tool wifi-details"}
2023-07-17 22:37:39,204 - root - INFO - {"event": "execute_tool", "message": "Executing tool trusted-network-status"}
2023-07-17 22:37:41,537 - root - INFO - {"event": "execute_tool", "message": "Executing tool wifi-details"}
2023-07-17 22:37:43,200 - root - INFO - {"event": "execute_tool", "message": "Executing tool wifi-details"}
2023-07-17 22:37:43,412 - root - INFO - {"event": "execute_tool", "message": "Executing tool trusted-network-status"}
2023-07-17 22:37:43,422 - root - INFO - {"event": "execute_tool", "message": "Executing tool ad-status"}
2023-07-17 22:37:43,561 - root - INFO - {"event": "execute_tool", "message": "Executing tool password-data"}
2023-07-17 22:37:43,564 - root - INFO - {"event": "execute_tool", "message": "Executing tool disk-usage"}
2023-07-17 22:37:48,439 - root - INFO - {"event": "execute_tool", "message": "Executing tool wifi-details"}
2023-07-17 22:37:53,532 - root - INFO - {"event": "execute_tool", "message": "Executing tool wifi-details"}
2023-07-17 22:37:58,639 - root - INFO - {"event": "execute_tool", "message": "Executing tool wifi-details"}
2023-07-17 22:38:01,393 - root - INFO - {"event": "execute_tool", "message": "Executing tool trusted-network-status"}
2023-07-17 22:38:05,369 - root - INFO - {"event": "execute_tool", "message": "Executing tool wifi-details"}
2023-07-17 22:38:05,616 - root - INFO - {"event": "execute_tool", "message": "Executing tool trusted-network-status"}
2023-07-17 22:38:05,624 - root - INFO - {"event": "execute_tool", "message": "Executing tool ad-status"}
2023-07-17 22:38:05,779 - root - INFO - {"event": "execute_tool", "message": "Executing tool disk-usage"}
2023-07-17 22:38:05,781 - root - INFO - {"event": "execute_tool", "message": "Executing tool password-data"}
2023-07-17 22:39:02,819 - root - INFO - {"event": "execute_tool", "message": "Executing tool wifi-details"}
2023-07-17 22:39:02,904 - root - INFO - {"event": "execute_tool", "message": "Executing tool trusted-network-status"}
2023-07-17 22:39:02,906 - root - INFO - {"event": "execute_tool", "message": "Executing tool disk-usage"}
2023-07-17 22:39:02,908 - root - INFO - {"event": "execute_tool", "message": "Executing tool password-data"}
2023-07-17 22:39:02,909 - root - INFO - {"event": "execute_tool", "message": "Executing tool ad-status"}
2023-07-17 22:39:08,010 - root - INFO - {"event": "execute_tool", "message": "Executing tool wifi-details"}
2023-07-17 22:39:12,960 - root - INFO - {"event": "execute_tool", "message": "Executing tool trusted-network-status"}
2023-07-17 22:39:13,138 - root - INFO - {"event": "execute_tool", "message": "Executing tool wifi-details"}
2023-07-17 22:39:18,578 - root - INFO - {"event": "execute_tool", "message": "Executing tool wifi-details"}
2023-07-17 22:39:23,721 - root - INFO - {"event": "execute_tool", "message": "Executing tool wifi-details"}
2023-07-17 22:39:29,095 - root - INFO - {"event": "execute_tool", "message": "Executing tool wifi-details"}
2023-07-17 22:39:31,099 - root - INFO - {"event": "execute_tool", "message": "Executing tool trusted-network-status"}
2023-07-17 22:39:34,178 - root - INFO - {"event": "execute_tool", "message": "Executing tool wifi-details"}
2023-07-17 22:39:39,250 - root - INFO - {"event": "execute_tool", "message": "Executing tool wifi-details"}
2023-07-17 22:39:39,671 - root - INFO - {"event": "execute_tool", "message": "Executing tool last-boottime"}
2023-07-17 22:39:44,336 - root - INFO - {"event": "execute_tool", "message": "Executing tool wifi-details"}
2023-07-17 22:39:49,729 - root - INFO - {"event": "execute_tool", "message": "Executing tool wifi-details"}
2023-07-17 22:39:54,822 - root - INFO - {"event": "execute_tool", "message": "Executing tool wifi-details"}
2023-07-17 22:39:59,920 - root - INFO - {"event": "execute_tool", "message": "Executing tool wifi-details"}
2023-07-17 22:40:00,240 - root - INFO - {"event": "execute_tool", "message": "Executing tool trusted-network-status"}
2023-07-17 22:40:12,303 - root - INFO - {"event": "execute_tool", "message": "Executing tool wifi-details"}
2023-07-17 22:40:12,389 - root - INFO - {"event": "execute_tool", "message": "Executing tool trusted-network-status"}
2023-07-17 22:40:12,391 - root - INFO - {"event": "execute_tool", "message": "Executing tool ad-status"}
2023-07-17 22:40:12,451 - root - INFO - {"event": "execute_tool", "message": "Executing tool disk-usage"}
2023-07-17 22:40:12,452 - root - INFO - {"event": "execute_tool", "message": "Executing tool password-data"}
2023-07-17 22:40:13,683 - root - INFO - {"event": "execute_tool", "message": "Executing tool last-boottime"}
2023-07-17 22:40:17,476 - root - INFO - {"event": "execute_tool", "message": "Executing tool wifi-details"}
2023-07-17 22:40:22,669 - root - INFO - {"event": "execute_tool", "message": "Executing tool wifi-details"}
2023-07-17 22:40:28,150 - root - INFO - {"event": "execute_tool", "message": "Executing tool wifi-details"}
2023-07-17 22:40:28,335 - root - INFO - {"event": "execute_tool", "message": "Executing tool trusted-network-status"}
2023-07-17 22:40:31,860 - root - INFO - {"event": "execute_tool", "message": "Executing tool wifi-details"}
2023-07-17 22:40:32,013 - root - INFO - {"event": "execute_tool", "message": "Executing tool ad-status"}
2023-07-17 22:40:32,104 - root - INFO - {"event": "execute_tool", "message": "Executing tool trusted-network-status"}
2023-07-17 22:40:32,107 - root - INFO - {"event": "execute_tool", "message": "Executing tool password-data"}
2023-07-17 22:40:32,111 - root - INFO - {"event": "execute_tool", "message": "Executing tool disk-usage"}
2023-07-17 22:40:37,128 - root - INFO - {"event": "execute_tool", "message": "Executing tool wifi-details"}
2023-07-17 22:40:39,374 - root - INFO - {"event": "execute_tool", "message": "Executing tool trusted-network-status"}
2023-07-17 22:40:41,818 - root - INFO - {"event": "execute_tool", "message": "Executing tool wifi-details"}
2023-07-17 22:40:42,021 - root - INFO - {"event": "execute_tool", "message": "Executing tool trusted-network-status"}
2023-07-17 22:40:42,026 - root - INFO - {"event": "execute_tool", "message": "Executing tool ad-status"}
2023-07-17 22:40:42,168 - root - INFO - {"event": "execute_tool", "message": "Executing tool password-data"}
2023-07-17 22:40:42,170 - root - INFO - {"event": "execute_tool", "message": "Executing tool disk-usage"}
2023-07-17 22:40:47,047 - root - INFO - {"event": "execute_tool", "message": "Executing tool wifi-details"}
2023-07-17 22:40:48,379 - root - INFO - {"event": "execute_tool", "message": "Executing tool trusted-network-status"}
2023-07-17 22:40:52,153 - root - INFO - {"event": "execute_tool", "message": "Executing tool wifi-details"}
2023-07-17 22:40:57,252 - root - INFO - {"event": "execute_tool", "message": "Executing tool wifi-details"}
2023-07-17 22:40:59,631 - root - INFO - {"event": "execute_tool", "message": "Executing tool trusted-network-status"}
2023-07-17 22:41:01,810 - root - INFO - {"event": "execute_tool", "message": "Executing tool wifi-details"}
2023-07-17 22:41:02,103 - root - INFO - {"event": "execute_tool", "message": "Executing tool trusted-network-status"}
2023-07-17 22:41:02,109 - root - INFO - {"event": "execute_tool", "message": "Executing tool ad-status"}
2023-07-17 22:41:02,227 - root - INFO - {"event": "execute_tool", "message": "Executing tool password-data"}
2023-07-17 22:41:02,230 - root - INFO - {"event": "execute_tool", "message": "Executing tool disk-usage"}
2023-07-17 22:41:07,126 - root - INFO - {"event": "execute_tool", "message": "Executing tool wifi-details"}
2023-07-17 22:41:11,369 - root - INFO - {"event": "execute_tool", "message": "Executing tool trusted-network-status"}
2023-07-17 22:41:12,251 - root - INFO - {"event": "execute_tool", "message": "Executing tool wifi-details"}
2023-07-17 22:41:14,194 - root - INFO - {"event": "execute_tool", "message": "Executing tool wifi-details"}
2023-07-17 22:41:14,345 - root - INFO - {"event": "execute_tool", "message": "Executing tool trusted-network-status"}
2023-07-17 22:41:14,346 - root - INFO - {"event": "execute_tool", "message": "Executing tool ad-status"}
2023-07-17 22:41:14,543 - root - INFO - {"event": "execute_tool", "message": "Executing tool password-data"}
2023-07-17 22:41:14,546 - root - INFO - {"event": "execute_tool", "message": "Executing tool disk-usage"}
2023-07-17 22:41:19,566 - root - INFO - {"event": "execute_tool", "message": "Executing tool wifi-details"}
2023-07-17 22:41:24,970 - root - INFO - {"event": "execute_tool", "message": "Executing tool wifi-details"}
2023-07-17 22:41:28,702 - root - INFO - {"event": "execute_tool", "message": "Executing tool domain-data"}
2023-07-17 22:41:29,726 - root - INFO - {"event": "execute_tool", "message": "Executing tool domain-data"}
2023-07-17 22:41:30,068 - root - INFO - {"event": "execute_tool", "message": "Executing tool wifi-details"}
2023-07-17 22:41:31,566 - root - INFO - {"event": "execute_tool", "message": "Executing tool last-boottime"}
2023-07-17 22:41:35,136 - root - INFO - {"event": "execute_tool", "message": "Executing tool wifi-details"}
2023-07-17 22:41:40,233 - root - INFO - {"event": "execute_tool", "message": "Executing tool wifi-details"}
2023-07-17 22:41:45,619 - root - INFO - {"event": "execute_tool", "message": "Executing tool wifi-details"}
2023-07-17 22:41:49,286 - root - INFO - {"event": "execute_tool", "message": "Executing tool trusted-network-status"}
2023-07-17 22:41:50,754 - root - INFO - {"event": "execute_tool", "message": "Executing tool wifi-details"}
2023-07-17 22:41:52,678 - root - INFO - {"event": "execute_tool", "message": "Executing tool wifi-details"}
2023-07-17 22:41:53,062 - root - INFO - {"event": "execute_tool", "message": "Executing tool trusted-network-status"}
2023-07-17 22:41:53,091 - root - INFO - {"event": "execute_tool", "message": "Executing tool disk-usage"}
2023-07-17 22:41:53,093 - root - INFO - {"event": "execute_tool", "message": "Executing tool password-data"}
2023-07-17 22:41:53,096 - root - INFO - {"event": "execute_tool", "message": "Executing tool ad-status"}
2023-07-17 22:41:53,637 - root - INFO - {"event": "execute_tool", "message": "Executing tool last-boottime"}
2023-07-17 22:41:58,587 - root - INFO - {"event": "execute_tool", "message": "Executing tool wifi-details"}
2023-07-17 22:42:03,675 - root - INFO - {"event": "execute_tool", "message": "Executing tool wifi-details"}
2023-07-17 22:42:08,755 - root - INFO - {"event": "execute_tool", "message": "Executing tool wifi-details"}
2023-07-17 22:42:13,825 - root - INFO - {"event": "execute_tool", "message": "Executing tool wifi-details"}
2023-07-17 22:42:19,236 - root - INFO - {"event": "execute_tool", "message": "Executing tool wifi-details"}
2023-07-17 22:42:24,341 - root - INFO - {"event": "execute_tool", "message": "Executing tool wifi-details"}
2023-07-17 22:42:29,444 - root - INFO - {"event": "execute_tool", "message": "Executing tool wifi-details"}
2023-07-17 22:42:34,848 - root - INFO - {"event": "execute_tool", "message": "Executing tool wifi-details"}
2023-07-17 22:42:36,651 - root - INFO - {"event": "execute_tool", "message": "Executing tool trusted-network-status"}
2023-07-17 22:42:39,927 - root - INFO - {"event": "execute_tool", "message": "Executing tool wifi-details"}
2023-07-17 22:42:44,994 - root - INFO - {"event": "execute_tool", "message": "Executing tool wifi-details"}
2023-07-17 22:42:50,059 - root - INFO - {"event": "execute_tool", "message": "Executing tool wifi-details"}
2023-07-17 22:42:55,449 - root - INFO - {"event": "execute_tool", "message": "Executing tool wifi-details"}
2023-07-17 22:43:00,535 - root - INFO - {"event": "execute_tool", "message": "Executing tool wifi-details"}
2023-07-17 22:43:04,438 - root - INFO - {"event": "execute_tool", "message": "Executing tool trusted-network-status"}
2023-07-17 22:43:05,604 - root - INFO - {"event": "execute_tool", "message": "Executing tool wifi-details"}
2023-07-17 22:43:11,000 - root - INFO - {"event": "execute_tool", "message": "Executing tool wifi-details"}
2023-07-17 22:43:12,388 - root - INFO - {"event": "execute_tool", "message": "Executing tool trusted-network-status"}
2023-07-17 22:43:16,120 - root - INFO - {"event": "execute_tool", "message": "Executing tool wifi-details"}
2023-07-17 22:43:21,189 - root - INFO - {"event": "execute_tool", "message": "Executing tool wifi-details"}
2023-07-17 22:43:26,285 - root - INFO - {"event": "execute_tool", "message": "Executing tool wifi-details"}
2023-07-17 22:43:31,369 - root - INFO - {"event": "execute_tool", "message": "Executing tool wifi-details"}
2023-07-17 22:43:36,442 - root - INFO - {"event": "execute_tool", "message": "Executing tool wifi-details"}
2023-07-17 22:43:41,848 - root - INFO - {"event": "execute_tool", "message": "Executing tool wifi-details"}
2023-07-17 22:43:46,948 - root - INFO - {"event": "execute_tool", "message": "Executing tool wifi-details"}
2023-07-17 22:43:52,423 - root - INFO - {"event": "execute_tool", "message": "Executing tool wifi-details"}
2023-07-17 22:43:55,700 - root - INFO - {"event": "execute_tool", "message": "Executing tool trusted-network-status"}
2023-07-17 22:43:57,532 - root - INFO - {"event": "execute_tool", "message": "Executing tool wifi-details"}
2023-07-17 22:44:00,491 - root - INFO - {"event": "execute_tool", "message": "Executing tool wifi-details"}
2023-07-17 22:44:00,621 - root - INFO - {"event": "execute_tool", "message": "Executing tool trusted-network-status"}
2023-07-17 22:44:00,625 - root - INFO - {"event": "execute_tool", "message": "Executing tool ad-status"}
2023-07-17 22:44:00,737 - root - INFO - {"event": "execute_tool", "message": "Executing tool password-data"}
2023-07-17 22:44:00,739 - root - INFO - {"event": "execute_tool", "message": "Executing tool disk-usage"}
2023-07-17 22:44:00,742 - root - INFO - {"event": "execute_tool", "message": "Executing tool last-boottime"}
2023-07-17 22:44:05,691 - root - INFO - {"event": "execute_tool", "message": "Executing tool wifi-details"}
2023-07-17 22:44:10,796 - root - INFO - {"event": "execute_tool", "message": "Executing tool wifi-details"}
2023-07-17 22:44:12,286 - root - INFO - {"event": "execute_tool", "message": "Executing tool trusted-network-status"}
2023-07-17 22:44:15,999 - root - INFO - {"event": "execute_tool", "message": "Executing tool wifi-details"}
2023-07-17 22:44:21,132 - root - INFO - {"event": "execute_tool", "message": "Executing tool wifi-details"}
2023-07-17 22:44:26,205 - root - INFO - {"event": "execute_tool", "message": "Executing tool wifi-details"}
2023-07-17 22:44:30,791 - root - INFO - {"event": "execute_tool", "message": "Executing tool trusted-network-status"}
2023-07-17 22:44:31,326 - root - INFO - {"event": "execute_tool", "message": "Executing tool wifi-details"}
2023-07-17 22:44:36,469 - root - INFO - {"event": "execute_tool", "message": "Executing tool wifi-details"}
