2023-07-16 16:53:28,430 - root - INFO - {"event": "startup", "message": "Loading tool states"}
2023-07-16 16:53:28,430 - root - INFO - {"event": "load_states", "message": "Loading states"}
2023-07-16 16:53:28,436 - root - INFO - {"event": "load_states", "message": "States loaded successfully"}
2023-07-16 16:53:28,437 - root - INFO - {"event": "startup", "message": "Adding wifi-details tool"}
2023-07-16 16:53:28,437 - root - INFO - {"event": "add_tool", "message": "Adding tool wifi-details"}
2023-07-16 16:53:28,437 - root - INFO - {"event": "add_tool", "message": "Tool wifi-details added successfully"}
2023-07-16 16:53:28,440 - root - INFO - {"event": "startup", "message": "Adding network adapters tool"}
2023-07-16 16:53:28,441 - root - INFO - {"event": "add_tool", "message": "Adding tool network-adapters"}
2023-07-16 16:53:28,441 - root - INFO - {"event": "add_tool", "message": "Tool network-adapters added successfully"}
2023-07-16 16:53:28,441 - root - INFO - {"event": "startup", "message": "Adding trusted network status tool"}
2023-07-16 16:53:28,441 - root - INFO - {"event": "add_tool", "message": "Adding tool trusted-network-status"}
2023-07-16 16:53:28,441 - root - INFO - {"event": "add_tool", "message": "Tool trusted-network-status added successfully"}
2023-07-16 16:53:28,441 - root - INFO - {"event": "startup", "message": "Adding ad status tool"}
2023-07-16 16:53:28,441 - root - INFO - {"event": "add_tool", "message": "Adding tool ad-status"}
2023-07-16 16:53:28,441 - root - INFO - {"event": "add_tool", "message": "Tool ad-status added successfully"}
2023-07-16 16:53:28,442 - root - INFO - {"event": "startup", "message": "Adding device data tool"}
2023-07-16 16:53:28,442 - root - INFO - {"event": "add_tool", "message": "Adding tool device-data"}
2023-07-16 16:53:28,442 - root - INFO - {"event": "add_tool", "message": "Tool device-data added successfully"}
2023-07-16 16:53:28,442 - root - INFO - {"event": "startup", "message": "Adding domain data tool"}
2023-07-16 16:53:28,442 - root - INFO - {"event": "add_tool", "message": "Adding tool domain-data"}
2023-07-16 16:53:28,442 - root - INFO - {"event": "add_tool", "message": "Tool domain-data added successfully"}
2023-07-16 16:53:28,442 - root - INFO - {"event": "startup", "message": "Adding password data tool"}
2023-07-16 16:53:28,442 - root - INFO - {"event": "add_tool", "message": "Adding tool password-data"}
2023-07-16 16:53:28,442 - root - INFO - {"event": "add_tool", "message": "Tool password-data added successfully"}
2023-07-16 16:53:28,442 - root - INFO - {"event": "startup", "message": "Adding disk usage tool"}
2023-07-16 16:53:28,442 - root - INFO - {"event": "add_tool", "message": "Adding tool disk-usage"}
2023-07-16 16:53:28,443 - root - INFO - {"event": "add_tool", "message": "Tool disk-usage added successfully"}
2023-07-16 16:53:28,443 - root - INFO - {"event": "startup", "message": "Adding toggle low Wi-Fi notifications tool"}
2023-07-16 16:53:28,443 - root - INFO - {"event": "add_tool", "message": "Adding tool low-wifi-notifs"}
2023-07-16 16:53:28,443 - root - INFO - {"event": "add_tool", "message": "Tool low-wifi-notifs added successfully"}
2023-07-16 16:53:28,446 - root - INFO - {"event": "execute_tool", "message": "Executing tool wifi-details"}
2023-07-16 16:53:28,642 - root - ERROR - {"event": "error", "message": "Error executing tool wifi-details", "error": "name '_assess_radio_type' is not defined"}
2023-07-16 16:53:29,658 - root - INFO - {"event": "execute_tool", "message": "Executing tool wifi-details"}
2023-07-16 16:53:30,232 - root - ERROR - {"event": "error", "message": "Error executing tool wifi-details", "error": "name '_assess_radio_type' is not defined"}
2023-07-16 16:53:31,831 - root - INFO - {"event": "execute_tool", "message": "Executing tool wifi-details"}
2023-07-16 16:53:31,957 - root - ERROR - {"event": "error", "message": "Error executing tool wifi-details", "error": "name '_assess_radio_type' is not defined"}
2023-07-16 16:53:32,980 - root - INFO - {"event": "execute_tool", "message": "Executing tool wifi-details"}
2023-07-16 16:53:33,086 - root - ERROR - {"event": "error", "message": "Error executing tool wifi-details", "error": "name '_assess_radio_type' is not defined"}
2023-07-16 16:53:35,097 - root - INFO - {"event": "execute_tool", "message": "Executing tool wifi-details"}
2023-07-16 16:53:35,219 - root - ERROR - {"event": "error", "message": "Error executing tool wifi-details", "error": "name '_assess_radio_type' is not defined"}
2023-07-16 16:53:39,225 - root - INFO - {"event": "execute_tool", "message": "Executing tool wifi-details"}
2023-07-16 16:53:39,322 - root - ERROR - {"event": "error", "message": "Error executing tool wifi-details", "error": "name '_assess_radio_type' is not defined"}
2023-07-16 17:41:51,479 - root - INFO - {"event": "execute_tool", "message": "Executing tool wifi-details"}
2023-07-16 17:41:51,553 - root - ERROR - {"event": "error", "message": "Error executing tool wifi-details", "error": "name '_assess_radio_type' is not defined"}
2023-07-16 17:41:52,562 - root - INFO - {"event": "execute_tool", "message": "Executing tool wifi-details"}
2023-07-16 17:41:52,643 - root - ERROR - {"event": "error", "message": "Error executing tool wifi-details", "error": "name '_assess_radio_type' is not defined"}
2023-07-16 17:41:54,660 - root - INFO - {"event": "execute_tool", "message": "Executing tool wifi-details"}
2023-07-16 17:41:54,746 - root - ERROR - {"event": "error", "message": "Error executing tool wifi-details", "error": "name '_assess_radio_type' is not defined"}
2023-07-16 17:41:58,753 - root - INFO - {"event": "execute_tool", "message": "Executing tool wifi-details"}
2023-07-16 17:41:58,815 - root - ERROR - {"event": "error", "message": "Error executing tool wifi-details", "error": "name '_assess_radio_type' is not defined"}
2023-07-16 17:43:25,127 - root - INFO - {"event": "execute_tool", "message": "Executing tool wifi-details"}
2023-07-16 17:43:25,191 - root - ERROR - {"event": "error", "message": "Error executing tool wifi-details", "error": "Command '['netsh', 'wlan', 'show', 'interfaces']' returned non-zero exit status 3221225786."}
