2023-07-17 22:44:43,019 - root - INFO - {"event": "startup", "message": "Loading tool states"}
2023-07-17 22:44:43,020 - root - INFO - {"event": "load_states", "message": "Loading states"}
2023-07-17 22:44:43,023 - root - INFO - {"event": "load_states", "message": "States loaded successfully"}
2023-07-17 22:44:43,024 - root - INFO - {"event": "startup", "message": "Adding wifi-details tool"}
2023-07-17 22:44:43,024 - root - INFO - {"event": "add_tool", "message": "Adding tool wifi-details"}
2023-07-17 22:44:43,024 - root - INFO - {"event": "add_tool", "message": "Tool wifi-details added successfully"}
2023-07-17 22:44:43,025 - root - INFO - {"event": "startup", "message": "Adding network adapters tool"}
2023-07-17 22:44:43,025 - root - INFO - {"event": "add_tool", "message": "Adding tool network-adapters"}
2023-07-17 22:44:43,025 - root - INFO - {"event": "add_tool", "message": "Tool network-adapters added successfully"}
2023-07-17 22:44:43,025 - root - INFO - {"event": "startup", "message": "Adding trusted network status tool"}
2023-07-17 22:44:43,025 - root - INFO - {"event": "add_tool", "message": "Adding tool trusted-network-status"}
2023-07-17 22:44:43,026 - root - INFO - {"event": "add_tool", "message": "Tool trusted-network-status added successfully"}
2023-07-17 22:44:43,026 - root - INFO - {"event": "startup", "message": "Adding ad status tool"}
2023-07-17 22:44:43,026 - root - INFO - {"event": "add_tool", "message": "Adding tool ad-status"}
2023-07-17 22:44:43,026 - root - INFO - {"event": "add_tool", "message": "Tool ad-status added successfully"}
2023-07-17 22:44:43,026 - root - INFO - {"event": "startup", "message": "Adding device data tool"}
2023-07-17 22:44:43,026 - root - INFO - {"event": "add_tool", "message": "Adding tool device-data"}
2023-07-17 22:44:43,026 - root - INFO - {"event": "add_tool", "message": "Tool device-data added successfully"}
2023-07-17 22:44:43,026 - root - INFO - {"event": "startup", "message": "Adding domain data tool"}
2023-07-17 22:44:43,027 - root - INFO - {"event": "add_tool", "message": "Adding tool domain-data"}
2023-07-17 22:44:43,027 - root - INFO - {"event": "add_tool", "message": "Tool domain-data added successfully"}
2023-07-17 22:44:43,027 - root - INFO - {"event": "startup", "message": "Adding password data tool"}
2023-07-17 22:44:43,027 - root - INFO - {"event": "add_tool", "message": "Adding tool password-data"}
2023-07-17 22:44:43,027 - root - INFO - {"event": "add_tool", "message": "Tool password-data added successfully"}
2023-07-17 22:44:43,027 - root - INFO - {"event": "startup", "message": "Adding disk usage tool"}
2023-07-17 22:44:43,028 - root - INFO - {"event": "add_tool", "message": "Adding tool disk-usage"}
2023-07-17 22:44:43,028 - root - INFO - {"event": "add_tool", "message": "Tool disk-usage added successfully"}
2023-07-17 22:44:43,028 - root - INFO - {"event": "startup", "message": "Adding toggle low Wi-Fi notifications tool"}
2023-07-17 22:44:43,028 - root - INFO - {"event": "add_tool", "message": "Adding tool low-wifi-notifs"}
2023-07-17 22:44:43,028 - root - INFO - {"event": "add_tool", "message": "Tool low-wifi-notifs added successfully"}
2023-07-17 22:44:43,028 - root - INFO - {"event": "startup", "message": "Adding get last boottime tool"}
2023-07-17 22:44:43,028 - root - INFO - {"event": "add_tool", "message": "Adding tool last-boottime"}
2023-07-17 22:44:43,029 - root - INFO - {"event": "add_tool", "message": "Tool last-boottime added successfully"}
2023-07-17 22:44:43,032 - root - INFO - {"event": "execute_tool", "message": "Executing tool wifi-details"}
2023-07-17 22:44:43,173 - root - INFO - {"event": "execute_tool", "message": "Executing tool trusted-network-status"}
2023-07-17 22:44:43,552 - root - INFO - {"event": "execute_tool", "message": "Executing tool wifi-details"}
2023-07-17 22:44:43,706 - root - INFO - {"event": "execute_tool", "message": "Executing tool trusted-network-status"}
2023-07-17 22:44:43,710 - root - INFO - {"event": "execute_tool", "message": "Executing tool ad-status"}
2023-07-17 22:44:43,858 - root - INFO - {"event": "execute_tool", "message": "Executing tool password-data"}
2023-07-17 22:44:43,862 - root - INFO - {"event": "execute_tool", "message": "Executing tool disk-usage"}
2023-07-17 22:44:44,645 - root - INFO - {"event": "execute_tool", "message": "Executing tool last-boottime"}
2023-07-17 22:44:45,664 - root - INFO - {"event": "execute_tool", "message": "Executing tool last-boottime"}
2023-07-17 22:44:47,675 - root - INFO - {"event": "execute_tool", "message": "Executing tool last-boottime"}
2023-07-17 22:44:48,718 - root - INFO - {"event": "execute_tool", "message": "Executing tool wifi-details"}
2023-07-17 22:44:51,689 - root - INFO - {"event": "execute_tool", "message": "Executing tool last-boottime"}
2023-07-17 22:44:53,818 - root - INFO - {"event": "execute_tool", "message": "Executing tool wifi-details"}
2023-07-17 22:44:58,910 - root - INFO - {"event": "execute_tool", "message": "Executing tool wifi-details"}
2023-07-17 22:45:03,986 - root - INFO - {"event": "execute_tool", "message": "Executing tool wifi-details"}
2023-07-17 22:45:09,397 - root - INFO - {"event": "execute_tool", "message": "Executing tool wifi-details"}
