2023-07-18 01:25:39,417 - root - INFO - {"event": "startup", "message": "Loading tool states"}
2023-07-18 01:25:39,417 - root - INFO - {"event": "load_states", "message": "Loading states"}
2023-07-18 01:25:39,421 - root - INFO - {"event": "load_states", "message": "States loaded successfully"}
2023-07-18 01:25:39,421 - root - INFO - {"event": "startup", "message": "Adding wifi-details tool"}
2023-07-18 01:25:39,421 - root - INFO - {"event": "add_tool", "message": "Adding tool wifi-details"}
2023-07-18 01:25:39,421 - root - INFO - {"event": "add_tool", "message": "Tool wifi-details added successfully"}
2023-07-18 01:25:39,422 - root - INFO - {"event": "startup", "message": "Adding network adapters tool"}
2023-07-18 01:25:39,422 - root - INFO - {"event": "add_tool", "message": "Adding tool network-adapters"}
2023-07-18 01:25:39,422 - root - INFO - {"event": "add_tool", "message": "Tool network-adapters added successfully"}
2023-07-18 01:25:39,422 - root - INFO - {"event": "startup", "message": "Adding trusted network status tool"}
2023-07-18 01:25:39,423 - root - INFO - {"event": "add_tool", "message": "Adding tool trusted-network-status"}
2023-07-18 01:25:39,423 - root - INFO - {"event": "add_tool", "message": "Tool trusted-network-status added successfully"}
2023-07-18 01:25:39,423 - root - INFO - {"event": "startup", "message": "Adding ad status tool"}
2023-07-18 01:25:39,423 - root - INFO - {"event": "add_tool", "message": "Adding tool ad-status"}
2023-07-18 01:25:39,423 - root - INFO - {"event": "add_tool", "message": "Tool ad-status added successfully"}
2023-07-18 01:25:39,423 - root - INFO - {"event": "startup", "message": "Adding device data tool"}
2023-07-18 01:25:39,424 - root - INFO - {"event": "add_tool", "message": "Adding tool device-data"}
2023-07-18 01:25:39,424 - root - INFO - {"event": "add_tool", "message": "Tool device-data added successfully"}
2023-07-18 01:25:39,424 - root - INFO - {"event": "startup", "message": "Adding domain data tool"}
2023-07-18 01:25:39,424 - root - INFO - {"event": "add_tool", "message": "Adding tool domain-data"}
2023-07-18 01:25:39,424 - root - INFO - {"event": "add_tool", "message": "Tool domain-data added successfully"}
2023-07-18 01:25:39,424 - root - INFO - {"event": "startup", "message": "Adding password data tool"}
2023-07-18 01:25:39,425 - root - INFO - {"event": "add_tool", "message": "Adding tool password-data"}
2023-07-18 01:25:39,425 - root - INFO - {"event": "add_tool", "message": "Tool password-data added successfully"}
2023-07-18 01:25:39,425 - root - INFO - {"event": "startup", "message": "Adding disk usage tool"}
2023-07-18 01:25:39,425 - root - INFO - {"event": "add_tool", "message": "Adding tool disk-usage"}
2023-07-18 01:25:39,425 - root - INFO - {"event": "add_tool", "message": "Tool disk-usage added successfully"}
2023-07-18 01:25:39,425 - root - INFO - {"event": "startup", "message": "Adding toggle low Wi-Fi notifications tool"}
2023-07-18 01:25:39,426 - root - INFO - {"event": "add_tool", "message": "Adding tool low-wifi-notifs"}
2023-07-18 01:25:39,426 - root - INFO - {"event": "add_tool", "message": "Tool low-wifi-notifs added successfully"}
2023-07-18 01:25:39,426 - root - INFO - {"event": "startup", "message": "Adding get last boottime tool"}
2023-07-18 01:25:39,426 - root - INFO - {"event": "add_tool", "message": "Adding tool last-boottime"}
2023-07-18 01:25:39,426 - root - INFO - {"event": "add_tool", "message": "Tool last-boottime added successfully"}
2023-07-18 01:25:39,428 - root - INFO - {"event": "execute_tool", "message": "Executing tool wifi-details"}
2023-07-18 01:25:40,441 - root - INFO - {"event": "execute_tool", "message": "Executing tool trusted-network-status"}
2023-07-18 01:25:44,559 - root - INFO - {"event": "execute_tool", "message": "Executing tool wifi-details"}
2023-07-18 01:25:49,646 - root - INFO - {"event": "execute_tool", "message": "Executing tool wifi-details"}
2023-07-18 01:25:55,175 - root - INFO - {"event": "execute_tool", "message": "Executing tool wifi-details"}
2023-07-18 01:26:00,307 - root - INFO - {"event": "execute_tool", "message": "Executing tool wifi-details"}
2023-07-18 01:26:05,753 - root - INFO - {"event": "execute_tool", "message": "Executing tool wifi-details"}
2023-07-18 01:26:10,867 - root - INFO - {"event": "execute_tool", "message": "Executing tool wifi-details"}
2023-07-18 01:26:16,328 - root - INFO - {"event": "execute_tool", "message": "Executing tool wifi-details"}
2023-07-18 01:26:21,450 - root - INFO - {"event": "execute_tool", "message": "Executing tool wifi-details"}
2023-07-18 01:26:26,555 - root - INFO - {"event": "execute_tool", "message": "Executing tool wifi-details"}
2023-07-18 01:26:28,282 - root - INFO - {"event": "execute_tool", "message": "Executing tool trusted-network-status"}
2023-07-18 01:26:31,709 - root - INFO - {"event": "execute_tool", "message": "Executing tool wifi-details"}
2023-07-18 01:26:34,990 - root - INFO - {"event": "execute_tool", "message": "Executing tool trusted-network-status"}
2023-07-18 01:26:37,442 - root - INFO - {"event": "execute_tool", "message": "Executing tool wifi-details"}
2023-07-18 01:26:37,589 - root - INFO - {"event": "execute_tool", "message": "Executing tool trusted-network-status"}
2023-07-18 01:26:37,593 - root - INFO - {"event": "execute_tool", "message": "Executing tool ad-status"}
2023-07-18 01:26:37,695 - root - INFO - {"event": "execute_tool", "message": "Executing tool password-data"}
2023-07-18 01:26:37,700 - root - INFO - {"event": "execute_tool", "message": "Executing tool disk-usage"}
2023-07-18 01:26:37,705 - root - INFO - {"event": "execute_tool", "message": "Executing tool last-boottime"}
