2023-07-17 12:43:25,911 - root - INFO - {"event": "startup", "message": "Loading tool states"}
2023-07-17 12:43:25,911 - root - INFO - {"event": "load_states", "message": "Loading states"}
2023-07-17 12:43:25,913 - root - INFO - {"event": "load_states", "message": "States loaded successfully"}
2023-07-17 12:43:25,913 - root - INFO - {"event": "startup", "message": "Adding wifi-details tool"}
2023-07-17 12:43:25,914 - root - INFO - {"event": "add_tool", "message": "Adding tool wifi-details"}
2023-07-17 12:43:25,914 - root - INFO - {"event": "add_tool", "message": "Tool wifi-details added successfully"}
2023-07-17 12:43:25,914 - root - INFO - {"event": "startup", "message": "Adding network adapters tool"}
2023-07-17 12:43:25,914 - root - INFO - {"event": "add_tool", "message": "Adding tool network-adapters"}
2023-07-17 12:43:25,914 - root - INFO - {"event": "add_tool", "message": "Tool network-adapters added successfully"}
2023-07-17 12:43:25,914 - root - INFO - {"event": "startup", "message": "Adding trusted network status tool"}
2023-07-17 12:43:25,914 - root - INFO - {"event": "add_tool", "message": "Adding tool trusted-network-status"}
2023-07-17 12:43:25,914 - root - INFO - {"event": "add_tool", "message": "Tool trusted-network-status added successfully"}
2023-07-17 12:43:25,914 - root - INFO - {"event": "startup", "message": "Adding ad status tool"}
2023-07-17 12:43:25,915 - root - INFO - {"event": "add_tool", "message": "Adding tool ad-status"}
2023-07-17 12:43:25,915 - root - INFO - {"event": "add_tool", "message": "Tool ad-status added successfully"}
2023-07-17 12:43:25,915 - root - INFO - {"event": "startup", "message": "Adding device data tool"}
2023-07-17 12:43:25,915 - root - INFO - {"event": "add_tool", "message": "Adding tool device-data"}
2023-07-17 12:43:25,915 - root - INFO - {"event": "add_tool", "message": "Tool device-data added successfully"}
2023-07-17 12:43:25,915 - root - INFO - {"event": "startup", "message": "Adding domain data tool"}
2023-07-17 12:43:25,915 - root - INFO - {"event": "add_tool", "message": "Adding tool domain-data"}
2023-07-17 12:43:25,915 - root - INFO - {"event": "add_tool", "message": "Tool domain-data added successfully"}
2023-07-17 12:43:25,915 - root - INFO - {"event": "startup", "message": "Adding password data tool"}
2023-07-17 12:43:25,915 - root - INFO - {"event": "add_tool", "message": "Adding tool password-data"}
2023-07-17 12:43:25,915 - root - INFO - {"event": "add_tool", "message": "Tool password-data added successfully"}
2023-07-17 12:43:25,915 - root - INFO - {"event": "startup", "message": "Adding disk usage tool"}
2023-07-17 12:43:25,915 - root - INFO - {"event": "add_tool", "message": "Adding tool disk-usage"}
2023-07-17 12:43:25,915 - root - INFO - {"event": "add_tool", "message": "Tool disk-usage added successfully"}
2023-07-17 12:43:25,915 - root - INFO - {"event": "startup", "message": "Adding toggle low Wi-Fi notifications tool"}
2023-07-17 12:43:25,915 - root - INFO - {"event": "add_tool", "message": "Adding tool low-wifi-notifs"}
2023-07-17 12:43:25,915 - root - INFO - {"event": "add_tool", "message": "Tool low-wifi-notifs added successfully"}
2023-07-17 12:44:07,592 - root - INFO - {"event": "execute_tool", "message": "Executing tool wifi-details"}
2023-07-17 12:44:22,305 - root - INFO - {"event": "execute_tool", "message": "Executing tool wifi-details"}
2023-07-17 12:44:27,724 - root - INFO - {"event": "execute_tool", "message": "Executing tool wifi-details"}
2023-07-17 12:44:30,103 - root - INFO - {"event": "execute_tool", "message": "Executing tool trusted-network-status"}
2023-07-17 12:44:35,028 - root - INFO - {"event": "execute_tool", "message": "Executing tool wifi-details"}
2023-07-17 12:44:40,116 - root - INFO - {"event": "execute_tool", "message": "Executing tool wifi-details"}
2023-07-17 12:44:45,502 - root - INFO - {"event": "execute_tool", "message": "Executing tool wifi-details"}
2023-07-17 12:44:50,610 - root - INFO - {"event": "execute_tool", "message": "Executing tool wifi-details"}
2023-07-17 12:44:56,041 - root - INFO - {"event": "execute_tool", "message": "Executing tool wifi-details"}
2023-07-17 12:45:01,198 - root - INFO - {"event": "execute_tool", "message": "Executing tool wifi-details"}
2023-07-17 12:45:06,611 - root - INFO - {"event": "execute_tool", "message": "Executing tool wifi-details"}
2023-07-17 12:45:11,707 - root - INFO - {"event": "execute_tool", "message": "Executing tool wifi-details"}
2023-07-17 12:45:17,095 - root - INFO - {"event": "execute_tool", "message": "Executing tool wifi-details"}
2023-07-17 12:45:22,208 - root - INFO - {"event": "execute_tool", "message": "Executing tool wifi-details"}
2023-07-17 12:45:27,680 - root - INFO - {"event": "execute_tool", "message": "Executing tool wifi-details"}
2023-07-17 12:45:32,749 - root - INFO - {"event": "execute_tool", "message": "Executing tool wifi-details"}
2023-07-17 12:45:38,136 - root - INFO - {"event": "execute_tool", "message": "Executing tool wifi-details"}
2023-07-17 12:45:43,248 - root - INFO - {"event": "execute_tool", "message": "Executing tool wifi-details"}
2023-07-17 12:45:48,671 - root - INFO - {"event": "execute_tool", "message": "Executing tool wifi-details"}
2023-07-17 12:45:53,765 - root - INFO - {"event": "execute_tool", "message": "Executing tool wifi-details"}
2023-07-17 12:45:59,155 - root - INFO - {"event": "execute_tool", "message": "Executing tool wifi-details"}
2023-07-17 12:46:04,249 - root - INFO - {"event": "execute_tool", "message": "Executing tool wifi-details"}
2023-07-17 12:46:09,647 - root - INFO - {"event": "execute_tool", "message": "Executing tool wifi-details"}
2023-07-17 12:46:14,777 - root - INFO - {"event": "execute_tool", "message": "Executing tool wifi-details"}
2023-07-17 12:46:20,196 - root - INFO - {"event": "execute_tool", "message": "Executing tool wifi-details"}
2023-07-17 12:46:25,315 - root - INFO - {"event": "execute_tool", "message": "Executing tool wifi-details"}
2023-07-17 12:46:30,712 - root - INFO - {"event": "execute_tool", "message": "Executing tool wifi-details"}
2023-07-17 12:46:35,848 - root - INFO - {"event": "execute_tool", "message": "Executing tool wifi-details"}
2023-07-17 12:46:41,263 - root - INFO - {"event": "execute_tool", "message": "Executing tool wifi-details"}
2023-07-17 12:46:46,337 - root - INFO - {"event": "execute_tool", "message": "Executing tool wifi-details"}
2023-07-17 12:46:51,744 - root - INFO - {"event": "execute_tool", "message": "Executing tool wifi-details"}
2023-07-17 12:46:56,827 - root - INFO - {"event": "execute_tool", "message": "Executing tool wifi-details"}
2023-07-17 12:47:02,230 - root - INFO - {"event": "execute_tool", "message": "Executing tool wifi-details"}
2023-07-17 12:47:07,325 - root - INFO - {"event": "execute_tool", "message": "Executing tool wifi-details"}
2023-07-17 12:47:12,742 - root - INFO - {"event": "execute_tool", "message": "Executing tool wifi-details"}
2023-07-17 12:47:17,836 - root - INFO - {"event": "execute_tool", "message": "Executing tool wifi-details"}
2023-07-17 12:47:23,336 - root - INFO - {"event": "execute_tool", "message": "Executing tool wifi-details"}
2023-07-17 12:47:28,429 - root - INFO - {"event": "execute_tool", "message": "Executing tool wifi-details"}
2023-07-17 12:47:33,534 - root - INFO - {"event": "execute_tool", "message": "Executing tool wifi-details"}
2023-07-17 12:47:39,089 - root - INFO - {"event": "execute_tool", "message": "Executing tool wifi-details"}
2023-07-17 12:47:44,190 - root - INFO - {"event": "execute_tool", "message": "Executing tool wifi-details"}
2023-07-17 12:47:49,289 - root - INFO - {"event": "execute_tool", "message": "Executing tool wifi-details"}
2023-07-17 12:47:54,501 - root - INFO - {"event": "execute_tool", "message": "Executing tool wifi-details"}
2023-07-17 12:47:59,893 - root - INFO - {"event": "execute_tool", "message": "Executing tool wifi-details"}
2023-07-17 12:48:05,025 - root - INFO - {"event": "execute_tool", "message": "Executing tool wifi-details"}
2023-07-17 12:48:10,462 - root - INFO - {"event": "execute_tool", "message": "Executing tool wifi-details"}
2023-07-17 12:48:15,565 - root - INFO - {"event": "execute_tool", "message": "Executing tool wifi-details"}
2023-07-17 12:48:20,987 - root - INFO - {"event": "execute_tool", "message": "Executing tool wifi-details"}
2023-07-17 12:48:26,080 - root - INFO - {"event": "execute_tool", "message": "Executing tool wifi-details"}
2023-07-17 12:48:31,173 - root - INFO - {"event": "execute_tool", "message": "Executing tool wifi-details"}
2023-07-17 12:48:36,271 - root - INFO - {"event": "execute_tool", "message": "Executing tool wifi-details"}
2023-07-17 12:48:41,669 - root - INFO - {"event": "execute_tool", "message": "Executing tool wifi-details"}
2023-07-17 12:48:46,741 - root - INFO - {"event": "execute_tool", "message": "Executing tool wifi-details"}
2023-07-17 12:48:51,817 - root - INFO - {"event": "execute_tool", "message": "Executing tool wifi-details"}
2023-07-17 12:48:57,196 - root - INFO - {"event": "execute_tool", "message": "Executing tool wifi-details"}
2023-07-17 12:49:02,333 - root - INFO - {"event": "execute_tool", "message": "Executing tool wifi-details"}
2023-07-17 12:49:07,429 - root - INFO - {"event": "execute_tool", "message": "Executing tool wifi-details"}
2023-07-17 12:49:12,569 - root - INFO - {"event": "execute_tool", "message": "Executing tool wifi-details"}
2023-07-17 12:49:17,958 - root - INFO - {"event": "execute_tool", "message": "Executing tool wifi-details"}
2023-07-17 12:49:23,035 - root - INFO - {"event": "execute_tool", "message": "Executing tool wifi-details"}
2023-07-17 12:49:28,109 - root - INFO - {"event": "execute_tool", "message": "Executing tool wifi-details"}
2023-07-17 12:49:33,505 - root - INFO - {"event": "execute_tool", "message": "Executing tool wifi-details"}
2023-07-17 12:49:38,592 - root - INFO - {"event": "execute_tool", "message": "Executing tool wifi-details"}
2023-07-17 12:49:44,011 - root - INFO - {"event": "execute_tool", "message": "Executing tool wifi-details"}
2023-07-17 12:49:49,122 - root - INFO - {"event": "execute_tool", "message": "Executing tool wifi-details"}
2023-07-17 12:49:54,534 - root - INFO - {"event": "execute_tool", "message": "Executing tool wifi-details"}
2023-07-17 12:49:59,611 - root - INFO - {"event": "execute_tool", "message": "Executing tool wifi-details"}
2023-07-17 12:50:05,003 - root - INFO - {"event": "execute_tool", "message": "Executing tool wifi-details"}
2023-07-17 12:50:10,081 - root - INFO - {"event": "execute_tool", "message": "Executing tool wifi-details"}
2023-07-17 12:50:15,477 - root - INFO - {"event": "execute_tool", "message": "Executing tool wifi-details"}
2023-07-17 12:50:20,569 - root - INFO - {"event": "execute_tool", "message": "Executing tool wifi-details"}
2023-07-17 12:50:25,999 - root - INFO - {"event": "execute_tool", "message": "Executing tool wifi-details"}
2023-07-17 12:50:31,103 - root - INFO - {"event": "execute_tool", "message": "Executing tool wifi-details"}
2023-07-17 12:50:36,508 - root - INFO - {"event": "execute_tool", "message": "Executing tool wifi-details"}
2023-07-17 12:50:41,621 - root - INFO - {"event": "execute_tool", "message": "Executing tool wifi-details"}
2023-07-17 12:50:47,055 - root - INFO - {"event": "execute_tool", "message": "Executing tool wifi-details"}
2023-07-17 12:50:52,188 - root - INFO - {"event": "execute_tool", "message": "Executing tool wifi-details"}
2023-07-17 12:50:57,596 - root - INFO - {"event": "execute_tool", "message": "Executing tool wifi-details"}
2023-07-17 12:51:02,707 - root - INFO - {"event": "execute_tool", "message": "Executing tool wifi-details"}
2023-07-17 12:51:08,100 - root - INFO - {"event": "execute_tool", "message": "Executing tool wifi-details"}
2023-07-17 12:51:13,211 - root - INFO - {"event": "execute_tool", "message": "Executing tool wifi-details"}
2023-07-17 12:51:18,608 - root - INFO - {"event": "execute_tool", "message": "Executing tool wifi-details"}
2023-07-17 12:51:23,695 - root - INFO - {"event": "execute_tool", "message": "Executing tool wifi-details"}
2023-07-17 12:51:29,095 - root - INFO - {"event": "execute_tool", "message": "Executing tool wifi-details"}
2023-07-17 12:51:34,192 - root - INFO - {"event": "execute_tool", "message": "Executing tool wifi-details"}
2023-07-17 12:51:39,602 - root - INFO - {"event": "execute_tool", "message": "Executing tool wifi-details"}
2023-07-17 12:51:44,690 - root - INFO - {"event": "execute_tool", "message": "Executing tool wifi-details"}
2023-07-17 12:51:50,102 - root - INFO - {"event": "execute_tool", "message": "Executing tool wifi-details"}
2023-07-17 12:51:55,182 - root - INFO - {"event": "execute_tool", "message": "Executing tool wifi-details"}
2023-07-17 12:52:00,586 - root - INFO - {"event": "execute_tool", "message": "Executing tool wifi-details"}
2023-07-17 12:52:05,670 - root - INFO - {"event": "execute_tool", "message": "Executing tool wifi-details"}
2023-07-17 12:52:11,070 - root - INFO - {"event": "execute_tool", "message": "Executing tool wifi-details"}
2023-07-17 12:52:16,203 - root - INFO - {"event": "execute_tool", "message": "Executing tool wifi-details"}
2023-07-17 12:52:21,607 - root - INFO - {"event": "execute_tool", "message": "Executing tool wifi-details"}
2023-07-17 12:52:26,686 - root - INFO - {"event": "execute_tool", "message": "Executing tool wifi-details"}
2023-07-17 12:52:32,162 - root - INFO - {"event": "execute_tool", "message": "Executing tool wifi-details"}
2023-07-17 12:52:37,281 - root - INFO - {"event": "execute_tool", "message": "Executing tool wifi-details"}
2023-07-17 12:52:42,673 - root - INFO - {"event": "execute_tool", "message": "Executing tool wifi-details"}
2023-07-17 12:52:47,775 - root - INFO - {"event": "execute_tool", "message": "Executing tool wifi-details"}
2023-07-17 12:52:53,176 - root - INFO - {"event": "execute_tool", "message": "Executing tool wifi-details"}
2023-07-17 12:52:58,321 - root - INFO - {"event": "execute_tool", "message": "Executing tool wifi-details"}
2023-07-17 12:53:03,743 - root - INFO - {"event": "execute_tool", "message": "Executing tool wifi-details"}
2023-07-17 12:53:08,857 - root - INFO - {"event": "execute_tool", "message": "Executing tool wifi-details"}
2023-07-17 12:53:14,263 - root - INFO - {"event": "execute_tool", "message": "Executing tool wifi-details"}
2023-07-17 12:53:19,365 - root - INFO - {"event": "execute_tool", "message": "Executing tool wifi-details"}
2023-07-17 12:53:24,794 - root - INFO - {"event": "execute_tool", "message": "Executing tool wifi-details"}
2023-07-17 12:53:29,872 - root - INFO - {"event": "execute_tool", "message": "Executing tool wifi-details"}
2023-07-17 12:53:35,252 - root - INFO - {"event": "execute_tool", "message": "Executing tool wifi-details"}
2023-07-17 12:53:40,343 - root - INFO - {"event": "execute_tool", "message": "Executing tool wifi-details"}
2023-07-17 12:53:45,768 - root - INFO - {"event": "execute_tool", "message": "Executing tool wifi-details"}
2023-07-17 12:53:50,868 - root - INFO - {"event": "execute_tool", "message": "Executing tool wifi-details"}
2023-07-17 12:53:56,276 - root - INFO - {"event": "execute_tool", "message": "Executing tool wifi-details"}
2023-07-17 12:54:01,363 - root - INFO - {"event": "execute_tool", "message": "Executing tool wifi-details"}
2023-07-17 12:54:06,849 - root - INFO - {"event": "execute_tool", "message": "Executing tool wifi-details"}
2023-07-17 12:54:12,109 - root - INFO - {"event": "execute_tool", "message": "Executing tool wifi-details"}
2023-07-17 12:54:17,511 - root - INFO - {"event": "execute_tool", "message": "Executing tool wifi-details"}
2023-07-17 12:54:22,593 - root - INFO - {"event": "execute_tool", "message": "Executing tool wifi-details"}
2023-07-17 12:54:27,996 - root - INFO - {"event": "execute_tool", "message": "Executing tool wifi-details"}
2023-07-17 12:54:33,084 - root - INFO - {"event": "execute_tool", "message": "Executing tool wifi-details"}
2023-07-17 12:54:38,505 - root - INFO - {"event": "execute_tool", "message": "Executing tool wifi-details"}
2023-07-17 12:54:43,621 - root - INFO - {"event": "execute_tool", "message": "Executing tool wifi-details"}
2023-07-17 12:54:49,046 - root - INFO - {"event": "execute_tool", "message": "Executing tool wifi-details"}
2023-07-17 12:54:54,131 - root - INFO - {"event": "execute_tool", "message": "Executing tool wifi-details"}
2023-07-17 12:54:59,225 - root - INFO - {"event": "execute_tool", "message": "Executing tool wifi-details"}
2023-07-17 12:55:04,618 - root - INFO - {"event": "execute_tool", "message": "Executing tool wifi-details"}
2023-07-17 12:55:09,718 - root - INFO - {"event": "execute_tool", "message": "Executing tool wifi-details"}
2023-07-17 12:55:14,832 - root - INFO - {"event": "execute_tool", "message": "Executing tool wifi-details"}
2023-07-17 12:55:20,237 - root - INFO - {"event": "execute_tool", "message": "Executing tool wifi-details"}
2023-07-17 12:55:25,330 - root - INFO - {"event": "execute_tool", "message": "Executing tool wifi-details"}
2023-07-17 12:55:30,431 - root - INFO - {"event": "execute_tool", "message": "Executing tool wifi-details"}
2023-07-17 12:55:35,836 - root - INFO - {"event": "execute_tool", "message": "Executing tool wifi-details"}
2023-07-17 12:55:40,935 - root - INFO - {"event": "execute_tool", "message": "Executing tool wifi-details"}
2023-07-17 12:55:46,354 - root - INFO - {"event": "execute_tool", "message": "Executing tool wifi-details"}
2023-07-17 12:55:51,452 - root - INFO - {"event": "execute_tool", "message": "Executing tool wifi-details"}
2023-07-17 12:55:56,857 - root - INFO - {"event": "execute_tool", "message": "Executing tool wifi-details"}
2023-07-17 12:56:01,957 - root - INFO - {"event": "execute_tool", "message": "Executing tool wifi-details"}
2023-07-17 12:56:07,376 - root - INFO - {"event": "execute_tool", "message": "Executing tool wifi-details"}
