2023-07-16 14:33:15,942 - root - INFO - {"event": "startup", "message": "Loading tool states"}
2023-07-16 14:33:15,943 - root - INFO - {"event": "load_states", "message": "Loading states"}
2023-07-16 14:33:15,945 - root - INFO - {"event": "load_states", "message": "States loaded successfully"}
2023-07-16 14:33:15,945 - root - INFO - {"event": "startup", "message": "Adding wifi-details tool"}
2023-07-16 14:33:15,945 - root - INFO - {"event": "add_tool", "message": "Adding tool wifi-details"}
2023-07-16 14:33:15,945 - root - INFO - {"event": "add_tool", "message": "Tool wifi-details added successfully"}
2023-07-16 14:33:15,946 - root - INFO - {"event": "startup", "message": "Adding network adapters tool"}
2023-07-16 14:33:15,946 - root - INFO - {"event": "add_tool", "message": "Adding tool network-adapters"}
2023-07-16 14:33:15,946 - root - INFO - {"event": "add_tool", "message": "Tool network-adapters added successfully"}
2023-07-16 14:33:15,946 - root - INFO - {"event": "startup", "message": "Adding trusted network status tool"}
2023-07-16 14:33:15,946 - root - INFO - {"event": "add_tool", "message": "Adding tool trusted-network-status"}
2023-07-16 14:33:15,946 - root - INFO - {"event": "add_tool", "message": "Tool trusted-network-status added successfully"}
2023-07-16 14:33:15,946 - root - INFO - {"event": "startup", "message": "Adding ad status tool"}
2023-07-16 14:33:15,946 - root - INFO - {"event": "add_tool", "message": "Adding tool ad-status"}
2023-07-16 14:33:15,946 - root - INFO - {"event": "add_tool", "message": "Tool ad-status added successfully"}
2023-07-16 14:33:15,946 - root - INFO - {"event": "startup", "message": "Adding device data tool"}
2023-07-16 14:33:15,947 - root - INFO - {"event": "add_tool", "message": "Adding tool device-data"}
2023-07-16 14:33:15,947 - root - INFO - {"event": "add_tool", "message": "Tool device-data added successfully"}
2023-07-16 14:33:15,947 - root - INFO - {"event": "startup", "message": "Adding domain data tool"}
2023-07-16 14:33:15,947 - root - INFO - {"event": "add_tool", "message": "Adding tool domain-data"}
2023-07-16 14:33:15,947 - root - INFO - {"event": "add_tool", "message": "Tool domain-data added successfully"}
2023-07-16 14:33:15,947 - root - INFO - {"event": "startup", "message": "Adding password data tool"}
2023-07-16 14:33:15,947 - root - INFO - {"event": "add_tool", "message": "Adding tool password-data"}
2023-07-16 14:33:15,947 - root - INFO - {"event": "add_tool", "message": "Tool password-data added successfully"}
2023-07-16 14:33:15,947 - root - INFO - {"event": "startup", "message": "Adding disk usage tool"}
2023-07-16 14:33:15,947 - root - INFO - {"event": "add_tool", "message": "Adding tool disk-usage"}
2023-07-16 14:33:15,947 - root - INFO - {"event": "add_tool", "message": "Tool disk-usage added successfully"}
2023-07-16 14:33:15,947 - root - INFO - {"event": "startup", "message": "Adding toggle low Wi-Fi notifications tool"}
2023-07-16 14:33:15,947 - root - INFO - {"event": "add_tool", "message": "Adding tool low-wifi-notifs"}
2023-07-16 14:33:15,947 - root - INFO - {"event": "add_tool", "message": "Tool low-wifi-notifs added successfully"}
2023-07-16 14:33:17,783 - root - INFO - {"event": "execute_tool", "message": "Executing tool wifi-details"}
2023-07-16 14:33:17,883 - root - ERROR - {"event": "error", "message": "Error executing tool wifi-details", "error": "name '_assess_radio_type' is not defined"}
2023-07-16 14:33:18,898 - root - INFO - {"event": "execute_tool", "message": "Executing tool wifi-details"}
2023-07-16 14:33:18,973 - root - ERROR - {"event": "error", "message": "Error executing tool wifi-details", "error": "name '_assess_radio_type' is not defined"}
2023-07-16 14:33:20,988 - root - INFO - {"event": "execute_tool", "message": "Executing tool wifi-details"}
2023-07-16 14:33:21,061 - root - ERROR - {"event": "error", "message": "Error executing tool wifi-details", "error": "name '_assess_radio_type' is not defined"}
2023-07-16 14:33:25,067 - root - INFO - {"event": "execute_tool", "message": "Executing tool wifi-details"}
2023-07-16 14:33:25,129 - root - ERROR - {"event": "error", "message": "Error executing tool wifi-details", "error": "name '_assess_radio_type' is not defined"}
2023-07-16 14:37:58,034 - root - INFO - {"event": "execute_tool", "message": "Executing tool wifi-details"}
2023-07-16 14:37:58,128 - root - ERROR - {"event": "error", "message": "Error executing tool wifi-details", "error": "name '_assess_radio_type' is not defined"}
2023-07-16 14:37:59,144 - root - INFO - {"event": "execute_tool", "message": "Executing tool wifi-details"}
2023-07-16 14:37:59,263 - root - ERROR - {"event": "error", "message": "Error executing tool wifi-details", "error": "name '_assess_radio_type' is not defined"}
2023-07-16 14:38:01,278 - root - INFO - {"event": "execute_tool", "message": "Executing tool wifi-details"}
2023-07-16 14:38:01,350 - root - ERROR - {"event": "error", "message": "Error executing tool wifi-details", "error": "name '_assess_radio_type' is not defined"}
2023-07-16 14:38:05,356 - root - INFO - {"event": "execute_tool", "message": "Executing tool wifi-details"}
2023-07-16 14:38:05,428 - root - ERROR - {"event": "error", "message": "Error executing tool wifi-details", "error": "name '_assess_radio_type' is not defined"}
