2023-07-17 12:11:01,559 - root - INFO - {"event": "startup", "message": "Loading tool states"}
2023-07-17 12:11:01,560 - root - INFO - {"event": "load_states", "message": "Loading states"}
2023-07-17 12:11:01,562 - root - INFO - {"event": "load_states", "message": "States loaded successfully"}
2023-07-17 12:11:01,562 - root - INFO - {"event": "startup", "message": "Adding wifi-details tool"}
2023-07-17 12:11:01,562 - root - INFO - {"event": "add_tool", "message": "Adding tool wifi-details"}
2023-07-17 12:11:01,562 - root - INFO - {"event": "add_tool", "message": "Tool wifi-details added successfully"}
2023-07-17 12:11:01,563 - root - INFO - {"event": "startup", "message": "Adding network adapters tool"}
2023-07-17 12:11:01,563 - root - INFO - {"event": "add_tool", "message": "Adding tool network-adapters"}
2023-07-17 12:11:01,563 - root - INFO - {"event": "add_tool", "message": "Tool network-adapters added successfully"}
2023-07-17 12:11:01,563 - root - INFO - {"event": "startup", "message": "Adding trusted network status tool"}
2023-07-17 12:11:01,563 - root - INFO - {"event": "add_tool", "message": "Adding tool trusted-network-status"}
2023-07-17 12:11:01,563 - root - INFO - {"event": "add_tool", "message": "Tool trusted-network-status added successfully"}
2023-07-17 12:11:01,563 - root - INFO - {"event": "startup", "message": "Adding ad status tool"}
2023-07-17 12:11:01,563 - root - INFO - {"event": "add_tool", "message": "Adding tool ad-status"}
2023-07-17 12:11:01,564 - root - INFO - {"event": "add_tool", "message": "Tool ad-status added successfully"}
2023-07-17 12:11:01,564 - root - INFO - {"event": "startup", "message": "Adding device data tool"}
2023-07-17 12:11:01,564 - root - INFO - {"event": "add_tool", "message": "Adding tool device-data"}
2023-07-17 12:11:01,564 - root - INFO - {"event": "add_tool", "message": "Tool device-data added successfully"}
2023-07-17 12:11:01,564 - root - INFO - {"event": "startup", "message": "Adding domain data tool"}
2023-07-17 12:11:01,564 - root - INFO - {"event": "add_tool", "message": "Adding tool domain-data"}
2023-07-17 12:11:01,564 - root - INFO - {"event": "add_tool", "message": "Tool domain-data added successfully"}
2023-07-17 12:11:01,564 - root - INFO - {"event": "startup", "message": "Adding password data tool"}
2023-07-17 12:11:01,565 - root - INFO - {"event": "add_tool", "message": "Adding tool password-data"}
2023-07-17 12:11:01,565 - root - INFO - {"event": "add_tool", "message": "Tool password-data added successfully"}
2023-07-17 12:11:01,565 - root - INFO - {"event": "startup", "message": "Adding disk usage tool"}
2023-07-17 12:11:01,565 - root - INFO - {"event": "add_tool", "message": "Adding tool disk-usage"}
2023-07-17 12:11:01,565 - root - INFO - {"event": "add_tool", "message": "Tool disk-usage added successfully"}
2023-07-17 12:11:01,565 - root - INFO - {"event": "startup", "message": "Adding toggle low Wi-Fi notifications tool"}
2023-07-17 12:11:01,565 - root - INFO - {"event": "add_tool", "message": "Adding tool low-wifi-notifs"}
2023-07-17 12:11:01,565 - root - INFO - {"event": "add_tool", "message": "Tool low-wifi-notifs added successfully"}
2023-07-17 12:11:32,070 - root - INFO - {"event": "execute_tool", "message": "Executing tool wifi-details"}
2023-07-17 12:11:37,257 - root - INFO - {"event": "execute_tool", "message": "Executing tool wifi-details"}
2023-07-17 12:11:42,670 - root - INFO - {"event": "execute_tool", "message": "Executing tool wifi-details"}
2023-07-17 12:11:47,762 - root - INFO - {"event": "execute_tool", "message": "Executing tool wifi-details"}
2023-07-17 12:11:53,184 - root - INFO - {"event": "execute_tool", "message": "Executing tool wifi-details"}
2023-07-17 12:11:58,260 - root - INFO - {"event": "execute_tool", "message": "Executing tool wifi-details"}
2023-07-17 12:12:03,333 - root - INFO - {"event": "execute_tool", "message": "Executing tool wifi-details"}
2023-07-17 12:12:08,733 - root - INFO - {"event": "execute_tool", "message": "Executing tool wifi-details"}
2023-07-17 12:12:13,828 - root - INFO - {"event": "execute_tool", "message": "Executing tool wifi-details"}
2023-07-17 12:12:19,227 - root - INFO - {"event": "execute_tool", "message": "Executing tool wifi-details"}
2023-07-17 12:12:24,360 - root - INFO - {"event": "execute_tool", "message": "Executing tool wifi-details"}
2023-07-17 12:12:29,752 - root - INFO - {"event": "execute_tool", "message": "Executing tool wifi-details"}
2023-07-17 12:12:34,843 - root - INFO - {"event": "execute_tool", "message": "Executing tool wifi-details"}
2023-07-17 12:12:40,243 - root - INFO - {"event": "execute_tool", "message": "Executing tool wifi-details"}
2023-07-17 12:12:45,347 - root - INFO - {"event": "execute_tool", "message": "Executing tool wifi-details"}
2023-07-17 12:12:50,731 - root - INFO - {"event": "execute_tool", "message": "Executing tool wifi-details"}
2023-07-17 12:12:55,809 - root - INFO - {"event": "execute_tool", "message": "Executing tool wifi-details"}
2023-07-17 12:13:01,212 - root - INFO - {"event": "execute_tool", "message": "Executing tool wifi-details"}
2023-07-17 12:13:06,295 - root - INFO - {"event": "execute_tool", "message": "Executing tool wifi-details"}
2023-07-17 12:13:11,681 - root - INFO - {"event": "execute_tool", "message": "Executing tool wifi-details"}
2023-07-17 12:13:16,801 - root - INFO - {"event": "execute_tool", "message": "Executing tool wifi-details"}
2023-07-17 12:13:21,873 - root - INFO - {"event": "execute_tool", "message": "Executing tool wifi-details"}
2023-07-17 12:13:27,312 - root - INFO - {"event": "execute_tool", "message": "Executing tool wifi-details"}
2023-07-17 12:13:32,491 - root - INFO - {"event": "execute_tool", "message": "Executing tool wifi-details"}
2023-07-17 12:13:37,890 - root - INFO - {"event": "execute_tool", "message": "Executing tool wifi-details"}
2023-07-17 12:13:42,965 - root - INFO - {"event": "execute_tool", "message": "Executing tool wifi-details"}
2023-07-17 12:13:48,376 - root - INFO - {"event": "execute_tool", "message": "Executing tool wifi-details"}
2023-07-17 12:13:53,448 - root - INFO - {"event": "execute_tool", "message": "Executing tool wifi-details"}
2023-07-17 12:13:58,972 - root - INFO - {"event": "execute_tool", "message": "Executing tool wifi-details"}
2023-07-17 12:14:35,254 - root - INFO - {"event": "execute_tool", "message": "Executing tool wifi-details"}
2023-07-17 12:14:40,408 - root - INFO - {"event": "execute_tool", "message": "Executing tool wifi-details"}
2023-07-17 12:14:45,849 - root - INFO - {"event": "execute_tool", "message": "Executing tool wifi-details"}
