2023-07-16 18:58:56,629 - root - INFO - {"event": "startup", "message": "Loading tool states"}
2023-07-16 18:58:56,629 - root - INFO - {"event": "load_states", "message": "Loading states"}
2023-07-16 18:58:56,636 - root - INFO - {"event": "load_states", "message": "States loaded successfully"}
2023-07-16 18:58:56,636 - root - INFO - {"event": "startup", "message": "Adding wifi-details tool"}
2023-07-16 18:58:56,636 - root - INFO - {"event": "add_tool", "message": "Adding tool wifi-details"}
2023-07-16 18:58:56,637 - root - INFO - {"event": "add_tool", "message": "Tool wifi-details added successfully"}
2023-07-16 18:58:56,637 - root - INFO - {"event": "startup", "message": "Adding network adapters tool"}
2023-07-16 18:58:56,637 - root - INFO - {"event": "add_tool", "message": "Adding tool network-adapters"}
2023-07-16 18:58:56,637 - root - INFO - {"event": "add_tool", "message": "Tool network-adapters added successfully"}
2023-07-16 18:58:56,637 - root - INFO - {"event": "startup", "message": "Adding trusted network status tool"}
2023-07-16 18:58:56,638 - root - INFO - {"event": "add_tool", "message": "Adding tool trusted-network-status"}
2023-07-16 18:58:56,638 - root - INFO - {"event": "add_tool", "message": "Tool trusted-network-status added successfully"}
2023-07-16 18:58:56,638 - root - INFO - {"event": "startup", "message": "Adding ad status tool"}
2023-07-16 18:58:56,638 - root - INFO - {"event": "add_tool", "message": "Adding tool ad-status"}
2023-07-16 18:58:56,638 - root - INFO - {"event": "add_tool", "message": "Tool ad-status added successfully"}
2023-07-16 18:58:56,638 - root - INFO - {"event": "startup", "message": "Adding device data tool"}
2023-07-16 18:58:56,638 - root - INFO - {"event": "add_tool", "message": "Adding tool device-data"}
2023-07-16 18:58:56,639 - root - INFO - {"event": "add_tool", "message": "Tool device-data added successfully"}
2023-07-16 18:58:56,639 - root - INFO - {"event": "startup", "message": "Adding domain data tool"}
2023-07-16 18:58:56,639 - root - INFO - {"event": "add_tool", "message": "Adding tool domain-data"}
2023-07-16 18:58:56,639 - root - INFO - {"event": "add_tool", "message": "Tool domain-data added successfully"}
2023-07-16 18:58:56,639 - root - INFO - {"event": "startup", "message": "Adding password data tool"}
2023-07-16 18:58:56,639 - root - INFO - {"event": "add_tool", "message": "Adding tool password-data"}
2023-07-16 18:58:56,639 - root - INFO - {"event": "add_tool", "message": "Tool password-data added successfully"}
2023-07-16 18:58:56,639 - root - INFO - {"event": "startup", "message": "Adding disk usage tool"}
2023-07-16 18:58:56,640 - root - INFO - {"event": "add_tool", "message": "Adding tool disk-usage"}
2023-07-16 18:58:56,640 - root - INFO - {"event": "add_tool", "message": "Tool disk-usage added successfully"}
2023-07-16 18:58:56,640 - root - INFO - {"event": "startup", "message": "Adding toggle low Wi-Fi notifications tool"}
2023-07-16 18:58:56,640 - root - INFO - {"event": "add_tool", "message": "Adding tool low-wifi-notifs"}
2023-07-16 18:58:56,640 - root - INFO - {"event": "add_tool", "message": "Tool low-wifi-notifs added successfully"}
2023-07-16 18:59:07,191 - root - INFO - {"event": "execute_tool", "message": "Executing tool wifi-details"}
2023-07-16 18:59:18,755 - root - INFO - {"event": "execute_tool", "message": "Executing tool wifi-details"}
2023-07-16 19:03:14,781 - root - INFO - {"event": "execute_tool", "message": "Executing tool wifi-details"}
2023-07-16 19:03:17,791 - root - INFO - {"event": "execute_tool", "message": "Executing tool wifi-details"}
2023-07-16 19:03:28,474 - root - INFO - {"event": "execute_tool", "message": "Executing tool wifi-details"}
2023-07-16 19:04:00,237 - root - INFO - {"event": "execute_tool", "message": "Executing tool wifi-details"}
2023-07-16 19:09:00,742 - root - INFO - {"event": "execute_tool", "message": "Executing tool wifi-details"}
2023-07-16 19:14:01,162 - root - INFO - {"event": "execute_tool", "message": "Executing tool wifi-details"}
2023-07-16 19:19:01,579 - root - INFO - {"event": "execute_tool", "message": "Executing tool wifi-details"}
2023-07-16 19:24:02,688 - root - INFO - {"event": "execute_tool", "message": "Executing tool wifi-details"}
2023-07-16 19:28:45,643 - root - INFO - {"event": "execute_tool", "message": "Executing tool wifi-details"}
2023-07-16 19:30:58,619 - root - INFO - {"event": "execute_tool", "message": "Executing tool wifi-details"}
2023-07-16 19:32:19,293 - root - INFO - {"event": "execute_tool", "message": "Executing tool wifi-details"}
2023-07-16 19:37:04,541 - root - INFO - {"event": "execute_tool", "message": "Executing tool wifi-details"}
2023-07-16 19:37:14,245 - root - INFO - {"event": "execute_tool", "message": "Executing tool wifi-details"}
2023-07-16 19:37:18,645 - root - INFO - {"event": "execute_tool", "message": "Executing tool wifi-details"}
2023-07-16 19:38:26,817 - root - INFO - {"event": "execute_tool", "message": "Executing tool wifi-details"}
2023-07-16 19:39:57,300 - root - INFO - {"event": "execute_tool", "message": "Executing tool wifi-details"}
2023-07-16 19:41:53,344 - root - INFO - {"event": "execute_tool", "message": "Executing tool wifi-details"}
2023-07-16 19:41:53,415 - root - INFO - {"event": "execute_tool", "message": "Executing tool trusted-network-status"}
2023-07-16 19:41:53,417 - root - INFO - {"event": "execute_tool", "message": "Executing tool ad-status"}
2023-07-16 19:41:53,494 - root - INFO - {"event": "execute_tool", "message": "Executing tool password-data"}
2023-07-16 19:41:53,496 - root - INFO - {"event": "execute_tool", "message": "Executing tool disk-usage"}
2023-07-16 19:46:56,310 - root - INFO - {"event": "execute_tool", "message": "Executing tool wifi-details"}
2023-07-16 19:51:56,703 - root - INFO - {"event": "execute_tool", "message": "Executing tool wifi-details"}
2023-07-16 19:56:16,071 - root - INFO - {"event": "execute_tool", "message": "Executing tool wifi-details"}
2023-07-16 19:56:22,911 - root - INFO - {"event": "execute_tool", "message": "Executing tool wifi-details"}
2023-07-16 19:58:47,312 - root - INFO - {"event": "execute_tool", "message": "Executing tool wifi-details"}
2023-07-16 20:01:11,736 - root - INFO - {"event": "execute_tool", "message": "Executing tool wifi-details"}
2023-07-16 20:08:05,310 - root - INFO - {"event": "execute_tool", "message": "Executing tool wifi-details"}
2023-07-16 20:13:05,794 - root - INFO - {"event": "execute_tool", "message": "Executing tool wifi-details"}
2023-07-16 20:16:37,084 - root - INFO - {"event": "execute_tool", "message": "Executing tool wifi-details"}
2023-07-16 20:16:42,098 - root - INFO - {"event": "execute_tool", "message": "Executing tool wifi-details"}
2023-07-16 20:16:57,324 - root - INFO - {"event": "execute_tool", "message": "Executing tool wifi-details"}
2023-07-16 20:18:59,848 - root - INFO - {"event": "execute_tool", "message": "Executing tool trusted-network-status"}
2023-07-16 20:18:59,851 - root - INFO - {"event": "execute_tool", "message": "Executing tool wifi-details"}
2023-07-16 20:23:57,079 - root - INFO - {"event": "execute_tool", "message": "Executing tool wifi-details"}
2023-07-16 20:23:59,935 - root - INFO - {"event": "execute_tool", "message": "Executing tool wifi-details"}
2023-07-16 20:24:07,759 - root - INFO - {"event": "execute_tool", "message": "Executing tool wifi-details"}
2023-07-16 20:24:19,845 - root - INFO - {"event": "execute_tool", "message": "Executing tool wifi-details"}
2023-07-16 20:24:28,909 - root - INFO - {"event": "execute_tool", "message": "Executing tool wifi-details"}
2023-07-16 20:24:35,028 - root - INFO - {"event": "execute_tool", "message": "Executing tool wifi-details"}
2023-07-16 20:24:36,809 - root - INFO - {"event": "execute_tool", "message": "Executing tool wifi-details"}
2023-07-16 20:24:57,222 - root - INFO - {"event": "execute_tool", "message": "Executing tool wifi-details"}
2023-07-16 20:25:34,781 - root - INFO - {"event": "execute_tool", "message": "Executing tool wifi-details"}
2023-07-16 20:28:54,024 - root - INFO - {"event": "execute_tool", "message": "Executing tool wifi-details"}
2023-07-16 20:29:02,286 - root - INFO - {"event": "execute_tool", "message": "Executing tool wifi-details"}
2023-07-16 20:32:33,635 - root - INFO - {"event": "execute_tool", "message": "Executing tool wifi-details"}
2023-07-16 20:32:45,348 - root - INFO - {"event": "execute_tool", "message": "Executing tool wifi-details"}
2023-07-16 20:32:49,671 - root - INFO - {"event": "execute_tool", "message": "Executing tool wifi-details"}
2023-07-16 20:32:56,449 - root - INFO - {"event": "execute_tool", "message": "Executing tool wifi-details"}
2023-07-16 20:33:09,305 - root - INFO - {"event": "execute_tool", "message": "Executing tool wifi-details"}
2023-07-16 20:33:15,121 - root - INFO - {"event": "execute_tool", "message": "Executing tool wifi-details"}
2023-07-16 20:33:23,375 - root - INFO - {"event": "execute_tool", "message": "Executing tool wifi-details"}
2023-07-16 20:33:32,464 - root - INFO - {"event": "execute_tool", "message": "Executing tool wifi-details"}
2023-07-16 20:33:32,626 - root - INFO - {"event": "execute_tool", "message": "Executing tool trusted-network-status"}
2023-07-16 20:34:25,166 - root - INFO - {"event": "execute_tool", "message": "Executing tool wifi-details"}
2023-07-16 20:34:25,264 - root - INFO - {"event": "execute_tool", "message": "Executing tool trusted-network-status"}
2023-07-16 20:34:41,053 - root - INFO - {"event": "execute_tool", "message": "Executing tool wifi-details"}
2023-07-16 20:34:41,834 - root - INFO - {"event": "execute_tool", "message": "Executing tool trusted-network-status"}
2023-07-16 20:34:42,701 - root - INFO - {"event": "execute_tool", "message": "Executing tool ad-status"}
2023-07-16 20:34:42,770 - root - INFO - {"event": "execute_tool", "message": "Executing tool password-data"}
2023-07-16 20:34:51,446 - root - INFO - {"event": "execute_tool", "message": "Executing tool wifi-details"}
2023-07-16 20:35:22,424 - root - INFO - {"event": "execute_tool", "message": "Executing tool wifi-details"}
2023-07-16 20:35:23,927 - root - INFO - {"event": "execute_tool", "message": "Executing tool trusted-network-status"}
2023-07-16 20:35:30,156 - root - INFO - {"event": "execute_tool", "message": "Executing tool wifi-details"}
2023-07-16 20:35:30,236 - root - INFO - {"event": "execute_tool", "message": "Executing tool trusted-network-status"}
2023-07-16 20:35:36,364 - root - INFO - {"event": "execute_tool", "message": "Executing tool wifi-details"}
2023-07-16 20:35:36,993 - root - INFO - {"event": "execute_tool", "message": "Executing tool trusted-network-status"}
2023-07-16 20:35:44,804 - root - INFO - {"event": "execute_tool", "message": "Executing tool trusted-network-status"}
2023-07-16 20:35:50,425 - root - INFO - {"event": "execute_tool", "message": "Executing tool wifi-details"}
2023-07-16 20:35:51,591 - root - INFO - {"event": "execute_tool", "message": "Executing tool trusted-network-status"}
2023-07-16 20:35:57,600 - root - INFO - {"event": "execute_tool", "message": "Executing tool wifi-details"}
2023-07-16 20:36:07,124 - root - INFO - {"event": "execute_tool", "message": "Executing tool wifi-details"}
2023-07-16 20:36:18,299 - root - INFO - {"event": "execute_tool", "message": "Executing tool ad-status"}
2023-07-16 20:36:18,367 - root - INFO - {"event": "execute_tool", "message": "Executing tool password-data"}
2023-07-16 20:36:18,368 - root - INFO - {"event": "execute_tool", "message": "Executing tool trusted-network-status"}
2023-07-16 20:36:18,370 - root - INFO - {"event": "execute_tool", "message": "Executing tool wifi-details"}
2023-07-16 20:36:22,921 - root - INFO - {"event": "execute_tool", "message": "Executing tool wifi-details"}
2023-07-16 20:36:23,472 - root - INFO - {"event": "execute_tool", "message": "Executing tool trusted-network-status"}
2023-07-16 20:36:23,884 - root - INFO - {"event": "execute_tool", "message": "Executing tool ad-status"}
2023-07-16 20:36:23,961 - root - INFO - {"event": "execute_tool", "message": "Executing tool password-data"}
2023-07-16 20:36:25,024 - root - INFO - {"event": "execute_tool", "message": "Executing tool disk-usage"}
2023-07-16 20:36:46,058 - root - INFO - {"event": "execute_tool", "message": "Executing tool wifi-details"}
2023-07-16 20:36:49,304 - root - INFO - {"event": "execute_tool", "message": "Executing tool wifi-details"}
2023-07-16 20:36:50,909 - root - INFO - {"event": "execute_tool", "message": "Executing tool trusted-network-status"}
2023-07-16 20:36:51,993 - root - INFO - {"event": "execute_tool", "message": "Executing tool password-data"}
2023-07-16 20:36:57,602 - root - INFO - {"event": "execute_tool", "message": "Executing tool wifi-details"}
2023-07-16 20:37:09,924 - root - INFO - {"event": "execute_tool", "message": "Executing tool wifi-details"}
2023-07-16 20:38:15,600 - root - INFO - {"event": "execute_tool", "message": "Executing tool wifi-details"}
2023-07-16 20:38:16,963 - root - INFO - {"event": "execute_tool", "message": "Executing tool trusted-network-status"}
2023-07-16 20:38:18,357 - root - INFO - {"event": "execute_tool", "message": "Executing tool ad-status"}
2023-07-16 20:38:18,422 - root - INFO - {"event": "execute_tool", "message": "Executing tool password-data"}
2023-07-16 20:38:20,299 - root - INFO - {"event": "execute_tool", "message": "Executing tool disk-usage"}
2023-07-16 20:38:32,206 - root - INFO - {"event": "execute_tool", "message": "Executing tool wifi-details"}
2023-07-16 20:38:34,362 - root - INFO - {"event": "execute_tool", "message": "Executing tool trusted-network-status"}
2023-07-16 20:38:37,572 - root - INFO - {"event": "execute_tool", "message": "Executing tool wifi-details"}
2023-07-16 20:38:46,415 - root - INFO - {"event": "execute_tool", "message": "Executing tool wifi-details"}
2023-07-16 20:38:47,336 - root - INFO - {"event": "execute_tool", "message": "Executing tool trusted-network-status"}
2023-07-16 20:38:53,850 - root - INFO - {"event": "execute_tool", "message": "Executing tool trusted-network-status"}
2023-07-16 20:38:54,395 - root - INFO - {"event": "execute_tool", "message": "Executing tool wifi-details"}
2023-07-16 20:39:04,330 - root - INFO - {"event": "execute_tool", "message": "Executing tool wifi-details"}
2023-07-16 20:39:56,413 - root - INFO - {"event": "execute_tool", "message": "Executing tool wifi-details"}
