2023-07-10 14:06:27,618 - root - INFO - {"event": "startup", "message": "Loading tool states"}
2023-07-10 14:06:27,618 - root - INFO - {"event": "load_states", "message": "Loading states"}
2023-07-10 14:06:27,626 - root - INFO - {"event": "load_states", "message": "States loaded successfully"}
2023-07-10 14:06:27,626 - root - INFO - {"event": "startup", "message": "Adding wifi-details tool"}
2023-07-10 14:06:27,626 - root - INFO - {"event": "add_tool", "message": "Adding tool wifi-details"}
2023-07-10 14:06:27,627 - root - INFO - {"event": "add_tool", "message": "Tool wifi-details added successfully"}
2023-07-10 14:06:27,627 - root - INFO - {"event": "startup", "message": "Adding network adapters tool"}
2023-07-10 14:06:27,627 - root - INFO - {"event": "add_tool", "message": "Adding tool network-adapters"}
2023-07-10 14:06:27,627 - root - INFO - {"event": "add_tool", "message": "Tool network-adapters added successfully"}
2023-07-10 14:06:27,627 - root - INFO - {"event": "startup", "message": "Adding trusted network status tool"}
2023-07-10 14:06:27,627 - root - INFO - {"event": "add_tool", "message": "Adding tool trusted-network-status"}
2023-07-10 14:06:27,627 - root - INFO - {"event": "add_tool", "message": "Tool trusted-network-status added successfully"}
2023-07-10 14:06:27,627 - root - INFO - {"event": "startup", "message": "Adding ad status tool"}
2023-07-10 14:06:27,627 - root - INFO - {"event": "add_tool", "message": "Adding tool ad-status"}
2023-07-10 14:06:27,627 - root - INFO - {"event": "add_tool", "message": "Tool ad-status added successfully"}
2023-07-10 14:06:27,628 - root - INFO - {"event": "startup", "message": "Adding device data tool"}
2023-07-10 14:06:27,628 - root - INFO - {"event": "add_tool", "message": "Adding tool device-data"}
2023-07-10 14:06:27,628 - root - INFO - {"event": "add_tool", "message": "Tool device-data added successfully"}
2023-07-10 14:06:27,628 - root - INFO - {"event": "startup", "message": "Adding domain data tool"}
2023-07-10 14:06:27,628 - root - INFO - {"event": "add_tool", "message": "Adding tool domain-data"}
2023-07-10 14:06:27,628 - root - INFO - {"event": "add_tool", "message": "Tool domain-data added successfully"}
2023-07-10 14:06:27,628 - root - INFO - {"event": "startup", "message": "Adding password data tool"}
2023-07-10 14:06:27,628 - root - INFO - {"event": "add_tool", "message": "Adding tool password-data"}
2023-07-10 14:06:27,628 - root - INFO - {"event": "add_tool", "message": "Tool password-data added successfully"}
2023-07-10 14:06:27,628 - root - INFO - {"event": "startup", "message": "Adding disk usage tool"}
2023-07-10 14:06:27,628 - root - INFO - {"event": "add_tool", "message": "Adding tool disk-usage"}
2023-07-10 14:06:27,628 - root - INFO - {"event": "add_tool", "message": "Tool disk-usage added successfully"}
2023-07-10 14:06:27,628 - root - INFO - {"event": "startup", "message": "Adding toggle low Wi-Fi notifications tool"}
2023-07-10 14:06:27,628 - root - INFO - {"event": "add_tool", "message": "Adding tool low-wifi-notifs"}
2023-07-10 14:06:27,628 - root - INFO - {"event": "add_tool", "message": "Tool low-wifi-notifs added successfully"}
2023-07-10 14:06:48,181 - root - INFO - {"event": "execute_tool", "message": "Executing tool wifi-details"}
2023-07-10 14:06:48,310 - root - INFO - {"event": "execute_tool", "message": "Executing tool disk-usage"}
2023-07-10 14:06:48,314 - root - INFO - {"event": "execute_tool", "message": "Executing tool ad-status"}
2023-07-10 14:06:48,388 - root - INFO - {"event": "execute_tool", "message": "Executing tool password-data"}
2023-07-10 14:06:48,389 - root - INFO - {"event": "execute_tool", "message": "Executing tool trusted-network-status"}
2023-07-10 14:06:54,677 - root - INFO - {"event": "execute_tool", "message": "Executing tool wifi-details"}
2023-07-10 14:06:54,800 - root - INFO - {"event": "execute_tool", "message": "Executing tool trusted-network-status"}
2023-07-10 14:07:01,720 - root - INFO - {"event": "execute_tool", "message": "Executing tool network-adapters"}
2023-07-10 14:07:22,881 - root - INFO - {"event": "execute_tool", "message": "Executing tool wifi-details"}
2023-07-10 14:07:23,036 - root - INFO - {"event": "execute_tool", "message": "Executing tool trusted-network-status"}
2023-07-10 14:12:23,355 - root - INFO - {"event": "execute_tool", "message": "Executing tool trusted-network-status"}
2023-07-10 14:12:23,356 - root - INFO - {"event": "execute_tool", "message": "Executing tool wifi-details"}
2023-07-10 14:15:58,038 - root - INFO - {"event": "execute_tool", "message": "Executing tool wifi-details"}
2023-07-10 14:15:58,123 - root - INFO - {"event": "execute_tool", "message": "Executing tool trusted-network-status"}
2023-07-10 14:16:48,401 - root - INFO - {"event": "execute_tool", "message": "Executing tool ad-status"}
2023-07-10 14:20:58,447 - root - INFO - {"event": "execute_tool", "message": "Executing tool trusted-network-status"}
2023-07-10 14:20:58,454 - root - INFO - {"event": "execute_tool", "message": "Executing tool wifi-details"}
2023-07-10 14:25:58,784 - root - INFO - {"event": "execute_tool", "message": "Executing tool trusted-network-status"}
2023-07-10 14:25:58,788 - root - INFO - {"event": "execute_tool", "message": "Executing tool wifi-details"}
2023-07-10 14:26:48,623 - root - INFO - {"event": "execute_tool", "message": "Executing tool ad-status"}
2023-07-10 14:30:59,119 - root - INFO - {"event": "execute_tool", "message": "Executing tool trusted-network-status"}
2023-07-10 14:30:59,121 - root - INFO - {"event": "execute_tool", "message": "Executing tool wifi-details"}
2023-07-10 14:35:59,449 - root - INFO - {"event": "execute_tool", "message": "Executing tool trusted-network-status"}
2023-07-10 14:35:59,452 - root - INFO - {"event": "execute_tool", "message": "Executing tool wifi-details"}
2023-07-10 14:36:48,707 - root - INFO - {"event": "execute_tool", "message": "Executing tool ad-status"}
2023-07-10 14:40:59,776 - root - INFO - {"event": "execute_tool", "message": "Executing tool trusted-network-status"}
2023-07-10 14:40:59,778 - root - INFO - {"event": "execute_tool", "message": "Executing tool wifi-details"}
2023-07-10 14:46:00,174 - root - INFO - {"event": "execute_tool", "message": "Executing tool trusted-network-status"}
2023-07-10 14:46:00,228 - root - INFO - {"event": "execute_tool", "message": "Executing tool wifi-details"}
2023-07-10 14:46:48,794 - root - INFO - {"event": "execute_tool", "message": "Executing tool ad-status"}
2023-07-10 14:51:00,575 - root - INFO - {"event": "execute_tool", "message": "Executing tool trusted-network-status"}
2023-07-10 14:51:00,717 - root - INFO - {"event": "execute_tool", "message": "Executing tool wifi-details"}
2023-07-10 14:52:14,199 - root - INFO - {"event": "execute_tool", "message": "Executing tool wifi-details"}
2023-07-10 14:52:14,308 - root - INFO - {"event": "execute_tool", "message": "Executing tool trusted-network-status"}
2023-07-10 14:56:49,192 - root - INFO - {"event": "execute_tool", "message": "Executing tool ad-status"}
2023-07-10 14:57:14,328 - root - INFO - {"event": "execute_tool", "message": "Executing tool trusted-network-status"}
2023-07-10 14:57:14,330 - root - INFO - {"event": "execute_tool", "message": "Executing tool wifi-details"}
2023-07-10 15:02:14,664 - root - INFO - {"event": "execute_tool", "message": "Executing tool trusted-network-status"}
2023-07-10 15:02:14,667 - root - INFO - {"event": "execute_tool", "message": "Executing tool wifi-details"}
2023-07-10 15:06:48,643 - root - INFO - {"event": "execute_tool", "message": "Executing tool disk-usage"}
2023-07-10 15:06:49,258 - root - INFO - {"event": "execute_tool", "message": "Executing tool ad-status"}
2023-07-10 15:07:14,683 - root - INFO - {"event": "execute_tool", "message": "Executing tool trusted-network-status"}
2023-07-10 15:07:14,789 - root - INFO - {"event": "execute_tool", "message": "Executing tool wifi-details"}
2023-07-10 15:12:15,135 - root - INFO - {"event": "execute_tool", "message": "Executing tool trusted-network-status"}
2023-07-10 15:12:15,828 - root - INFO - {"event": "execute_tool", "message": "Executing tool wifi-details"}
2023-07-10 15:16:50,134 - root - INFO - {"event": "execute_tool", "message": "Executing tool ad-status"}
2023-07-10 15:17:15,818 - root - INFO - {"event": "execute_tool", "message": "Executing tool trusted-network-status"}
2023-07-10 15:17:16,814 - root - INFO - {"event": "execute_tool", "message": "Executing tool wifi-details"}
2023-07-10 15:22:17,143 - root - INFO - {"event": "execute_tool", "message": "Executing tool trusted-network-status"}
2023-07-10 15:22:17,821 - root - INFO - {"event": "execute_tool", "message": "Executing tool wifi-details"}
2023-07-10 15:26:51,136 - root - INFO - {"event": "execute_tool", "message": "Executing tool ad-status"}
2023-07-10 15:27:17,816 - root - INFO - {"event": "execute_tool", "message": "Executing tool trusted-network-status"}
2023-07-10 15:27:18,824 - root - INFO - {"event": "execute_tool", "message": "Executing tool wifi-details"}
2023-07-10 15:32:19,128 - root - INFO - {"event": "execute_tool", "message": "Executing tool trusted-network-status"}
2023-07-10 15:32:19,824 - root - INFO - {"event": "execute_tool", "message": "Executing tool wifi-details"}
2023-07-10 15:36:52,133 - root - INFO - {"event": "execute_tool", "message": "Executing tool ad-status"}
2023-07-10 15:37:19,820 - root - INFO - {"event": "execute_tool", "message": "Executing tool trusted-network-status"}
2023-07-10 15:37:20,827 - root - INFO - {"event": "execute_tool", "message": "Executing tool wifi-details"}
2023-07-10 15:42:21,136 - root - INFO - {"event": "execute_tool", "message": "Executing tool trusted-network-status"}
2023-07-10 15:42:21,830 - root - INFO - {"event": "execute_tool", "message": "Executing tool wifi-details"}
2023-07-10 15:46:53,133 - root - INFO - {"event": "execute_tool", "message": "Executing tool ad-status"}
2023-07-10 15:47:21,829 - root - INFO - {"event": "execute_tool", "message": "Executing tool trusted-network-status"}
2023-07-10 15:47:22,819 - root - INFO - {"event": "execute_tool", "message": "Executing tool wifi-details"}
2023-07-10 15:51:41,592 - root - INFO - {"event": "execute_tool", "message": "Executing tool wifi-details"}
2023-07-10 15:51:41,830 - root - INFO - {"event": "execute_tool", "message": "Executing tool trusted-network-status"}
2023-07-10 15:56:42,198 - root - INFO - {"event": "execute_tool", "message": "Executing tool trusted-network-status"}
2023-07-10 15:56:42,202 - root - INFO - {"event": "execute_tool", "message": "Executing tool wifi-details"}
2023-07-10 15:56:53,205 - root - INFO - {"event": "execute_tool", "message": "Executing tool ad-status"}
2023-07-10 16:01:42,531 - root - INFO - {"event": "execute_tool", "message": "Executing tool trusted-network-status"}
2023-07-10 16:01:42,533 - root - INFO - {"event": "execute_tool", "message": "Executing tool wifi-details"}
2023-07-10 16:06:42,859 - root - INFO - {"event": "execute_tool", "message": "Executing tool trusted-network-status"}
2023-07-10 16:06:42,864 - root - INFO - {"event": "execute_tool", "message": "Executing tool wifi-details"}
2023-07-10 16:06:48,664 - root - INFO - {"event": "execute_tool", "message": "Executing tool disk-usage"}
2023-07-10 16:06:53,305 - root - INFO - {"event": "execute_tool", "message": "Executing tool ad-status"}
2023-07-10 16:11:43,188 - root - INFO - {"event": "execute_tool", "message": "Executing tool trusted-network-status"}
2023-07-10 16:11:43,190 - root - INFO - {"event": "execute_tool", "message": "Executing tool wifi-details"}
2023-07-10 16:15:39,009 - root - INFO - {"event": "execute_tool", "message": "Executing tool wifi-details"}
2023-07-10 16:15:39,099 - root - INFO - {"event": "execute_tool", "message": "Executing tool trusted-network-status"}
2023-07-10 16:15:52,852 - root - INFO - {"event": "execute_tool", "message": "Executing tool wifi-details"}
2023-07-10 16:15:52,955 - root - INFO - {"event": "execute_tool", "message": "Executing tool trusted-network-status"}
2023-07-10 16:15:52,957 - root - INFO - {"event": "execute_tool", "message": "Executing tool ad-status"}
2023-07-10 16:15:53,043 - root - INFO - {"event": "execute_tool", "message": "Executing tool password-data"}
2023-07-10 16:15:53,048 - root - INFO - {"event": "execute_tool", "message": "Executing tool disk-usage"}
2023-07-10 16:16:00,203 - root - INFO - {"event": "execute_tool", "message": "Executing tool wifi-details"}
2023-07-10 16:16:00,272 - root - INFO - {"event": "execute_tool", "message": "Executing tool trusted-network-status"}
2023-07-10 16:16:14,119 - root - INFO - {"event": "execute_tool", "message": "Executing tool ad-status"}
2023-07-10 16:16:14,194 - root - INFO - {"event": "execute_tool", "message": "Executing tool trusted-network-status"}
2023-07-10 16:16:14,195 - root - INFO - {"event": "execute_tool", "message": "Executing tool wifi-details"}
2023-07-10 16:16:14,271 - root - INFO - {"event": "execute_tool", "message": "Executing tool password-data"}
2023-07-10 16:16:14,272 - root - INFO - {"event": "execute_tool", "message": "Executing tool disk-usage"}
2023-07-10 16:17:43,352 - root - INFO - {"event": "execute_tool", "message": "Executing tool wifi-details"}
2023-07-10 16:17:43,439 - root - INFO - {"event": "execute_tool", "message": "Executing tool trusted-network-status"}
2023-07-10 16:17:47,967 - root - INFO - {"event": "execute_tool", "message": "Executing tool wifi-details"}
2023-07-10 16:17:48,071 - root - INFO - {"event": "execute_tool", "message": "Executing tool ad-status"}
2023-07-10 16:17:48,140 - root - INFO - {"event": "execute_tool", "message": "Executing tool trusted-network-status"}
2023-07-10 16:17:48,142 - root - INFO - {"event": "execute_tool", "message": "Executing tool password-data"}
2023-07-10 16:17:48,149 - root - INFO - {"event": "execute_tool", "message": "Executing tool disk-usage"}
2023-07-10 16:19:53,328 - root - INFO - {"event": "execute_tool", "message": "Executing tool wifi-details"}
2023-07-10 16:19:53,449 - root - INFO - {"event": "execute_tool", "message": "Executing tool trusted-network-status"}
2023-07-10 16:19:57,041 - root - INFO - {"event": "execute_tool", "message": "Executing tool wifi-details"}
2023-07-10 16:19:57,158 - root - INFO - {"event": "execute_tool", "message": "Executing tool trusted-network-status"}
2023-07-10 16:19:57,159 - root - INFO - {"event": "execute_tool", "message": "Executing tool ad-status"}
2023-07-10 16:19:57,278 - root - INFO - {"event": "execute_tool", "message": "Executing tool password-data"}
2023-07-10 16:19:57,280 - root - INFO - {"event": "execute_tool", "message": "Executing tool disk-usage"}
2023-07-10 16:20:21,770 - root - INFO - {"event": "execute_tool", "message": "Executing tool wifi-details"}
2023-07-10 16:20:21,880 - root - INFO - {"event": "execute_tool", "message": "Executing tool trusted-network-status"}
2023-07-10 16:20:24,043 - root - INFO - {"event": "execute_tool", "message": "Executing tool wifi-details"}
2023-07-10 16:20:24,218 - root - INFO - {"event": "execute_tool", "message": "Executing tool trusted-network-status"}
2023-07-10 16:20:24,221 - root - INFO - {"event": "execute_tool", "message": "Executing tool ad-status"}
2023-07-10 16:20:24,305 - root - INFO - {"event": "execute_tool", "message": "Executing tool password-data"}
2023-07-10 16:20:24,307 - root - INFO - {"event": "execute_tool", "message": "Executing tool disk-usage"}
2023-07-10 16:20:27,192 - root - INFO - {"event": "execute_tool", "message": "Executing tool wifi-details"}
2023-07-10 16:20:27,285 - root - INFO - {"event": "execute_tool", "message": "Executing tool trusted-network-status"}
2023-07-10 16:20:27,287 - root - INFO - {"event": "execute_tool", "message": "Executing tool disk-usage"}
2023-07-10 16:20:27,289 - root - INFO - {"event": "execute_tool", "message": "Executing tool ad-status"}
2023-07-10 16:20:27,362 - root - INFO - {"event": "execute_tool", "message": "Executing tool password-data"}
2023-07-10 16:20:29,486 - root - INFO - {"event": "execute_tool", "message": "Executing tool wifi-details"}
2023-07-10 16:20:29,577 - root - INFO - {"event": "execute_tool", "message": "Executing tool password-data"}
2023-07-10 16:20:29,578 - root - INFO - {"event": "execute_tool", "message": "Executing tool disk-usage"}
2023-07-10 16:20:29,580 - root - INFO - {"event": "execute_tool", "message": "Executing tool ad-status"}
2023-07-10 16:20:29,670 - root - INFO - {"event": "execute_tool", "message": "Executing tool trusted-network-status"}
2023-07-10 16:20:47,422 - root - INFO - {"event": "execute_tool", "message": "Executing tool wifi-details"}
2023-07-10 16:20:47,577 - root - INFO - {"event": "execute_tool", "message": "Executing tool trusted-network-status"}
2023-07-10 16:20:50,873 - root - INFO - {"event": "execute_tool", "message": "Executing tool wifi-details"}
2023-07-10 16:20:51,022 - root - INFO - {"event": "execute_tool", "message": "Executing tool trusted-network-status"}
2023-07-10 16:20:51,023 - root - INFO - {"event": "execute_tool", "message": "Executing tool ad-status"}
2023-07-10 16:20:51,135 - root - INFO - {"event": "execute_tool", "message": "Executing tool password-data"}
2023-07-10 16:20:51,140 - root - INFO - {"event": "execute_tool", "message": "Executing tool disk-usage"}
2023-07-10 16:21:01,068 - root - INFO - {"event": "execute_tool", "message": "Executing tool wifi-details"}
2023-07-10 16:21:01,420 - root - INFO - {"event": "execute_tool", "message": "Executing tool trusted-network-status"}
2023-07-10 16:21:04,430 - root - INFO - {"event": "execute_tool", "message": "Executing tool wifi-details"}
2023-07-10 16:21:04,584 - root - INFO - {"event": "execute_tool", "message": "Executing tool trusted-network-status"}
2023-07-10 16:21:04,587 - root - INFO - {"event": "execute_tool", "message": "Executing tool ad-status"}
2023-07-10 16:21:04,704 - root - INFO - {"event": "execute_tool", "message": "Executing tool password-data"}
2023-07-10 16:21:04,706 - root - INFO - {"event": "execute_tool", "message": "Executing tool disk-usage"}
2023-07-10 16:21:07,983 - root - INFO - {"event": "execute_tool", "message": "Executing tool wifi-details"}
2023-07-10 16:21:08,094 - root - INFO - {"event": "execute_tool", "message": "Executing tool trusted-network-status"}
2023-07-10 16:21:08,096 - root - INFO - {"event": "execute_tool", "message": "Executing tool disk-usage"}
2023-07-10 16:21:08,097 - root - INFO - {"event": "execute_tool", "message": "Executing tool ad-status"}
2023-07-10 16:21:08,202 - root - INFO - {"event": "execute_tool", "message": "Executing tool password-data"}
2023-07-10 16:21:18,194 - root - INFO - {"event": "execute_tool", "message": "Executing tool wifi-details"}
2023-07-10 16:21:18,311 - root - INFO - {"event": "execute_tool", "message": "Executing tool trusted-network-status"}
2023-07-10 16:21:20,061 - root - INFO - {"event": "execute_tool", "message": "Executing tool wifi-details"}
2023-07-10 16:21:20,186 - root - INFO - {"event": "execute_tool", "message": "Executing tool trusted-network-status"}
2023-07-10 16:21:20,187 - root - INFO - {"event": "execute_tool", "message": "Executing tool ad-status"}
2023-07-10 16:21:20,282 - root - INFO - {"event": "execute_tool", "message": "Executing tool password-data"}
2023-07-10 16:21:20,284 - root - INFO - {"event": "execute_tool", "message": "Executing tool disk-usage"}
2023-07-10 16:21:23,524 - root - INFO - {"event": "execute_tool", "message": "Executing tool wifi-details"}
2023-07-10 16:21:23,620 - root - INFO - {"event": "execute_tool", "message": "Executing tool ad-status"}
2023-07-10 16:21:23,681 - root - INFO - {"event": "execute_tool", "message": "Executing tool disk-usage"}
2023-07-10 16:21:23,682 - root - INFO - {"event": "execute_tool", "message": "Executing tool trusted-network-status"}
2023-07-10 16:21:23,683 - root - INFO - {"event": "execute_tool", "message": "Executing tool password-data"}
2023-07-10 16:21:26,022 - root - INFO - {"event": "execute_tool", "message": "Executing tool wifi-details"}
2023-07-10 16:21:26,121 - root - INFO - {"event": "execute_tool", "message": "Executing tool trusted-network-status"}
2023-07-10 16:21:26,123 - root - INFO - {"event": "execute_tool", "message": "Executing tool disk-usage"}
2023-07-10 16:21:26,124 - root - INFO - {"event": "execute_tool", "message": "Executing tool ad-status"}
2023-07-10 16:21:26,203 - root - INFO - {"event": "execute_tool", "message": "Executing tool password-data"}
2023-07-10 16:21:50,365 - root - INFO - {"event": "execute_tool", "message": "Executing tool wifi-details"}
2023-07-10 16:21:50,470 - root - INFO - {"event": "execute_tool", "message": "Executing tool trusted-network-status"}
2023-07-10 16:22:06,782 - root - INFO - {"event": "execute_tool", "message": "Executing tool disk-usage"}
2023-07-10 16:22:06,784 - root - INFO - {"event": "execute_tool", "message": "Executing tool trusted-network-status"}
2023-07-10 16:22:06,786 - root - INFO - {"event": "execute_tool", "message": "Executing tool wifi-details"}
2023-07-10 16:22:06,900 - root - INFO - {"event": "execute_tool", "message": "Executing tool ad-status"}
2023-07-10 16:22:06,954 - root - INFO - {"event": "execute_tool", "message": "Executing tool password-data"}
2023-07-10 16:24:19,233 - root - INFO - {"event": "execute_tool", "message": "Executing tool wifi-details"}
2023-07-10 16:24:19,628 - root - INFO - {"event": "execute_tool", "message": "Executing tool trusted-network-status"}
2023-07-10 16:24:23,289 - root - INFO - {"event": "execute_tool", "message": "Executing tool wifi-details"}
2023-07-10 16:24:23,509 - root - INFO - {"event": "execute_tool", "message": "Executing tool trusted-network-status"}
2023-07-10 16:24:23,511 - root - INFO - {"event": "execute_tool", "message": "Executing tool ad-status"}
2023-07-10 16:24:23,724 - root - INFO - {"event": "execute_tool", "message": "Executing tool password-data"}
2023-07-10 16:24:23,726 - root - INFO - {"event": "execute_tool", "message": "Executing tool disk-usage"}
2023-07-10 16:24:31,756 - root - INFO - {"event": "execute_tool", "message": "Executing tool wifi-details"}
2023-07-10 16:24:31,828 - root - INFO - {"event": "execute_tool", "message": "Executing tool trusted-network-status"}
2023-07-10 16:24:40,718 - root - INFO - {"event": "execute_tool", "message": "Executing tool wifi-details"}
2023-07-10 16:24:40,781 - root - INFO - {"event": "execute_tool", "message": "Executing tool trusted-network-status"}
2023-07-10 16:24:53,136 - root - INFO - {"event": "execute_tool", "message": "Executing tool trusted-network-status"}
2023-07-10 16:24:53,137 - root - INFO - {"event": "execute_tool", "message": "Executing tool wifi-details"}
2023-07-10 16:24:53,232 - root - INFO - {"event": "execute_tool", "message": "Executing tool password-data"}
2023-07-10 16:24:53,234 - root - INFO - {"event": "execute_tool", "message": "Executing tool ad-status"}
2023-07-10 16:24:53,325 - root - INFO - {"event": "execute_tool", "message": "Executing tool disk-usage"}
2023-07-10 16:25:08,117 - root - INFO - {"event": "execute_tool", "message": "Executing tool ad-status"}
2023-07-10 16:25:08,196 - root - INFO - {"event": "execute_tool", "message": "Executing tool password-data"}
2023-07-10 16:25:08,197 - root - INFO - {"event": "execute_tool", "message": "Executing tool wifi-details"}
2023-07-10 16:25:08,273 - root - INFO - {"event": "execute_tool", "message": "Executing tool disk-usage"}
2023-07-10 16:25:08,274 - root - INFO - {"event": "execute_tool", "message": "Executing tool trusted-network-status"}
2023-07-10 16:27:35,778 - root - INFO - {"event": "execute_tool", "message": "Executing tool wifi-details"}
2023-07-10 16:27:35,915 - root - INFO - {"event": "execute_tool", "message": "Executing tool trusted-network-status"}
2023-07-10 16:27:40,246 - root - INFO - {"event": "execute_tool", "message": "Executing tool wifi-details"}
2023-07-10 16:27:40,406 - root - INFO - {"event": "execute_tool", "message": "Executing tool trusted-network-status"}
2023-07-10 16:27:40,409 - root - INFO - {"event": "execute_tool", "message": "Executing tool ad-status"}
2023-07-10 16:27:40,538 - root - INFO - {"event": "execute_tool", "message": "Executing tool password-data"}
2023-07-10 16:27:40,542 - root - INFO - {"event": "execute_tool", "message": "Executing tool disk-usage"}
2023-07-10 16:32:40,743 - root - INFO - {"event": "execute_tool", "message": "Executing tool trusted-network-status"}
2023-07-10 16:32:40,745 - root - INFO - {"event": "execute_tool", "message": "Executing tool wifi-details"}
2023-07-10 16:37:40,940 - root - INFO - {"event": "execute_tool", "message": "Executing tool ad-status"}
2023-07-10 16:37:41,018 - root - INFO - {"event": "execute_tool", "message": "Executing tool trusted-network-status"}
2023-07-10 16:37:41,020 - root - INFO - {"event": "execute_tool", "message": "Executing tool wifi-details"}
2023-07-10 16:42:41,354 - root - INFO - {"event": "execute_tool", "message": "Executing tool trusted-network-status"}
2023-07-10 16:42:41,361 - root - INFO - {"event": "execute_tool", "message": "Executing tool wifi-details"}
2023-07-10 16:47:41,335 - root - INFO - {"event": "execute_tool", "message": "Executing tool ad-status"}
2023-07-10 16:47:41,392 - root - INFO - {"event": "execute_tool", "message": "Executing tool trusted-network-status"}
2023-07-10 16:47:41,460 - root - INFO - {"event": "execute_tool", "message": "Executing tool wifi-details"}
2023-07-10 16:50:30,259 - root - INFO - {"event": "execute_tool", "message": "Executing tool wifi-details"}
2023-07-10 16:50:30,398 - root - INFO - {"event": "execute_tool", "message": "Executing tool trusted-network-status"}
2023-07-10 16:55:30,728 - root - INFO - {"event": "execute_tool", "message": "Executing tool trusted-network-status"}
2023-07-10 16:55:30,730 - root - INFO - {"event": "execute_tool", "message": "Executing tool wifi-details"}
2023-07-10 16:57:41,727 - root - INFO - {"event": "execute_tool", "message": "Executing tool ad-status"}
2023-07-10 17:00:31,066 - root - INFO - {"event": "execute_tool", "message": "Executing tool trusted-network-status"}
2023-07-10 17:00:31,070 - root - INFO - {"event": "execute_tool", "message": "Executing tool wifi-details"}
2023-07-10 17:05:31,395 - root - INFO - {"event": "execute_tool", "message": "Executing tool trusted-network-status"}
2023-07-10 17:05:31,397 - root - INFO - {"event": "execute_tool", "message": "Executing tool wifi-details"}
2023-07-10 17:07:42,199 - root - INFO - {"event": "execute_tool", "message": "Executing tool ad-status"}
2023-07-10 17:10:31,718 - root - INFO - {"event": "execute_tool", "message": "Executing tool trusted-network-status"}
2023-07-10 17:10:31,719 - root - INFO - {"event": "execute_tool", "message": "Executing tool wifi-details"}
2023-07-10 17:15:32,041 - root - INFO - {"event": "execute_tool", "message": "Executing tool trusted-network-status"}
2023-07-10 17:15:32,043 - root - INFO - {"event": "execute_tool", "message": "Executing tool wifi-details"}
2023-07-10 17:17:42,577 - root - INFO - {"event": "execute_tool", "message": "Executing tool ad-status"}
2023-07-10 17:20:32,366 - root - INFO - {"event": "execute_tool", "message": "Executing tool trusted-network-status"}
2023-07-10 17:20:32,369 - root - INFO - {"event": "execute_tool", "message": "Executing tool wifi-details"}
2023-07-10 17:25:32,687 - root - INFO - {"event": "execute_tool", "message": "Executing tool trusted-network-status"}
2023-07-10 17:25:32,689 - root - INFO - {"event": "execute_tool", "message": "Executing tool wifi-details"}
2023-07-10 17:27:40,948 - root - INFO - {"event": "execute_tool", "message": "Executing tool disk-usage"}
2023-07-10 17:27:42,640 - root - INFO - {"event": "execute_tool", "message": "Executing tool ad-status"}
2023-07-10 17:29:38,981 - root - INFO - {"event": "execute_tool", "message": "Executing tool wifi-details"}
2023-07-10 17:29:39,081 - root - INFO - {"event": "execute_tool", "message": "Executing tool trusted-network-status"}
2023-07-10 17:34:39,416 - root - INFO - {"event": "execute_tool", "message": "Executing tool wifi-details"}
2023-07-10 17:34:39,499 - root - INFO - {"event": "execute_tool", "message": "Executing tool trusted-network-status"}
2023-07-10 17:36:40,554 - root - INFO - {"event": "execute_tool", "message": "Executing tool wifi-details"}
2023-07-10 17:36:40,675 - root - INFO - {"event": "execute_tool", "message": "Executing tool trusted-network-status"}
2023-07-10 17:37:43,072 - root - INFO - {"event": "execute_tool", "message": "Executing tool ad-status"}
2023-07-10 17:38:24,710 - root - INFO - {"event": "execute_tool", "message": "Executing tool wifi-details"}
2023-07-10 17:38:24,807 - root - INFO - {"event": "execute_tool", "message": "Executing tool trusted-network-status"}
2023-07-10 17:41:02,386 - root - INFO - {"event": "execute_tool", "message": "Executing tool wifi-details"}
2023-07-10 17:41:02,501 - root - INFO - {"event": "execute_tool", "message": "Executing tool password-data"}
2023-07-10 17:41:02,502 - root - INFO - {"event": "execute_tool", "message": "Executing tool trusted-network-status"}
2023-07-10 17:41:02,503 - root - INFO - {"event": "execute_tool", "message": "Executing tool disk-usage"}
2023-07-10 17:41:02,504 - root - INFO - {"event": "execute_tool", "message": "Executing tool ad-status"}
2023-07-10 17:44:37,061 - root - INFO - {"event": "execute_tool", "message": "Executing tool wifi-details"}
2023-07-10 17:44:37,202 - root - INFO - {"event": "execute_tool", "message": "Executing tool trusted-network-status"}
2023-07-10 17:44:40,959 - root - INFO - {"event": "execute_tool", "message": "Executing tool wifi-details"}
2023-07-10 17:44:41,103 - root - INFO - {"event": "execute_tool", "message": "Executing tool ad-status"}
2023-07-10 17:44:41,213 - root - INFO - {"event": "execute_tool", "message": "Executing tool trusted-network-status"}
2023-07-10 17:44:41,215 - root - INFO - {"event": "execute_tool", "message": "Executing tool password-data"}
2023-07-10 17:44:41,217 - root - INFO - {"event": "execute_tool", "message": "Executing tool disk-usage"}
2023-07-10 17:46:02,568 - root - INFO - {"event": "execute_tool", "message": "Executing tool wifi-details"}
2023-07-10 17:46:02,649 - root - INFO - {"event": "execute_tool", "message": "Executing tool trusted-network-status"}
2023-07-10 17:46:35,421 - root - INFO - {"event": "execute_tool", "message": "Executing tool wifi-details"}
2023-07-10 17:46:35,525 - root - INFO - {"event": "execute_tool", "message": "Executing tool trusted-network-status"}
2023-07-10 17:46:39,067 - root - INFO - {"event": "execute_tool", "message": "Executing tool wifi-details"}
2023-07-10 17:46:39,317 - root - INFO - {"event": "execute_tool", "message": "Executing tool trusted-network-status"}
2023-07-10 17:46:39,321 - root - INFO - {"event": "execute_tool", "message": "Executing tool ad-status"}
2023-07-10 17:46:39,439 - root - INFO - {"event": "execute_tool", "message": "Executing tool password-data"}
2023-07-10 17:46:39,441 - root - INFO - {"event": "execute_tool", "message": "Executing tool disk-usage"}
2023-07-10 17:47:06,563 - root - INFO - {"event": "execute_tool", "message": "Executing tool wifi-details"}
2023-07-10 17:47:06,942 - root - INFO - {"event": "execute_tool", "message": "Executing tool trusted-network-status"}
2023-07-10 17:47:11,334 - root - INFO - {"event": "execute_tool", "message": "Executing tool wifi-details"}
2023-07-10 17:47:11,477 - root - INFO - {"event": "execute_tool", "message": "Executing tool trusted-network-status"}
2023-07-10 17:47:11,481 - root - INFO - {"event": "execute_tool", "message": "Executing tool ad-status"}
2023-07-10 17:47:11,581 - root - INFO - {"event": "execute_tool", "message": "Executing tool password-data"}
2023-07-10 17:47:11,583 - root - INFO - {"event": "execute_tool", "message": "Executing tool disk-usage"}
2023-07-10 17:47:16,614 - root - INFO - {"event": "execute_tool", "message": "Executing tool wifi-details"}
2023-07-10 17:47:16,846 - root - INFO - {"event": "execute_tool", "message": "Executing tool trusted-network-status"}
2023-07-10 17:47:21,845 - root - INFO - {"event": "execute_tool", "message": "Executing tool wifi-details"}
2023-07-10 17:47:22,071 - root - INFO - {"event": "execute_tool", "message": "Executing tool ad-status"}
2023-07-10 17:47:22,193 - root - INFO - {"event": "execute_tool", "message": "Executing tool password-data"}
2023-07-10 17:47:22,195 - root - INFO - {"event": "execute_tool", "message": "Executing tool disk-usage"}
2023-07-10 17:47:22,197 - root - INFO - {"event": "execute_tool", "message": "Executing tool trusted-network-status"}
2023-07-10 17:47:30,021 - root - INFO - {"event": "execute_tool", "message": "Executing tool wifi-details"}
2023-07-10 17:47:30,368 - root - INFO - {"event": "execute_tool", "message": "Executing tool trusted-network-status"}
2023-07-10 17:47:53,477 - root - INFO - {"event": "execute_tool", "message": "Executing tool wifi-details"}
2023-07-10 17:47:53,594 - root - INFO - {"event": "execute_tool", "message": "Executing tool ad-status"}
2023-07-10 17:47:53,681 - root - INFO - {"event": "execute_tool", "message": "Executing tool trusted-network-status"}
2023-07-10 17:47:53,682 - root - INFO - {"event": "execute_tool", "message": "Executing tool password-data"}
2023-07-10 17:47:53,685 - root - INFO - {"event": "execute_tool", "message": "Executing tool disk-usage"}
2023-07-10 17:49:17,868 - root - INFO - {"event": "execute_tool", "message": "Executing tool wifi-details"}
2023-07-10 17:49:17,960 - root - INFO - {"event": "execute_tool", "message": "Executing tool trusted-network-status"}
2023-07-10 17:50:52,436 - root - INFO - {"event": "execute_tool", "message": "Executing tool wifi-details"}
2023-07-10 17:50:52,637 - root - INFO - {"event": "execute_tool", "message": "Executing tool trusted-network-status"}
2023-07-10 17:50:57,773 - root - INFO - {"event": "execute_tool", "message": "Executing tool wifi-details"}
2023-07-10 17:50:57,955 - root - INFO - {"event": "execute_tool", "message": "Executing tool trusted-network-status"}
2023-07-10 17:50:57,961 - root - INFO - {"event": "execute_tool", "message": "Executing tool ad-status"}
2023-07-10 17:50:58,112 - root - INFO - {"event": "execute_tool", "message": "Executing tool disk-usage"}
2023-07-10 17:50:58,113 - root - INFO - {"event": "execute_tool", "message": "Executing tool password-data"}
2023-07-10 17:51:12,940 - root - INFO - {"event": "execute_tool", "message": "Executing tool wifi-details"}
2023-07-10 17:51:13,491 - root - INFO - {"event": "execute_tool", "message": "Executing tool trusted-network-status"}
2023-07-10 17:51:19,126 - root - INFO - {"event": "execute_tool", "message": "Executing tool wifi-details"}
2023-07-10 17:51:19,225 - root - INFO - {"event": "execute_tool", "message": "Executing tool trusted-network-status"}
2023-07-10 17:51:19,226 - root - INFO - {"event": "execute_tool", "message": "Executing tool ad-status"}
2023-07-10 17:51:19,333 - root - INFO - {"event": "execute_tool", "message": "Executing tool disk-usage"}
2023-07-10 17:51:19,335 - root - INFO - {"event": "execute_tool", "message": "Executing tool password-data"}
2023-07-10 17:51:39,333 - root - INFO - {"event": "execute_tool", "message": "Executing tool wifi-details"}
2023-07-10 17:51:39,675 - root - INFO - {"event": "execute_tool", "message": "Executing tool trusted-network-status"}
2023-07-10 17:51:43,879 - root - INFO - {"event": "execute_tool", "message": "Executing tool wifi-details"}
2023-07-10 17:51:43,999 - root - INFO - {"event": "execute_tool", "message": "Executing tool trusted-network-status"}
2023-07-10 17:51:44,002 - root - INFO - {"event": "execute_tool", "message": "Executing tool ad-status"}
2023-07-10 17:51:44,105 - root - INFO - {"event": "execute_tool", "message": "Executing tool password-data"}
2023-07-10 17:51:44,107 - root - INFO - {"event": "execute_tool", "message": "Executing tool disk-usage"}
2023-07-10 17:52:37,356 - root - INFO - {"event": "execute_tool", "message": "Executing tool wifi-details"}
2023-07-10 17:52:37,540 - root - INFO - {"event": "execute_tool", "message": "Executing tool trusted-network-status"}
2023-07-10 17:52:43,292 - root - INFO - {"event": "execute_tool", "message": "Executing tool wifi-details"}
2023-07-10 17:52:43,423 - root - INFO - {"event": "execute_tool", "message": "Executing tool trusted-network-status"}
2023-07-10 17:52:43,427 - root - INFO - {"event": "execute_tool", "message": "Executing tool ad-status"}
2023-07-10 17:52:43,553 - root - INFO - {"event": "execute_tool", "message": "Executing tool password-data"}
2023-07-10 17:52:43,556 - root - INFO - {"event": "execute_tool", "message": "Executing tool disk-usage"}
2023-07-10 17:54:48,059 - root - INFO - {"event": "execute_tool", "message": "Executing tool wifi-details"}
2023-07-10 17:54:48,204 - root - INFO - {"event": "execute_tool", "message": "Executing tool trusted-network-status"}
2023-07-10 17:54:54,846 - root - INFO - {"event": "execute_tool", "message": "Executing tool wifi-details"}
2023-07-10 17:54:54,984 - root - INFO - {"event": "execute_tool", "message": "Executing tool trusted-network-status"}
2023-07-10 17:54:54,989 - root - INFO - {"event": "execute_tool", "message": "Executing tool ad-status"}
2023-07-10 17:54:55,134 - root - INFO - {"event": "execute_tool", "message": "Executing tool password-data"}
2023-07-10 17:54:55,138 - root - INFO - {"event": "execute_tool", "message": "Executing tool disk-usage"}
2023-07-10 17:55:08,433 - root - INFO - {"event": "execute_tool", "message": "Executing tool wifi-details"}
2023-07-10 17:55:08,664 - root - INFO - {"event": "execute_tool", "message": "Executing tool trusted-network-status"}
2023-07-10 17:55:14,061 - root - INFO - {"event": "execute_tool", "message": "Executing tool wifi-details"}
2023-07-10 17:55:14,217 - root - INFO - {"event": "execute_tool", "message": "Executing tool trusted-network-status"}
2023-07-10 17:55:14,221 - root - INFO - {"event": "execute_tool", "message": "Executing tool ad-status"}
2023-07-10 17:55:14,356 - root - INFO - {"event": "execute_tool", "message": "Executing tool password-data"}
2023-07-10 17:55:14,359 - root - INFO - {"event": "execute_tool", "message": "Executing tool disk-usage"}
2023-07-10 17:55:24,477 - root - INFO - {"event": "execute_tool", "message": "Executing tool wifi-details"}
2023-07-10 17:55:24,723 - root - INFO - {"event": "execute_tool", "message": "Executing tool trusted-network-status"}
2023-07-10 17:55:27,522 - root - INFO - {"event": "execute_tool", "message": "Executing tool wifi-details"}
2023-07-10 17:55:27,649 - root - INFO - {"event": "execute_tool", "message": "Executing tool trusted-network-status"}
2023-07-10 17:55:27,650 - root - INFO - {"event": "execute_tool", "message": "Executing tool ad-status"}
2023-07-10 17:55:27,746 - root - INFO - {"event": "execute_tool", "message": "Executing tool password-data"}
2023-07-10 17:55:27,748 - root - INFO - {"event": "execute_tool", "message": "Executing tool disk-usage"}
