2023-07-17 18:54:52,114 - root - INFO - {"event": "startup", "message": "Loading tool states"}
2023-07-17 18:54:52,114 - root - INFO - {"event": "load_states", "message": "Loading states"}
2023-07-17 18:54:52,117 - root - INFO - {"event": "load_states", "message": "States loaded successfully"}
2023-07-17 18:54:52,117 - root - INFO - {"event": "startup", "message": "Adding wifi-details tool"}
2023-07-17 18:54:52,118 - root - INFO - {"event": "add_tool", "message": "Adding tool wifi-details"}
2023-07-17 18:54:52,118 - root - INFO - {"event": "add_tool", "message": "Tool wifi-details added successfully"}
2023-07-17 18:54:52,120 - root - INFO - {"event": "startup", "message": "Adding network adapters tool"}
2023-07-17 18:54:52,120 - root - INFO - {"event": "add_tool", "message": "Adding tool network-adapters"}
2023-07-17 18:54:52,120 - root - INFO - {"event": "add_tool", "message": "Tool network-adapters added successfully"}
2023-07-17 18:54:52,120 - root - INFO - {"event": "startup", "message": "Adding trusted network status tool"}
2023-07-17 18:54:52,120 - root - INFO - {"event": "add_tool", "message": "Adding tool trusted-network-status"}
2023-07-17 18:54:52,120 - root - INFO - {"event": "add_tool", "message": "Tool trusted-network-status added successfully"}
2023-07-17 18:54:52,120 - root - INFO - {"event": "startup", "message": "Adding ad status tool"}
2023-07-17 18:54:52,120 - root - INFO - {"event": "add_tool", "message": "Adding tool ad-status"}
2023-07-17 18:54:52,120 - root - INFO - {"event": "add_tool", "message": "Tool ad-status added successfully"}
2023-07-17 18:54:52,120 - root - INFO - {"event": "startup", "message": "Adding device data tool"}
2023-07-17 18:54:52,120 - root - INFO - {"event": "add_tool", "message": "Adding tool device-data"}
2023-07-17 18:54:52,120 - root - INFO - {"event": "add_tool", "message": "Tool device-data added successfully"}
2023-07-17 18:54:52,120 - root - INFO - {"event": "startup", "message": "Adding domain data tool"}
2023-07-17 18:54:52,120 - root - INFO - {"event": "add_tool", "message": "Adding tool domain-data"}
2023-07-17 18:54:52,121 - root - INFO - {"event": "add_tool", "message": "Tool domain-data added successfully"}
2023-07-17 18:54:52,121 - root - INFO - {"event": "startup", "message": "Adding password data tool"}
2023-07-17 18:54:52,121 - root - INFO - {"event": "add_tool", "message": "Adding tool password-data"}
2023-07-17 18:54:52,121 - root - INFO - {"event": "add_tool", "message": "Tool password-data added successfully"}
2023-07-17 18:54:52,121 - root - INFO - {"event": "startup", "message": "Adding disk usage tool"}
2023-07-17 18:54:52,121 - root - INFO - {"event": "add_tool", "message": "Adding tool disk-usage"}
2023-07-17 18:54:52,121 - root - INFO - {"event": "add_tool", "message": "Tool disk-usage added successfully"}
2023-07-17 18:54:52,121 - root - INFO - {"event": "startup", "message": "Adding toggle low Wi-Fi notifications tool"}
2023-07-17 18:54:52,121 - root - INFO - {"event": "add_tool", "message": "Adding tool low-wifi-notifs"}
2023-07-17 18:54:52,121 - root - INFO - {"event": "add_tool", "message": "Tool low-wifi-notifs added successfully"}
2023-07-17 18:54:52,125 - root - INFO - {"event": "get_tools", "message": "Returned 1 tools"}
2023-07-17 18:54:52,127 - root - INFO - {"event": "execute_tool", "message": "Executing tool trusted-network-status"}
2023-07-17 18:54:53,001 - root - INFO - {"event": "execute_tool", "message": "Executing tool wifi-details"}
2023-07-17 18:54:53,112 - root - ERROR - {"event": "error", "message": "Error executing tool wifi-details", "error": "name '_assess_signal_quality' is not defined"}
2023-07-17 18:54:53,114 - root - INFO - {"event": "execute_tool", "message": "Executing tool trusted-network-status"}
2023-07-17 18:54:53,116 - root - INFO - {"event": "execute_tool", "message": "Executing tool ad-status"}
2023-07-17 18:54:53,206 - root - INFO - {"event": "execute_tool", "message": "Executing tool password-data"}
2023-07-17 18:54:53,208 - root - INFO - {"event": "execute_tool", "message": "Executing tool disk-usage"}
2023-07-17 18:54:54,135 - root - INFO - {"event": "execute_tool", "message": "Executing tool wifi-details"}
2023-07-17 18:54:54,203 - root - ERROR - {"event": "error", "message": "Error executing tool wifi-details", "error": "name '_assess_signal_quality' is not defined"}
2023-07-17 18:54:56,209 - root - INFO - {"event": "execute_tool", "message": "Executing tool wifi-details"}
2023-07-17 18:54:56,284 - root - ERROR - {"event": "error", "message": "Error executing tool wifi-details", "error": "name '_assess_signal_quality' is not defined"}
2023-07-17 18:55:00,295 - root - INFO - {"event": "execute_tool", "message": "Executing tool wifi-details"}
2023-07-17 18:55:00,391 - root - ERROR - {"event": "error", "message": "Error executing tool wifi-details", "error": "name '_assess_signal_quality' is not defined"}
