2023-07-16 20:57:11,408 - root - INFO - {"event": "startup", "message": "Loading tool states"}
2023-07-16 20:57:11,408 - root - INFO - {"event": "load_states", "message": "Loading states"}
2023-07-16 20:57:11,410 - root - INFO - {"event": "load_states", "message": "States loaded successfully"}
2023-07-16 20:57:11,410 - root - INFO - {"event": "startup", "message": "Adding wifi-details tool"}
2023-07-16 20:57:11,410 - root - INFO - {"event": "add_tool", "message": "Adding tool wifi-details"}
2023-07-16 20:57:11,410 - root - INFO - {"event": "add_tool", "message": "Tool wifi-details added successfully"}
2023-07-16 20:57:11,410 - root - INFO - {"event": "startup", "message": "Adding network adapters tool"}
2023-07-16 20:57:11,411 - root - INFO - {"event": "add_tool", "message": "Adding tool network-adapters"}
2023-07-16 20:57:11,411 - root - INFO - {"event": "add_tool", "message": "Tool network-adapters added successfully"}
2023-07-16 20:57:11,411 - root - INFO - {"event": "startup", "message": "Adding trusted network status tool"}
2023-07-16 20:57:11,411 - root - INFO - {"event": "add_tool", "message": "Adding tool trusted-network-status"}
2023-07-16 20:57:11,411 - root - INFO - {"event": "add_tool", "message": "Tool trusted-network-status added successfully"}
2023-07-16 20:57:11,411 - root - INFO - {"event": "startup", "message": "Adding ad status tool"}
2023-07-16 20:57:11,411 - root - INFO - {"event": "add_tool", "message": "Adding tool ad-status"}
2023-07-16 20:57:11,411 - root - INFO - {"event": "add_tool", "message": "Tool ad-status added successfully"}
2023-07-16 20:57:11,411 - root - INFO - {"event": "startup", "message": "Adding device data tool"}
2023-07-16 20:57:11,411 - root - INFO - {"event": "add_tool", "message": "Adding tool device-data"}
2023-07-16 20:57:11,411 - root - INFO - {"event": "add_tool", "message": "Tool device-data added successfully"}
2023-07-16 20:57:11,411 - root - INFO - {"event": "startup", "message": "Adding domain data tool"}
2023-07-16 20:57:11,411 - root - INFO - {"event": "add_tool", "message": "Adding tool domain-data"}
2023-07-16 20:57:11,412 - root - INFO - {"event": "add_tool", "message": "Tool domain-data added successfully"}
2023-07-16 20:57:11,412 - root - INFO - {"event": "startup", "message": "Adding password data tool"}
2023-07-16 20:57:11,412 - root - INFO - {"event": "add_tool", "message": "Adding tool password-data"}
2023-07-16 20:57:11,412 - root - INFO - {"event": "add_tool", "message": "Tool password-data added successfully"}
2023-07-16 20:57:11,412 - root - INFO - {"event": "startup", "message": "Adding disk usage tool"}
2023-07-16 20:57:11,412 - root - INFO - {"event": "add_tool", "message": "Adding tool disk-usage"}
2023-07-16 20:57:11,412 - root - INFO - {"event": "add_tool", "message": "Tool disk-usage added successfully"}
2023-07-16 20:57:11,412 - root - INFO - {"event": "startup", "message": "Adding toggle low Wi-Fi notifications tool"}
2023-07-16 20:57:11,412 - root - INFO - {"event": "add_tool", "message": "Adding tool low-wifi-notifs"}
2023-07-16 20:57:11,412 - root - INFO - {"event": "add_tool", "message": "Tool low-wifi-notifs added successfully"}
2023-07-16 20:57:17,582 - root - INFO - {"event": "execute_tool", "message": "Executing tool wifi-details"}
2023-07-16 20:57:19,188 - root - INFO - {"event": "execute_tool", "message": "Executing tool trusted-network-status"}
2023-07-16 20:57:20,060 - root - INFO - {"event": "execute_tool", "message": "Executing tool ad-status"}
2023-07-16 20:57:20,120 - root - INFO - {"event": "execute_tool", "message": "Executing tool password-data"}
2023-07-16 20:57:26,027 - root - INFO - {"event": "execute_tool", "message": "Executing tool wifi-details"}
