2023-07-17 18:02:14,378 - root - INFO - {"event": "startup", "message": "Loading tool states"}
2023-07-17 18:02:14,379 - root - INFO - {"event": "load_states", "message": "Loading states"}
2023-07-17 18:02:14,381 - root - INFO - {"event": "load_states", "message": "States loaded successfully"}
2023-07-17 18:02:14,382 - root - INFO - {"event": "startup", "message": "Adding wifi-details tool"}
2023-07-17 18:02:14,382 - root - INFO - {"event": "add_tool", "message": "Adding tool wifi-details"}
2023-07-17 18:02:14,382 - root - INFO - {"event": "add_tool", "message": "Tool wifi-details added successfully"}
2023-07-17 18:02:14,390 - root - INFO - {"event": "startup", "message": "Adding network adapters tool"}
2023-07-17 18:02:14,390 - root - INFO - {"event": "add_tool", "message": "Adding tool network-adapters"}
2023-07-17 18:02:14,390 - root - INFO - {"event": "add_tool", "message": "Tool network-adapters added successfully"}
2023-07-17 18:02:14,390 - root - INFO - {"event": "startup", "message": "Adding trusted network status tool"}
2023-07-17 18:02:14,390 - root - INFO - {"event": "add_tool", "message": "Adding tool trusted-network-status"}
2023-07-17 18:02:14,390 - root - INFO - {"event": "add_tool", "message": "Tool trusted-network-status added successfully"}
2023-07-17 18:02:14,390 - root - INFO - {"event": "startup", "message": "Adding ad status tool"}
2023-07-17 18:02:14,390 - root - INFO - {"event": "add_tool", "message": "Adding tool ad-status"}
2023-07-17 18:02:14,390 - root - INFO - {"event": "add_tool", "message": "Tool ad-status added successfully"}
2023-07-17 18:02:14,390 - root - INFO - {"event": "startup", "message": "Adding device data tool"}
2023-07-17 18:02:14,390 - root - INFO - {"event": "add_tool", "message": "Adding tool device-data"}
2023-07-17 18:02:14,391 - root - INFO - {"event": "add_tool", "message": "Tool device-data added successfully"}
2023-07-17 18:02:14,391 - root - INFO - {"event": "startup", "message": "Adding domain data tool"}
2023-07-17 18:02:14,391 - root - INFO - {"event": "add_tool", "message": "Adding tool domain-data"}
2023-07-17 18:02:14,391 - root - INFO - {"event": "add_tool", "message": "Tool domain-data added successfully"}
2023-07-17 18:02:14,391 - root - INFO - {"event": "startup", "message": "Adding password data tool"}
2023-07-17 18:02:14,391 - root - INFO - {"event": "add_tool", "message": "Adding tool password-data"}
2023-07-17 18:02:14,391 - root - INFO - {"event": "add_tool", "message": "Tool password-data added successfully"}
2023-07-17 18:02:14,391 - root - INFO - {"event": "startup", "message": "Adding disk usage tool"}
2023-07-17 18:02:14,391 - root - INFO - {"event": "add_tool", "message": "Adding tool disk-usage"}
2023-07-17 18:02:14,391 - root - INFO - {"event": "add_tool", "message": "Tool disk-usage added successfully"}
2023-07-17 18:02:14,391 - root - INFO - {"event": "startup", "message": "Adding toggle low Wi-Fi notifications tool"}
2023-07-17 18:02:14,391 - root - INFO - {"event": "add_tool", "message": "Adding tool low-wifi-notifs"}
2023-07-17 18:02:14,391 - root - INFO - {"event": "add_tool", "message": "Tool low-wifi-notifs added successfully"}
2023-07-17 18:51:40,851 - root - INFO - {"event": "execute_tool", "message": "Executing tool trusted-network-status"}
2023-07-17 18:51:40,898 - root - INFO - {"event": "execute_tool", "message": "Executing tool password-data"}
2023-07-17 18:51:40,901 - root - INFO - {"event": "execute_tool", "message": "Executing tool wifi-details"}
2023-07-17 18:51:40,990 - root - INFO - {"event": "execute_tool", "message": "Executing tool ad-status"}
2023-07-17 18:51:41,059 - root - INFO - {"event": "execute_tool", "message": "Executing tool disk-usage"}
2023-07-17 18:51:46,073 - root - INFO - {"event": "execute_tool", "message": "Executing tool wifi-details"}
2023-07-17 18:51:51,146 - root - INFO - {"event": "execute_tool", "message": "Executing tool trusted-network-status"}
2023-07-17 18:51:51,176 - root - INFO - {"event": "execute_tool", "message": "Executing tool wifi-details"}
2023-07-17 18:51:56,594 - root - INFO - {"event": "execute_tool", "message": "Executing tool wifi-details"}
2023-07-17 18:51:58,599 - root - INFO - {"event": "execute_tool", "message": "Executing tool trusted-network-status"}
2023-07-17 18:52:01,702 - root - INFO - {"event": "execute_tool", "message": "Executing tool wifi-details"}
2023-07-17 18:52:06,782 - root - INFO - {"event": "execute_tool", "message": "Executing tool wifi-details"}
2023-07-17 18:52:10,536 - root - INFO - {"event": "execute_tool", "message": "Executing tool trusted-network-status"}
2023-07-17 18:52:11,986 - root - INFO - {"event": "execute_tool", "message": "Executing tool wifi-details"}
2023-07-17 18:52:17,090 - root - INFO - {"event": "execute_tool", "message": "Executing tool wifi-details"}
2023-07-17 18:52:19,838 - root - INFO - {"event": "execute_tool", "message": "Executing tool trusted-network-status"}
2023-07-17 18:52:22,181 - root - INFO - {"event": "execute_tool", "message": "Executing tool wifi-details"}
2023-07-17 18:52:27,577 - root - INFO - {"event": "execute_tool", "message": "Executing tool wifi-details"}
2023-07-17 18:52:32,675 - root - INFO - {"event": "execute_tool", "message": "Executing tool wifi-details"}
2023-07-17 18:52:35,494 - root - INFO - {"event": "execute_tool", "message": "Executing tool trusted-network-status"}
2023-07-17 18:52:37,773 - root - INFO - {"event": "execute_tool", "message": "Executing tool wifi-details"}
2023-07-17 18:52:43,883 - root - INFO - {"event": "execute_tool", "message": "Executing tool trusted-network-status"}
2023-07-17 18:52:43,888 - root - INFO - {"event": "execute_tool", "message": "Executing tool wifi-details"}
2023-07-17 18:52:49,008 - root - INFO - {"event": "execute_tool", "message": "Executing tool wifi-details"}
2023-07-17 18:52:52,684 - root - INFO - {"event": "execute_tool", "message": "Executing tool trusted-network-status"}
2023-07-17 18:52:54,096 - root - INFO - {"event": "execute_tool", "message": "Executing tool wifi-details"}
2023-07-17 18:53:01,098 - root - INFO - {"event": "execute_tool", "message": "Executing tool wifi-details"}
2023-07-17 18:53:02,062 - root - INFO - {"event": "execute_tool", "message": "Executing tool trusted-network-status"}
2023-07-17 18:53:06,174 - root - INFO - {"event": "execute_tool", "message": "Executing tool wifi-details"}
2023-07-17 18:53:11,290 - root - INFO - {"event": "execute_tool", "message": "Executing tool wifi-details"}
