2023-07-17 12:15:41,638 - root - INFO - {"event": "startup", "message": "Loading tool states"}
2023-07-17 12:15:41,639 - root - INFO - {"event": "load_states", "message": "Loading states"}
2023-07-17 12:15:41,641 - root - INFO - {"event": "load_states", "message": "States loaded successfully"}
2023-07-17 12:15:41,641 - root - INFO - {"event": "startup", "message": "Adding wifi-details tool"}
2023-07-17 12:15:41,642 - root - INFO - {"event": "add_tool", "message": "Adding tool wifi-details"}
2023-07-17 12:15:41,642 - root - INFO - {"event": "add_tool", "message": "Tool wifi-details added successfully"}
2023-07-17 12:15:41,642 - root - INFO - {"event": "startup", "message": "Adding network adapters tool"}
2023-07-17 12:15:41,643 - root - INFO - {"event": "add_tool", "message": "Adding tool network-adapters"}
2023-07-17 12:15:41,643 - root - INFO - {"event": "add_tool", "message": "Tool network-adapters added successfully"}
2023-07-17 12:15:41,643 - root - INFO - {"event": "startup", "message": "Adding trusted network status tool"}
2023-07-17 12:15:41,643 - root - INFO - {"event": "add_tool", "message": "Adding tool trusted-network-status"}
2023-07-17 12:15:41,643 - root - INFO - {"event": "add_tool", "message": "Tool trusted-network-status added successfully"}
2023-07-17 12:15:41,643 - root - INFO - {"event": "startup", "message": "Adding ad status tool"}
2023-07-17 12:15:41,643 - root - INFO - {"event": "add_tool", "message": "Adding tool ad-status"}
2023-07-17 12:15:41,643 - root - INFO - {"event": "add_tool", "message": "Tool ad-status added successfully"}
2023-07-17 12:15:41,643 - root - INFO - {"event": "startup", "message": "Adding device data tool"}
2023-07-17 12:15:41,644 - root - INFO - {"event": "add_tool", "message": "Adding tool device-data"}
2023-07-17 12:15:41,644 - root - INFO - {"event": "add_tool", "message": "Tool device-data added successfully"}
2023-07-17 12:15:41,644 - root - INFO - {"event": "startup", "message": "Adding domain data tool"}
2023-07-17 12:15:41,644 - root - INFO - {"event": "add_tool", "message": "Adding tool domain-data"}
2023-07-17 12:15:41,644 - root - INFO - {"event": "add_tool", "message": "Tool domain-data added successfully"}
2023-07-17 12:15:41,644 - root - INFO - {"event": "startup", "message": "Adding password data tool"}
2023-07-17 12:15:41,644 - root - INFO - {"event": "add_tool", "message": "Adding tool password-data"}
2023-07-17 12:15:41,644 - root - INFO - {"event": "add_tool", "message": "Tool password-data added successfully"}
2023-07-17 12:15:41,644 - root - INFO - {"event": "startup", "message": "Adding disk usage tool"}
2023-07-17 12:15:41,644 - root - INFO - {"event": "add_tool", "message": "Adding tool disk-usage"}
2023-07-17 12:15:41,644 - root - INFO - {"event": "add_tool", "message": "Tool disk-usage added successfully"}
2023-07-17 12:15:41,645 - root - INFO - {"event": "startup", "message": "Adding toggle low Wi-Fi notifications tool"}
2023-07-17 12:15:41,645 - root - INFO - {"event": "add_tool", "message": "Adding tool low-wifi-notifs"}
2023-07-17 12:15:41,645 - root - INFO - {"event": "add_tool", "message": "Tool low-wifi-notifs added successfully"}
2023-07-17 12:15:47,596 - root - INFO - {"event": "execute_tool", "message": "Executing tool wifi-details"}
2023-07-17 12:15:52,720 - root - INFO - {"event": "execute_tool", "message": "Executing tool wifi-details"}
2023-07-17 12:15:56,556 - root - INFO - {"event": "execute_tool", "message": "Executing tool trusted-network-status"}
2023-07-17 12:16:02,524 - root - INFO - {"event": "execute_tool", "message": "Executing tool wifi-details"}
2023-07-17 12:16:07,607 - root - INFO - {"event": "execute_tool", "message": "Executing tool wifi-details"}
2023-07-17 12:16:11,490 - root - INFO - {"event": "execute_tool", "message": "Executing tool trusted-network-status"}
2023-07-17 12:16:16,693 - root - INFO - {"event": "execute_tool", "message": "Executing tool wifi-details"}
