2023-07-17 12:23:00,263 - root - INFO - {"event": "startup", "message": "Loading tool states"}
2023-07-17 12:23:00,264 - root - INFO - {"event": "load_states", "message": "Loading states"}
2023-07-17 12:23:00,266 - root - INFO - {"event": "load_states", "message": "States loaded successfully"}
2023-07-17 12:23:00,266 - root - INFO - {"event": "startup", "message": "Adding wifi-details tool"}
2023-07-17 12:23:00,267 - root - INFO - {"event": "add_tool", "message": "Adding tool wifi-details"}
2023-07-17 12:23:00,267 - root - INFO - {"event": "add_tool", "message": "Tool wifi-details added successfully"}
2023-07-17 12:23:00,267 - root - INFO - {"event": "startup", "message": "Adding network adapters tool"}
2023-07-17 12:23:00,267 - root - INFO - {"event": "add_tool", "message": "Adding tool network-adapters"}
2023-07-17 12:23:00,267 - root - INFO - {"event": "add_tool", "message": "Tool network-adapters added successfully"}
2023-07-17 12:23:00,268 - root - INFO - {"event": "startup", "message": "Adding trusted network status tool"}
2023-07-17 12:23:00,268 - root - INFO - {"event": "add_tool", "message": "Adding tool trusted-network-status"}
2023-07-17 12:23:00,268 - root - INFO - {"event": "add_tool", "message": "Tool trusted-network-status added successfully"}
2023-07-17 12:23:00,268 - root - INFO - {"event": "startup", "message": "Adding ad status tool"}
2023-07-17 12:23:00,268 - root - INFO - {"event": "add_tool", "message": "Adding tool ad-status"}
2023-07-17 12:23:00,268 - root - INFO - {"event": "add_tool", "message": "Tool ad-status added successfully"}
2023-07-17 12:23:00,268 - root - INFO - {"event": "startup", "message": "Adding device data tool"}
2023-07-17 12:23:00,268 - root - INFO - {"event": "add_tool", "message": "Adding tool device-data"}
2023-07-17 12:23:00,268 - root - INFO - {"event": "add_tool", "message": "Tool device-data added successfully"}
2023-07-17 12:23:00,268 - root - INFO - {"event": "startup", "message": "Adding domain data tool"}
2023-07-17 12:23:00,269 - root - INFO - {"event": "add_tool", "message": "Adding tool domain-data"}
2023-07-17 12:23:00,269 - root - INFO - {"event": "add_tool", "message": "Tool domain-data added successfully"}
2023-07-17 12:23:00,269 - root - INFO - {"event": "startup", "message": "Adding password data tool"}
2023-07-17 12:23:00,269 - root - INFO - {"event": "add_tool", "message": "Adding tool password-data"}
2023-07-17 12:23:00,269 - root - INFO - {"event": "add_tool", "message": "Tool password-data added successfully"}
2023-07-17 12:23:00,269 - root - INFO - {"event": "startup", "message": "Adding disk usage tool"}
2023-07-17 12:23:00,269 - root - INFO - {"event": "add_tool", "message": "Adding tool disk-usage"}
2023-07-17 12:23:00,269 - root - INFO - {"event": "add_tool", "message": "Tool disk-usage added successfully"}
2023-07-17 12:23:00,269 - root - INFO - {"event": "startup", "message": "Adding toggle low Wi-Fi notifications tool"}
2023-07-17 12:23:00,269 - root - INFO - {"event": "add_tool", "message": "Adding tool low-wifi-notifs"}
2023-07-17 12:23:00,269 - root - INFO - {"event": "add_tool", "message": "Tool low-wifi-notifs added successfully"}
2023-07-17 12:24:00,671 - root - INFO - {"event": "execute_tool", "message": "Executing tool wifi-details"}
2023-07-17 12:24:05,752 - root - INFO - {"event": "execute_tool", "message": "Executing tool wifi-details"}
2023-07-17 12:24:11,139 - root - INFO - {"event": "execute_tool", "message": "Executing tool wifi-details"}
2023-07-17 12:24:16,220 - root - INFO - {"event": "execute_tool", "message": "Executing tool wifi-details"}
2023-07-17 12:24:21,616 - root - INFO - {"event": "execute_tool", "message": "Executing tool wifi-details"}
2023-07-17 12:24:26,712 - root - INFO - {"event": "execute_tool", "message": "Executing tool wifi-details"}
2023-07-17 12:36:00,624 - root - INFO - {"event": "execute_tool", "message": "Executing tool wifi-details"}
2023-07-17 12:36:05,739 - root - INFO - {"event": "execute_tool", "message": "Executing tool wifi-details"}
2023-07-17 12:36:10,634 - root - INFO - {"event": "execute_tool", "message": "Executing tool wifi-details"}
2023-07-17 12:36:15,112 - root - INFO - {"event": "execute_tool", "message": "Executing tool wifi-details"}
2023-07-17 12:36:20,260 - root - INFO - {"event": "execute_tool", "message": "Executing tool wifi-details"}
2023-07-17 12:41:31,127 - root - INFO - {"event": "execute_tool", "message": "Executing tool wifi-details"}
2023-07-17 12:41:36,226 - root - INFO - {"event": "execute_tool", "message": "Executing tool wifi-details"}
2023-07-17 12:41:41,632 - root - INFO - {"event": "execute_tool", "message": "Executing tool wifi-details"}
2023-07-17 12:41:56,725 - root - INFO - {"event": "execute_tool", "message": "Executing tool wifi-details"}
2023-07-17 12:42:02,141 - root - INFO - {"event": "execute_tool", "message": "Executing tool wifi-details"}
2023-07-17 12:42:07,256 - root - INFO - {"event": "execute_tool", "message": "Executing tool wifi-details"}
2023-07-17 12:42:12,342 - root - INFO - {"event": "execute_tool", "message": "Executing tool wifi-details"}
2023-07-17 12:42:17,768 - root - INFO - {"event": "execute_tool", "message": "Executing tool wifi-details"}
