2023-07-17 17:55:30,621 - root - INFO - {"event": "startup", "message": "Loading tool states"}
2023-07-17 17:55:30,622 - root - INFO - {"event": "load_states", "message": "Loading states"}
2023-07-17 17:55:30,624 - root - INFO - {"event": "load_states", "message": "States loaded successfully"}
2023-07-17 17:55:30,624 - root - INFO - {"event": "startup", "message": "Adding wifi-details tool"}
2023-07-17 17:55:30,625 - root - INFO - {"event": "add_tool", "message": "Adding tool wifi-details"}
2023-07-17 17:55:30,625 - root - INFO - {"event": "add_tool", "message": "Tool wifi-details added successfully"}
2023-07-17 17:55:30,625 - root - INFO - {"event": "startup", "message": "Adding network adapters tool"}
2023-07-17 17:55:30,625 - root - INFO - {"event": "add_tool", "message": "Adding tool network-adapters"}
2023-07-17 17:55:30,625 - root - INFO - {"event": "add_tool", "message": "Tool network-adapters added successfully"}
2023-07-17 17:55:30,625 - root - INFO - {"event": "startup", "message": "Adding trusted network status tool"}
2023-07-17 17:55:30,626 - root - INFO - {"event": "add_tool", "message": "Adding tool trusted-network-status"}
2023-07-17 17:55:30,626 - root - INFO - {"event": "add_tool", "message": "Tool trusted-network-status added successfully"}
2023-07-17 17:55:30,626 - root - INFO - {"event": "startup", "message": "Adding ad status tool"}
2023-07-17 17:55:30,626 - root - INFO - {"event": "add_tool", "message": "Adding tool ad-status"}
2023-07-17 17:55:30,626 - root - INFO - {"event": "add_tool", "message": "Tool ad-status added successfully"}
2023-07-17 17:55:30,626 - root - INFO - {"event": "startup", "message": "Adding device data tool"}
2023-07-17 17:55:30,626 - root - INFO - {"event": "add_tool", "message": "Adding tool device-data"}
2023-07-17 17:55:30,626 - root - INFO - {"event": "add_tool", "message": "Tool device-data added successfully"}
2023-07-17 17:55:30,626 - root - INFO - {"event": "startup", "message": "Adding domain data tool"}
2023-07-17 17:55:30,626 - root - INFO - {"event": "add_tool", "message": "Adding tool domain-data"}
2023-07-17 17:55:30,626 - root - INFO - {"event": "add_tool", "message": "Tool domain-data added successfully"}
2023-07-17 17:55:30,626 - root - INFO - {"event": "startup", "message": "Adding password data tool"}
2023-07-17 17:55:30,626 - root - INFO - {"event": "add_tool", "message": "Adding tool password-data"}
2023-07-17 17:55:30,627 - root - INFO - {"event": "add_tool", "message": "Tool password-data added successfully"}
2023-07-17 17:55:30,627 - root - INFO - {"event": "startup", "message": "Adding disk usage tool"}
2023-07-17 17:55:30,627 - root - INFO - {"event": "add_tool", "message": "Adding tool disk-usage"}
2023-07-17 17:55:30,627 - root - INFO - {"event": "add_tool", "message": "Tool disk-usage added successfully"}
2023-07-17 17:55:30,627 - root - INFO - {"event": "startup", "message": "Adding toggle low Wi-Fi notifications tool"}
2023-07-17 17:55:30,627 - root - INFO - {"event": "add_tool", "message": "Adding tool low-wifi-notifs"}
2023-07-17 17:55:30,627 - root - INFO - {"event": "add_tool", "message": "Tool low-wifi-notifs added successfully"}
2023-07-17 17:55:33,463 - root - INFO - {"event": "execute_tool", "message": "Executing tool wifi-details"}
2023-07-17 17:55:38,656 - root - INFO - {"event": "execute_tool", "message": "Executing tool wifi-details"}
2023-07-17 17:55:43,756 - root - INFO - {"event": "execute_tool", "message": "Executing tool wifi-details"}
2023-07-17 17:55:49,377 - root - INFO - {"event": "execute_tool", "message": "Executing tool wifi-details"}
2023-07-17 17:55:55,062 - root - INFO - {"event": "execute_tool", "message": "Executing tool wifi-details"}
2023-07-17 17:56:01,373 - root - INFO - {"event": "execute_tool", "message": "Executing tool wifi-details"}
2023-07-17 17:56:07,070 - root - INFO - {"event": "execute_tool", "message": "Executing tool wifi-details"}
2023-07-17 17:56:13,375 - root - INFO - {"event": "execute_tool", "message": "Executing tool wifi-details"}
2023-07-17 17:56:19,059 - root - INFO - {"event": "execute_tool", "message": "Executing tool wifi-details"}
2023-07-17 17:56:25,372 - root - INFO - {"event": "execute_tool", "message": "Executing tool wifi-details"}
2023-07-17 17:56:31,064 - root - INFO - {"event": "execute_tool", "message": "Executing tool wifi-details"}
2023-07-17 17:56:37,369 - root - INFO - {"event": "execute_tool", "message": "Executing tool wifi-details"}
2023-07-17 17:56:43,064 - root - INFO - {"event": "execute_tool", "message": "Executing tool wifi-details"}
2023-07-17 17:56:49,376 - root - INFO - {"event": "execute_tool", "message": "Executing tool wifi-details"}
2023-07-17 17:56:55,064 - root - INFO - {"event": "execute_tool", "message": "Executing tool wifi-details"}
2023-07-17 17:57:01,372 - root - INFO - {"event": "execute_tool", "message": "Executing tool wifi-details"}
2023-07-17 17:57:07,060 - root - INFO - {"event": "execute_tool", "message": "Executing tool wifi-details"}
2023-07-17 17:57:13,370 - root - INFO - {"event": "execute_tool", "message": "Executing tool wifi-details"}
2023-07-17 17:57:19,068 - root - INFO - {"event": "execute_tool", "message": "Executing tool wifi-details"}
2023-07-17 17:57:25,373 - root - INFO - {"event": "execute_tool", "message": "Executing tool wifi-details"}
2023-07-17 17:57:31,062 - root - INFO - {"event": "execute_tool", "message": "Executing tool wifi-details"}
2023-07-17 17:57:37,360 - root - INFO - {"event": "execute_tool", "message": "Executing tool wifi-details"}
2023-07-17 17:57:43,059 - root - INFO - {"event": "execute_tool", "message": "Executing tool wifi-details"}
2023-07-17 17:57:49,376 - root - INFO - {"event": "execute_tool", "message": "Executing tool wifi-details"}
2023-07-17 17:57:55,056 - root - INFO - {"event": "execute_tool", "message": "Executing tool wifi-details"}
2023-07-17 17:58:01,360 - root - INFO - {"event": "execute_tool", "message": "Executing tool wifi-details"}
2023-07-17 17:58:06,487 - root - INFO - {"event": "execute_tool", "message": "Executing tool wifi-details"}
2023-07-17 17:58:11,620 - root - INFO - {"event": "execute_tool", "message": "Executing tool wifi-details"}
2023-07-17 17:58:17,073 - root - INFO - {"event": "execute_tool", "message": "Executing tool wifi-details"}
2023-07-17 18:00:06,222 - root - INFO - {"event": "execute_tool", "message": "Executing tool wifi-details"}
2023-07-17 18:00:11,361 - root - INFO - {"event": "execute_tool", "message": "Executing tool wifi-details"}
2023-07-17 18:00:16,935 - root - INFO - {"event": "execute_tool", "message": "Executing tool wifi-details"}
2023-07-17 18:00:23,206 - root - INFO - {"event": "execute_tool", "message": "Executing tool wifi-details"}
2023-07-17 18:00:28,653 - root - INFO - {"event": "execute_tool", "message": "Executing tool wifi-details"}
