2023-07-17 21:56:17,887 - root - INFO - {"event": "startup", "message": "Loading tool states"}
2023-07-17 21:56:17,887 - root - INFO - {"event": "load_states", "message": "Loading states"}
2023-07-17 21:56:17,889 - root - INFO - {"event": "load_states", "message": "States loaded successfully"}
2023-07-17 21:56:17,889 - root - INFO - {"event": "startup", "message": "Adding wifi-details tool"}
2023-07-17 21:56:17,890 - root - INFO - {"event": "add_tool", "message": "Adding tool wifi-details"}
2023-07-17 21:56:17,890 - root - INFO - {"event": "add_tool", "message": "Tool wifi-details added successfully"}
2023-07-17 21:56:17,890 - root - INFO - {"event": "startup", "message": "Adding network adapters tool"}
2023-07-17 21:56:17,890 - root - INFO - {"event": "add_tool", "message": "Adding tool network-adapters"}
2023-07-17 21:56:17,890 - root - INFO - {"event": "add_tool", "message": "Tool network-adapters added successfully"}
2023-07-17 21:56:17,890 - root - INFO - {"event": "startup", "message": "Adding trusted network status tool"}
2023-07-17 21:56:17,890 - root - INFO - {"event": "add_tool", "message": "Adding tool trusted-network-status"}
2023-07-17 21:56:17,890 - root - INFO - {"event": "add_tool", "message": "Tool trusted-network-status added successfully"}
2023-07-17 21:56:17,890 - root - INFO - {"event": "startup", "message": "Adding ad status tool"}
2023-07-17 21:56:17,890 - root - INFO - {"event": "add_tool", "message": "Adding tool ad-status"}
2023-07-17 21:56:17,890 - root - INFO - {"event": "add_tool", "message": "Tool ad-status added successfully"}
2023-07-17 21:56:17,891 - root - INFO - {"event": "startup", "message": "Adding device data tool"}
2023-07-17 21:56:17,891 - root - INFO - {"event": "add_tool", "message": "Adding tool device-data"}
2023-07-17 21:56:17,891 - root - INFO - {"event": "add_tool", "message": "Tool device-data added successfully"}
2023-07-17 21:56:17,891 - root - INFO - {"event": "startup", "message": "Adding domain data tool"}
2023-07-17 21:56:17,891 - root - INFO - {"event": "add_tool", "message": "Adding tool domain-data"}
2023-07-17 21:56:17,891 - root - INFO - {"event": "add_tool", "message": "Tool domain-data added successfully"}
2023-07-17 21:56:17,891 - root - INFO - {"event": "startup", "message": "Adding password data tool"}
2023-07-17 21:56:17,891 - root - INFO - {"event": "add_tool", "message": "Adding tool password-data"}
2023-07-17 21:56:17,891 - root - INFO - {"event": "add_tool", "message": "Tool password-data added successfully"}
2023-07-17 21:56:17,891 - root - INFO - {"event": "startup", "message": "Adding disk usage tool"}
2023-07-17 21:56:17,891 - root - INFO - {"event": "add_tool", "message": "Adding tool disk-usage"}
2023-07-17 21:56:17,891 - root - INFO - {"event": "add_tool", "message": "Tool disk-usage added successfully"}
2023-07-17 21:56:17,891 - root - INFO - {"event": "startup", "message": "Adding toggle low Wi-Fi notifications tool"}
2023-07-17 21:56:17,891 - root - INFO - {"event": "add_tool", "message": "Adding tool low-wifi-notifs"}
2023-07-17 21:56:17,891 - root - INFO - {"event": "add_tool", "message": "Tool low-wifi-notifs added successfully"}
2023-07-17 21:56:20,355 - root - INFO - {"event": "execute_tool", "message": "Executing tool wifi-details"}
2023-07-17 21:56:25,488 - root - INFO - {"event": "execute_tool", "message": "Executing tool wifi-details"}
2023-07-17 21:56:30,555 - root - INFO - {"event": "execute_tool", "message": "Executing tool wifi-details"}
2023-07-17 21:56:35,936 - root - INFO - {"event": "execute_tool", "message": "Executing tool wifi-details"}
2023-07-17 21:56:41,045 - root - INFO - {"event": "execute_tool", "message": "Executing tool wifi-details"}
2023-07-17 21:56:46,435 - root - INFO - {"event": "execute_tool", "message": "Executing tool wifi-details"}
2023-07-17 21:56:51,541 - root - INFO - {"event": "execute_tool", "message": "Executing tool wifi-details"}
2023-07-17 21:56:56,635 - root - INFO - {"event": "execute_tool", "message": "Executing tool wifi-details"}
2023-07-17 21:57:01,722 - root - INFO - {"event": "execute_tool", "message": "Executing tool wifi-details"}
2023-07-17 21:57:07,140 - root - INFO - {"event": "execute_tool", "message": "Executing tool wifi-details"}
2023-07-17 21:57:12,294 - root - INFO - {"event": "execute_tool", "message": "Executing tool wifi-details"}
2023-07-17 21:57:17,373 - root - INFO - {"event": "execute_tool", "message": "Executing tool wifi-details"}
2023-07-17 21:57:22,481 - root - INFO - {"event": "execute_tool", "message": "Executing tool wifi-details"}
2023-07-17 21:57:27,568 - root - INFO - {"event": "execute_tool", "message": "Executing tool wifi-details"}
2023-07-17 21:57:32,683 - root - INFO - {"event": "execute_tool", "message": "Executing tool wifi-details"}
2023-07-17 21:57:37,780 - root - INFO - {"event": "execute_tool", "message": "Executing tool wifi-details"}
2023-07-17 21:57:43,171 - root - INFO - {"event": "execute_tool", "message": "Executing tool wifi-details"}
2023-07-17 21:57:48,277 - root - INFO - {"event": "execute_tool", "message": "Executing tool wifi-details"}
2023-07-17 21:57:53,377 - root - INFO - {"event": "execute_tool", "message": "Executing tool wifi-details"}
2023-07-17 21:57:58,473 - root - INFO - {"event": "execute_tool", "message": "Executing tool wifi-details"}
2023-07-17 21:58:03,920 - root - INFO - {"event": "execute_tool", "message": "Executing tool wifi-details"}
2023-07-17 21:58:09,005 - root - INFO - {"event": "execute_tool", "message": "Executing tool wifi-details"}
2023-07-17 21:58:14,089 - root - INFO - {"event": "execute_tool", "message": "Executing tool wifi-details"}
2023-07-17 21:58:19,190 - root - INFO - {"event": "execute_tool", "message": "Executing tool wifi-details"}
2023-07-17 21:58:24,307 - root - INFO - {"event": "execute_tool", "message": "Executing tool wifi-details"}
2023-07-17 21:58:29,376 - root - INFO - {"event": "execute_tool", "message": "Executing tool wifi-details"}
2023-07-17 21:58:34,454 - root - INFO - {"event": "execute_tool", "message": "Executing tool wifi-details"}
2023-07-17 21:58:39,556 - root - INFO - {"event": "execute_tool", "message": "Executing tool wifi-details"}
2023-07-17 21:58:44,630 - root - INFO - {"event": "execute_tool", "message": "Executing tool wifi-details"}
2023-07-17 21:58:49,716 - root - INFO - {"event": "execute_tool", "message": "Executing tool wifi-details"}
2023-07-17 21:58:55,121 - root - INFO - {"event": "execute_tool", "message": "Executing tool wifi-details"}
2023-07-17 21:59:00,192 - root - INFO - {"event": "execute_tool", "message": "Executing tool wifi-details"}
2023-07-17 21:59:05,592 - root - INFO - {"event": "execute_tool", "message": "Executing tool wifi-details"}
2023-07-17 21:59:10,664 - root - INFO - {"event": "execute_tool", "message": "Executing tool wifi-details"}
2023-07-17 21:59:15,758 - root - INFO - {"event": "execute_tool", "message": "Executing tool wifi-details"}
2023-07-17 21:59:20,853 - root - INFO - {"event": "execute_tool", "message": "Executing tool wifi-details"}
2023-07-17 21:59:26,268 - root - INFO - {"event": "execute_tool", "message": "Executing tool wifi-details"}
2023-07-17 21:59:31,342 - root - INFO - {"event": "execute_tool", "message": "Executing tool wifi-details"}
2023-07-17 21:59:36,018 - root - INFO - {"event": "execute_tool", "message": "Executing tool trusted-network-status"}
2023-07-17 21:59:36,443 - root - INFO - {"event": "execute_tool", "message": "Executing tool wifi-details"}
2023-07-17 21:59:41,510 - root - INFO - {"event": "execute_tool", "message": "Executing tool wifi-details"}
2023-07-17 21:59:46,602 - root - INFO - {"event": "execute_tool", "message": "Executing tool wifi-details"}
2023-07-17 21:59:52,006 - root - INFO - {"event": "execute_tool", "message": "Executing tool wifi-details"}
2023-07-17 21:59:57,075 - root - INFO - {"event": "execute_tool", "message": "Executing tool wifi-details"}
2023-07-17 22:00:02,476 - root - INFO - {"event": "execute_tool", "message": "Executing tool wifi-details"}
2023-07-17 22:00:07,569 - root - INFO - {"event": "execute_tool", "message": "Executing tool wifi-details"}
2023-07-17 22:00:12,645 - root - INFO - {"event": "execute_tool", "message": "Executing tool wifi-details"}
2023-07-17 22:00:18,058 - root - INFO - {"event": "execute_tool", "message": "Executing tool wifi-details"}
2023-07-17 22:00:23,158 - root - INFO - {"event": "execute_tool", "message": "Executing tool wifi-details"}
2023-07-17 22:00:23,637 - root - INFO - {"event": "execute_tool", "message": "Executing tool trusted-network-status"}
2023-07-17 22:00:28,336 - root - INFO - {"event": "execute_tool", "message": "Executing tool wifi-details"}
2023-07-17 22:00:33,416 - root - INFO - {"event": "execute_tool", "message": "Executing tool wifi-details"}
2023-07-17 22:00:38,799 - root - INFO - {"event": "execute_tool", "message": "Executing tool wifi-details"}
2023-07-17 22:00:43,868 - root - INFO - {"event": "execute_tool", "message": "Executing tool wifi-details"}
2023-07-17 22:00:49,250 - root - INFO - {"event": "execute_tool", "message": "Executing tool wifi-details"}
2023-07-17 22:00:54,336 - root - INFO - {"event": "execute_tool", "message": "Executing tool wifi-details"}
2023-07-17 22:00:59,718 - root - INFO - {"event": "execute_tool", "message": "Executing tool wifi-details"}
2023-07-17 22:01:04,818 - root - INFO - {"event": "execute_tool", "message": "Executing tool wifi-details"}
2023-07-17 22:01:10,220 - root - INFO - {"event": "execute_tool", "message": "Executing tool wifi-details"}
2023-07-17 22:01:15,300 - root - INFO - {"event": "execute_tool", "message": "Executing tool wifi-details"}
2023-07-17 22:01:18,120 - root - INFO - {"event": "execute_tool", "message": "Executing tool ad-status"}
2023-07-17 22:01:20,377 - root - INFO - {"event": "execute_tool", "message": "Executing tool wifi-details"}
2023-07-17 22:01:25,478 - root - INFO - {"event": "execute_tool", "message": "Executing tool wifi-details"}
2023-07-17 22:01:30,596 - root - INFO - {"event": "execute_tool", "message": "Executing tool wifi-details"}
2023-07-17 22:01:36,009 - root - INFO - {"event": "execute_tool", "message": "Executing tool wifi-details"}
2023-07-17 22:01:41,114 - root - INFO - {"event": "execute_tool", "message": "Executing tool wifi-details"}
2023-07-17 22:01:46,222 - root - INFO - {"event": "execute_tool", "message": "Executing tool wifi-details"}
2023-07-17 22:01:51,327 - root - INFO - {"event": "execute_tool", "message": "Executing tool wifi-details"}
2023-07-17 22:01:56,421 - root - INFO - {"event": "execute_tool", "message": "Executing tool wifi-details"}
2023-07-17 22:02:01,510 - root - INFO - {"event": "execute_tool", "message": "Executing tool wifi-details"}
2023-07-17 22:02:06,599 - root - INFO - {"event": "execute_tool", "message": "Executing tool wifi-details"}
2023-07-17 22:02:11,669 - root - INFO - {"event": "execute_tool", "message": "Executing tool wifi-details"}
2023-07-17 22:02:17,473 - root - INFO - {"event": "execute_tool", "message": "Executing tool wifi-details"}
2023-07-17 22:02:22,609 - root - INFO - {"event": "execute_tool", "message": "Executing tool wifi-details"}
2023-07-17 22:02:27,690 - root - INFO - {"event": "execute_tool", "message": "Executing tool wifi-details"}
2023-07-17 22:02:32,789 - root - INFO - {"event": "execute_tool", "message": "Executing tool wifi-details"}
2023-07-17 22:02:38,228 - root - INFO - {"event": "execute_tool", "message": "Executing tool wifi-details"}
2023-07-17 22:02:43,302 - root - INFO - {"event": "execute_tool", "message": "Executing tool wifi-details"}
2023-07-17 22:02:48,368 - root - INFO - {"event": "execute_tool", "message": "Executing tool wifi-details"}
2023-07-17 22:02:53,749 - root - INFO - {"event": "execute_tool", "message": "Executing tool wifi-details"}
2023-07-17 22:02:58,846 - root - INFO - {"event": "execute_tool", "message": "Executing tool wifi-details"}
2023-07-17 22:03:03,937 - root - INFO - {"event": "execute_tool", "message": "Executing tool wifi-details"}
2023-07-17 22:03:09,026 - root - INFO - {"event": "execute_tool", "message": "Executing tool wifi-details"}
2023-07-17 22:03:14,137 - root - INFO - {"event": "execute_tool", "message": "Executing tool wifi-details"}
2023-07-17 22:03:19,544 - root - INFO - {"event": "execute_tool", "message": "Executing tool wifi-details"}
2023-07-17 22:03:24,628 - root - INFO - {"event": "execute_tool", "message": "Executing tool wifi-details"}
2023-07-17 22:03:29,699 - root - INFO - {"event": "execute_tool", "message": "Executing tool wifi-details"}
2023-07-17 22:03:35,083 - root - INFO - {"event": "execute_tool", "message": "Executing tool wifi-details"}
2023-07-17 22:03:40,164 - root - INFO - {"event": "execute_tool", "message": "Executing tool wifi-details"}
2023-07-17 22:03:45,249 - root - INFO - {"event": "execute_tool", "message": "Executing tool wifi-details"}
2023-07-17 22:03:50,335 - root - INFO - {"event": "execute_tool", "message": "Executing tool wifi-details"}
2023-07-17 22:03:55,781 - root - INFO - {"event": "execute_tool", "message": "Executing tool wifi-details"}
2023-07-17 22:04:00,857 - root - INFO - {"event": "execute_tool", "message": "Executing tool wifi-details"}
2023-07-17 22:04:06,246 - root - INFO - {"event": "execute_tool", "message": "Executing tool wifi-details"}
2023-07-17 22:04:11,312 - root - INFO - {"event": "execute_tool", "message": "Executing tool wifi-details"}
2023-07-17 22:04:16,397 - root - INFO - {"event": "execute_tool", "message": "Executing tool wifi-details"}
2023-07-17 22:04:21,799 - root - INFO - {"event": "execute_tool", "message": "Executing tool wifi-details"}
2023-07-17 22:04:26,888 - root - INFO - {"event": "execute_tool", "message": "Executing tool wifi-details"}
2023-07-17 22:04:32,300 - root - INFO - {"event": "execute_tool", "message": "Executing tool wifi-details"}
2023-07-17 22:04:37,390 - root - INFO - {"event": "execute_tool", "message": "Executing tool wifi-details"}
2023-07-17 22:04:42,811 - root - INFO - {"event": "execute_tool", "message": "Executing tool wifi-details"}
2023-07-17 22:04:47,881 - root - INFO - {"event": "execute_tool", "message": "Executing tool wifi-details"}
2023-07-17 22:04:53,306 - root - INFO - {"event": "execute_tool", "message": "Executing tool wifi-details"}
2023-07-17 22:04:58,405 - root - INFO - {"event": "execute_tool", "message": "Executing tool wifi-details"}
2023-07-17 22:05:03,474 - root - INFO - {"event": "execute_tool", "message": "Executing tool wifi-details"}
2023-07-17 22:05:08,877 - root - INFO - {"event": "execute_tool", "message": "Executing tool wifi-details"}
2023-07-17 22:05:13,946 - root - INFO - {"event": "execute_tool", "message": "Executing tool wifi-details"}
2023-07-17 22:05:19,045 - root - INFO - {"event": "execute_tool", "message": "Executing tool wifi-details"}
2023-07-17 22:05:23,672 - root - INFO - {"event": "execute_tool", "message": "Executing tool trusted-network-status"}
2023-07-17 22:05:24,136 - root - INFO - {"event": "execute_tool", "message": "Executing tool wifi-details"}
2023-07-17 22:05:29,219 - root - INFO - {"event": "execute_tool", "message": "Executing tool wifi-details"}
2023-07-17 22:05:34,308 - root - INFO - {"event": "execute_tool", "message": "Executing tool wifi-details"}
2023-07-17 22:05:39,385 - root - INFO - {"event": "execute_tool", "message": "Executing tool wifi-details"}
2023-07-17 22:05:44,469 - root - INFO - {"event": "execute_tool", "message": "Executing tool wifi-details"}
2023-07-17 22:05:49,845 - root - INFO - {"event": "execute_tool", "message": "Executing tool wifi-details"}
2023-07-17 22:05:54,924 - root - INFO - {"event": "execute_tool", "message": "Executing tool wifi-details"}
2023-07-17 22:06:00,026 - root - INFO - {"event": "execute_tool", "message": "Executing tool wifi-details"}
2023-07-17 22:06:05,095 - root - INFO - {"event": "execute_tool", "message": "Executing tool wifi-details"}
2023-07-17 22:06:10,180 - root - INFO - {"event": "execute_tool", "message": "Executing tool wifi-details"}
2023-07-17 22:06:15,270 - root - INFO - {"event": "execute_tool", "message": "Executing tool wifi-details"}
2023-07-17 22:06:20,347 - root - INFO - {"event": "execute_tool", "message": "Executing tool wifi-details"}
2023-07-17 22:06:25,419 - root - INFO - {"event": "execute_tool", "message": "Executing tool wifi-details"}
2023-07-17 22:06:30,510 - root - INFO - {"event": "execute_tool", "message": "Executing tool wifi-details"}
2023-07-17 22:06:35,909 - root - INFO - {"event": "execute_tool", "message": "Executing tool wifi-details"}
2023-07-17 22:06:41,009 - root - INFO - {"event": "execute_tool", "message": "Executing tool wifi-details"}
2023-07-17 22:06:46,092 - root - INFO - {"event": "execute_tool", "message": "Executing tool wifi-details"}
2023-07-17 22:06:51,230 - root - INFO - {"event": "execute_tool", "message": "Executing tool wifi-details"}
2023-07-17 22:06:56,316 - root - INFO - {"event": "execute_tool", "message": "Executing tool wifi-details"}
2023-07-17 22:07:01,726 - root - INFO - {"event": "execute_tool", "message": "Executing tool wifi-details"}
2023-07-17 22:07:06,820 - root - INFO - {"event": "execute_tool", "message": "Executing tool wifi-details"}
2023-07-17 22:07:12,215 - root - INFO - {"event": "execute_tool", "message": "Executing tool wifi-details"}
2023-07-17 22:07:17,300 - root - INFO - {"event": "execute_tool", "message": "Executing tool wifi-details"}
2023-07-17 22:07:22,381 - root - INFO - {"event": "execute_tool", "message": "Executing tool wifi-details"}
2023-07-17 22:07:27,812 - root - INFO - {"event": "execute_tool", "message": "Executing tool wifi-details"}
2023-07-17 22:07:32,908 - root - INFO - {"event": "execute_tool", "message": "Executing tool wifi-details"}
2023-07-17 22:07:38,048 - root - INFO - {"event": "execute_tool", "message": "Executing tool wifi-details"}
