2023-07-17 22:09:37,044 - root - INFO - {"event": "startup", "message": "Loading tool states"}
2023-07-17 22:09:37,044 - root - INFO - {"event": "load_states", "message": "Loading states"}
2023-07-17 22:09:37,047 - root - INFO - {"event": "load_states", "message": "States loaded successfully"}
2023-07-17 22:09:37,047 - root - INFO - {"event": "startup", "message": "Adding wifi-details tool"}
2023-07-17 22:09:37,048 - root - INFO - {"event": "add_tool", "message": "Adding tool wifi-details"}
2023-07-17 22:09:37,048 - root - INFO - {"event": "add_tool", "message": "Tool wifi-details added successfully"}
2023-07-17 22:09:37,049 - root - INFO - {"event": "startup", "message": "Adding network adapters tool"}
2023-07-17 22:09:37,049 - root - INFO - {"event": "add_tool", "message": "Adding tool network-adapters"}
2023-07-17 22:09:37,049 - root - INFO - {"event": "add_tool", "message": "Tool network-adapters added successfully"}
2023-07-17 22:09:37,049 - root - INFO - {"event": "startup", "message": "Adding trusted network status tool"}
2023-07-17 22:09:37,049 - root - INFO - {"event": "add_tool", "message": "Adding tool trusted-network-status"}
2023-07-17 22:09:37,049 - root - INFO - {"event": "add_tool", "message": "Tool trusted-network-status added successfully"}
2023-07-17 22:09:37,049 - root - INFO - {"event": "startup", "message": "Adding ad status tool"}
2023-07-17 22:09:37,050 - root - INFO - {"event": "add_tool", "message": "Adding tool ad-status"}
2023-07-17 22:09:37,050 - root - INFO - {"event": "add_tool", "message": "Tool ad-status added successfully"}
2023-07-17 22:09:37,050 - root - INFO - {"event": "startup", "message": "Adding device data tool"}
2023-07-17 22:09:37,050 - root - INFO - {"event": "add_tool", "message": "Adding tool device-data"}
2023-07-17 22:09:37,050 - root - INFO - {"event": "add_tool", "message": "Tool device-data added successfully"}
2023-07-17 22:09:37,050 - root - INFO - {"event": "startup", "message": "Adding domain data tool"}
2023-07-17 22:09:37,050 - root - INFO - {"event": "add_tool", "message": "Adding tool domain-data"}
2023-07-17 22:09:37,050 - root - INFO - {"event": "add_tool", "message": "Tool domain-data added successfully"}
2023-07-17 22:09:37,051 - root - INFO - {"event": "startup", "message": "Adding password data tool"}
2023-07-17 22:09:37,051 - root - INFO - {"event": "add_tool", "message": "Adding tool password-data"}
2023-07-17 22:09:37,051 - root - INFO - {"event": "add_tool", "message": "Tool password-data added successfully"}
2023-07-17 22:09:37,051 - root - INFO - {"event": "startup", "message": "Adding disk usage tool"}
2023-07-17 22:09:37,051 - root - INFO - {"event": "add_tool", "message": "Adding tool disk-usage"}
2023-07-17 22:09:37,052 - root - INFO - {"event": "add_tool", "message": "Tool disk-usage added successfully"}
2023-07-17 22:09:37,052 - root - INFO - {"event": "startup", "message": "Adding toggle low Wi-Fi notifications tool"}
2023-07-17 22:09:37,052 - root - INFO - {"event": "add_tool", "message": "Adding tool low-wifi-notifs"}
2023-07-17 22:09:37,052 - root - INFO - {"event": "add_tool", "message": "Tool low-wifi-notifs added successfully"}
2023-07-17 22:09:37,052 - root - INFO - {"event": "startup", "message": "Adding get last boottime tool"}
2023-07-17 22:09:37,052 - root - INFO - {"event": "add_tool", "message": "Adding tool last-boottime"}
2023-07-17 22:09:37,052 - root - INFO - {"event": "add_tool", "message": "Tool last-boottime added successfully"}
2023-07-17 22:09:37,055 - root - INFO - {"event": "execute_tool", "message": "Executing tool wifi-details"}
2023-07-17 22:09:42,231 - root - INFO - {"event": "execute_tool", "message": "Executing tool wifi-details"}
2023-07-17 22:09:47,312 - root - INFO - {"event": "execute_tool", "message": "Executing tool wifi-details"}
2023-07-17 22:09:52,643 - root - INFO - {"event": "execute_tool", "message": "Executing tool last-boottime"}
2023-07-17 22:09:52,721 - root - INFO - {"event": "execute_tool", "message": "Executing tool wifi-details"}
2023-07-17 22:09:57,825 - root - INFO - {"event": "execute_tool", "message": "Executing tool wifi-details"}
2023-07-17 22:10:03,216 - root - INFO - {"event": "execute_tool", "message": "Executing tool wifi-details"}
2023-07-17 22:10:08,317 - root - INFO - {"event": "execute_tool", "message": "Executing tool wifi-details"}
2023-07-17 22:10:13,392 - root - INFO - {"event": "execute_tool", "message": "Executing tool wifi-details"}
2023-07-17 22:10:18,792 - root - INFO - {"event": "execute_tool", "message": "Executing tool wifi-details"}
2023-07-17 22:10:23,684 - root - INFO - {"event": "execute_tool", "message": "Executing tool trusted-network-status"}
2023-07-17 22:10:23,903 - root - INFO - {"event": "execute_tool", "message": "Executing tool wifi-details"}
2023-07-17 22:10:28,981 - root - INFO - {"event": "execute_tool", "message": "Executing tool wifi-details"}
2023-07-17 22:10:34,080 - root - INFO - {"event": "execute_tool", "message": "Executing tool wifi-details"}
2023-07-17 22:10:39,150 - root - INFO - {"event": "execute_tool", "message": "Executing tool wifi-details"}
2023-07-17 22:10:44,548 - root - INFO - {"event": "execute_tool", "message": "Executing tool wifi-details"}
2023-07-17 22:10:49,642 - root - INFO - {"event": "execute_tool", "message": "Executing tool wifi-details"}
2023-07-17 22:10:54,762 - root - INFO - {"event": "execute_tool", "message": "Executing tool wifi-details"}
2023-07-17 22:10:59,856 - root - INFO - {"event": "execute_tool", "message": "Executing tool wifi-details"}
2023-07-17 22:11:04,934 - root - INFO - {"event": "execute_tool", "message": "Executing tool wifi-details"}
2023-07-17 22:11:10,323 - root - INFO - {"event": "execute_tool", "message": "Executing tool wifi-details"}
2023-07-17 22:11:15,405 - root - INFO - {"event": "execute_tool", "message": "Executing tool wifi-details"}
2023-07-17 22:11:18,205 - root - INFO - {"event": "execute_tool", "message": "Executing tool ad-status"}
2023-07-17 22:11:20,497 - root - INFO - {"event": "execute_tool", "message": "Executing tool wifi-details"}
2023-07-17 22:11:25,588 - root - INFO - {"event": "execute_tool", "message": "Executing tool wifi-details"}
2023-07-17 22:11:31,001 - root - INFO - {"event": "execute_tool", "message": "Executing tool wifi-details"}
2023-07-17 22:11:36,095 - root - INFO - {"event": "execute_tool", "message": "Executing tool wifi-details"}
2023-07-17 22:11:41,171 - root - INFO - {"event": "execute_tool", "message": "Executing tool wifi-details"}
2023-07-17 22:11:46,576 - root - INFO - {"event": "execute_tool", "message": "Executing tool wifi-details"}
2023-07-17 22:11:51,657 - root - INFO - {"event": "execute_tool", "message": "Executing tool wifi-details"}
2023-07-17 22:11:56,727 - root - INFO - {"event": "execute_tool", "message": "Executing tool wifi-details"}
2023-07-17 22:12:02,122 - root - INFO - {"event": "execute_tool", "message": "Executing tool wifi-details"}
2023-07-17 22:12:07,204 - root - INFO - {"event": "execute_tool", "message": "Executing tool wifi-details"}
2023-07-17 22:12:12,294 - root - INFO - {"event": "execute_tool", "message": "Executing tool wifi-details"}
2023-07-17 22:12:17,690 - root - INFO - {"event": "execute_tool", "message": "Executing tool wifi-details"}
2023-07-17 22:12:22,785 - root - INFO - {"event": "execute_tool", "message": "Executing tool wifi-details"}
2023-07-17 22:12:27,861 - root - INFO - {"event": "execute_tool", "message": "Executing tool wifi-details"}
2023-07-17 22:12:33,269 - root - INFO - {"event": "execute_tool", "message": "Executing tool wifi-details"}
2023-07-17 22:12:38,362 - root - INFO - {"event": "execute_tool", "message": "Executing tool wifi-details"}
2023-07-17 22:12:43,497 - root - INFO - {"event": "execute_tool", "message": "Executing tool wifi-details"}
2023-07-17 22:12:48,576 - root - INFO - {"event": "execute_tool", "message": "Executing tool wifi-details"}
2023-07-17 22:12:53,984 - root - INFO - {"event": "execute_tool", "message": "Executing tool wifi-details"}
2023-07-17 22:12:59,063 - root - INFO - {"event": "execute_tool", "message": "Executing tool wifi-details"}
2023-07-17 22:13:04,181 - root - INFO - {"event": "execute_tool", "message": "Executing tool wifi-details"}
2023-07-17 22:13:09,259 - root - INFO - {"event": "execute_tool", "message": "Executing tool wifi-details"}
2023-07-17 22:13:14,344 - root - INFO - {"event": "execute_tool", "message": "Executing tool wifi-details"}
2023-07-17 22:13:19,469 - root - INFO - {"event": "execute_tool", "message": "Executing tool wifi-details"}
2023-07-17 22:13:24,581 - root - INFO - {"event": "execute_tool", "message": "Executing tool wifi-details"}
2023-07-17 22:13:29,674 - root - INFO - {"event": "execute_tool", "message": "Executing tool wifi-details"}
2023-07-17 22:13:34,760 - root - INFO - {"event": "execute_tool", "message": "Executing tool wifi-details"}
2023-07-17 22:13:39,845 - root - INFO - {"event": "execute_tool", "message": "Executing tool wifi-details"}
2023-07-17 22:13:45,319 - root - INFO - {"event": "execute_tool", "message": "Executing tool wifi-details"}
