2023-07-16 13:42:07,416 - root - INFO - {"event": "startup", "message": "Loading tool states"}
2023-07-16 13:42:07,417 - root - INFO - {"event": "load_states", "message": "Loading states"}
2023-07-16 13:42:07,419 - root - INFO - {"event": "load_states", "message": "States loaded successfully"}
2023-07-16 13:42:07,420 - root - INFO - {"event": "startup", "message": "Adding wifi-details tool"}
2023-07-16 13:42:07,420 - root - INFO - {"event": "add_tool", "message": "Adding tool wifi-details"}
2023-07-16 13:42:07,420 - root - INFO - {"event": "add_tool", "message": "Tool wifi-details added successfully"}
2023-07-16 13:42:07,421 - root - INFO - {"event": "startup", "message": "Adding network adapters tool"}
2023-07-16 13:42:07,421 - root - INFO - {"event": "add_tool", "message": "Adding tool network-adapters"}
2023-07-16 13:42:07,421 - root - INFO - {"event": "add_tool", "message": "Tool network-adapters added successfully"}
2023-07-16 13:42:07,421 - root - INFO - {"event": "startup", "message": "Adding trusted network status tool"}
2023-07-16 13:42:07,421 - root - INFO - {"event": "add_tool", "message": "Adding tool trusted-network-status"}
2023-07-16 13:42:07,421 - root - INFO - {"event": "add_tool", "message": "Tool trusted-network-status added successfully"}
2023-07-16 13:42:07,421 - root - INFO - {"event": "startup", "message": "Adding ad status tool"}
2023-07-16 13:42:07,421 - root - INFO - {"event": "add_tool", "message": "Adding tool ad-status"}
2023-07-16 13:42:07,421 - root - INFO - {"event": "add_tool", "message": "Tool ad-status added successfully"}
2023-07-16 13:42:07,421 - root - INFO - {"event": "startup", "message": "Adding device data tool"}
2023-07-16 13:42:07,422 - root - INFO - {"event": "add_tool", "message": "Adding tool device-data"}
2023-07-16 13:42:07,422 - root - INFO - {"event": "add_tool", "message": "Tool device-data added successfully"}
2023-07-16 13:42:07,422 - root - INFO - {"event": "startup", "message": "Adding domain data tool"}
2023-07-16 13:42:07,422 - root - INFO - {"event": "add_tool", "message": "Adding tool domain-data"}
2023-07-16 13:42:07,422 - root - INFO - {"event": "add_tool", "message": "Tool domain-data added successfully"}
2023-07-16 13:42:07,422 - root - INFO - {"event": "startup", "message": "Adding password data tool"}
2023-07-16 13:42:07,422 - root - INFO - {"event": "add_tool", "message": "Adding tool password-data"}
2023-07-16 13:42:07,422 - root - INFO - {"event": "add_tool", "message": "Tool password-data added successfully"}
2023-07-16 13:42:07,422 - root - INFO - {"event": "startup", "message": "Adding disk usage tool"}
2023-07-16 13:42:07,422 - root - INFO - {"event": "add_tool", "message": "Adding tool disk-usage"}
2023-07-16 13:42:07,422 - root - INFO - {"event": "add_tool", "message": "Tool disk-usage added successfully"}
2023-07-16 13:42:07,422 - root - INFO - {"event": "startup", "message": "Adding toggle low Wi-Fi notifications tool"}
2023-07-16 13:42:07,422 - root - INFO - {"event": "add_tool", "message": "Adding tool low-wifi-notifs"}
2023-07-16 13:42:07,422 - root - INFO - {"event": "add_tool", "message": "Tool low-wifi-notifs added successfully"}
2023-07-16 13:42:31,862 - root - INFO - {"event": "execute_tool", "message": "Executing tool wifi-details"}
2023-07-16 13:42:47,500 - root - INFO - {"event": "execute_tool", "message": "Executing tool wifi-details"}
2023-07-16 13:42:47,592 - root - INFO - {"event": "execute_tool", "message": "Executing tool ad-status"}
2023-07-16 13:42:47,661 - root - INFO - {"event": "execute_tool", "message": "Executing tool password-data"}
2023-07-16 13:42:54,674 - root - INFO - {"event": "execute_tool", "message": "Executing tool wifi-details"}
2023-07-16 13:43:33,683 - root - INFO - {"event": "execute_tool", "message": "Executing tool wifi-details"}
2023-07-16 13:43:37,058 - root - INFO - {"event": "execute_tool", "message": "Executing tool trusted-network-status"}
2023-07-16 13:43:47,132 - root - INFO - {"event": "execute_tool", "message": "Executing tool wifi-details"}
2023-07-16 13:48:47,521 - root - INFO - {"event": "execute_tool", "message": "Executing tool wifi-details"}
2023-07-16 13:49:16,827 - root - INFO - {"event": "execute_tool", "message": "Executing tool wifi-details"}
2023-07-16 13:51:08,957 - root - INFO - {"event": "execute_tool", "message": "Executing tool wifi-details"}
2023-07-16 13:51:09,026 - root - INFO - {"event": "execute_tool", "message": "Executing tool trusted-network-status"}
2023-07-16 13:51:20,882 - root - INFO - {"event": "execute_tool", "message": "Executing tool wifi-details"}
2023-07-16 13:51:41,656 - root - INFO - {"event": "execute_tool", "message": "Executing tool wifi-details"}
2023-07-16 13:51:50,030 - root - INFO - {"event": "execute_tool", "message": "Executing tool wifi-details"}
2023-07-16 13:51:50,704 - root - INFO - {"event": "execute_tool", "message": "Executing tool ad-status"}
2023-07-16 13:51:50,768 - root - INFO - {"event": "execute_tool", "message": "Executing tool password-data"}
2023-07-16 13:51:53,844 - root - INFO - {"event": "execute_tool", "message": "Executing tool network-adapters"}
2023-07-16 13:51:55,992 - root - INFO - {"event": "execute_tool", "message": "Executing tool network-adapters"}
2023-07-16 13:51:59,987 - root - INFO - {"event": "execute_tool", "message": "Executing tool wifi-details"}
2023-07-16 13:52:05,343 - root - INFO - {"event": "execute_tool", "message": "Executing tool wifi-details"}
2023-07-16 13:55:06,923 - root - INFO - {"event": "execute_tool", "message": "Executing tool wifi-details"}
2023-07-16 13:55:10,117 - root - INFO - {"event": "execute_tool", "message": "Executing tool wifi-details"}
2023-07-16 14:00:10,640 - root - INFO - {"event": "execute_tool", "message": "Executing tool wifi-details"}
2023-07-16 14:04:55,847 - root - INFO - {"event": "execute_tool", "message": "Executing tool wifi-details"}
2023-07-16 14:04:55,933 - root - INFO - {"event": "execute_tool", "message": "Executing tool network-adapters"}
2023-07-16 14:04:57,438 - root - INFO - {"event": "execute_tool", "message": "Executing tool network-adapters"}
2023-07-16 14:05:15,996 - root - INFO - {"event": "execute_tool", "message": "Executing tool wifi-details"}
2023-07-16 14:05:26,694 - root - INFO - {"event": "execute_tool", "message": "Executing tool wifi-details"}
2023-07-16 14:05:26,773 - root - INFO - {"event": "execute_tool", "message": "Executing tool network-adapters"}
2023-07-16 14:05:27,903 - root - INFO - {"event": "execute_tool", "message": "Executing tool network-adapters"}
2023-07-16 14:05:30,684 - root - INFO - {"event": "execute_tool", "message": "Executing tool network-adapters"}
2023-07-16 14:10:27,184 - root - INFO - {"event": "execute_tool", "message": "Executing tool wifi-details"}
2023-07-16 14:15:27,654 - root - INFO - {"event": "execute_tool", "message": "Executing tool wifi-details"}
2023-07-16 14:29:55,420 - root - INFO - {"event": "execute_tool", "message": "Executing tool wifi-details"}
2023-07-16 14:30:21,208 - root - INFO - {"event": "execute_tool", "message": "Executing tool wifi-details"}
2023-07-16 14:30:22,673 - root - INFO - {"event": "execute_tool", "message": "Executing tool trusted-network-status"}
2023-07-16 14:30:23,692 - root - INFO - {"event": "execute_tool", "message": "Executing tool ad-status"}
2023-07-16 14:30:23,751 - root - INFO - {"event": "execute_tool", "message": "Executing tool password-data"}
2023-07-16 14:30:24,262 - root - INFO - {"event": "execute_tool", "message": "Executing tool disk-usage"}
