2023-07-17 22:56:08,756 - root - INFO - {"event": "startup", "message": "Loading tool states"}
2023-07-17 22:56:08,757 - root - INFO - {"event": "load_states", "message": "Loading states"}
2023-07-17 22:56:08,759 - root - INFO - {"event": "load_states", "message": "States loaded successfully"}
2023-07-17 22:56:08,760 - root - INFO - {"event": "startup", "message": "Adding wifi-details tool"}
2023-07-17 22:56:08,760 - root - INFO - {"event": "add_tool", "message": "Adding tool wifi-details"}
2023-07-17 22:56:08,760 - root - INFO - {"event": "add_tool", "message": "Tool wifi-details added successfully"}
2023-07-17 22:56:08,761 - root - INFO - {"event": "startup", "message": "Adding network adapters tool"}
2023-07-17 22:56:08,761 - root - INFO - {"event": "add_tool", "message": "Adding tool network-adapters"}
2023-07-17 22:56:08,761 - root - INFO - {"event": "add_tool", "message": "Tool network-adapters added successfully"}
2023-07-17 22:56:08,761 - root - INFO - {"event": "startup", "message": "Adding trusted network status tool"}
2023-07-17 22:56:08,761 - root - INFO - {"event": "add_tool", "message": "Adding tool trusted-network-status"}
2023-07-17 22:56:08,761 - root - INFO - {"event": "add_tool", "message": "Tool trusted-network-status added successfully"}
2023-07-17 22:56:08,761 - root - INFO - {"event": "startup", "message": "Adding ad status tool"}
2023-07-17 22:56:08,762 - root - INFO - {"event": "add_tool", "message": "Adding tool ad-status"}
2023-07-17 22:56:08,762 - root - INFO - {"event": "add_tool", "message": "Tool ad-status added successfully"}
2023-07-17 22:56:08,762 - root - INFO - {"event": "startup", "message": "Adding device data tool"}
2023-07-17 22:56:08,762 - root - INFO - {"event": "add_tool", "message": "Adding tool device-data"}
2023-07-17 22:56:08,762 - root - INFO - {"event": "add_tool", "message": "Tool device-data added successfully"}
2023-07-17 22:56:08,762 - root - INFO - {"event": "startup", "message": "Adding domain data tool"}
2023-07-17 22:56:08,762 - root - INFO - {"event": "add_tool", "message": "Adding tool domain-data"}
2023-07-17 22:56:08,762 - root - INFO - {"event": "add_tool", "message": "Tool domain-data added successfully"}
2023-07-17 22:56:08,762 - root - INFO - {"event": "startup", "message": "Adding password data tool"}
2023-07-17 22:56:08,763 - root - INFO - {"event": "add_tool", "message": "Adding tool password-data"}
2023-07-17 22:56:08,763 - root - INFO - {"event": "add_tool", "message": "Tool password-data added successfully"}
2023-07-17 22:56:08,763 - root - INFO - {"event": "startup", "message": "Adding disk usage tool"}
2023-07-17 22:56:08,763 - root - INFO - {"event": "add_tool", "message": "Adding tool disk-usage"}
2023-07-17 22:56:08,763 - root - INFO - {"event": "add_tool", "message": "Tool disk-usage added successfully"}
2023-07-17 22:56:08,763 - root - INFO - {"event": "startup", "message": "Adding toggle low Wi-Fi notifications tool"}
2023-07-17 22:56:08,763 - root - INFO - {"event": "add_tool", "message": "Adding tool low-wifi-notifs"}
2023-07-17 22:56:08,764 - root - INFO - {"event": "add_tool", "message": "Tool low-wifi-notifs added successfully"}
2023-07-17 22:56:08,764 - root - INFO - {"event": "startup", "message": "Adding get last boottime tool"}
2023-07-17 22:56:08,764 - root - INFO - {"event": "add_tool", "message": "Adding tool last-boottime"}
2023-07-17 22:56:08,764 - root - INFO - {"event": "add_tool", "message": "Tool last-boottime added successfully"}
2023-07-17 22:56:09,274 - root - INFO - {"event": "execute_tool", "message": "Executing tool wifi-details"}
2023-07-17 22:56:12,977 - root - INFO - {"event": "execute_tool", "message": "Executing tool disk-usage"}
2023-07-17 22:56:14,401 - root - INFO - {"event": "execute_tool", "message": "Executing tool wifi-details"}
2023-07-17 22:56:19,842 - root - INFO - {"event": "execute_tool", "message": "Executing tool wifi-details"}
2023-07-17 22:56:24,938 - root - INFO - {"event": "execute_tool", "message": "Executing tool wifi-details"}
2023-07-17 22:56:30,056 - root - INFO - {"event": "execute_tool", "message": "Executing tool wifi-details"}
2023-07-17 22:56:35,454 - root - INFO - {"event": "execute_tool", "message": "Executing tool wifi-details"}
2023-07-17 22:56:40,548 - root - INFO - {"event": "execute_tool", "message": "Executing tool wifi-details"}
2023-07-17 22:56:45,996 - root - INFO - {"event": "execute_tool", "message": "Executing tool wifi-details"}
2023-07-17 22:56:51,178 - root - INFO - {"event": "execute_tool", "message": "Executing tool wifi-details"}
2023-07-17 22:56:56,606 - root - INFO - {"event": "execute_tool", "message": "Executing tool wifi-details"}
2023-07-17 22:57:01,708 - root - INFO - {"event": "execute_tool", "message": "Executing tool wifi-details"}
2023-07-17 22:57:07,170 - root - INFO - {"event": "execute_tool", "message": "Executing tool wifi-details"}
2023-07-17 22:57:12,260 - root - INFO - {"event": "execute_tool", "message": "Executing tool wifi-details"}
2023-07-17 22:57:17,669 - root - INFO - {"event": "execute_tool", "message": "Executing tool wifi-details"}
2023-07-17 22:57:22,759 - root - INFO - {"event": "execute_tool", "message": "Executing tool wifi-details"}
2023-07-17 22:57:27,828 - root - INFO - {"event": "execute_tool", "message": "Executing tool wifi-details"}
2023-07-17 22:57:32,929 - root - INFO - {"event": "execute_tool", "message": "Executing tool wifi-details"}
2023-07-17 22:57:38,349 - root - INFO - {"event": "execute_tool", "message": "Executing tool wifi-details"}
2023-07-17 22:57:43,449 - root - INFO - {"event": "execute_tool", "message": "Executing tool wifi-details"}
2023-07-17 22:57:48,647 - root - INFO - {"event": "execute_tool", "message": "Executing tool wifi-details"}
2023-07-17 22:57:53,825 - root - INFO - {"event": "execute_tool", "message": "Executing tool wifi-details"}
2023-07-17 22:57:59,328 - root - INFO - {"event": "execute_tool", "message": "Executing tool wifi-details"}
2023-07-17 22:58:04,438 - root - INFO - {"event": "execute_tool", "message": "Executing tool wifi-details"}
2023-07-17 22:58:09,850 - root - INFO - {"event": "execute_tool", "message": "Executing tool wifi-details"}
2023-07-17 22:58:14,956 - root - INFO - {"event": "execute_tool", "message": "Executing tool wifi-details"}
2023-07-17 22:58:20,361 - root - INFO - {"event": "execute_tool", "message": "Executing tool wifi-details"}
2023-07-17 22:58:25,461 - root - INFO - {"event": "execute_tool", "message": "Executing tool wifi-details"}
2023-07-17 22:58:30,896 - root - INFO - {"event": "execute_tool", "message": "Executing tool wifi-details"}
2023-07-17 22:58:36,171 - root - INFO - {"event": "execute_tool", "message": "Executing tool wifi-details"}
2023-07-17 22:58:41,580 - root - INFO - {"event": "execute_tool", "message": "Executing tool wifi-details"}
2023-07-17 22:58:46,742 - root - INFO - {"event": "execute_tool", "message": "Executing tool wifi-details"}
2023-07-17 22:58:52,225 - root - INFO - {"event": "execute_tool", "message": "Executing tool wifi-details"}
2023-07-17 22:58:57,452 - root - INFO - {"event": "execute_tool", "message": "Executing tool wifi-details"}
2023-07-17 22:59:02,934 - root - INFO - {"event": "execute_tool", "message": "Executing tool wifi-details"}
2023-07-17 22:59:06,080 - root - INFO - {"event": "execute_tool", "message": "Executing tool trusted-network-status"}
2023-07-17 22:59:08,124 - root - INFO - {"event": "execute_tool", "message": "Executing tool wifi-details"}
2023-07-17 22:59:09,560 - root - INFO - {"event": "execute_tool", "message": "Executing tool wifi-details"}
2023-07-17 22:59:09,700 - root - INFO - {"event": "execute_tool", "message": "Executing tool trusted-network-status"}
2023-07-17 22:59:09,712 - root - INFO - {"event": "execute_tool", "message": "Executing tool ad-status"}
2023-07-17 22:59:09,845 - root - INFO - {"event": "execute_tool", "message": "Executing tool password-data"}
2023-07-17 22:59:09,852 - root - INFO - {"event": "execute_tool", "message": "Executing tool disk-usage"}
2023-07-17 22:59:10,651 - root - INFO - {"event": "execute_tool", "message": "Executing tool last-boottime"}
2023-07-17 22:59:14,729 - root - INFO - {"event": "execute_tool", "message": "Executing tool wifi-details"}
2023-07-17 22:59:19,819 - root - INFO - {"event": "execute_tool", "message": "Executing tool wifi-details"}
2023-07-17 22:59:25,020 - root - INFO - {"event": "execute_tool", "message": "Executing tool wifi-details"}
2023-07-17 22:59:29,023 - root - INFO - {"event": "execute_tool", "message": "Executing tool trusted-network-status"}
2023-07-17 22:59:30,119 - root - INFO - {"event": "execute_tool", "message": "Executing tool wifi-details"}
2023-07-17 22:59:35,253 - root - INFO - {"event": "execute_tool", "message": "Executing tool wifi-details"}
2023-07-17 22:59:40,355 - root - INFO - {"event": "execute_tool", "message": "Executing tool wifi-details"}
2023-07-17 22:59:45,772 - root - INFO - {"event": "execute_tool", "message": "Executing tool wifi-details"}
2023-07-17 22:59:47,188 - root - INFO - {"event": "execute_tool", "message": "Executing tool trusted-network-status"}
2023-07-17 22:59:52,841 - root - INFO - {"event": "execute_tool", "message": "Executing tool wifi-details"}
2023-07-17 22:59:57,917 - root - INFO - {"event": "execute_tool", "message": "Executing tool wifi-details"}
2023-07-17 23:00:03,324 - root - INFO - {"event": "execute_tool", "message": "Executing tool wifi-details"}
2023-07-17 23:00:08,406 - root - INFO - {"event": "execute_tool", "message": "Executing tool wifi-details"}
2023-07-17 23:00:13,841 - root - INFO - {"event": "execute_tool", "message": "Executing tool wifi-details"}
2023-07-17 23:00:19,084 - root - INFO - {"event": "execute_tool", "message": "Executing tool wifi-details"}
2023-07-17 23:00:24,516 - root - INFO - {"event": "execute_tool", "message": "Executing tool wifi-details"}
2023-07-17 23:00:29,613 - root - INFO - {"event": "execute_tool", "message": "Executing tool wifi-details"}
2023-07-17 23:00:35,027 - root - INFO - {"event": "execute_tool", "message": "Executing tool wifi-details"}
2023-07-17 23:00:40,164 - root - INFO - {"event": "execute_tool", "message": "Executing tool wifi-details"}
2023-07-17 23:00:45,614 - root - INFO - {"event": "execute_tool", "message": "Executing tool wifi-details"}
2023-07-17 23:00:50,793 - root - INFO - {"event": "execute_tool", "message": "Executing tool wifi-details"}
2023-07-17 23:00:56,206 - root - INFO - {"event": "execute_tool", "message": "Executing tool wifi-details"}
2023-07-17 23:01:01,310 - root - INFO - {"event": "execute_tool", "message": "Executing tool wifi-details"}
2023-07-17 23:01:06,782 - root - INFO - {"event": "execute_tool", "message": "Executing tool wifi-details"}
2023-07-17 23:01:11,861 - root - INFO - {"event": "execute_tool", "message": "Executing tool wifi-details"}
2023-07-17 23:01:16,947 - root - INFO - {"event": "execute_tool", "message": "Executing tool wifi-details"}
2023-07-17 23:01:22,040 - root - INFO - {"event": "execute_tool", "message": "Executing tool wifi-details"}
2023-07-17 23:01:27,444 - root - INFO - {"event": "execute_tool", "message": "Executing tool wifi-details"}
2023-07-17 23:01:32,579 - root - INFO - {"event": "execute_tool", "message": "Executing tool wifi-details"}
2023-07-17 23:01:38,137 - root - INFO - {"event": "execute_tool", "message": "Executing tool wifi-details"}
2023-07-17 23:01:43,269 - root - INFO - {"event": "execute_tool", "message": "Executing tool wifi-details"}
2023-07-17 23:01:48,353 - root - INFO - {"event": "execute_tool", "message": "Executing tool wifi-details"}
2023-07-17 23:01:53,759 - root - INFO - {"event": "execute_tool", "message": "Executing tool wifi-details"}
2023-07-17 23:01:58,832 - root - INFO - {"event": "execute_tool", "message": "Executing tool wifi-details"}
2023-07-17 23:02:03,945 - root - INFO - {"event": "execute_tool", "message": "Executing tool wifi-details"}
2023-07-17 23:02:09,386 - root - INFO - {"event": "execute_tool", "message": "Executing tool wifi-details"}
2023-07-17 23:02:14,472 - root - INFO - {"event": "execute_tool", "message": "Executing tool wifi-details"}
2023-07-17 23:02:15,731 - root - INFO - {"event": "execute_tool", "message": "Executing tool trusted-network-status"}
2023-07-17 23:02:18,520 - root - INFO - {"event": "execute_tool", "message": "Executing tool wifi-details"}
2023-07-17 23:02:18,637 - root - INFO - {"event": "execute_tool", "message": "Executing tool trusted-network-status"}
2023-07-17 23:02:18,643 - root - INFO - {"event": "execute_tool", "message": "Executing tool ad-status"}
2023-07-17 23:02:18,739 - root - INFO - {"event": "execute_tool", "message": "Executing tool password-data"}
2023-07-17 23:02:18,741 - root - INFO - {"event": "execute_tool", "message": "Executing tool disk-usage"}
2023-07-17 23:02:23,660 - root - INFO - {"event": "execute_tool", "message": "Executing tool wifi-details"}
2023-07-17 23:02:26,154 - root - INFO - {"event": "execute_tool", "message": "Executing tool trusted-network-status"}
2023-07-17 23:02:28,746 - root - INFO - {"event": "execute_tool", "message": "Executing tool wifi-details"}
2023-07-17 23:02:35,093 - root - INFO - {"event": "execute_tool", "message": "Executing tool wifi-details"}
2023-07-17 23:02:35,740 - root - INFO - {"event": "execute_tool", "message": "Executing tool network-adapters"}
2023-07-17 23:02:40,228 - root - INFO - {"event": "execute_tool", "message": "Executing tool wifi-details"}
2023-07-17 23:02:45,373 - root - INFO - {"event": "execute_tool", "message": "Executing tool wifi-details"}
2023-07-17 23:02:47,702 - root - INFO - {"event": "execute_tool", "message": "Executing tool trusted-network-status"}
2023-07-17 23:02:50,482 - root - INFO - {"event": "execute_tool", "message": "Executing tool wifi-details"}
2023-07-17 23:02:54,318 - root - INFO - {"event": "execute_tool", "message": "Executing tool trusted-network-status"}
2023-07-17 23:02:55,557 - root - INFO - {"event": "execute_tool", "message": "Executing tool wifi-details"}
2023-07-17 23:03:00,954 - root - INFO - {"event": "execute_tool", "message": "Executing tool wifi-details"}
2023-07-17 23:03:06,041 - root - INFO - {"event": "execute_tool", "message": "Executing tool wifi-details"}
2023-07-17 23:03:11,464 - root - INFO - {"event": "execute_tool", "message": "Executing tool wifi-details"}
2023-07-17 23:03:16,663 - root - INFO - {"event": "execute_tool", "message": "Executing tool wifi-details"}
2023-07-17 23:03:21,750 - root - INFO - {"event": "execute_tool", "message": "Executing tool wifi-details"}
2023-07-17 23:03:26,850 - root - INFO - {"event": "execute_tool", "message": "Executing tool wifi-details"}
2023-07-17 23:03:28,232 - root - INFO - {"event": "execute_tool", "message": "Executing tool trusted-network-status"}
2023-07-17 23:03:31,957 - root - INFO - {"event": "execute_tool", "message": "Executing tool wifi-details"}
2023-07-17 23:03:37,128 - root - INFO - {"event": "execute_tool", "message": "Executing tool wifi-details"}
2023-07-17 23:03:42,223 - root - INFO - {"event": "execute_tool", "message": "Executing tool wifi-details"}
2023-07-17 23:03:47,298 - root - INFO - {"event": "execute_tool", "message": "Executing tool wifi-details"}
2023-07-17 23:03:52,806 - root - INFO - {"event": "execute_tool", "message": "Executing tool wifi-details"}
2023-07-17 23:03:57,884 - root - INFO - {"event": "execute_tool", "message": "Executing tool wifi-details"}
2023-07-17 23:04:02,958 - root - INFO - {"event": "execute_tool", "message": "Executing tool wifi-details"}
2023-07-17 23:04:03,639 - root - INFO - {"event": "execute_tool", "message": "Executing tool trusted-network-status"}
2023-07-17 23:04:03,864 - root - INFO - {"event": "execute_tool", "message": "Executing tool last-boottime"}
2023-07-17 23:04:08,026 - root - INFO - {"event": "execute_tool", "message": "Executing tool wifi-details"}
2023-07-17 23:04:13,452 - root - INFO - {"event": "execute_tool", "message": "Executing tool wifi-details"}
2023-07-17 23:04:18,543 - root - INFO - {"event": "execute_tool", "message": "Executing tool wifi-details"}
2023-07-17 23:04:23,625 - root - INFO - {"event": "execute_tool", "message": "Executing tool wifi-details"}
2023-07-17 23:04:28,726 - root - INFO - {"event": "execute_tool", "message": "Executing tool wifi-details"}
2023-07-17 23:04:33,816 - root - INFO - {"event": "execute_tool", "message": "Executing tool wifi-details"}
2023-07-17 23:04:39,216 - root - INFO - {"event": "execute_tool", "message": "Executing tool wifi-details"}
2023-07-17 23:04:44,288 - root - INFO - {"event": "execute_tool", "message": "Executing tool wifi-details"}
2023-07-17 23:04:47,591 - root - INFO - {"event": "execute_tool", "message": "Executing tool network-adapters"}
2023-07-17 23:04:49,381 - root - INFO - {"event": "execute_tool", "message": "Executing tool wifi-details"}
2023-07-17 23:04:51,552 - root - INFO - {"event": "execute_tool", "message": "Executing tool trusted-network-status"}
2023-07-17 23:04:54,466 - root - INFO - {"event": "execute_tool", "message": "Executing tool wifi-details"}
2023-07-17 23:04:59,868 - root - INFO - {"event": "execute_tool", "message": "Executing tool wifi-details"}
2023-07-17 23:05:04,946 - root - INFO - {"event": "execute_tool", "message": "Executing tool wifi-details"}
2023-07-17 23:05:10,322 - root - INFO - {"event": "execute_tool", "message": "Executing tool wifi-details"}
2023-07-17 23:05:15,414 - root - INFO - {"event": "execute_tool", "message": "Executing tool wifi-details"}
2023-07-17 23:05:20,501 - root - INFO - {"event": "execute_tool", "message": "Executing tool wifi-details"}
2023-07-17 23:05:24,074 - root - INFO - {"event": "execute_tool", "message": "Executing tool trusted-network-status"}
2023-07-17 23:05:25,592 - root - INFO - {"event": "execute_tool", "message": "Executing tool wifi-details"}
2023-07-17 23:05:30,649 - root - INFO - {"event": "execute_tool", "message": "Executing tool trusted-network-status"}
2023-07-17 23:05:30,675 - root - INFO - {"event": "execute_tool", "message": "Executing tool wifi-details"}
2023-07-17 23:05:32,874 - root - INFO - {"event": "execute_tool", "message": "Executing tool network-adapters"}
2023-07-17 23:05:35,765 - root - INFO - {"event": "execute_tool", "message": "Executing tool wifi-details"}
2023-07-17 23:05:38,586 - root - INFO - {"event": "execute_tool", "message": "Executing tool trusted-network-status"}
2023-07-17 23:05:40,851 - root - INFO - {"event": "execute_tool", "message": "Executing tool wifi-details"}
2023-07-17 23:05:45,964 - root - INFO - {"event": "execute_tool", "message": "Executing tool wifi-details"}
2023-07-17 23:05:46,364 - root - INFO - {"event": "execute_tool", "message": "Executing tool domain-data"}
2023-07-17 23:05:51,032 - root - INFO - {"event": "execute_tool", "message": "Executing tool wifi-details"}
2023-07-17 23:05:56,417 - root - INFO - {"event": "execute_tool", "message": "Executing tool wifi-details"}
2023-07-17 23:06:01,500 - root - INFO - {"event": "execute_tool", "message": "Executing tool wifi-details"}
2023-07-17 23:06:06,587 - root - INFO - {"event": "execute_tool", "message": "Executing tool wifi-details"}
2023-07-17 23:06:11,996 - root - INFO - {"event": "execute_tool", "message": "Executing tool wifi-details"}
2023-07-17 23:06:17,085 - root - INFO - {"event": "execute_tool", "message": "Executing tool wifi-details"}
2023-07-17 23:06:22,218 - root - INFO - {"event": "execute_tool", "message": "Executing tool wifi-details"}
2023-07-17 23:06:27,632 - root - INFO - {"event": "execute_tool", "message": "Executing tool wifi-details"}
