2023-07-14 20:03:04,072 - root - INFO - {"event": "startup", "message": "Loading tool states"}
2023-07-14 20:03:04,076 - root - INFO - {"event": "load_states", "message": "Loading states"}
2023-07-14 20:03:04,164 - root - INFO - {"event": "load_states", "message": "States loaded successfully"}
2023-07-14 20:03:04,164 - root - INFO - {"event": "startup", "message": "Adding wifi-details tool"}
2023-07-14 20:03:04,165 - root - INFO - {"event": "add_tool", "message": "Adding tool wifi-details"}
2023-07-14 20:03:04,165 - root - INFO - {"event": "add_tool", "message": "Tool wifi-details added successfully"}
2023-07-14 20:03:04,165 - root - INFO - {"event": "startup", "message": "Adding network adapters tool"}
2023-07-14 20:03:04,166 - root - INFO - {"event": "add_tool", "message": "Adding tool network-adapters"}
2023-07-14 20:03:04,166 - root - INFO - {"event": "add_tool", "message": "Tool network-adapters added successfully"}
2023-07-14 20:03:04,166 - root - INFO - {"event": "startup", "message": "Adding trusted network status tool"}
2023-07-14 20:03:04,166 - root - INFO - {"event": "add_tool", "message": "Adding tool trusted-network-status"}
2023-07-14 20:03:04,166 - root - INFO - {"event": "add_tool", "message": "Tool trusted-network-status added successfully"}
2023-07-14 20:03:04,167 - root - INFO - {"event": "startup", "message": "Adding ad status tool"}
2023-07-14 20:03:04,167 - root - INFO - {"event": "add_tool", "message": "Adding tool ad-status"}
2023-07-14 20:03:04,167 - root - INFO - {"event": "add_tool", "message": "Tool ad-status added successfully"}
2023-07-14 20:03:04,167 - root - INFO - {"event": "startup", "message": "Adding device data tool"}
2023-07-14 20:03:04,167 - root - INFO - {"event": "add_tool", "message": "Adding tool device-data"}
2023-07-14 20:03:04,167 - root - INFO - {"event": "add_tool", "message": "Tool device-data added successfully"}
2023-07-14 20:03:04,168 - root - INFO - {"event": "startup", "message": "Adding domain data tool"}
2023-07-14 20:03:04,168 - root - INFO - {"event": "add_tool", "message": "Adding tool domain-data"}
2023-07-14 20:03:04,168 - root - INFO - {"event": "add_tool", "message": "Tool domain-data added successfully"}
2023-07-14 20:03:04,168 - root - INFO - {"event": "startup", "message": "Adding password data tool"}
2023-07-14 20:03:04,168 - root - INFO - {"event": "add_tool", "message": "Adding tool password-data"}
2023-07-14 20:03:04,169 - root - INFO - {"event": "add_tool", "message": "Tool password-data added successfully"}
2023-07-14 20:03:04,169 - root - INFO - {"event": "startup", "message": "Adding disk usage tool"}
2023-07-14 20:03:04,169 - root - INFO - {"event": "add_tool", "message": "Adding tool disk-usage"}
2023-07-14 20:03:04,169 - root - INFO - {"event": "add_tool", "message": "Tool disk-usage added successfully"}
2023-07-14 20:03:04,170 - root - INFO - {"event": "startup", "message": "Adding toggle low Wi-Fi notifications tool"}
2023-07-14 20:03:04,170 - root - INFO - {"event": "add_tool", "message": "Adding tool low-wifi-notifs"}
2023-07-14 20:03:04,170 - root - INFO - {"event": "add_tool", "message": "Tool low-wifi-notifs added successfully"}
2023-07-14 20:06:46,060 - root - INFO - {"event": "execute_tool", "message": "Executing tool wifi-details"}
2023-07-14 20:06:48,026 - root - INFO - {"event": "execute_tool", "message": "Executing tool wifi-details"}
2023-07-14 20:06:50,140 - root - INFO - {"event": "execute_tool", "message": "Executing tool wifi-details"}
2023-07-14 20:06:54,228 - root - INFO - {"event": "execute_tool", "message": "Executing tool wifi-details"}
2023-07-14 20:06:59,800 - root - INFO - {"event": "execute_tool", "message": "Executing tool wifi-details"}
2023-07-14 20:07:01,062 - root - INFO - {"event": "execute_tool", "message": "Executing tool wifi-details"}
2023-07-14 20:07:03,162 - root - INFO - {"event": "execute_tool", "message": "Executing tool wifi-details"}
2023-07-14 20:07:07,259 - root - INFO - {"event": "execute_tool", "message": "Executing tool wifi-details"}
2023-07-14 20:07:11,411 - root - INFO - {"event": "execute_tool", "message": "Executing tool trusted-network-status"}
2023-07-14 20:07:12,430 - root - INFO - {"event": "execute_tool", "message": "Executing tool trusted-network-status"}
2023-07-14 20:07:12,621 - root - INFO - {"event": "execute_tool", "message": "Executing tool wifi-details"}
2023-07-14 20:07:13,786 - root - INFO - {"event": "execute_tool", "message": "Executing tool wifi-details"}
2023-07-14 20:07:15,886 - root - INFO - {"event": "execute_tool", "message": "Executing tool wifi-details"}
2023-07-14 20:07:19,108 - root - INFO - {"event": "execute_tool", "message": "Executing tool trusted-network-status"}
2023-07-14 20:07:19,998 - root - INFO - {"event": "execute_tool", "message": "Executing tool wifi-details"}
2023-07-14 20:07:20,418 - root - INFO - {"event": "execute_tool", "message": "Executing tool ad-status"}
2023-07-14 20:07:20,534 - root - INFO - {"event": "execute_tool", "message": "Executing tool password-data"}
2023-07-14 20:07:21,548 - root - INFO - {"event": "execute_tool", "message": "Executing tool ad-status"}
2023-07-14 20:07:21,649 - root - INFO - {"event": "execute_tool", "message": "Executing tool password-data"}
2023-07-14 20:07:21,844 - root - INFO - {"event": "execute_tool", "message": "Executing tool wifi-details"}
2023-07-14 20:07:22,982 - root - INFO - {"event": "execute_tool", "message": "Executing tool wifi-details"}
2023-07-14 20:07:25,145 - root - INFO - {"event": "execute_tool", "message": "Executing tool wifi-details"}
2023-07-14 20:07:29,262 - root - INFO - {"event": "execute_tool", "message": "Executing tool wifi-details"}
2023-07-14 20:07:29,376 - root - INFO - {"event": "execute_tool", "message": "Executing tool wifi-details"}
2023-07-14 20:08:26,736 - root - INFO - {"event": "execute_tool", "message": "Executing tool wifi-details"}
2023-07-14 20:08:27,648 - root - INFO - {"event": "execute_tool", "message": "Executing tool trusted-network-status"}
2023-07-14 20:08:27,992 - root - INFO - {"event": "execute_tool", "message": "Executing tool wifi-details"}
2023-07-14 20:08:29,160 - root - INFO - {"event": "execute_tool", "message": "Executing tool wifi-details"}
2023-07-14 20:08:31,274 - root - INFO - {"event": "execute_tool", "message": "Executing tool wifi-details"}
2023-07-14 20:08:35,403 - root - INFO - {"event": "execute_tool", "message": "Executing tool wifi-details"}
2023-07-14 20:09:07,420 - root - INFO - {"event": "execute_tool", "message": "Executing tool wifi-details"}
2023-07-14 20:09:09,489 - root - INFO - {"event": "execute_tool", "message": "Executing tool wifi-details"}
2023-07-14 20:09:11,713 - root - INFO - {"event": "execute_tool", "message": "Executing tool wifi-details"}
2023-07-14 20:09:15,835 - root - INFO - {"event": "execute_tool", "message": "Executing tool wifi-details"}
2023-07-14 20:09:24,192 - root - INFO - {"event": "execute_tool", "message": "Executing tool wifi-details"}
2023-07-14 20:09:25,324 - root - INFO - {"event": "execute_tool", "message": "Executing tool wifi-details"}
2023-07-14 20:09:27,428 - root - INFO - {"event": "execute_tool", "message": "Executing tool wifi-details"}
2023-07-14 20:09:31,519 - root - INFO - {"event": "execute_tool", "message": "Executing tool wifi-details"}
2023-07-14 20:11:28,882 - root - INFO - {"event": "execute_tool", "message": "Executing tool wifi-details"}
2023-07-14 20:11:30,035 - root - INFO - {"event": "execute_tool", "message": "Executing tool wifi-details"}
2023-07-14 20:11:33,444 - root - INFO - {"event": "execute_tool", "message": "Executing tool wifi-details"}
2023-07-14 20:11:34,578 - root - INFO - {"event": "execute_tool", "message": "Executing tool wifi-details"}
2023-07-14 20:11:36,685 - root - INFO - {"event": "execute_tool", "message": "Executing tool wifi-details"}
2023-07-14 20:11:40,802 - root - INFO - {"event": "execute_tool", "message": "Executing tool wifi-details"}
2023-07-14 20:12:33,534 - root - INFO - {"event": "execute_tool", "message": "Executing tool wifi-details"}
2023-07-14 20:12:34,780 - root - INFO - {"event": "execute_tool", "message": "Executing tool wifi-details"}
2023-07-14 20:12:38,421 - root - INFO - {"event": "execute_tool", "message": "Executing tool wifi-details"}
2023-07-14 20:12:43,363 - root - INFO - {"event": "execute_tool", "message": "Executing tool trusted-network-status"}
2023-07-14 20:12:43,916 - root - INFO - {"event": "execute_tool", "message": "Executing tool wifi-details"}
2023-07-14 20:12:44,237 - root - INFO - {"event": "execute_tool", "message": "Executing tool ad-status"}
2023-07-14 20:12:44,373 - root - INFO - {"event": "execute_tool", "message": "Executing tool password-data"}
2023-07-14 20:12:45,534 - root - INFO - {"event": "execute_tool", "message": "Executing tool disk-usage"}
2023-07-14 20:15:05,669 - root - INFO - {"event": "execute_tool", "message": "Executing tool wifi-details"}
2023-07-14 20:15:10,869 - root - INFO - {"event": "execute_tool", "message": "Executing tool wifi-details"}
2023-07-14 20:15:13,168 - root - INFO - {"event": "execute_tool", "message": "Executing tool trusted-network-status"}
2023-07-14 20:15:18,431 - root - INFO - {"event": "execute_tool", "message": "Executing tool wifi-details"}
2023-07-14 20:15:52,264 - root - INFO - {"event": "execute_tool", "message": "Executing tool disk-usage"}
2023-07-14 20:15:52,266 - root - INFO - {"event": "execute_tool", "message": "Executing tool wifi-details"}
2023-07-14 20:15:52,366 - root - INFO - {"event": "execute_tool", "message": "Executing tool password-data"}
2023-07-14 20:15:52,367 - root - INFO - {"event": "execute_tool", "message": "Executing tool ad-status"}
