2023-07-16 15:22:53,919 - root - INFO - {"event": "startup", "message": "Loading tool states"}
2023-07-16 15:22:53,919 - root - INFO - {"event": "load_states", "message": "Loading states"}
2023-07-16 15:22:53,921 - root - INFO - {"event": "load_states", "message": "States loaded successfully"}
2023-07-16 15:22:53,921 - root - INFO - {"event": "startup", "message": "Adding wifi-details tool"}
2023-07-16 15:22:53,922 - root - INFO - {"event": "add_tool", "message": "Adding tool wifi-details"}
2023-07-16 15:22:53,922 - root - INFO - {"event": "add_tool", "message": "Tool wifi-details added successfully"}
2023-07-16 15:22:53,922 - root - INFO - {"event": "startup", "message": "Adding network adapters tool"}
2023-07-16 15:22:53,922 - root - INFO - {"event": "add_tool", "message": "Adding tool network-adapters"}
2023-07-16 15:22:53,922 - root - INFO - {"event": "add_tool", "message": "Tool network-adapters added successfully"}
2023-07-16 15:22:53,922 - root - INFO - {"event": "startup", "message": "Adding trusted network status tool"}
2023-07-16 15:22:53,922 - root - INFO - {"event": "add_tool", "message": "Adding tool trusted-network-status"}
2023-07-16 15:22:53,922 - root - INFO - {"event": "add_tool", "message": "Tool trusted-network-status added successfully"}
2023-07-16 15:22:53,922 - root - INFO - {"event": "startup", "message": "Adding ad status tool"}
2023-07-16 15:22:53,923 - root - INFO - {"event": "add_tool", "message": "Adding tool ad-status"}
2023-07-16 15:22:53,923 - root - INFO - {"event": "add_tool", "message": "Tool ad-status added successfully"}
2023-07-16 15:22:53,923 - root - INFO - {"event": "startup", "message": "Adding device data tool"}
2023-07-16 15:22:53,923 - root - INFO - {"event": "add_tool", "message": "Adding tool device-data"}
2023-07-16 15:22:53,923 - root - INFO - {"event": "add_tool", "message": "Tool device-data added successfully"}
2023-07-16 15:22:53,923 - root - INFO - {"event": "startup", "message": "Adding domain data tool"}
2023-07-16 15:22:53,923 - root - INFO - {"event": "add_tool", "message": "Adding tool domain-data"}
2023-07-16 15:22:53,923 - root - INFO - {"event": "add_tool", "message": "Tool domain-data added successfully"}
2023-07-16 15:22:53,923 - root - INFO - {"event": "startup", "message": "Adding password data tool"}
2023-07-16 15:22:53,923 - root - INFO - {"event": "add_tool", "message": "Adding tool password-data"}
2023-07-16 15:22:53,923 - root - INFO - {"event": "add_tool", "message": "Tool password-data added successfully"}
2023-07-16 15:22:53,923 - root - INFO - {"event": "startup", "message": "Adding disk usage tool"}
2023-07-16 15:22:53,923 - root - INFO - {"event": "add_tool", "message": "Adding tool disk-usage"}
2023-07-16 15:22:53,923 - root - INFO - {"event": "add_tool", "message": "Tool disk-usage added successfully"}
2023-07-16 15:22:53,924 - root - INFO - {"event": "startup", "message": "Adding toggle low Wi-Fi notifications tool"}
2023-07-16 15:22:53,924 - root - INFO - {"event": "add_tool", "message": "Adding tool low-wifi-notifs"}
2023-07-16 15:22:53,924 - root - INFO - {"event": "add_tool", "message": "Tool low-wifi-notifs added successfully"}
2023-07-16 15:22:56,362 - root - INFO - {"event": "execute_tool", "message": "Executing tool wifi-details"}
2023-07-16 15:22:57,594 - root - INFO - {"event": "execute_tool", "message": "Executing tool trusted-network-status"}
2023-07-16 15:22:58,656 - root - INFO - {"event": "execute_tool", "message": "Executing tool ad-status"}
2023-07-16 15:22:58,715 - root - INFO - {"event": "execute_tool", "message": "Executing tool password-data"}
2023-07-16 15:23:37,194 - root - INFO - {"event": "execute_tool", "message": "Executing tool wifi-details"}
2023-07-16 15:28:37,600 - root - INFO - {"event": "execute_tool", "message": "Executing tool wifi-details"}
2023-07-16 15:33:38,059 - root - INFO - {"event": "execute_tool", "message": "Executing tool wifi-details"}
2023-07-16 15:38:38,945 - root - INFO - {"event": "execute_tool", "message": "Executing tool wifi-details"}
2023-07-16 15:43:39,928 - root - INFO - {"event": "execute_tool", "message": "Executing tool wifi-details"}
2023-07-16 15:48:40,917 - root - INFO - {"event": "execute_tool", "message": "Executing tool wifi-details"}
2023-07-16 15:53:41,935 - root - INFO - {"event": "execute_tool", "message": "Executing tool wifi-details"}
2023-07-16 15:58:42,942 - root - INFO - {"event": "execute_tool", "message": "Executing tool wifi-details"}
2023-07-16 16:03:43,929 - root - INFO - {"event": "execute_tool", "message": "Executing tool wifi-details"}
2023-07-16 16:08:44,933 - root - INFO - {"event": "execute_tool", "message": "Executing tool wifi-details"}
2023-07-16 16:13:45,928 - root - INFO - {"event": "execute_tool", "message": "Executing tool wifi-details"}
2023-07-16 16:18:46,932 - root - INFO - {"event": "execute_tool", "message": "Executing tool wifi-details"}
2023-07-16 16:23:47,942 - root - INFO - {"event": "execute_tool", "message": "Executing tool wifi-details"}
2023-07-16 16:28:48,929 - root - INFO - {"event": "execute_tool", "message": "Executing tool wifi-details"}
2023-07-16 16:33:49,929 - root - INFO - {"event": "execute_tool", "message": "Executing tool wifi-details"}
2023-07-16 16:36:46,558 - root - INFO - {"event": "execute_tool", "message": "Executing tool wifi-details"}
2023-07-16 16:41:47,178 - root - INFO - {"event": "execute_tool", "message": "Executing tool wifi-details"}
2023-07-16 16:46:47,595 - root - INFO - {"event": "execute_tool", "message": "Executing tool wifi-details"}
2023-07-16 16:51:47,985 - root - INFO - {"event": "execute_tool", "message": "Executing tool wifi-details"}
2023-07-16 16:53:07,443 - root - INFO - {"event": "execute_tool", "message": "Executing tool wifi-details"}
