2023-07-17 16:51:35,043 - root - INFO - {"event": "startup", "message": "Loading tool states"}
2023-07-17 16:51:35,043 - root - INFO - {"event": "load_states", "message": "Loading states"}
2023-07-17 16:51:35,069 - root - INFO - {"event": "load_states", "message": "States loaded successfully"}
2023-07-17 16:51:35,069 - root - INFO - {"event": "startup", "message": "Adding wifi-details tool"}
2023-07-17 16:51:35,070 - root - INFO - {"event": "add_tool", "message": "Adding tool wifi-details"}
2023-07-17 16:51:35,070 - root - INFO - {"event": "add_tool", "message": "Tool wifi-details added successfully"}
2023-07-17 16:51:35,071 - root - INFO - {"event": "startup", "message": "Adding network adapters tool"}
2023-07-17 16:51:35,071 - root - INFO - {"event": "add_tool", "message": "Adding tool network-adapters"}
2023-07-17 16:51:35,071 - root - INFO - {"event": "add_tool", "message": "Tool network-adapters added successfully"}
2023-07-17 16:51:35,071 - root - INFO - {"event": "startup", "message": "Adding trusted network status tool"}
2023-07-17 16:51:35,072 - root - INFO - {"event": "add_tool", "message": "Adding tool trusted-network-status"}
2023-07-17 16:51:35,072 - root - INFO - {"event": "add_tool", "message": "Tool trusted-network-status added successfully"}
2023-07-17 16:51:35,072 - root - INFO - {"event": "startup", "message": "Adding ad status tool"}
2023-07-17 16:51:35,072 - root - INFO - {"event": "add_tool", "message": "Adding tool ad-status"}
2023-07-17 16:51:35,073 - root - INFO - {"event": "add_tool", "message": "Tool ad-status added successfully"}
2023-07-17 16:51:35,073 - root - INFO - {"event": "startup", "message": "Adding device data tool"}
2023-07-17 16:51:35,073 - root - INFO - {"event": "add_tool", "message": "Adding tool device-data"}
2023-07-17 16:51:35,073 - root - INFO - {"event": "add_tool", "message": "Tool device-data added successfully"}
2023-07-17 16:51:35,073 - root - INFO - {"event": "startup", "message": "Adding domain data tool"}
2023-07-17 16:51:35,073 - root - INFO - {"event": "add_tool", "message": "Adding tool domain-data"}
2023-07-17 16:51:35,074 - root - INFO - {"event": "add_tool", "message": "Tool domain-data added successfully"}
2023-07-17 16:51:35,074 - root - INFO - {"event": "startup", "message": "Adding password data tool"}
2023-07-17 16:51:35,074 - root - INFO - {"event": "add_tool", "message": "Adding tool password-data"}
2023-07-17 16:51:35,074 - root - INFO - {"event": "add_tool", "message": "Tool password-data added successfully"}
2023-07-17 16:51:35,074 - root - INFO - {"event": "startup", "message": "Adding disk usage tool"}
2023-07-17 16:51:35,074 - root - INFO - {"event": "add_tool", "message": "Adding tool disk-usage"}
2023-07-17 16:51:35,074 - root - INFO - {"event": "add_tool", "message": "Tool disk-usage added successfully"}
2023-07-17 16:51:35,074 - root - INFO - {"event": "startup", "message": "Adding toggle low Wi-Fi notifications tool"}
2023-07-17 16:51:35,075 - root - INFO - {"event": "add_tool", "message": "Adding tool low-wifi-notifs"}
2023-07-17 16:51:35,075 - root - INFO - {"event": "add_tool", "message": "Tool low-wifi-notifs added successfully"}
2023-07-17 16:57:26,322 - root - INFO - {"event": "execute_tool", "message": "Executing tool wifi-details"}
2023-07-17 16:57:29,535 - root - INFO - {"event": "execute_tool", "message": "Executing tool trusted-network-status"}
2023-07-17 16:57:31,541 - root - INFO - {"event": "execute_tool", "message": "Executing tool wifi-details"}
2023-07-17 17:02:36,483 - root - INFO - {"event": "execute_tool", "message": "Executing tool wifi-details"}
2023-07-17 17:02:38,459 - root - INFO - {"event": "execute_tool", "message": "Executing tool network-adapters"}
2023-07-17 17:02:40,378 - root - INFO - {"event": "execute_tool", "message": "Executing tool trusted-network-status"}
2023-07-17 17:15:40,370 - root - INFO - {"event": "execute_tool", "message": "Executing tool wifi-details"}
2023-07-17 17:26:19,525 - root - INFO - {"event": "execute_tool", "message": "Executing tool wifi-details"}
2023-07-17 17:26:24,644 - root - INFO - {"event": "execute_tool", "message": "Executing tool wifi-details"}
2023-07-17 17:26:29,761 - root - INFO - {"event": "execute_tool", "message": "Executing tool wifi-details"}
2023-07-17 17:26:35,211 - root - INFO - {"event": "execute_tool", "message": "Executing tool wifi-details"}
2023-07-17 17:26:41,056 - root - INFO - {"event": "execute_tool", "message": "Executing tool wifi-details"}
2023-07-17 17:26:47,372 - root - INFO - {"event": "execute_tool", "message": "Executing tool wifi-details"}
2023-07-17 17:26:52,490 - root - INFO - {"event": "execute_tool", "message": "Executing tool wifi-details"}
2023-07-17 17:26:57,902 - root - INFO - {"event": "execute_tool", "message": "Executing tool wifi-details"}
2023-07-17 17:27:03,070 - root - INFO - {"event": "execute_tool", "message": "Executing tool wifi-details"}
2023-07-17 17:27:09,375 - root - INFO - {"event": "execute_tool", "message": "Executing tool wifi-details"}
2023-07-17 17:27:14,483 - root - INFO - {"event": "execute_tool", "message": "Executing tool wifi-details"}
2023-07-17 17:27:19,914 - root - INFO - {"event": "execute_tool", "message": "Executing tool wifi-details"}
2023-07-17 17:27:25,033 - root - INFO - {"event": "execute_tool", "message": "Executing tool wifi-details"}
2023-07-17 17:27:30,463 - root - INFO - {"event": "execute_tool", "message": "Executing tool wifi-details"}
2023-07-17 17:27:35,575 - root - INFO - {"event": "execute_tool", "message": "Executing tool wifi-details"}
2023-07-17 17:27:40,994 - root - INFO - {"event": "execute_tool", "message": "Executing tool wifi-details"}
