2023-07-11 14:06:32,178 - root - INFO - {"event": "startup", "message": "Loading tool states"}
2023-07-11 14:06:32,179 - root - INFO - {"event": "load_states", "message": "Loading states"}
2023-07-11 14:06:32,198 - root - INFO - {"event": "load_states", "message": "States loaded successfully"}
2023-07-11 14:06:32,198 - root - INFO - {"event": "startup", "message": "Adding wifi-details tool"}
2023-07-11 14:06:32,198 - root - INFO - {"event": "add_tool", "message": "Adding tool wifi-details"}
2023-07-11 14:06:32,199 - root - INFO - {"event": "add_tool", "message": "Tool wifi-details added successfully"}
2023-07-11 14:06:32,199 - root - INFO - {"event": "startup", "message": "Adding network adapters tool"}
2023-07-11 14:06:32,200 - root - INFO - {"event": "add_tool", "message": "Adding tool network-adapters"}
2023-07-11 14:06:32,200 - root - INFO - {"event": "add_tool", "message": "Tool network-adapters added successfully"}
2023-07-11 14:06:32,201 - root - INFO - {"event": "startup", "message": "Adding trusted network status tool"}
2023-07-11 14:06:32,201 - root - INFO - {"event": "add_tool", "message": "Adding tool trusted-network-status"}
2023-07-11 14:06:32,201 - root - INFO - {"event": "add_tool", "message": "Tool trusted-network-status added successfully"}
2023-07-11 14:06:32,202 - root - INFO - {"event": "startup", "message": "Adding ad status tool"}
2023-07-11 14:06:32,202 - root - INFO - {"event": "add_tool", "message": "Adding tool ad-status"}
2023-07-11 14:06:32,202 - root - INFO - {"event": "add_tool", "message": "Tool ad-status added successfully"}
2023-07-11 14:06:32,202 - root - INFO - {"event": "startup", "message": "Adding device data tool"}
2023-07-11 14:06:32,202 - root - INFO - {"event": "add_tool", "message": "Adding tool device-data"}
2023-07-11 14:06:32,203 - root - INFO - {"event": "add_tool", "message": "Tool device-data added successfully"}
2023-07-11 14:06:32,203 - root - INFO - {"event": "startup", "message": "Adding domain data tool"}
2023-07-11 14:06:32,203 - root - INFO - {"event": "add_tool", "message": "Adding tool domain-data"}
2023-07-11 14:06:32,203 - root - INFO - {"event": "add_tool", "message": "Tool domain-data added successfully"}
2023-07-11 14:06:32,203 - root - INFO - {"event": "startup", "message": "Adding password data tool"}
2023-07-11 14:06:32,204 - root - INFO - {"event": "add_tool", "message": "Adding tool password-data"}
2023-07-11 14:06:32,205 - root - INFO - {"event": "add_tool", "message": "Tool password-data added successfully"}
2023-07-11 14:06:32,205 - root - INFO - {"event": "startup", "message": "Adding disk usage tool"}
2023-07-11 14:06:32,205 - root - INFO - {"event": "add_tool", "message": "Adding tool disk-usage"}
2023-07-11 14:06:32,206 - root - INFO - {"event": "add_tool", "message": "Tool disk-usage added successfully"}
2023-07-11 14:06:32,206 - root - INFO - {"event": "startup", "message": "Adding toggle low Wi-Fi notifications tool"}
2023-07-11 14:06:32,206 - root - INFO - {"event": "add_tool", "message": "Adding tool low-wifi-notifs"}
2023-07-11 14:06:32,207 - root - INFO - {"event": "add_tool", "message": "Tool low-wifi-notifs added successfully"}
2023-07-11 14:06:33,987 - root - INFO - {"event": "execute_tool", "message": "Executing tool wifi-details"}
2023-07-11 14:06:50,067 - root - INFO - {"event": "execute_tool", "message": "Executing tool wifi-details"}
2023-07-11 14:06:57,518 - root - INFO - {"event": "execute_tool", "message": "Executing tool ad-status"}
2023-07-11 14:06:57,586 - root - INFO - {"event": "execute_tool", "message": "Executing tool password-data"}
2023-07-11 14:07:05,855 - root - INFO - {"event": "execute_tool", "message": "Executing tool disk-usage"}
2023-07-11 14:07:08,946 - root - INFO - {"event": "execute_tool", "message": "Executing tool wifi-details"}
2023-07-11 14:07:18,268 - root - INFO - {"event": "execute_tool", "message": "Executing tool wifi-details"}
2023-07-11 14:07:25,674 - root - INFO - {"event": "execute_tool", "message": "Executing tool wifi-details"}
2023-07-11 14:07:54,037 - root - INFO - {"event": "execute_tool", "message": "Executing tool wifi-details"}
2023-07-11 14:07:55,386 - root - INFO - {"event": "execute_tool", "message": "Executing tool wifi-details"}
2023-07-11 14:07:58,654 - root - INFO - {"event": "execute_tool", "message": "Executing tool trusted-network-status"}
2023-07-11 14:08:06,779 - root - INFO - {"event": "execute_tool", "message": "Executing tool wifi-details"}
2023-07-11 14:08:14,531 - root - INFO - {"event": "execute_tool", "message": "Executing tool wifi-details"}
2023-07-11 14:08:20,672 - root - INFO - {"event": "execute_tool", "message": "Executing tool wifi-details"}
2023-07-11 14:08:27,831 - root - INFO - {"event": "execute_tool", "message": "Executing tool wifi-details"}
2023-07-11 14:08:34,303 - root - INFO - {"event": "execute_tool", "message": "Executing tool network-adapters"}
2023-07-11 14:08:41,572 - root - INFO - {"event": "execute_tool", "message": "Executing tool ad-status"}
2023-07-11 14:08:41,634 - root - INFO - {"event": "execute_tool", "message": "Executing tool password-data"}
2023-07-11 14:08:44,002 - root - INFO - {"event": "execute_tool", "message": "Executing tool disk-usage"}
2023-07-11 14:09:17,166 - root - INFO - {"event": "execute_tool", "message": "Executing tool wifi-details"}
2023-07-11 14:09:33,546 - root - INFO - {"event": "execute_tool", "message": "Executing tool wifi-details"}
2023-07-11 14:09:50,907 - root - INFO - {"event": "execute_tool", "message": "Executing tool wifi-details"}
2023-07-11 14:09:54,235 - root - INFO - {"event": "execute_tool", "message": "Executing tool wifi-details"}
2023-07-11 14:10:07,665 - root - INFO - {"event": "execute_tool", "message": "Executing tool wifi-details"}
2023-07-11 14:10:18,158 - root - INFO - {"event": "execute_tool", "message": "Executing tool trusted-network-status"}
2023-07-11 14:10:18,159 - root - INFO - {"event": "execute_tool", "message": "Executing tool wifi-details"}
2023-07-11 14:10:26,515 - root - INFO - {"event": "execute_tool", "message": "Executing tool wifi-details"}
2023-07-11 14:10:47,142 - root - INFO - {"event": "execute_tool", "message": "Executing tool wifi-details"}
2023-07-11 14:10:49,569 - root - INFO - {"event": "execute_tool", "message": "Executing tool wifi-details"}
2023-07-11 14:10:51,399 - root - INFO - {"event": "execute_tool", "message": "Executing tool ad-status"}
2023-07-11 14:10:51,467 - root - INFO - {"event": "execute_tool", "message": "Executing tool password-data"}
2023-07-11 14:10:53,885 - root - INFO - {"event": "execute_tool", "message": "Executing tool disk-usage"}
2023-07-11 14:10:55,599 - root - INFO - {"event": "execute_tool", "message": "Executing tool wifi-details"}
2023-07-11 14:11:04,425 - root - INFO - {"event": "execute_tool", "message": "Executing tool wifi-details"}
2023-07-11 14:11:09,810 - root - INFO - {"event": "execute_tool", "message": "Executing tool wifi-details"}
2023-07-11 14:11:20,534 - root - INFO - {"event": "execute_tool", "message": "Executing tool wifi-details"}
2023-07-11 14:11:26,968 - root - INFO - {"event": "execute_tool", "message": "Executing tool wifi-details"}
2023-07-11 14:11:33,805 - root - INFO - {"event": "execute_tool", "message": "Executing tool wifi-details"}
2023-07-11 14:11:40,117 - root - INFO - {"event": "execute_tool", "message": "Executing tool wifi-details"}
2023-07-11 14:11:46,811 - root - INFO - {"event": "execute_tool", "message": "Executing tool trusted-network-status"}
2023-07-11 14:11:47,460 - root - INFO - {"event": "execute_tool", "message": "Executing tool wifi-details"}
2023-07-11 14:12:01,114 - root - INFO - {"event": "execute_tool", "message": "Executing tool wifi-details"}
2023-07-11 14:12:07,975 - root - INFO - {"event": "execute_tool", "message": "Executing tool wifi-details"}
2023-07-11 14:15:11,345 - root - INFO - {"event": "execute_tool", "message": "Executing tool wifi-details"}
2023-07-11 14:15:17,095 - root - INFO - {"event": "execute_tool", "message": "Executing tool wifi-details"}
2023-07-11 14:15:24,202 - root - INFO - {"event": "execute_tool", "message": "Executing tool wifi-details"}
2023-07-11 14:15:32,690 - root - INFO - {"event": "execute_tool", "message": "Executing tool wifi-details"}
2023-07-11 14:15:39,875 - root - INFO - {"event": "execute_tool", "message": "Executing tool wifi-details"}
2023-07-11 14:15:48,654 - root - INFO - {"event": "execute_tool", "message": "Executing tool wifi-details"}
2023-07-11 14:15:56,174 - root - INFO - {"event": "execute_tool", "message": "Executing tool wifi-details"}
2023-07-11 14:16:04,886 - root - INFO - {"event": "execute_tool", "message": "Executing tool wifi-details"}
2023-07-11 14:16:08,352 - root - INFO - {"event": "execute_tool", "message": "Executing tool network-adapters"}
2023-07-11 14:16:14,766 - root - INFO - {"event": "execute_tool", "message": "Executing tool wifi-details"}
2023-07-11 14:16:21,305 - root - INFO - {"event": "execute_tool", "message": "Executing tool wifi-details"}
