2023-07-11 14:17:46,279 - root - INFO - {"event": "startup", "message": "Loading tool states"}
2023-07-11 14:17:46,279 - root - INFO - {"event": "load_states", "message": "Loading states"}
2023-07-11 14:17:46,304 - root - INFO - {"event": "load_states", "message": "States loaded successfully"}
2023-07-11 14:17:46,304 - root - INFO - {"event": "startup", "message": "Adding wifi-details tool"}
2023-07-11 14:17:46,305 - root - INFO - {"event": "add_tool", "message": "Adding tool wifi-details"}
2023-07-11 14:17:46,305 - root - INFO - {"event": "add_tool", "message": "Tool wifi-details added successfully"}
2023-07-11 14:17:46,306 - root - INFO - {"event": "startup", "message": "Adding network adapters tool"}
2023-07-11 14:17:46,306 - root - INFO - {"event": "add_tool", "message": "Adding tool network-adapters"}
2023-07-11 14:17:46,306 - root - INFO - {"event": "add_tool", "message": "Tool network-adapters added successfully"}
2023-07-11 14:17:46,306 - root - INFO - {"event": "startup", "message": "Adding trusted network status tool"}
2023-07-11 14:17:46,306 - root - INFO - {"event": "add_tool", "message": "Adding tool trusted-network-status"}
2023-07-11 14:17:46,307 - root - INFO - {"event": "add_tool", "message": "Tool trusted-network-status added successfully"}
2023-07-11 14:17:46,307 - root - INFO - {"event": "startup", "message": "Adding ad status tool"}
2023-07-11 14:17:46,307 - root - INFO - {"event": "add_tool", "message": "Adding tool ad-status"}
2023-07-11 14:17:46,307 - root - INFO - {"event": "add_tool", "message": "Tool ad-status added successfully"}
2023-07-11 14:17:46,307 - root - INFO - {"event": "startup", "message": "Adding device data tool"}
2023-07-11 14:17:46,308 - root - INFO - {"event": "add_tool", "message": "Adding tool device-data"}
2023-07-11 14:17:46,308 - root - INFO - {"event": "add_tool", "message": "Tool device-data added successfully"}
2023-07-11 14:17:46,308 - root - INFO - {"event": "startup", "message": "Adding domain data tool"}
2023-07-11 14:17:46,308 - root - INFO - {"event": "add_tool", "message": "Adding tool domain-data"}
2023-07-11 14:17:46,308 - root - INFO - {"event": "add_tool", "message": "Tool domain-data added successfully"}
2023-07-11 14:17:46,308 - root - INFO - {"event": "startup", "message": "Adding password data tool"}
2023-07-11 14:17:46,309 - root - INFO - {"event": "add_tool", "message": "Adding tool password-data"}
2023-07-11 14:17:46,309 - root - INFO - {"event": "add_tool", "message": "Tool password-data added successfully"}
2023-07-11 14:17:46,309 - root - INFO - {"event": "startup", "message": "Adding disk usage tool"}
2023-07-11 14:17:46,309 - root - INFO - {"event": "add_tool", "message": "Adding tool disk-usage"}
2023-07-11 14:17:46,309 - root - INFO - {"event": "add_tool", "message": "Tool disk-usage added successfully"}
2023-07-11 14:17:46,309 - root - INFO - {"event": "startup", "message": "Adding toggle low Wi-Fi notifications tool"}
2023-07-11 14:17:46,309 - root - INFO - {"event": "add_tool", "message": "Adding tool low-wifi-notifs"}
2023-07-11 14:17:46,310 - root - INFO - {"event": "add_tool", "message": "Tool low-wifi-notifs added successfully"}
2023-07-11 14:17:46,312 - root - INFO - {"event": "execute_tool", "message": "Executing tool wifi-details"}
2023-07-11 14:17:46,521 - root - INFO - {"event": "execute_tool", "message": "Executing tool wifi-details"}
2023-07-11 14:18:21,217 - root - INFO - {"event": "execute_tool", "message": "Executing tool wifi-details"}
2023-07-11 14:18:24,938 - root - INFO - {"event": "execute_tool", "message": "Executing tool wifi-details"}
2023-07-11 14:18:35,914 - root - INFO - {"event": "execute_tool", "message": "Executing tool wifi-details"}
2023-07-11 14:18:39,233 - root - INFO - {"event": "execute_tool", "message": "Executing tool wifi-details"}
2023-07-11 14:18:58,439 - root - INFO - {"event": "execute_tool", "message": "Executing tool wifi-details"}
2023-07-11 14:19:01,724 - root - INFO - {"event": "execute_tool", "message": "Executing tool wifi-details"}
2023-07-11 14:19:08,513 - root - INFO - {"event": "execute_tool", "message": "Executing tool wifi-details"}
2023-07-11 14:19:10,962 - root - INFO - {"event": "execute_tool", "message": "Executing tool wifi-details"}
2023-07-11 14:19:21,344 - root - INFO - {"event": "execute_tool", "message": "Executing tool trusted-network-status"}
2023-07-11 14:19:21,959 - root - INFO - {"event": "execute_tool", "message": "Executing tool wifi-details"}
2023-07-11 14:19:28,856 - root - INFO - {"event": "execute_tool", "message": "Executing tool wifi-details"}
2023-07-11 14:19:45,519 - root - INFO - {"event": "execute_tool", "message": "Executing tool wifi-details"}
2023-07-11 14:20:12,036 - root - INFO - {"event": "execute_tool", "message": "Executing tool wifi-details"}
2023-07-11 14:20:18,488 - root - INFO - {"event": "execute_tool", "message": "Executing tool ad-status"}
2023-07-11 14:20:18,576 - root - INFO - {"event": "execute_tool", "message": "Executing tool password-data"}
2023-07-11 14:30:18,884 - root - INFO - {"event": "execute_tool", "message": "Executing tool ad-status"}
2023-07-11 14:40:19,994 - root - INFO - {"event": "execute_tool", "message": "Executing tool ad-status"}
2023-07-11 14:50:21,003 - root - INFO - {"event": "execute_tool", "message": "Executing tool ad-status"}
2023-07-11 15:00:21,998 - root - INFO - {"event": "execute_tool", "message": "Executing tool ad-status"}
2023-07-11 15:10:22,997 - root - INFO - {"event": "execute_tool", "message": "Executing tool ad-status"}
2023-07-11 15:20:24,004 - root - INFO - {"event": "execute_tool", "message": "Executing tool ad-status"}
2023-07-11 15:30:24,996 - root - INFO - {"event": "execute_tool", "message": "Executing tool ad-status"}
2023-07-11 15:40:26,003 - root - INFO - {"event": "execute_tool", "message": "Executing tool ad-status"}
2023-07-11 15:50:26,990 - root - INFO - {"event": "execute_tool", "message": "Executing tool ad-status"}
2023-07-11 16:00:28,001 - root - INFO - {"event": "execute_tool", "message": "Executing tool ad-status"}
2023-07-11 16:10:28,982 - root - INFO - {"event": "execute_tool", "message": "Executing tool ad-status"}
2023-07-11 16:20:30,004 - root - INFO - {"event": "execute_tool", "message": "Executing tool ad-status"}
2023-07-11 16:30:30,992 - root - INFO - {"event": "execute_tool", "message": "Executing tool ad-status"}
2023-07-11 16:40:31,996 - root - INFO - {"event": "execute_tool", "message": "Executing tool ad-status"}
2023-07-11 16:50:32,993 - root - INFO - {"event": "execute_tool", "message": "Executing tool ad-status"}
2023-07-11 17:00:33,991 - root - INFO - {"event": "execute_tool", "message": "Executing tool ad-status"}
2023-07-11 17:10:35,001 - root - INFO - {"event": "execute_tool", "message": "Executing tool ad-status"}
2023-07-11 17:20:36,003 - root - INFO - {"event": "execute_tool", "message": "Executing tool ad-status"}
2023-07-11 17:30:36,998 - root - INFO - {"event": "execute_tool", "message": "Executing tool ad-status"}
2023-07-11 17:40:37,993 - root - INFO - {"event": "execute_tool", "message": "Executing tool ad-status"}
2023-07-11 17:51:12,801 - root - INFO - {"event": "execute_tool", "message": "Executing tool ad-status"}
2023-07-11 18:01:13,996 - root - INFO - {"event": "execute_tool", "message": "Executing tool ad-status"}
2023-07-11 18:11:14,994 - root - INFO - {"event": "execute_tool", "message": "Executing tool ad-status"}
2023-07-11 18:15:57,039 - root - INFO - {"event": "execute_tool", "message": "Executing tool wifi-details"}
2023-07-11 18:16:02,271 - root - INFO - {"event": "execute_tool", "message": "Executing tool trusted-network-status"}
2023-07-11 18:16:03,005 - root - INFO - {"event": "execute_tool", "message": "Executing tool wifi-details"}
2023-07-11 18:21:04,004 - root - INFO - {"event": "execute_tool", "message": "Executing tool wifi-details"}
2023-07-11 18:26:05,004 - root - INFO - {"event": "execute_tool", "message": "Executing tool wifi-details"}
2023-07-11 18:31:06,007 - root - INFO - {"event": "execute_tool", "message": "Executing tool wifi-details"}
