2023-07-14 22:51:32,851 - root - INFO - {"event": "startup", "message": "Loading tool states"}
2023-07-14 22:51:32,852 - root - INFO - {"event": "load_states", "message": "Loading states"}
2023-07-14 22:51:32,856 - root - INFO - {"event": "load_states", "message": "States loaded successfully"}
2023-07-14 22:51:32,856 - root - INFO - {"event": "startup", "message": "Adding wifi-details tool"}
2023-07-14 22:51:32,856 - root - INFO - {"event": "add_tool", "message": "Adding tool wifi-details"}
2023-07-14 22:51:32,857 - root - INFO - {"event": "add_tool", "message": "Tool wifi-details added successfully"}
2023-07-14 22:51:32,858 - root - INFO - {"event": "startup", "message": "Adding network adapters tool"}
2023-07-14 22:51:32,858 - root - INFO - {"event": "add_tool", "message": "Adding tool network-adapters"}
2023-07-14 22:51:32,858 - root - INFO - {"event": "add_tool", "message": "Tool network-adapters added successfully"}
2023-07-14 22:51:32,858 - root - INFO - {"event": "startup", "message": "Adding trusted network status tool"}
2023-07-14 22:51:32,859 - root - INFO - {"event": "add_tool", "message": "Adding tool trusted-network-status"}
2023-07-14 22:51:32,859 - root - INFO - {"event": "add_tool", "message": "Tool trusted-network-status added successfully"}
2023-07-14 22:51:32,859 - root - INFO - {"event": "startup", "message": "Adding ad status tool"}
2023-07-14 22:51:32,859 - root - INFO - {"event": "add_tool", "message": "Adding tool ad-status"}
2023-07-14 22:51:32,859 - root - INFO - {"event": "add_tool", "message": "Tool ad-status added successfully"}
2023-07-14 22:51:32,859 - root - INFO - {"event": "startup", "message": "Adding device data tool"}
2023-07-14 22:51:32,860 - root - INFO - {"event": "add_tool", "message": "Adding tool device-data"}
2023-07-14 22:51:32,860 - root - INFO - {"event": "add_tool", "message": "Tool device-data added successfully"}
2023-07-14 22:51:32,860 - root - INFO - {"event": "startup", "message": "Adding domain data tool"}
2023-07-14 22:51:32,860 - root - INFO - {"event": "add_tool", "message": "Adding tool domain-data"}
2023-07-14 22:51:32,860 - root - INFO - {"event": "add_tool", "message": "Tool domain-data added successfully"}
2023-07-14 22:51:32,860 - root - INFO - {"event": "startup", "message": "Adding password data tool"}
2023-07-14 22:51:32,860 - root - INFO - {"event": "add_tool", "message": "Adding tool password-data"}
2023-07-14 22:51:32,860 - root - INFO - {"event": "add_tool", "message": "Tool password-data added successfully"}
2023-07-14 22:51:32,860 - root - INFO - {"event": "startup", "message": "Adding disk usage tool"}
2023-07-14 22:51:32,860 - root - INFO - {"event": "add_tool", "message": "Adding tool disk-usage"}
2023-07-14 22:51:32,860 - root - INFO - {"event": "add_tool", "message": "Tool disk-usage added successfully"}
2023-07-14 22:51:32,861 - root - INFO - {"event": "startup", "message": "Adding toggle low Wi-Fi notifications tool"}
2023-07-14 22:51:32,861 - root - INFO - {"event": "add_tool", "message": "Adding tool low-wifi-notifs"}
2023-07-14 22:51:32,861 - root - INFO - {"event": "add_tool", "message": "Tool low-wifi-notifs added successfully"}
2023-07-14 22:52:32,508 - root - INFO - {"event": "execute_tool", "message": "Executing tool wifi-details"}
2023-07-14 22:52:40,000 - root - INFO - {"event": "execute_tool", "message": "Executing tool wifi-details"}
2023-07-14 22:52:40,674 - root - INFO - {"event": "execute_tool", "message": "Executing tool trusted-network-status"}
2023-07-14 22:54:51,340 - root - INFO - {"event": "execute_tool", "message": "Executing tool wifi-details"}
2023-07-14 22:55:49,292 - root - INFO - {"event": "execute_tool", "message": "Executing tool wifi-details"}
2023-07-14 22:59:04,488 - root - INFO - {"event": "execute_tool", "message": "Executing tool wifi-details"}
2023-07-14 22:59:08,221 - root - INFO - {"event": "execute_tool", "message": "Executing tool wifi-details"}
2023-07-14 23:02:08,927 - root - INFO - {"event": "execute_tool", "message": "Executing tool wifi-details"}
2023-07-14 23:02:16,282 - root - INFO - {"event": "execute_tool", "message": "Executing tool wifi-details"}
2023-07-14 23:03:50,328 - root - INFO - {"event": "execute_tool", "message": "Executing tool wifi-details"}
2023-07-14 23:04:02,394 - root - INFO - {"event": "execute_tool", "message": "Executing tool wifi-details"}
2023-07-14 23:04:57,374 - root - INFO - {"event": "execute_tool", "message": "Executing tool wifi-details"}
2023-07-14 23:05:03,334 - root - INFO - {"event": "execute_tool", "message": "Executing tool wifi-details"}
2023-07-14 23:05:11,461 - root - INFO - {"event": "execute_tool", "message": "Executing tool wifi-details"}
2023-07-14 23:05:25,302 - root - INFO - {"event": "execute_tool", "message": "Executing tool password-data"}
2023-07-14 23:05:25,304 - root - INFO - {"event": "execute_tool", "message": "Executing tool ad-status"}
2023-07-14 23:05:25,388 - root - INFO - {"event": "execute_tool", "message": "Executing tool wifi-details"}
2023-07-14 23:07:05,451 - root - INFO - {"event": "execute_tool", "message": "Executing tool wifi-details"}
2023-07-14 23:07:10,002 - root - INFO - {"event": "execute_tool", "message": "Executing tool wifi-details"}
2023-07-14 23:07:15,663 - root - INFO - {"event": "execute_tool", "message": "Executing tool wifi-details"}
2023-07-14 23:07:20,272 - root - INFO - {"event": "execute_tool", "message": "Executing tool trusted-network-status"}
2023-07-14 23:07:20,960 - root - INFO - {"event": "execute_tool", "message": "Executing tool wifi-details"}
2023-07-14 23:07:23,260 - root - INFO - {"event": "execute_tool", "message": "Executing tool ad-status"}
2023-07-14 23:07:23,330 - root - INFO - {"event": "execute_tool", "message": "Executing tool password-data"}
2023-07-14 23:07:24,760 - root - INFO - {"event": "execute_tool", "message": "Executing tool disk-usage"}
2023-07-14 23:08:03,954 - root - INFO - {"event": "execute_tool", "message": "Executing tool wifi-details"}
2023-07-14 23:08:25,310 - root - INFO - {"event": "execute_tool", "message": "Executing tool wifi-details"}
2023-07-14 23:08:32,904 - root - INFO - {"event": "execute_tool", "message": "Executing tool trusted-network-status"}
2023-07-14 23:08:33,513 - root - INFO - {"event": "execute_tool", "message": "Executing tool wifi-details"}
2023-07-14 23:08:43,788 - root - INFO - {"event": "execute_tool", "message": "Executing tool wifi-details"}
2023-07-14 23:09:04,760 - root - INFO - {"event": "execute_tool", "message": "Executing tool wifi-details"}
2023-07-14 23:09:04,849 - root - INFO - {"event": "execute_tool", "message": "Executing tool ad-status"}
2023-07-14 23:09:04,916 - root - INFO - {"event": "execute_tool", "message": "Executing tool password-data"}
