2023-07-18 01:45:36,020 - root - INFO - {"event": "startup", "message": "Loading tool states"}
2023-07-18 01:45:36,020 - root - INFO - {"event": "load_states", "message": "Loading states"}
2023-07-18 01:45:36,028 - root - INFO - {"event": "load_states", "message": "States loaded successfully"}
2023-07-18 01:45:36,028 - root - INFO - {"event": "startup", "message": "Adding wifi-details tool"}
2023-07-18 01:45:36,029 - root - INFO - {"event": "add_tool", "message": "Adding tool wifi-details"}
2023-07-18 01:45:36,029 - root - INFO - {"event": "add_tool", "message": "Tool wifi-details added successfully"}
2023-07-18 01:45:36,029 - root - INFO - {"event": "startup", "message": "Adding network adapters tool"}
2023-07-18 01:45:36,029 - root - INFO - {"event": "add_tool", "message": "Adding tool network-adapters"}
2023-07-18 01:45:36,029 - root - INFO - {"event": "add_tool", "message": "Tool network-adapters added successfully"}
2023-07-18 01:45:36,029 - root - INFO - {"event": "startup", "message": "Adding trusted network status tool"}
2023-07-18 01:45:36,029 - root - INFO - {"event": "add_tool", "message": "Adding tool trusted-network-status"}
2023-07-18 01:45:36,029 - root - INFO - {"event": "add_tool", "message": "Tool trusted-network-status added successfully"}
2023-07-18 01:45:36,029 - root - INFO - {"event": "startup", "message": "Adding ad status tool"}
2023-07-18 01:45:36,029 - root - INFO - {"event": "add_tool", "message": "Adding tool ad-status"}
2023-07-18 01:45:36,029 - root - INFO - {"event": "add_tool", "message": "Tool ad-status added successfully"}
2023-07-18 01:45:36,030 - root - INFO - {"event": "startup", "message": "Adding device data tool"}
2023-07-18 01:45:36,030 - root - INFO - {"event": "add_tool", "message": "Adding tool device-data"}
2023-07-18 01:45:36,030 - root - INFO - {"event": "add_tool", "message": "Tool device-data added successfully"}
2023-07-18 01:45:36,030 - root - INFO - {"event": "startup", "message": "Adding domain data tool"}
2023-07-18 01:45:36,030 - root - INFO - {"event": "add_tool", "message": "Adding tool domain-data"}
2023-07-18 01:45:36,030 - root - INFO - {"event": "add_tool", "message": "Tool domain-data added successfully"}
2023-07-18 01:45:36,030 - root - INFO - {"event": "startup", "message": "Adding password data tool"}
2023-07-18 01:45:36,030 - root - INFO - {"event": "add_tool", "message": "Adding tool password-data"}
2023-07-18 01:45:36,030 - root - INFO - {"event": "add_tool", "message": "Tool password-data added successfully"}
2023-07-18 01:45:36,030 - root - INFO - {"event": "startup", "message": "Adding disk usage tool"}
2023-07-18 01:45:36,030 - root - INFO - {"event": "add_tool", "message": "Adding tool disk-usage"}
2023-07-18 01:45:36,030 - root - INFO - {"event": "add_tool", "message": "Tool disk-usage added successfully"}
2023-07-18 01:45:36,030 - root - INFO - {"event": "startup", "message": "Adding toggle low Wi-Fi notifications tool"}
2023-07-18 01:45:36,030 - root - INFO - {"event": "add_tool", "message": "Adding tool low-wifi-notifs"}
2023-07-18 01:45:36,030 - root - INFO - {"event": "add_tool", "message": "Tool low-wifi-notifs added successfully"}
2023-07-18 01:45:36,030 - root - INFO - {"event": "startup", "message": "Adding get last boottime tool"}
2023-07-18 01:45:36,031 - root - INFO - {"event": "add_tool", "message": "Adding tool last-boottime"}
2023-07-18 01:45:36,031 - root - INFO - {"event": "add_tool", "message": "Tool last-boottime added successfully"}
2023-07-18 01:45:36,101 - root - INFO - {"event": "execute_tool", "message": "Executing tool wifi-details"}
2023-07-18 01:45:41,196 - root - INFO - {"event": "execute_tool", "message": "Executing tool wifi-details"}
2023-07-18 01:45:46,593 - root - INFO - {"event": "execute_tool", "message": "Executing tool wifi-details"}
2023-07-18 01:45:51,697 - root - INFO - {"event": "execute_tool", "message": "Executing tool wifi-details"}
2023-07-18 01:45:56,802 - root - INFO - {"event": "execute_tool", "message": "Executing tool wifi-details"}
2023-07-18 01:46:02,222 - root - INFO - {"event": "execute_tool", "message": "Executing tool wifi-details"}
2023-07-18 01:46:07,328 - root - INFO - {"event": "execute_tool", "message": "Executing tool wifi-details"}
2023-07-18 01:46:12,721 - root - INFO - {"event": "execute_tool", "message": "Executing tool wifi-details"}
2023-07-18 01:46:17,822 - root - INFO - {"event": "execute_tool", "message": "Executing tool wifi-details"}
2023-07-18 01:46:23,235 - root - INFO - {"event": "execute_tool", "message": "Executing tool wifi-details"}
2023-07-18 01:46:28,397 - root - INFO - {"event": "execute_tool", "message": "Executing tool wifi-details"}
2023-07-18 01:46:33,804 - root - INFO - {"event": "execute_tool", "message": "Executing tool wifi-details"}
2023-07-18 01:46:38,895 - root - INFO - {"event": "execute_tool", "message": "Executing tool wifi-details"}
2023-07-18 01:46:43,979 - root - INFO - {"event": "execute_tool", "message": "Executing tool wifi-details"}
2023-07-18 01:46:49,371 - root - INFO - {"event": "execute_tool", "message": "Executing tool wifi-details"}
2023-07-18 01:46:54,441 - root - INFO - {"event": "execute_tool", "message": "Executing tool wifi-details"}
2023-07-18 01:46:59,558 - root - INFO - {"event": "execute_tool", "message": "Executing tool wifi-details"}
2023-07-18 01:47:04,629 - root - INFO - {"event": "execute_tool", "message": "Executing tool wifi-details"}
2023-07-18 01:47:10,046 - root - INFO - {"event": "execute_tool", "message": "Executing tool wifi-details"}
2023-07-18 01:47:15,145 - root - INFO - {"event": "execute_tool", "message": "Executing tool wifi-details"}
2023-07-18 01:47:20,224 - root - INFO - {"event": "execute_tool", "message": "Executing tool wifi-details"}
2023-07-18 01:47:25,329 - root - INFO - {"event": "execute_tool", "message": "Executing tool wifi-details"}
2023-07-18 01:47:30,441 - root - INFO - {"event": "execute_tool", "message": "Executing tool wifi-details"}
2023-07-18 01:47:35,920 - root - INFO - {"event": "execute_tool", "message": "Executing tool wifi-details"}
2023-07-18 01:47:41,008 - root - INFO - {"event": "execute_tool", "message": "Executing tool wifi-details"}
2023-07-18 01:47:46,112 - root - INFO - {"event": "execute_tool", "message": "Executing tool wifi-details"}
2023-07-18 01:47:51,181 - root - INFO - {"event": "execute_tool", "message": "Executing tool wifi-details"}
2023-07-18 01:47:56,599 - root - INFO - {"event": "execute_tool", "message": "Executing tool wifi-details"}
2023-07-18 01:48:01,700 - root - INFO - {"event": "execute_tool", "message": "Executing tool wifi-details"}
2023-07-18 01:48:07,096 - root - INFO - {"event": "execute_tool", "message": "Executing tool wifi-details"}
2023-07-18 01:48:12,182 - root - INFO - {"event": "execute_tool", "message": "Executing tool wifi-details"}
2023-07-18 01:48:17,326 - root - INFO - {"event": "execute_tool", "message": "Executing tool wifi-details"}
2023-07-18 01:48:22,417 - root - INFO - {"event": "execute_tool", "message": "Executing tool wifi-details"}
2023-07-18 01:48:27,799 - root - INFO - {"event": "execute_tool", "message": "Executing tool wifi-details"}
2023-07-18 01:48:32,895 - root - INFO - {"event": "execute_tool", "message": "Executing tool wifi-details"}
2023-07-18 01:48:37,967 - root - INFO - {"event": "execute_tool", "message": "Executing tool wifi-details"}
2023-07-18 01:48:43,047 - root - INFO - {"event": "execute_tool", "message": "Executing tool wifi-details"}
2023-07-18 01:48:48,428 - root - INFO - {"event": "execute_tool", "message": "Executing tool wifi-details"}
2023-07-18 01:48:53,505 - root - INFO - {"event": "execute_tool", "message": "Executing tool wifi-details"}
2023-07-18 01:48:58,610 - root - INFO - {"event": "execute_tool", "message": "Executing tool ad-status"}
2023-07-18 01:48:58,671 - root - INFO - {"event": "execute_tool", "message": "Executing tool wifi-details"}
2023-07-18 01:49:03,749 - root - INFO - {"event": "execute_tool", "message": "Executing tool wifi-details"}
2023-07-18 01:49:08,822 - root - INFO - {"event": "execute_tool", "message": "Executing tool wifi-details"}
2023-07-18 01:49:13,924 - root - INFO - {"event": "execute_tool", "message": "Executing tool wifi-details"}
2023-07-18 01:49:19,011 - root - INFO - {"event": "execute_tool", "message": "Executing tool wifi-details"}
2023-07-18 01:49:24,091 - root - INFO - {"event": "execute_tool", "message": "Executing tool wifi-details"}
2023-07-18 01:49:29,177 - root - INFO - {"event": "execute_tool", "message": "Executing tool wifi-details"}
2023-07-18 01:49:34,326 - root - INFO - {"event": "execute_tool", "message": "Executing tool wifi-details"}
2023-07-18 01:49:39,702 - root - INFO - {"event": "execute_tool", "message": "Executing tool wifi-details"}
2023-07-18 01:49:44,806 - root - INFO - {"event": "execute_tool", "message": "Executing tool wifi-details"}
2023-07-18 01:49:49,922 - root - INFO - {"event": "execute_tool", "message": "Executing tool wifi-details"}
2023-07-18 01:49:55,337 - root - INFO - {"event": "execute_tool", "message": "Executing tool wifi-details"}
2023-07-18 01:50:00,414 - root - INFO - {"event": "execute_tool", "message": "Executing tool wifi-details"}
2023-07-18 01:50:05,800 - root - INFO - {"event": "execute_tool", "message": "Executing tool wifi-details"}
2023-07-18 01:50:10,909 - root - INFO - {"event": "execute_tool", "message": "Executing tool wifi-details"}
2023-07-18 01:50:15,706 - root - INFO - {"event": "execute_tool", "message": "Executing tool trusted-network-status"}
2023-07-18 01:50:16,005 - root - INFO - {"event": "execute_tool", "message": "Executing tool wifi-details"}
2023-07-18 01:50:21,099 - root - INFO - {"event": "execute_tool", "message": "Executing tool wifi-details"}
2023-07-18 01:50:26,175 - root - INFO - {"event": "execute_tool", "message": "Executing tool wifi-details"}
2023-07-18 01:50:31,272 - root - INFO - {"event": "execute_tool", "message": "Executing tool wifi-details"}
2023-07-18 01:50:36,357 - root - INFO - {"event": "execute_tool", "message": "Executing tool wifi-details"}
2023-07-18 01:50:41,427 - root - INFO - {"event": "execute_tool", "message": "Executing tool wifi-details"}
2023-07-18 01:50:46,500 - root - INFO - {"event": "execute_tool", "message": "Executing tool wifi-details"}
2023-07-18 01:50:51,588 - root - INFO - {"event": "execute_tool", "message": "Executing tool wifi-details"}
2023-07-18 01:50:56,671 - root - INFO - {"event": "execute_tool", "message": "Executing tool wifi-details"}
2023-07-18 01:51:01,769 - root - INFO - {"event": "execute_tool", "message": "Executing tool wifi-details"}
2023-07-18 01:51:06,865 - root - INFO - {"event": "execute_tool", "message": "Executing tool wifi-details"}
2023-07-18 01:51:11,951 - root - INFO - {"event": "execute_tool", "message": "Executing tool wifi-details"}
2023-07-18 01:51:17,066 - root - INFO - {"event": "execute_tool", "message": "Executing tool wifi-details"}
2023-07-18 01:51:22,157 - root - INFO - {"event": "execute_tool", "message": "Executing tool wifi-details"}
2023-07-18 01:51:27,232 - root - INFO - {"event": "execute_tool", "message": "Executing tool wifi-details"}
2023-07-18 01:51:32,304 - root - INFO - {"event": "execute_tool", "message": "Executing tool wifi-details"}
2023-07-18 01:51:37,684 - root - INFO - {"event": "execute_tool", "message": "Executing tool wifi-details"}
2023-07-18 01:51:42,766 - root - INFO - {"event": "execute_tool", "message": "Executing tool wifi-details"}
2023-07-18 01:51:47,851 - root - INFO - {"event": "execute_tool", "message": "Executing tool wifi-details"}
2023-07-18 01:51:52,921 - root - INFO - {"event": "execute_tool", "message": "Executing tool wifi-details"}
2023-07-18 01:51:58,006 - root - INFO - {"event": "execute_tool", "message": "Executing tool wifi-details"}
2023-07-18 01:52:03,108 - root - INFO - {"event": "execute_tool", "message": "Executing tool wifi-details"}
2023-07-18 01:52:08,190 - root - INFO - {"event": "execute_tool", "message": "Executing tool wifi-details"}
2023-07-18 01:52:13,362 - root - INFO - {"event": "execute_tool", "message": "Executing tool wifi-details"}
2023-07-18 01:52:18,815 - root - INFO - {"event": "execute_tool", "message": "Executing tool wifi-details"}
2023-07-18 01:52:23,885 - root - INFO - {"event": "execute_tool", "message": "Executing tool wifi-details"}
2023-07-18 01:52:28,976 - root - INFO - {"event": "execute_tool", "message": "Executing tool wifi-details"}
2023-07-18 01:52:34,084 - root - INFO - {"event": "execute_tool", "message": "Executing tool wifi-details"}
2023-07-18 01:52:39,485 - root - INFO - {"event": "execute_tool", "message": "Executing tool wifi-details"}
2023-07-18 01:52:44,570 - root - INFO - {"event": "execute_tool", "message": "Executing tool wifi-details"}
2023-07-18 01:52:49,662 - root - INFO - {"event": "execute_tool", "message": "Executing tool wifi-details"}
2023-07-18 01:52:54,757 - root - INFO - {"event": "execute_tool", "message": "Executing tool wifi-details"}
2023-07-18 01:53:00,171 - root - INFO - {"event": "execute_tool", "message": "Executing tool wifi-details"}
2023-07-18 01:53:05,247 - root - INFO - {"event": "execute_tool", "message": "Executing tool wifi-details"}
2023-07-18 01:53:10,343 - root - INFO - {"event": "execute_tool", "message": "Executing tool wifi-details"}
2023-07-18 01:53:15,434 - root - INFO - {"event": "execute_tool", "message": "Executing tool wifi-details"}
2023-07-18 01:53:20,820 - root - INFO - {"event": "execute_tool", "message": "Executing tool wifi-details"}
2023-07-18 01:53:25,896 - root - INFO - {"event": "execute_tool", "message": "Executing tool wifi-details"}
2023-07-18 01:53:30,967 - root - INFO - {"event": "execute_tool", "message": "Executing tool wifi-details"}
2023-07-18 01:53:36,355 - root - INFO - {"event": "execute_tool", "message": "Executing tool wifi-details"}
2023-07-18 01:53:41,434 - root - INFO - {"event": "execute_tool", "message": "Executing tool wifi-details"}
2023-07-18 01:53:46,516 - root - INFO - {"event": "execute_tool", "message": "Executing tool wifi-details"}
2023-07-18 01:53:51,593 - root - INFO - {"event": "execute_tool", "message": "Executing tool wifi-details"}
2023-07-18 01:53:56,675 - root - INFO - {"event": "execute_tool", "message": "Executing tool wifi-details"}
2023-07-18 01:54:01,747 - root - INFO - {"event": "execute_tool", "message": "Executing tool wifi-details"}
2023-07-18 01:54:06,840 - root - INFO - {"event": "execute_tool", "message": "Executing tool wifi-details"}
2023-07-18 01:54:11,929 - root - INFO - {"event": "execute_tool", "message": "Executing tool wifi-details"}
2023-07-18 01:54:17,018 - root - INFO - {"event": "execute_tool", "message": "Executing tool wifi-details"}
2023-07-18 01:54:22,420 - root - INFO - {"event": "execute_tool", "message": "Executing tool wifi-details"}
2023-07-18 01:54:27,517 - root - INFO - {"event": "execute_tool", "message": "Executing tool wifi-details"}
2023-07-18 01:54:32,605 - root - INFO - {"event": "execute_tool", "message": "Executing tool wifi-details"}
2023-07-18 01:54:37,680 - root - INFO - {"event": "execute_tool", "message": "Executing tool wifi-details"}
2023-07-18 01:54:43,060 - root - INFO - {"event": "execute_tool", "message": "Executing tool wifi-details"}
2023-07-18 01:54:48,155 - root - INFO - {"event": "execute_tool", "message": "Executing tool wifi-details"}
2023-07-18 01:54:53,570 - root - INFO - {"event": "execute_tool", "message": "Executing tool wifi-details"}
2023-07-18 01:54:58,644 - root - INFO - {"event": "execute_tool", "message": "Executing tool wifi-details"}
2023-07-18 01:55:04,029 - root - INFO - {"event": "execute_tool", "message": "Executing tool wifi-details"}
2023-07-18 01:55:09,113 - root - INFO - {"event": "execute_tool", "message": "Executing tool wifi-details"}
2023-07-18 01:55:14,514 - root - INFO - {"event": "execute_tool", "message": "Executing tool wifi-details"}
2023-07-18 01:55:15,711 - root - INFO - {"event": "execute_tool", "message": "Executing tool trusted-network-status"}
2023-07-18 01:55:19,619 - root - INFO - {"event": "execute_tool", "message": "Executing tool wifi-details"}
2023-07-18 01:55:24,709 - root - INFO - {"event": "execute_tool", "message": "Executing tool wifi-details"}
2023-07-18 01:55:30,121 - root - INFO - {"event": "execute_tool", "message": "Executing tool wifi-details"}
2023-07-18 01:55:35,194 - root - INFO - {"event": "execute_tool", "message": "Executing tool wifi-details"}
2023-07-18 01:55:40,591 - root - INFO - {"event": "execute_tool", "message": "Executing tool wifi-details"}
2023-07-18 01:55:45,751 - root - INFO - {"event": "execute_tool", "message": "Executing tool wifi-details"}
2023-07-18 01:55:50,855 - root - INFO - {"event": "execute_tool", "message": "Executing tool wifi-details"}
2023-07-18 01:55:56,252 - root - INFO - {"event": "execute_tool", "message": "Executing tool wifi-details"}
2023-07-18 01:56:01,328 - root - INFO - {"event": "execute_tool", "message": "Executing tool wifi-details"}
2023-07-18 01:56:06,405 - root - INFO - {"event": "execute_tool", "message": "Executing tool wifi-details"}
2023-07-18 01:56:11,499 - root - INFO - {"event": "execute_tool", "message": "Executing tool wifi-details"}
2023-07-18 01:56:16,906 - root - INFO - {"event": "execute_tool", "message": "Executing tool wifi-details"}
2023-07-18 01:56:21,987 - root - INFO - {"event": "execute_tool", "message": "Executing tool wifi-details"}
2023-07-18 01:56:27,064 - root - INFO - {"event": "execute_tool", "message": "Executing tool wifi-details"}
2023-07-18 01:56:32,156 - root - INFO - {"event": "execute_tool", "message": "Executing tool wifi-details"}
2023-07-18 01:56:37,243 - root - INFO - {"event": "execute_tool", "message": "Executing tool wifi-details"}
2023-07-18 01:56:42,632 - root - INFO - {"event": "execute_tool", "message": "Executing tool wifi-details"}
2023-07-18 01:56:47,726 - root - INFO - {"event": "execute_tool", "message": "Executing tool wifi-details"}
2023-07-18 01:56:52,816 - root - INFO - {"event": "execute_tool", "message": "Executing tool wifi-details"}
2023-07-18 01:56:57,907 - root - INFO - {"event": "execute_tool", "message": "Executing tool wifi-details"}
2023-07-18 01:57:03,089 - root - INFO - {"event": "execute_tool", "message": "Executing tool wifi-details"}
2023-07-18 01:57:08,482 - root - INFO - {"event": "execute_tool", "message": "Executing tool wifi-details"}
2023-07-18 01:57:13,562 - root - INFO - {"event": "execute_tool", "message": "Executing tool wifi-details"}
2023-07-18 01:57:18,642 - root - INFO - {"event": "execute_tool", "message": "Executing tool wifi-details"}
2023-07-18 01:57:24,054 - root - INFO - {"event": "execute_tool", "message": "Executing tool wifi-details"}
2023-07-18 01:57:29,156 - root - INFO - {"event": "execute_tool", "message": "Executing tool wifi-details"}
2023-07-18 01:57:34,245 - root - INFO - {"event": "execute_tool", "message": "Executing tool wifi-details"}
2023-07-18 01:57:39,344 - root - INFO - {"event": "execute_tool", "message": "Executing tool wifi-details"}
2023-07-18 01:57:44,566 - root - INFO - {"event": "execute_tool", "message": "Executing tool wifi-details"}
2023-07-18 01:57:49,646 - root - INFO - {"event": "execute_tool", "message": "Executing tool wifi-details"}
2023-07-18 01:57:55,076 - root - INFO - {"event": "execute_tool", "message": "Executing tool wifi-details"}
2023-07-18 01:58:00,457 - root - INFO - {"event": "execute_tool", "message": "Executing tool wifi-details"}
2023-07-18 01:58:06,013 - root - INFO - {"event": "execute_tool", "message": "Executing tool wifi-details"}
2023-07-18 01:58:11,130 - root - INFO - {"event": "execute_tool", "message": "Executing tool wifi-details"}
2023-07-18 01:58:16,222 - root - INFO - {"event": "execute_tool", "message": "Executing tool wifi-details"}
2023-07-18 01:58:21,320 - root - INFO - {"event": "execute_tool", "message": "Executing tool wifi-details"}
2023-07-18 01:58:26,401 - root - INFO - {"event": "execute_tool", "message": "Executing tool wifi-details"}
2023-07-18 01:58:31,798 - root - INFO - {"event": "execute_tool", "message": "Executing tool wifi-details"}
2023-07-18 01:58:36,870 - root - INFO - {"event": "execute_tool", "message": "Executing tool wifi-details"}
2023-07-18 01:58:42,298 - root - INFO - {"event": "execute_tool", "message": "Executing tool wifi-details"}
2023-07-18 01:58:47,412 - root - INFO - {"event": "execute_tool", "message": "Executing tool wifi-details"}
2023-07-18 01:58:52,795 - root - INFO - {"event": "execute_tool", "message": "Executing tool wifi-details"}
2023-07-18 01:58:57,965 - root - INFO - {"event": "execute_tool", "message": "Executing tool wifi-details"}
2023-07-18 01:58:58,674 - root - INFO - {"event": "execute_tool", "message": "Executing tool ad-status"}
2023-07-18 01:59:03,047 - root - INFO - {"event": "execute_tool", "message": "Executing tool wifi-details"}
2023-07-18 01:59:08,127 - root - INFO - {"event": "execute_tool", "message": "Executing tool wifi-details"}
2023-07-18 01:59:13,519 - root - INFO - {"event": "execute_tool", "message": "Executing tool wifi-details"}
2023-07-18 01:59:18,597 - root - INFO - {"event": "execute_tool", "message": "Executing tool wifi-details"}
2023-07-18 01:59:23,780 - root - INFO - {"event": "execute_tool", "message": "Executing tool wifi-details"}
2023-07-18 01:59:29,182 - root - INFO - {"event": "execute_tool", "message": "Executing tool wifi-details"}
2023-07-18 01:59:34,293 - root - INFO - {"event": "execute_tool", "message": "Executing tool wifi-details"}
2023-07-18 01:59:39,409 - root - INFO - {"event": "execute_tool", "message": "Executing tool wifi-details"}
2023-07-18 01:59:44,543 - root - INFO - {"event": "execute_tool", "message": "Executing tool wifi-details"}
2023-07-18 01:59:49,936 - root - INFO - {"event": "execute_tool", "message": "Executing tool wifi-details"}
2023-07-18 01:59:55,026 - root - INFO - {"event": "execute_tool", "message": "Executing tool wifi-details"}
2023-07-18 02:00:00,144 - root - INFO - {"event": "execute_tool", "message": "Executing tool wifi-details"}
2023-07-18 02:00:05,231 - root - INFO - {"event": "execute_tool", "message": "Executing tool wifi-details"}
2023-07-18 02:00:10,358 - root - INFO - {"event": "execute_tool", "message": "Executing tool wifi-details"}
2023-07-18 02:00:14,683 - root - INFO - {"event": "execute_tool", "message": "Executing tool trusted-network-status"}
2023-07-18 02:00:15,538 - root - INFO - {"event": "execute_tool", "message": "Executing tool wifi-details"}
2023-07-18 02:00:17,620 - root - INFO - {"event": "execute_tool", "message": "Executing tool wifi-details"}
2023-07-18 02:00:17,737 - root - INFO - {"event": "execute_tool", "message": "Executing tool trusted-network-status"}
2023-07-18 02:00:17,742 - root - INFO - {"event": "execute_tool", "message": "Executing tool ad-status"}
2023-07-18 02:00:17,829 - root - INFO - {"event": "execute_tool", "message": "Executing tool password-data"}
2023-07-18 02:00:17,832 - root - INFO - {"event": "execute_tool", "message": "Executing tool disk-usage"}
2023-07-18 02:00:17,835 - root - INFO - {"event": "execute_tool", "message": "Executing tool last-boottime"}
2023-07-18 02:00:22,762 - root - INFO - {"event": "execute_tool", "message": "Executing tool wifi-details"}
2023-07-18 02:00:27,847 - root - INFO - {"event": "execute_tool", "message": "Executing tool wifi-details"}
2023-07-18 02:00:32,959 - root - INFO - {"event": "execute_tool", "message": "Executing tool wifi-details"}
2023-07-18 02:00:37,631 - root - INFO - {"event": "execute_tool", "message": "Executing tool trusted-network-status"}
2023-07-18 02:00:38,069 - root - INFO - {"event": "execute_tool", "message": "Executing tool wifi-details"}
2023-07-18 02:00:40,201 - root - INFO - {"event": "execute_tool", "message": "Executing tool wifi-details"}
2023-07-18 02:00:40,333 - root - INFO - {"event": "execute_tool", "message": "Executing tool trusted-network-status"}
2023-07-18 02:00:40,335 - root - INFO - {"event": "execute_tool", "message": "Executing tool disk-usage"}
2023-07-18 02:00:40,337 - root - INFO - {"event": "execute_tool", "message": "Executing tool ad-status"}
2023-07-18 02:00:40,447 - root - INFO - {"event": "execute_tool", "message": "Executing tool password-data"}
2023-07-18 02:00:40,449 - root - INFO - {"event": "execute_tool", "message": "Executing tool last-boottime"}
2023-07-18 02:00:45,509 - root - INFO - {"event": "execute_tool", "message": "Executing tool wifi-details"}
2023-07-18 02:00:48,859 - root - INFO - {"event": "execute_tool", "message": "Executing tool trusted-network-status"}
2023-07-18 02:00:50,778 - root - INFO - {"event": "execute_tool", "message": "Executing tool wifi-details"}
2023-07-18 02:00:50,940 - root - INFO - {"event": "execute_tool", "message": "Executing tool trusted-network-status"}
2023-07-18 02:00:50,945 - root - INFO - {"event": "execute_tool", "message": "Executing tool ad-status"}
2023-07-18 02:00:51,151 - root - INFO - {"event": "execute_tool", "message": "Executing tool disk-usage"}
2023-07-18 02:00:51,153 - root - INFO - {"event": "execute_tool", "message": "Executing tool password-data"}
2023-07-18 02:00:51,155 - root - INFO - {"event": "execute_tool", "message": "Executing tool last-boottime"}
2023-07-18 02:00:55,961 - root - INFO - {"event": "execute_tool", "message": "Executing tool wifi-details"}
2023-07-18 02:00:56,381 - root - INFO - {"event": "execute_tool", "message": "Executing tool trusted-network-status"}
2023-07-18 02:00:58,485 - root - INFO - {"event": "execute_tool", "message": "Executing tool wifi-details"}
2023-07-18 02:00:58,666 - root - INFO - {"event": "execute_tool", "message": "Executing tool trusted-network-status"}
2023-07-18 02:00:58,667 - root - INFO - {"event": "execute_tool", "message": "Executing tool ad-status"}
2023-07-18 02:00:58,778 - root - INFO - {"event": "execute_tool", "message": "Executing tool password-data"}
2023-07-18 02:00:58,781 - root - INFO - {"event": "execute_tool", "message": "Executing tool disk-usage"}
2023-07-18 02:00:58,785 - root - INFO - {"event": "execute_tool", "message": "Executing tool last-boottime"}
2023-07-18 02:01:03,822 - root - INFO - {"event": "execute_tool", "message": "Executing tool wifi-details"}
2023-07-18 02:01:07,493 - root - INFO - {"event": "execute_tool", "message": "Executing tool trusted-network-status"}
2023-07-18 02:01:08,923 - root - INFO - {"event": "execute_tool", "message": "Executing tool wifi-details"}
2023-07-18 02:01:10,906 - root - INFO - {"event": "execute_tool", "message": "Executing tool wifi-details"}
2023-07-18 02:01:11,054 - root - INFO - {"event": "execute_tool", "message": "Executing tool ad-status"}
2023-07-18 02:01:11,138 - root - INFO - {"event": "execute_tool", "message": "Executing tool trusted-network-status"}
2023-07-18 02:01:11,140 - root - INFO - {"event": "execute_tool", "message": "Executing tool password-data"}
2023-07-18 02:01:11,142 - root - INFO - {"event": "execute_tool", "message": "Executing tool disk-usage"}
2023-07-18 02:01:11,147 - root - INFO - {"event": "execute_tool", "message": "Executing tool last-boottime"}
2023-07-18 02:01:16,194 - root - INFO - {"event": "execute_tool", "message": "Executing tool wifi-details"}
2023-07-18 02:01:17,754 - root - INFO - {"event": "execute_tool", "message": "Executing tool trusted-network-status"}
2023-07-18 02:01:19,929 - root - INFO - {"event": "execute_tool", "message": "Executing tool wifi-details"}
2023-07-18 02:01:20,219 - root - INFO - {"event": "execute_tool", "message": "Executing tool trusted-network-status"}
2023-07-18 02:01:20,227 - root - INFO - {"event": "execute_tool", "message": "Executing tool ad-status"}
2023-07-18 02:01:20,375 - root - INFO - {"event": "execute_tool", "message": "Executing tool password-data"}
2023-07-18 02:01:20,378 - root - INFO - {"event": "execute_tool", "message": "Executing tool last-boottime"}
2023-07-18 02:01:20,380 - root - INFO - {"event": "execute_tool", "message": "Executing tool disk-usage"}
2023-07-18 02:01:25,422 - root - INFO - {"event": "execute_tool", "message": "Executing tool wifi-details"}
2023-07-18 02:01:26,446 - root - INFO - {"event": "execute_tool", "message": "Executing tool trusted-network-status"}
2023-07-18 02:01:28,688 - root - INFO - {"event": "execute_tool", "message": "Executing tool wifi-details"}
2023-07-18 02:01:28,848 - root - INFO - {"event": "execute_tool", "message": "Executing tool trusted-network-status"}
2023-07-18 02:01:28,854 - root - INFO - {"event": "execute_tool", "message": "Executing tool ad-status"}
2023-07-18 02:01:28,962 - root - INFO - {"event": "execute_tool", "message": "Executing tool password-data"}
2023-07-18 02:01:28,966 - root - INFO - {"event": "execute_tool", "message": "Executing tool disk-usage"}
2023-07-18 02:01:28,970 - root - INFO - {"event": "execute_tool", "message": "Executing tool last-boottime"}
2023-07-18 02:01:33,874 - root - INFO - {"event": "execute_tool", "message": "Executing tool wifi-details"}
2023-07-18 02:01:38,980 - root - INFO - {"event": "execute_tool", "message": "Executing tool wifi-details"}
2023-07-18 02:01:44,063 - root - INFO - {"event": "execute_tool", "message": "Executing tool wifi-details"}
2023-07-18 02:01:49,146 - root - INFO - {"event": "execute_tool", "message": "Executing tool wifi-details"}
2023-07-18 02:01:54,238 - root - INFO - {"event": "execute_tool", "message": "Executing tool wifi-details"}
2023-07-18 02:01:59,334 - root - INFO - {"event": "execute_tool", "message": "Executing tool wifi-details"}
2023-07-18 02:02:04,729 - root - INFO - {"event": "execute_tool", "message": "Executing tool wifi-details"}
2023-07-18 02:02:09,842 - root - INFO - {"event": "execute_tool", "message": "Executing tool wifi-details"}
2023-07-18 02:02:15,344 - root - INFO - {"event": "execute_tool", "message": "Executing tool wifi-details"}
2023-07-18 02:02:20,425 - root - INFO - {"event": "execute_tool", "message": "Executing tool wifi-details"}
2023-07-18 02:02:20,634 - root - INFO - {"event": "execute_tool", "message": "Executing tool trusted-network-status"}
2023-07-18 02:02:22,490 - root - INFO - {"event": "execute_tool", "message": "Executing tool wifi-details"}
2023-07-18 02:02:22,626 - root - INFO - {"event": "execute_tool", "message": "Executing tool trusted-network-status"}
2023-07-18 02:02:22,630 - root - INFO - {"event": "execute_tool", "message": "Executing tool ad-status"}
2023-07-18 02:02:22,724 - root - INFO - {"event": "execute_tool", "message": "Executing tool password-data"}
2023-07-18 02:02:22,726 - root - INFO - {"event": "execute_tool", "message": "Executing tool disk-usage"}
2023-07-18 02:02:22,728 - root - INFO - {"event": "execute_tool", "message": "Executing tool last-boottime"}
2023-07-18 02:02:27,671 - root - INFO - {"event": "execute_tool", "message": "Executing tool wifi-details"}
2023-07-18 02:02:32,763 - root - INFO - {"event": "execute_tool", "message": "Executing tool wifi-details"}
2023-07-18 02:02:37,858 - root - INFO - {"event": "execute_tool", "message": "Executing tool wifi-details"}
2023-07-18 02:02:43,050 - root - INFO - {"event": "execute_tool", "message": "Executing tool wifi-details"}
2023-07-18 02:02:48,146 - root - INFO - {"event": "execute_tool", "message": "Executing tool wifi-details"}
2023-07-18 02:02:53,239 - root - INFO - {"event": "execute_tool", "message": "Executing tool wifi-details"}
2023-07-18 02:02:58,326 - root - INFO - {"event": "execute_tool", "message": "Executing tool wifi-details"}
2023-07-18 02:03:03,724 - root - INFO - {"event": "execute_tool", "message": "Executing tool wifi-details"}
2023-07-18 02:03:06,180 - root - INFO - {"event": "execute_tool", "message": "Executing tool trusted-network-status"}
2023-07-18 02:03:08,290 - root - INFO - {"event": "execute_tool", "message": "Executing tool wifi-details"}
2023-07-18 02:03:08,406 - root - INFO - {"event": "execute_tool", "message": "Executing tool trusted-network-status"}
2023-07-18 02:03:08,410 - root - INFO - {"event": "execute_tool", "message": "Executing tool ad-status"}
2023-07-18 02:03:08,497 - root - INFO - {"event": "execute_tool", "message": "Executing tool password-data"}
2023-07-18 02:03:08,498 - root - INFO - {"event": "execute_tool", "message": "Executing tool disk-usage"}
2023-07-18 02:03:08,501 - root - INFO - {"event": "execute_tool", "message": "Executing tool last-boottime"}
2023-07-18 02:03:13,434 - root - INFO - {"event": "execute_tool", "message": "Executing tool wifi-details"}
2023-07-18 02:03:18,542 - root - INFO - {"event": "execute_tool", "message": "Executing tool wifi-details"}
2023-07-18 02:03:19,016 - root - INFO - {"event": "execute_tool", "message": "Executing tool wifi-details"}
2023-07-18 02:03:24,003 - root - INFO - {"event": "execute_tool", "message": "Executing tool wifi-details"}
2023-07-18 02:03:29,003 - root - INFO - {"event": "execute_tool", "message": "Executing tool wifi-details"}
2023-07-18 02:03:34,007 - root - INFO - {"event": "execute_tool", "message": "Executing tool wifi-details"}
2023-07-18 02:03:39,003 - root - INFO - {"event": "execute_tool", "message": "Executing tool wifi-details"}
2023-07-18 02:03:44,010 - root - INFO - {"event": "execute_tool", "message": "Executing tool wifi-details"}
2023-07-18 02:03:48,999 - root - INFO - {"event": "execute_tool", "message": "Executing tool wifi-details"}
2023-07-18 02:03:54,000 - root - INFO - {"event": "execute_tool", "message": "Executing tool wifi-details"}
2023-07-18 02:03:59,002 - root - INFO - {"event": "execute_tool", "message": "Executing tool wifi-details"}
2023-07-18 02:04:04,001 - root - INFO - {"event": "execute_tool", "message": "Executing tool wifi-details"}
2023-07-18 02:04:09,014 - root - INFO - {"event": "execute_tool", "message": "Executing tool wifi-details"}
2023-07-18 02:04:14,008 - root - INFO - {"event": "execute_tool", "message": "Executing tool wifi-details"}
2023-07-18 02:04:19,002 - root - INFO - {"event": "execute_tool", "message": "Executing tool wifi-details"}
2023-07-18 02:04:24,010 - root - INFO - {"event": "execute_tool", "message": "Executing tool wifi-details"}
2023-07-18 02:04:29,009 - root - INFO - {"event": "execute_tool", "message": "Executing tool wifi-details"}
2023-07-18 02:04:34,005 - root - INFO - {"event": "execute_tool", "message": "Executing tool wifi-details"}
2023-07-18 02:04:39,011 - root - INFO - {"event": "execute_tool", "message": "Executing tool wifi-details"}
2023-07-18 02:04:44,008 - root - INFO - {"event": "execute_tool", "message": "Executing tool wifi-details"}
2023-07-18 02:04:49,013 - root - INFO - {"event": "execute_tool", "message": "Executing tool wifi-details"}
2023-07-18 02:04:52,607 - root - INFO - {"event": "execute_tool", "message": "Executing tool trusted-network-status"}
2023-07-18 02:04:54,013 - root - INFO - {"event": "execute_tool", "message": "Executing tool wifi-details"}
2023-07-18 02:04:55,368 - root - INFO - {"event": "execute_tool", "message": "Executing tool wifi-details"}
2023-07-18 02:04:55,517 - root - INFO - {"event": "execute_tool", "message": "Executing tool trusted-network-status"}
2023-07-18 02:04:55,522 - root - INFO - {"event": "execute_tool", "message": "Executing tool ad-status"}
2023-07-18 02:04:55,640 - root - INFO - {"event": "execute_tool", "message": "Executing tool password-data"}
2023-07-18 02:04:55,646 - root - INFO - {"event": "execute_tool", "message": "Executing tool disk-usage"}
2023-07-18 02:04:55,650 - root - INFO - {"event": "execute_tool", "message": "Executing tool last-boottime"}
2023-07-18 02:05:00,527 - root - INFO - {"event": "execute_tool", "message": "Executing tool wifi-details"}
2023-07-18 02:05:02,383 - root - INFO - {"event": "execute_tool", "message": "Executing tool wifi-details"}
2023-07-18 02:05:07,380 - root - INFO - {"event": "execute_tool", "message": "Executing tool wifi-details"}
2023-07-18 02:05:12,485 - root - INFO - {"event": "execute_tool", "message": "Executing tool wifi-details"}
2023-07-18 02:05:17,579 - root - INFO - {"event": "execute_tool", "message": "Executing tool wifi-details"}
2023-07-18 02:05:22,713 - root - INFO - {"event": "execute_tool", "message": "Executing tool wifi-details"}
2023-07-18 02:05:27,575 - root - INFO - {"event": "execute_tool", "message": "Executing tool trusted-network-status"}
2023-07-18 02:05:27,803 - root - INFO - {"event": "execute_tool", "message": "Executing tool wifi-details"}
2023-07-18 02:05:32,915 - root - INFO - {"event": "execute_tool", "message": "Executing tool wifi-details"}
2023-07-18 02:05:37,991 - root - INFO - {"event": "execute_tool", "message": "Executing tool wifi-details"}
2023-07-18 02:05:43,114 - root - INFO - {"event": "execute_tool", "message": "Executing tool wifi-details"}
2023-07-18 02:05:48,518 - root - INFO - {"event": "execute_tool", "message": "Executing tool wifi-details"}
2023-07-18 02:05:53,612 - root - INFO - {"event": "execute_tool", "message": "Executing tool wifi-details"}
2023-07-18 02:05:59,013 - root - INFO - {"event": "execute_tool", "message": "Executing tool wifi-details"}
2023-07-18 02:06:04,112 - root - INFO - {"event": "execute_tool", "message": "Executing tool wifi-details"}
2023-07-18 02:06:09,520 - root - INFO - {"event": "execute_tool", "message": "Executing tool wifi-details"}
2023-07-18 02:06:14,621 - root - INFO - {"event": "execute_tool", "message": "Executing tool wifi-details"}
2023-07-18 02:06:20,029 - root - INFO - {"event": "execute_tool", "message": "Executing tool wifi-details"}
2023-07-18 02:06:25,331 - root - INFO - {"event": "execute_tool", "message": "Executing tool wifi-details"}
2023-07-18 02:06:30,448 - root - INFO - {"event": "execute_tool", "message": "Executing tool wifi-details"}
2023-07-18 02:06:35,631 - root - INFO - {"event": "execute_tool", "message": "Executing tool wifi-details"}
2023-07-18 02:06:41,074 - root - INFO - {"event": "execute_tool", "message": "Executing tool wifi-details"}
2023-07-18 02:06:46,169 - root - INFO - {"event": "execute_tool", "message": "Executing tool wifi-details"}
2023-07-18 02:06:51,560 - root - INFO - {"event": "execute_tool", "message": "Executing tool wifi-details"}
2023-07-18 02:06:56,662 - root - INFO - {"event": "execute_tool", "message": "Executing tool wifi-details"}
2023-07-18 02:07:02,064 - root - INFO - {"event": "execute_tool", "message": "Executing tool wifi-details"}
2023-07-18 02:07:07,228 - root - INFO - {"event": "execute_tool", "message": "Executing tool wifi-details"}
2023-07-18 02:07:12,681 - root - INFO - {"event": "execute_tool", "message": "Executing tool wifi-details"}
2023-07-18 02:07:17,783 - root - INFO - {"event": "execute_tool", "message": "Executing tool wifi-details"}
2023-07-18 02:07:23,178 - root - INFO - {"event": "execute_tool", "message": "Executing tool wifi-details"}
2023-07-18 02:07:28,279 - root - INFO - {"event": "execute_tool", "message": "Executing tool wifi-details"}
2023-07-18 02:07:33,792 - root - INFO - {"event": "execute_tool", "message": "Executing tool wifi-details"}
2023-07-18 02:07:38,912 - root - INFO - {"event": "execute_tool", "message": "Executing tool wifi-details"}
2023-07-18 02:07:44,071 - root - INFO - {"event": "execute_tool", "message": "Executing tool wifi-details"}
2023-07-18 02:07:49,179 - root - INFO - {"event": "execute_tool", "message": "Executing tool wifi-details"}
2023-07-18 02:07:54,583 - root - INFO - {"event": "execute_tool", "message": "Executing tool wifi-details"}
2023-07-18 02:07:59,668 - root - INFO - {"event": "execute_tool", "message": "Executing tool wifi-details"}
2023-07-18 02:08:05,065 - root - INFO - {"event": "execute_tool", "message": "Executing tool wifi-details"}
2023-07-18 02:08:10,170 - root - INFO - {"event": "execute_tool", "message": "Executing tool wifi-details"}
2023-07-18 02:08:15,613 - root - INFO - {"event": "execute_tool", "message": "Executing tool wifi-details"}
2023-07-18 02:08:20,957 - root - INFO - {"event": "execute_tool", "message": "Executing tool wifi-details"}
2023-07-18 02:08:26,373 - root - INFO - {"event": "execute_tool", "message": "Executing tool wifi-details"}
2023-07-18 02:08:31,461 - root - INFO - {"event": "execute_tool", "message": "Executing tool wifi-details"}
2023-07-18 02:08:36,864 - root - INFO - {"event": "execute_tool", "message": "Executing tool wifi-details"}
2023-07-18 02:08:41,980 - root - INFO - {"event": "execute_tool", "message": "Executing tool wifi-details"}
2023-07-18 02:08:47,128 - root - INFO - {"event": "execute_tool", "message": "Executing tool wifi-details"}
2023-07-18 02:08:52,541 - root - INFO - {"event": "execute_tool", "message": "Executing tool wifi-details"}
2023-07-18 02:08:57,650 - root - INFO - {"event": "execute_tool", "message": "Executing tool wifi-details"}
2023-07-18 02:09:03,086 - root - INFO - {"event": "execute_tool", "message": "Executing tool wifi-details"}
2023-07-18 02:09:08,191 - root - INFO - {"event": "execute_tool", "message": "Executing tool wifi-details"}
2023-07-18 02:09:13,606 - root - INFO - {"event": "execute_tool", "message": "Executing tool wifi-details"}
2023-07-18 02:09:18,712 - root - INFO - {"event": "execute_tool", "message": "Executing tool wifi-details"}
2023-07-18 02:09:24,104 - root - INFO - {"event": "execute_tool", "message": "Executing tool wifi-details"}
2023-07-18 02:09:29,204 - root - INFO - {"event": "execute_tool", "message": "Executing tool wifi-details"}
2023-07-18 02:09:34,333 - root - INFO - {"event": "execute_tool", "message": "Executing tool wifi-details"}
2023-07-18 02:09:39,845 - root - INFO - {"event": "execute_tool", "message": "Executing tool wifi-details"}
2023-07-18 02:09:44,945 - root - INFO - {"event": "execute_tool", "message": "Executing tool wifi-details"}
2023-07-18 02:09:50,393 - root - INFO - {"event": "execute_tool", "message": "Executing tool wifi-details"}
2023-07-18 02:09:55,488 - root - INFO - {"event": "execute_tool", "message": "Executing tool wifi-details"}
2023-07-18 02:10:00,894 - root - INFO - {"event": "execute_tool", "message": "Executing tool wifi-details"}
2023-07-18 02:10:05,980 - root - INFO - {"event": "execute_tool", "message": "Executing tool wifi-details"}
2023-07-18 02:10:11,451 - root - INFO - {"event": "execute_tool", "message": "Executing tool wifi-details"}
2023-07-18 02:10:16,543 - root - INFO - {"event": "execute_tool", "message": "Executing tool wifi-details"}
2023-07-18 02:10:22,003 - root - INFO - {"event": "execute_tool", "message": "Executing tool wifi-details"}
2023-07-18 02:10:27,116 - root - INFO - {"event": "execute_tool", "message": "Executing tool wifi-details"}
2023-07-18 02:10:27,591 - root - INFO - {"event": "execute_tool", "message": "Executing tool trusted-network-status"}
2023-07-18 02:10:32,232 - root - INFO - {"event": "execute_tool", "message": "Executing tool wifi-details"}
2023-07-18 02:10:37,372 - root - INFO - {"event": "execute_tool", "message": "Executing tool wifi-details"}
2023-07-18 02:10:42,764 - root - INFO - {"event": "execute_tool", "message": "Executing tool wifi-details"}
2023-07-18 02:10:47,886 - root - INFO - {"event": "execute_tool", "message": "Executing tool wifi-details"}
2023-07-18 02:10:53,294 - root - INFO - {"event": "execute_tool", "message": "Executing tool wifi-details"}
2023-07-18 02:10:58,406 - root - INFO - {"event": "execute_tool", "message": "Executing tool wifi-details"}
2023-07-18 02:11:03,499 - root - INFO - {"event": "execute_tool", "message": "Executing tool wifi-details"}
2023-07-18 02:11:08,896 - root - INFO - {"event": "execute_tool", "message": "Executing tool wifi-details"}
2023-07-18 02:11:14,010 - root - INFO - {"event": "execute_tool", "message": "Executing tool wifi-details"}
2023-07-18 02:11:19,086 - root - INFO - {"event": "execute_tool", "message": "Executing tool wifi-details"}
2023-07-18 02:11:24,481 - root - INFO - {"event": "execute_tool", "message": "Executing tool wifi-details"}
2023-07-18 02:11:29,577 - root - INFO - {"event": "execute_tool", "message": "Executing tool wifi-details"}
2023-07-18 02:11:34,982 - root - INFO - {"event": "execute_tool", "message": "Executing tool wifi-details"}
2023-07-18 02:11:40,084 - root - INFO - {"event": "execute_tool", "message": "Executing tool wifi-details"}
2023-07-18 02:11:45,477 - root - INFO - {"event": "execute_tool", "message": "Executing tool wifi-details"}
2023-07-18 02:11:50,566 - root - INFO - {"event": "execute_tool", "message": "Executing tool wifi-details"}
2023-07-18 02:11:55,961 - root - INFO - {"event": "execute_tool", "message": "Executing tool wifi-details"}
2023-07-18 02:12:01,075 - root - INFO - {"event": "execute_tool", "message": "Executing tool wifi-details"}
2023-07-18 02:12:06,494 - root - INFO - {"event": "execute_tool", "message": "Executing tool wifi-details"}
2023-07-18 02:12:11,617 - root - INFO - {"event": "execute_tool", "message": "Executing tool wifi-details"}
2023-07-18 02:12:17,010 - root - INFO - {"event": "execute_tool", "message": "Executing tool wifi-details"}
2023-07-18 02:12:22,109 - root - INFO - {"event": "execute_tool", "message": "Executing tool wifi-details"}
2023-07-18 02:12:27,519 - root - INFO - {"event": "execute_tool", "message": "Executing tool wifi-details"}
2023-07-18 02:12:32,621 - root - INFO - {"event": "execute_tool", "message": "Executing tool wifi-details"}
2023-07-18 02:12:38,053 - root - INFO - {"event": "execute_tool", "message": "Executing tool wifi-details"}
2023-07-18 02:12:43,221 - root - INFO - {"event": "execute_tool", "message": "Executing tool wifi-details"}
2023-07-18 02:12:48,303 - root - INFO - {"event": "execute_tool", "message": "Executing tool wifi-details"}
2023-07-18 02:12:53,765 - root - INFO - {"event": "execute_tool", "message": "Executing tool wifi-details"}
2023-07-18 02:12:58,874 - root - INFO - {"event": "execute_tool", "message": "Executing tool wifi-details"}
2023-07-18 02:13:04,325 - root - INFO - {"event": "execute_tool", "message": "Executing tool wifi-details"}
2023-07-18 02:13:09,538 - root - INFO - {"event": "execute_tool", "message": "Executing tool wifi-details"}
2023-07-18 02:13:14,941 - root - INFO - {"event": "execute_tool", "message": "Executing tool wifi-details"}
2023-07-18 02:13:20,038 - root - INFO - {"event": "execute_tool", "message": "Executing tool wifi-details"}
2023-07-18 02:13:25,126 - root - INFO - {"event": "execute_tool", "message": "Executing tool wifi-details"}
2023-07-18 02:13:30,523 - root - INFO - {"event": "execute_tool", "message": "Executing tool wifi-details"}
2023-07-18 02:13:35,621 - root - INFO - {"event": "execute_tool", "message": "Executing tool wifi-details"}
2023-07-18 02:13:41,018 - root - INFO - {"event": "execute_tool", "message": "Executing tool wifi-details"}
2023-07-18 02:13:46,097 - root - INFO - {"event": "execute_tool", "message": "Executing tool wifi-details"}
2023-07-18 02:13:51,205 - root - INFO - {"event": "execute_tool", "message": "Executing tool wifi-details"}
2023-07-18 02:13:56,607 - root - INFO - {"event": "execute_tool", "message": "Executing tool wifi-details"}
2023-07-18 02:14:01,705 - root - INFO - {"event": "execute_tool", "message": "Executing tool wifi-details"}
2023-07-18 02:14:07,107 - root - INFO - {"event": "execute_tool", "message": "Executing tool wifi-details"}
2023-07-18 02:14:12,228 - root - INFO - {"event": "execute_tool", "message": "Executing tool wifi-details"}
2023-07-18 02:14:17,664 - root - INFO - {"event": "execute_tool", "message": "Executing tool wifi-details"}
2023-07-18 02:14:22,761 - root - INFO - {"event": "execute_tool", "message": "Executing tool wifi-details"}
2023-07-18 02:14:27,861 - root - INFO - {"event": "execute_tool", "message": "Executing tool wifi-details"}
2023-07-18 02:14:33,284 - root - INFO - {"event": "execute_tool", "message": "Executing tool wifi-details"}
2023-07-18 02:14:38,385 - root - INFO - {"event": "execute_tool", "message": "Executing tool wifi-details"}
2023-07-18 02:14:43,830 - root - INFO - {"event": "execute_tool", "message": "Executing tool wifi-details"}
2023-07-18 02:14:48,956 - root - INFO - {"event": "execute_tool", "message": "Executing tool wifi-details"}
2023-07-18 02:14:54,056 - root - INFO - {"event": "execute_tool", "message": "Executing tool wifi-details"}
2023-07-18 02:14:55,651 - root - INFO - {"event": "execute_tool", "message": "Executing tool ad-status"}
2023-07-18 02:14:59,161 - root - INFO - {"event": "execute_tool", "message": "Executing tool wifi-details"}
2023-07-18 02:15:04,593 - root - INFO - {"event": "execute_tool", "message": "Executing tool wifi-details"}
2023-07-18 02:15:09,716 - root - INFO - {"event": "execute_tool", "message": "Executing tool wifi-details"}
2023-07-18 02:15:15,124 - root - INFO - {"event": "execute_tool", "message": "Executing tool wifi-details"}
2023-07-18 02:15:20,235 - root - INFO - {"event": "execute_tool", "message": "Executing tool wifi-details"}
2023-07-18 02:15:21,752 - root - INFO - {"event": "execute_tool", "message": "Executing tool trusted-network-status"}
2023-07-18 02:15:24,565 - root - INFO - {"event": "execute_tool", "message": "Executing tool wifi-details"}
2023-07-18 02:15:24,720 - root - INFO - {"event": "execute_tool", "message": "Executing tool trusted-network-status"}
2023-07-18 02:15:24,731 - root - INFO - {"event": "execute_tool", "message": "Executing tool ad-status"}
2023-07-18 02:15:24,831 - root - INFO - {"event": "execute_tool", "message": "Executing tool password-data"}
2023-07-18 02:15:24,834 - root - INFO - {"event": "execute_tool", "message": "Executing tool disk-usage"}
2023-07-18 02:15:24,836 - root - INFO - {"event": "execute_tool", "message": "Executing tool last-boottime"}
2023-07-18 02:15:29,772 - root - INFO - {"event": "execute_tool", "message": "Executing tool wifi-details"}
2023-07-18 02:15:32,248 - root - INFO - {"event": "execute_tool", "message": "Executing tool wifi-details"}
2023-07-18 02:15:37,237 - root - INFO - {"event": "execute_tool", "message": "Executing tool wifi-details"}
2023-07-18 02:15:42,246 - root - INFO - {"event": "execute_tool", "message": "Executing tool wifi-details"}
2023-07-18 02:15:47,241 - root - INFO - {"event": "execute_tool", "message": "Executing tool wifi-details"}
2023-07-18 02:15:52,232 - root - INFO - {"event": "execute_tool", "message": "Executing tool wifi-details"}
2023-07-18 02:15:57,241 - root - INFO - {"event": "execute_tool", "message": "Executing tool wifi-details"}
2023-07-18 02:16:02,235 - root - INFO - {"event": "execute_tool", "message": "Executing tool wifi-details"}
2023-07-18 02:16:07,240 - root - INFO - {"event": "execute_tool", "message": "Executing tool wifi-details"}
2023-07-18 02:16:12,240 - root - INFO - {"event": "execute_tool", "message": "Executing tool wifi-details"}
2023-07-18 02:16:17,237 - root - INFO - {"event": "execute_tool", "message": "Executing tool wifi-details"}
2023-07-18 02:16:22,231 - root - INFO - {"event": "execute_tool", "message": "Executing tool wifi-details"}
2023-07-18 02:16:27,235 - root - INFO - {"event": "execute_tool", "message": "Executing tool wifi-details"}
2023-07-18 02:16:32,240 - root - INFO - {"event": "execute_tool", "message": "Executing tool wifi-details"}
2023-07-18 02:16:37,242 - root - INFO - {"event": "execute_tool", "message": "Executing tool wifi-details"}
2023-07-18 02:16:42,239 - root - INFO - {"event": "execute_tool", "message": "Executing tool wifi-details"}
2023-07-18 02:16:47,234 - root - INFO - {"event": "execute_tool", "message": "Executing tool wifi-details"}
2023-07-18 02:16:52,248 - root - INFO - {"event": "execute_tool", "message": "Executing tool wifi-details"}
2023-07-18 02:16:57,254 - root - INFO - {"event": "execute_tool", "message": "Executing tool wifi-details"}
2023-07-18 02:17:02,242 - root - INFO - {"event": "execute_tool", "message": "Executing tool wifi-details"}
2023-07-18 02:17:07,242 - root - INFO - {"event": "execute_tool", "message": "Executing tool wifi-details"}
2023-07-18 02:17:12,243 - root - INFO - {"event": "execute_tool", "message": "Executing tool wifi-details"}
2023-07-18 02:17:17,236 - root - INFO - {"event": "execute_tool", "message": "Executing tool wifi-details"}
2023-07-18 02:17:22,239 - root - INFO - {"event": "execute_tool", "message": "Executing tool wifi-details"}
2023-07-18 02:17:27,236 - root - INFO - {"event": "execute_tool", "message": "Executing tool wifi-details"}
2023-07-18 02:17:32,231 - root - INFO - {"event": "execute_tool", "message": "Executing tool wifi-details"}
2023-07-18 02:17:37,243 - root - INFO - {"event": "execute_tool", "message": "Executing tool wifi-details"}
2023-07-18 02:17:42,236 - root - INFO - {"event": "execute_tool", "message": "Executing tool wifi-details"}
2023-07-18 02:17:47,240 - root - INFO - {"event": "execute_tool", "message": "Executing tool wifi-details"}
2023-07-18 02:17:52,244 - root - INFO - {"event": "execute_tool", "message": "Executing tool wifi-details"}
2023-07-18 02:17:57,234 - root - INFO - {"event": "execute_tool", "message": "Executing tool wifi-details"}
2023-07-18 02:18:02,244 - root - INFO - {"event": "execute_tool", "message": "Executing tool wifi-details"}
2023-07-18 02:18:07,239 - root - INFO - {"event": "execute_tool", "message": "Executing tool wifi-details"}
2023-07-18 02:18:12,232 - root - INFO - {"event": "execute_tool", "message": "Executing tool wifi-details"}
2023-07-18 02:18:17,230 - root - INFO - {"event": "execute_tool", "message": "Executing tool wifi-details"}
2023-07-18 02:18:22,239 - root - INFO - {"event": "execute_tool", "message": "Executing tool wifi-details"}
2023-07-18 02:18:27,234 - root - INFO - {"event": "execute_tool", "message": "Executing tool wifi-details"}
2023-07-18 02:18:32,230 - root - INFO - {"event": "execute_tool", "message": "Executing tool wifi-details"}
2023-07-18 02:18:37,243 - root - INFO - {"event": "execute_tool", "message": "Executing tool wifi-details"}
2023-07-18 02:18:42,238 - root - INFO - {"event": "execute_tool", "message": "Executing tool wifi-details"}
2023-07-18 02:18:47,246 - root - INFO - {"event": "execute_tool", "message": "Executing tool wifi-details"}
2023-07-18 02:18:52,244 - root - INFO - {"event": "execute_tool", "message": "Executing tool wifi-details"}
2023-07-18 02:18:57,232 - root - INFO - {"event": "execute_tool", "message": "Executing tool wifi-details"}
2023-07-18 02:19:02,231 - root - INFO - {"event": "execute_tool", "message": "Executing tool wifi-details"}
2023-07-18 02:19:07,238 - root - INFO - {"event": "execute_tool", "message": "Executing tool wifi-details"}
2023-07-18 02:19:12,241 - root - INFO - {"event": "execute_tool", "message": "Executing tool wifi-details"}
2023-07-18 02:19:17,246 - root - INFO - {"event": "execute_tool", "message": "Executing tool wifi-details"}
2023-07-18 02:19:22,239 - root - INFO - {"event": "execute_tool", "message": "Executing tool wifi-details"}
2023-07-18 02:19:27,239 - root - INFO - {"event": "execute_tool", "message": "Executing tool wifi-details"}
2023-07-18 02:19:32,244 - root - INFO - {"event": "execute_tool", "message": "Executing tool wifi-details"}
2023-07-18 02:19:37,241 - root - INFO - {"event": "execute_tool", "message": "Executing tool wifi-details"}
2023-07-18 02:19:42,237 - root - INFO - {"event": "execute_tool", "message": "Executing tool wifi-details"}
2023-07-18 02:19:47,230 - root - INFO - {"event": "execute_tool", "message": "Executing tool wifi-details"}
2023-07-18 02:19:52,243 - root - INFO - {"event": "execute_tool", "message": "Executing tool wifi-details"}
2023-07-18 02:19:57,242 - root - INFO - {"event": "execute_tool", "message": "Executing tool wifi-details"}
2023-07-18 02:20:02,232 - root - INFO - {"event": "execute_tool", "message": "Executing tool wifi-details"}
2023-07-18 02:20:07,237 - root - INFO - {"event": "execute_tool", "message": "Executing tool wifi-details"}
2023-07-18 02:20:12,239 - root - INFO - {"event": "execute_tool", "message": "Executing tool wifi-details"}
2023-07-18 02:20:17,237 - root - INFO - {"event": "execute_tool", "message": "Executing tool wifi-details"}
2023-07-18 02:20:22,243 - root - INFO - {"event": "execute_tool", "message": "Executing tool wifi-details"}
2023-07-18 02:20:24,777 - root - INFO - {"event": "execute_tool", "message": "Executing tool trusted-network-status"}
2023-07-18 02:20:27,239 - root - INFO - {"event": "execute_tool", "message": "Executing tool wifi-details"}
2023-07-18 02:20:32,670 - root - INFO - {"event": "execute_tool", "message": "Executing tool wifi-details"}
2023-07-18 02:20:37,758 - root - INFO - {"event": "execute_tool", "message": "Executing tool wifi-details"}
2023-07-18 02:20:42,866 - root - INFO - {"event": "execute_tool", "message": "Executing tool wifi-details"}
2023-07-18 02:20:48,262 - root - INFO - {"event": "execute_tool", "message": "Executing tool wifi-details"}
2023-07-18 02:20:53,368 - root - INFO - {"event": "execute_tool", "message": "Executing tool wifi-details"}
2023-07-18 02:20:58,847 - root - INFO - {"event": "execute_tool", "message": "Executing tool wifi-details"}
2023-07-18 02:21:03,976 - root - INFO - {"event": "execute_tool", "message": "Executing tool wifi-details"}
2023-07-18 02:21:09,392 - root - INFO - {"event": "execute_tool", "message": "Executing tool wifi-details"}
2023-07-18 02:21:14,517 - root - INFO - {"event": "execute_tool", "message": "Executing tool wifi-details"}
2023-07-18 02:21:19,922 - root - INFO - {"event": "execute_tool", "message": "Executing tool wifi-details"}
2023-07-18 02:21:25,017 - root - INFO - {"event": "execute_tool", "message": "Executing tool wifi-details"}
2023-07-18 02:21:30,410 - root - INFO - {"event": "execute_tool", "message": "Executing tool wifi-details"}
2023-07-18 02:21:35,521 - root - INFO - {"event": "execute_tool", "message": "Executing tool wifi-details"}
2023-07-18 02:21:40,938 - root - INFO - {"event": "execute_tool", "message": "Executing tool wifi-details"}
2023-07-18 02:21:46,030 - root - INFO - {"event": "execute_tool", "message": "Executing tool wifi-details"}
2023-07-18 02:21:51,561 - root - INFO - {"event": "execute_tool", "message": "Executing tool wifi-details"}
2023-07-18 02:21:56,659 - root - INFO - {"event": "execute_tool", "message": "Executing tool wifi-details"}
2023-07-18 02:22:02,048 - root - INFO - {"event": "execute_tool", "message": "Executing tool wifi-details"}
2023-07-18 02:22:07,157 - root - INFO - {"event": "execute_tool", "message": "Executing tool wifi-details"}
2023-07-18 02:22:12,575 - root - INFO - {"event": "execute_tool", "message": "Executing tool wifi-details"}
2023-07-18 02:22:14,712 - root - INFO - {"event": "execute_tool", "message": "Executing tool trusted-network-status"}
2023-07-18 02:22:17,671 - root - INFO - {"event": "execute_tool", "message": "Executing tool wifi-details"}
2023-07-18 02:22:20,402 - root - INFO - {"event": "execute_tool", "message": "Executing tool wifi-details"}
2023-07-18 02:22:25,406 - root - INFO - {"event": "execute_tool", "message": "Executing tool wifi-details"}
2023-07-18 02:22:30,412 - root - INFO - {"event": "execute_tool", "message": "Executing tool wifi-details"}
2023-07-18 02:22:35,400 - root - INFO - {"event": "execute_tool", "message": "Executing tool wifi-details"}
2023-07-18 02:22:40,399 - root - INFO - {"event": "execute_tool", "message": "Executing tool wifi-details"}
2023-07-18 02:22:45,402 - root - INFO - {"event": "execute_tool", "message": "Executing tool wifi-details"}
2023-07-18 02:22:50,408 - root - INFO - {"event": "execute_tool", "message": "Executing tool wifi-details"}
2023-07-18 02:22:55,409 - root - INFO - {"event": "execute_tool", "message": "Executing tool wifi-details"}
2023-07-18 02:23:00,396 - root - INFO - {"event": "execute_tool", "message": "Executing tool wifi-details"}
2023-07-18 02:23:05,408 - root - INFO - {"event": "execute_tool", "message": "Executing tool wifi-details"}
2023-07-18 02:23:10,407 - root - INFO - {"event": "execute_tool", "message": "Executing tool wifi-details"}
2023-07-18 02:23:15,402 - root - INFO - {"event": "execute_tool", "message": "Executing tool wifi-details"}
2023-07-18 02:23:20,404 - root - INFO - {"event": "execute_tool", "message": "Executing tool wifi-details"}
2023-07-18 02:23:25,408 - root - INFO - {"event": "execute_tool", "message": "Executing tool wifi-details"}
2023-07-18 02:23:30,408 - root - INFO - {"event": "execute_tool", "message": "Executing tool wifi-details"}
2023-07-18 02:23:35,399 - root - INFO - {"event": "execute_tool", "message": "Executing tool wifi-details"}
2023-07-18 02:23:40,413 - root - INFO - {"event": "execute_tool", "message": "Executing tool wifi-details"}
2023-07-18 02:23:45,413 - root - INFO - {"event": "execute_tool", "message": "Executing tool wifi-details"}
2023-07-18 02:23:50,405 - root - INFO - {"event": "execute_tool", "message": "Executing tool wifi-details"}
2023-07-18 02:23:55,415 - root - INFO - {"event": "execute_tool", "message": "Executing tool wifi-details"}
2023-07-18 02:24:00,408 - root - INFO - {"event": "execute_tool", "message": "Executing tool wifi-details"}
2023-07-18 02:24:05,408 - root - INFO - {"event": "execute_tool", "message": "Executing tool wifi-details"}
2023-07-18 02:24:07,064 - root - INFO - {"event": "execute_tool", "message": "Executing tool trusted-network-status"}
2023-07-18 02:25:17,616 - root - INFO - {"event": "execute_tool", "message": "Executing tool wifi-details"}
2023-07-18 02:25:17,746 - root - INFO - {"event": "execute_tool", "message": "Executing tool trusted-network-status"}
2023-07-18 02:25:17,749 - root - INFO - {"event": "execute_tool", "message": "Executing tool ad-status"}
2023-07-18 02:25:17,853 - root - INFO - {"event": "execute_tool", "message": "Executing tool last-boottime"}
2023-07-18 02:25:17,855 - root - INFO - {"event": "execute_tool", "message": "Executing tool disk-usage"}
2023-07-18 02:25:17,857 - root - INFO - {"event": "execute_tool", "message": "Executing tool password-data"}
2023-07-18 02:25:23,201 - root - INFO - {"event": "execute_tool", "message": "Executing tool wifi-details"}
2023-07-18 02:25:28,304 - root - INFO - {"event": "execute_tool", "message": "Executing tool wifi-details"}
2023-07-18 02:25:33,737 - root - INFO - {"event": "execute_tool", "message": "Executing tool wifi-details"}
2023-07-18 02:25:38,862 - root - INFO - {"event": "execute_tool", "message": "Executing tool wifi-details"}
2023-07-18 02:25:44,248 - root - INFO - {"event": "execute_tool", "message": "Executing tool wifi-details"}
2023-07-18 02:25:45,914 - root - INFO - {"event": "execute_tool", "message": "Executing tool trusted-network-status"}
2023-07-18 02:25:47,987 - root - INFO - {"event": "execute_tool", "message": "Executing tool wifi-details"}
2023-07-18 02:25:48,136 - root - INFO - {"event": "execute_tool", "message": "Executing tool trusted-network-status"}
2023-07-18 02:25:48,147 - root - INFO - {"event": "execute_tool", "message": "Executing tool ad-status"}
2023-07-18 02:25:48,250 - root - INFO - {"event": "execute_tool", "message": "Executing tool password-data"}
2023-07-18 02:25:48,253 - root - INFO - {"event": "execute_tool", "message": "Executing tool disk-usage"}
2023-07-18 02:25:48,256 - root - INFO - {"event": "execute_tool", "message": "Executing tool last-boottime"}
2023-07-18 02:25:53,168 - root - INFO - {"event": "execute_tool", "message": "Executing tool wifi-details"}
2023-07-18 02:25:58,287 - root - INFO - {"event": "execute_tool", "message": "Executing tool wifi-details"}
2023-07-18 02:26:03,387 - root - INFO - {"event": "execute_tool", "message": "Executing tool wifi-details"}
2023-07-18 02:26:08,477 - root - INFO - {"event": "execute_tool", "message": "Executing tool wifi-details"}
2023-07-18 02:26:13,623 - root - INFO - {"event": "execute_tool", "message": "Executing tool wifi-details"}
2023-07-18 02:26:18,714 - root - INFO - {"event": "execute_tool", "message": "Executing tool wifi-details"}
2023-07-18 02:26:24,105 - root - INFO - {"event": "execute_tool", "message": "Executing tool wifi-details"}
2023-07-18 02:26:29,185 - root - INFO - {"event": "execute_tool", "message": "Executing tool wifi-details"}
2023-07-18 02:26:34,580 - root - INFO - {"event": "execute_tool", "message": "Executing tool wifi-details"}
2023-07-18 02:26:39,677 - root - INFO - {"event": "execute_tool", "message": "Executing tool wifi-details"}
2023-07-18 02:26:45,096 - root - INFO - {"event": "execute_tool", "message": "Executing tool wifi-details"}
2023-07-18 02:26:50,163 - root - INFO - {"event": "execute_tool", "message": "Executing tool wifi-details"}
2023-07-18 02:26:55,241 - root - INFO - {"event": "execute_tool", "message": "Executing tool wifi-details"}
2023-07-18 02:27:00,325 - root - INFO - {"event": "execute_tool", "message": "Executing tool wifi-details"}
2023-07-18 02:27:05,454 - root - INFO - {"event": "execute_tool", "message": "Executing tool wifi-details"}
2023-07-18 02:27:10,851 - root - INFO - {"event": "execute_tool", "message": "Executing tool wifi-details"}
2023-07-18 02:27:15,949 - root - INFO - {"event": "execute_tool", "message": "Executing tool wifi-details"}
2023-07-18 02:27:21,367 - root - INFO - {"event": "execute_tool", "message": "Executing tool wifi-details"}
2023-07-18 02:27:26,441 - root - INFO - {"event": "execute_tool", "message": "Executing tool wifi-details"}
2023-07-18 02:27:31,517 - root - INFO - {"event": "execute_tool", "message": "Executing tool wifi-details"}
2023-07-18 02:27:36,926 - root - INFO - {"event": "execute_tool", "message": "Executing tool wifi-details"}
2023-07-18 02:27:42,059 - root - INFO - {"event": "execute_tool", "message": "Executing tool wifi-details"}
2023-07-18 02:27:47,502 - root - INFO - {"event": "execute_tool", "message": "Executing tool wifi-details"}
2023-07-18 02:27:52,589 - root - INFO - {"event": "execute_tool", "message": "Executing tool wifi-details"}
2023-07-18 02:27:57,674 - root - INFO - {"event": "execute_tool", "message": "Executing tool wifi-details"}
2023-07-18 02:28:02,761 - root - INFO - {"event": "execute_tool", "message": "Executing tool wifi-details"}
2023-07-18 02:28:08,169 - root - INFO - {"event": "execute_tool", "message": "Executing tool wifi-details"}
2023-07-18 02:28:13,245 - root - INFO - {"event": "execute_tool", "message": "Executing tool wifi-details"}
2023-07-18 02:28:18,666 - root - INFO - {"event": "execute_tool", "message": "Executing tool wifi-details"}
2023-07-18 02:28:23,783 - root - INFO - {"event": "execute_tool", "message": "Executing tool wifi-details"}
2023-07-18 02:28:28,902 - root - INFO - {"event": "execute_tool", "message": "Executing tool wifi-details"}
2023-07-18 02:28:29,601 - root - INFO - {"event": "execute_tool", "message": "Executing tool trusted-network-status"}
2023-07-18 02:28:32,714 - root - INFO - {"event": "execute_tool", "message": "Executing tool wifi-details"}
2023-07-18 02:28:32,929 - root - INFO - {"event": "execute_tool", "message": "Executing tool trusted-network-status"}
2023-07-18 02:28:32,936 - root - INFO - {"event": "execute_tool", "message": "Executing tool ad-status"}
2023-07-18 02:28:33,073 - root - INFO - {"event": "execute_tool", "message": "Executing tool last-boottime"}
2023-07-18 02:28:33,075 - root - INFO - {"event": "execute_tool", "message": "Executing tool disk-usage"}
2023-07-18 02:28:33,077 - root - INFO - {"event": "execute_tool", "message": "Executing tool password-data"}
2023-07-18 02:28:37,953 - root - INFO - {"event": "execute_tool", "message": "Executing tool wifi-details"}
2023-07-18 02:28:40,278 - root - INFO - {"event": "execute_tool", "message": "Executing tool wifi-details"}
2023-07-18 02:28:45,289 - root - INFO - {"event": "execute_tool", "message": "Executing tool wifi-details"}
2023-07-18 02:28:50,282 - root - INFO - {"event": "execute_tool", "message": "Executing tool wifi-details"}
2023-07-18 02:28:55,286 - root - INFO - {"event": "execute_tool", "message": "Executing tool wifi-details"}
2023-07-18 02:29:00,283 - root - INFO - {"event": "execute_tool", "message": "Executing tool wifi-details"}
2023-07-18 02:29:05,280 - root - INFO - {"event": "execute_tool", "message": "Executing tool wifi-details"}
2023-07-18 02:29:10,278 - root - INFO - {"event": "execute_tool", "message": "Executing tool wifi-details"}
2023-07-18 02:29:15,288 - root - INFO - {"event": "execute_tool", "message": "Executing tool wifi-details"}
2023-07-18 02:29:20,282 - root - INFO - {"event": "execute_tool", "message": "Executing tool wifi-details"}
2023-07-18 02:29:25,289 - root - INFO - {"event": "execute_tool", "message": "Executing tool wifi-details"}
2023-07-18 02:29:30,283 - root - INFO - {"event": "execute_tool", "message": "Executing tool wifi-details"}
2023-07-18 02:29:35,287 - root - INFO - {"event": "execute_tool", "message": "Executing tool wifi-details"}
2023-07-18 02:29:37,108 - root - INFO - {"event": "execute_tool", "message": "Executing tool trusted-network-status"}
2023-07-18 02:29:39,617 - root - INFO - {"event": "execute_tool", "message": "Executing tool wifi-details"}
2023-07-18 02:29:39,783 - root - INFO - {"event": "execute_tool", "message": "Executing tool trusted-network-status"}
2023-07-18 02:29:39,788 - root - INFO - {"event": "execute_tool", "message": "Executing tool ad-status"}
2023-07-18 02:29:39,927 - root - INFO - {"event": "execute_tool", "message": "Executing tool password-data"}
2023-07-18 02:29:39,929 - root - INFO - {"event": "execute_tool", "message": "Executing tool last-boottime"}
2023-07-18 02:29:39,931 - root - INFO - {"event": "execute_tool", "message": "Executing tool disk-usage"}
2023-07-18 02:29:44,800 - root - INFO - {"event": "execute_tool", "message": "Executing tool wifi-details"}
2023-07-18 02:29:47,566 - root - INFO - {"event": "execute_tool", "message": "Executing tool wifi-details"}
2023-07-18 02:29:52,557 - root - INFO - {"event": "execute_tool", "message": "Executing tool wifi-details"}
2023-07-18 02:29:57,553 - root - INFO - {"event": "execute_tool", "message": "Executing tool wifi-details"}
2023-07-18 02:30:02,562 - root - INFO - {"event": "execute_tool", "message": "Executing tool wifi-details"}
2023-07-18 02:30:07,561 - root - INFO - {"event": "execute_tool", "message": "Executing tool wifi-details"}
2023-07-18 02:30:12,644 - root - INFO - {"event": "execute_tool", "message": "Executing tool wifi-details"}
2023-07-18 02:30:17,735 - root - INFO - {"event": "execute_tool", "message": "Executing tool wifi-details"}
2023-07-18 02:30:22,815 - root - INFO - {"event": "execute_tool", "message": "Executing tool wifi-details"}
2023-07-18 02:30:28,201 - root - INFO - {"event": "execute_tool", "message": "Executing tool wifi-details"}
2023-07-18 02:30:33,310 - root - INFO - {"event": "execute_tool", "message": "Executing tool wifi-details"}
2023-07-18 02:30:38,704 - root - INFO - {"event": "execute_tool", "message": "Executing tool wifi-details"}
2023-07-18 02:30:43,112 - root - INFO - {"event": "execute_tool", "message": "Executing tool trusted-network-status"}
2023-07-18 02:30:43,808 - root - INFO - {"event": "execute_tool", "message": "Executing tool wifi-details"}
2023-07-18 02:30:46,011 - root - INFO - {"event": "execute_tool", "message": "Executing tool wifi-details"}
2023-07-18 02:30:46,226 - root - INFO - {"event": "execute_tool", "message": "Executing tool trusted-network-status"}
2023-07-18 02:30:46,261 - root - INFO - {"event": "execute_tool", "message": "Executing tool ad-status"}
2023-07-18 02:30:46,468 - root - INFO - {"event": "execute_tool", "message": "Executing tool password-data"}
2023-07-18 02:30:46,470 - root - INFO - {"event": "execute_tool", "message": "Executing tool last-boottime"}
2023-07-18 02:30:46,473 - root - INFO - {"event": "execute_tool", "message": "Executing tool disk-usage"}
2023-07-18 02:30:51,332 - root - INFO - {"event": "execute_tool", "message": "Executing tool wifi-details"}
2023-07-18 02:30:55,324 - root - INFO - {"event": "execute_tool", "message": "Executing tool wifi-details"}
2023-07-18 02:31:00,326 - root - INFO - {"event": "execute_tool", "message": "Executing tool wifi-details"}
2023-07-18 02:31:05,330 - root - INFO - {"event": "execute_tool", "message": "Executing tool wifi-details"}
2023-07-18 02:31:06,412 - root - INFO - {"event": "execute_tool", "message": "Executing tool trusted-network-status"}
2023-07-18 02:31:09,070 - root - INFO - {"event": "execute_tool", "message": "Executing tool wifi-details"}
2023-07-18 02:31:09,230 - root - INFO - {"event": "execute_tool", "message": "Executing tool ad-status"}
2023-07-18 02:31:09,362 - root - INFO - {"event": "execute_tool", "message": "Executing tool trusted-network-status"}
2023-07-18 02:31:09,365 - root - INFO - {"event": "execute_tool", "message": "Executing tool password-data"}
2023-07-18 02:31:09,369 - root - INFO - {"event": "execute_tool", "message": "Executing tool disk-usage"}
2023-07-18 02:31:09,373 - root - INFO - {"event": "execute_tool", "message": "Executing tool last-boottime"}
2023-07-18 02:31:14,432 - root - INFO - {"event": "execute_tool", "message": "Executing tool wifi-details"}
2023-07-18 02:31:16,312 - root - INFO - {"event": "execute_tool", "message": "Executing tool wifi-details"}
2023-07-18 02:31:21,312 - root - INFO - {"event": "execute_tool", "message": "Executing tool wifi-details"}
2023-07-18 02:31:26,311 - root - INFO - {"event": "execute_tool", "message": "Executing tool wifi-details"}
2023-07-18 02:31:27,302 - root - INFO - {"event": "execute_tool", "message": "Executing tool trusted-network-status"}
2023-07-18 02:31:30,808 - root - INFO - {"event": "execute_tool", "message": "Executing tool wifi-details"}
2023-07-18 02:31:31,093 - root - INFO - {"event": "execute_tool", "message": "Executing tool ad-status"}
2023-07-18 02:31:31,233 - root - INFO - {"event": "execute_tool", "message": "Executing tool trusted-network-status"}
2023-07-18 02:31:31,238 - root - INFO - {"event": "execute_tool", "message": "Executing tool password-data"}
2023-07-18 02:31:31,241 - root - INFO - {"event": "execute_tool", "message": "Executing tool last-boottime"}
2023-07-18 02:31:31,243 - root - INFO - {"event": "execute_tool", "message": "Executing tool disk-usage"}
2023-07-18 02:31:36,656 - root - INFO - {"event": "execute_tool", "message": "Executing tool wifi-details"}
2023-07-18 02:31:37,788 - root - INFO - {"event": "execute_tool", "message": "Executing tool wifi-details"}
2023-07-18 02:31:42,403 - root - INFO - {"event": "execute_tool", "message": "Executing tool trusted-network-status"}
2023-07-18 02:31:42,831 - root - INFO - {"event": "execute_tool", "message": "Executing tool wifi-details"}
2023-07-18 02:31:44,686 - root - INFO - {"event": "execute_tool", "message": "Executing tool wifi-details"}
2023-07-18 02:31:44,832 - root - INFO - {"event": "execute_tool", "message": "Executing tool trusted-network-status"}
2023-07-18 02:31:44,843 - root - INFO - {"event": "execute_tool", "message": "Executing tool ad-status"}
2023-07-18 02:31:44,958 - root - INFO - {"event": "execute_tool", "message": "Executing tool password-data"}
2023-07-18 02:31:44,961 - root - INFO - {"event": "execute_tool", "message": "Executing tool disk-usage"}
2023-07-18 02:31:44,963 - root - INFO - {"event": "execute_tool", "message": "Executing tool last-boottime"}
2023-07-18 02:31:49,888 - root - INFO - {"event": "execute_tool", "message": "Executing tool wifi-details"}
2023-07-18 02:31:51,589 - root - INFO - {"event": "execute_tool", "message": "Executing tool wifi-details"}
2023-07-18 02:31:54,909 - root - INFO - {"event": "execute_tool", "message": "Executing tool trusted-network-status"}
2023-07-18 02:31:57,210 - root - INFO - {"event": "execute_tool", "message": "Executing tool wifi-details"}
2023-07-18 02:31:57,354 - root - INFO - {"event": "execute_tool", "message": "Executing tool password-data"}
2023-07-18 02:31:57,357 - root - INFO - {"event": "execute_tool", "message": "Executing tool trusted-network-status"}
2023-07-18 02:31:57,359 - root - INFO - {"event": "execute_tool", "message": "Executing tool disk-usage"}
2023-07-18 02:31:57,361 - root - INFO - {"event": "execute_tool", "message": "Executing tool ad-status"}
2023-07-18 02:31:57,478 - root - INFO - {"event": "execute_tool", "message": "Executing tool last-boottime"}
2023-07-18 02:32:02,532 - root - INFO - {"event": "execute_tool", "message": "Executing tool wifi-details"}
2023-07-18 02:32:04,782 - root - INFO - {"event": "execute_tool", "message": "Executing tool wifi-details"}
2023-07-18 02:32:09,862 - root - INFO - {"event": "execute_tool", "message": "Executing tool wifi-details"}
2023-07-18 02:32:14,819 - root - INFO - {"event": "execute_tool", "message": "Executing tool wifi-details"}
2023-07-18 02:32:19,809 - root - INFO - {"event": "execute_tool", "message": "Executing tool wifi-details"}
2023-07-18 02:32:24,808 - root - INFO - {"event": "execute_tool", "message": "Executing tool wifi-details"}
2023-07-18 02:32:29,809 - root - INFO - {"event": "execute_tool", "message": "Executing tool wifi-details"}
2023-07-18 02:32:34,814 - root - INFO - {"event": "execute_tool", "message": "Executing tool wifi-details"}
2023-07-18 02:32:36,299 - root - INFO - {"event": "execute_tool", "message": "Executing tool trusted-network-status"}
2023-07-18 02:32:39,811 - root - INFO - {"event": "execute_tool", "message": "Executing tool wifi-details"}
2023-07-18 02:32:44,150 - root - INFO - {"event": "execute_tool", "message": "Executing tool wifi-details"}
2023-07-18 02:32:44,292 - root - INFO - {"event": "execute_tool", "message": "Executing tool trusted-network-status"}
2023-07-18 02:32:44,296 - root - INFO - {"event": "execute_tool", "message": "Executing tool ad-status"}
2023-07-18 02:32:44,393 - root - INFO - {"event": "execute_tool", "message": "Executing tool password-data"}
2023-07-18 02:32:44,398 - root - INFO - {"event": "execute_tool", "message": "Executing tool disk-usage"}
2023-07-18 02:32:44,407 - root - INFO - {"event": "execute_tool", "message": "Executing tool last-boottime"}
2023-07-18 02:32:49,332 - root - INFO - {"event": "execute_tool", "message": "Executing tool wifi-details"}
2023-07-18 02:32:50,841 - root - INFO - {"event": "execute_tool", "message": "Executing tool wifi-details"}
2023-07-18 02:32:55,832 - root - INFO - {"event": "execute_tool", "message": "Executing tool wifi-details"}
2023-07-18 02:32:56,619 - root - INFO - {"event": "execute_tool", "message": "Executing tool trusted-network-status"}
2023-07-18 02:32:58,908 - root - INFO - {"event": "execute_tool", "message": "Executing tool wifi-details"}
2023-07-18 02:32:59,010 - root - INFO - {"event": "execute_tool", "message": "Executing tool last-boottime"}
2023-07-18 02:32:59,012 - root - INFO - {"event": "execute_tool", "message": "Executing tool password-data"}
2023-07-18 02:32:59,013 - root - INFO - {"event": "execute_tool", "message": "Executing tool ad-status"}
2023-07-18 02:32:59,102 - root - INFO - {"event": "execute_tool", "message": "Executing tool trusted-network-status"}
2023-07-18 02:32:59,103 - root - INFO - {"event": "execute_tool", "message": "Executing tool disk-usage"}
2023-07-18 02:33:04,468 - root - INFO - {"event": "execute_tool", "message": "Executing tool wifi-details"}
2023-07-18 02:33:05,701 - root - INFO - {"event": "execute_tool", "message": "Executing tool wifi-details"}
2023-07-18 02:33:10,732 - root - INFO - {"event": "execute_tool", "message": "Executing tool wifi-details"}
2023-07-18 02:33:15,237 - root - INFO - {"event": "execute_tool", "message": "Executing tool trusted-network-status"}
2023-07-18 02:33:15,736 - root - INFO - {"event": "execute_tool", "message": "Executing tool wifi-details"}
2023-07-18 02:33:17,578 - root - INFO - {"event": "execute_tool", "message": "Executing tool wifi-details"}
2023-07-18 02:33:17,698 - root - INFO - {"event": "execute_tool", "message": "Executing tool trusted-network-status"}
2023-07-18 02:33:17,702 - root - INFO - {"event": "execute_tool", "message": "Executing tool ad-status"}
2023-07-18 02:33:17,803 - root - INFO - {"event": "execute_tool", "message": "Executing tool password-data"}
2023-07-18 02:33:17,806 - root - INFO - {"event": "execute_tool", "message": "Executing tool disk-usage"}
2023-07-18 02:33:17,809 - root - INFO - {"event": "execute_tool", "message": "Executing tool last-boottime"}
2023-07-18 02:33:22,736 - root - INFO - {"event": "execute_tool", "message": "Executing tool wifi-details"}
2023-07-18 02:33:23,874 - root - INFO - {"event": "execute_tool", "message": "Executing tool wifi-details"}
2023-07-18 02:33:28,874 - root - INFO - {"event": "execute_tool", "message": "Executing tool wifi-details"}
2023-07-18 02:33:33,887 - root - INFO - {"event": "execute_tool", "message": "Executing tool wifi-details"}
2023-07-18 02:33:38,876 - root - INFO - {"event": "execute_tool", "message": "Executing tool wifi-details"}
2023-07-18 02:33:43,884 - root - INFO - {"event": "execute_tool", "message": "Executing tool wifi-details"}
2023-07-18 02:33:48,885 - root - INFO - {"event": "execute_tool", "message": "Executing tool wifi-details"}
2023-07-18 02:33:52,343 - root - INFO - {"event": "execute_tool", "message": "Executing tool trusted-network-status"}
2023-07-18 02:33:53,962 - root - INFO - {"event": "execute_tool", "message": "Executing tool wifi-details"}
2023-07-18 02:33:59,044 - root - INFO - {"event": "execute_tool", "message": "Executing tool wifi-details"}
2023-07-18 02:34:04,131 - root - INFO - {"event": "execute_tool", "message": "Executing tool wifi-details"}
2023-07-18 02:34:09,259 - root - INFO - {"event": "execute_tool", "message": "Executing tool wifi-details"}
2023-07-18 02:34:14,355 - root - INFO - {"event": "execute_tool", "message": "Executing tool wifi-details"}
2023-07-18 02:34:19,730 - root - INFO - {"event": "execute_tool", "message": "Executing tool wifi-details"}
2023-07-18 02:34:24,891 - root - INFO - {"event": "execute_tool", "message": "Executing tool wifi-details"}
2023-07-18 02:34:29,999 - root - INFO - {"event": "execute_tool", "message": "Executing tool wifi-details"}
2023-07-18 02:34:34,996 - root - INFO - {"event": "execute_tool", "message": "Executing tool trusted-network-status"}
2023-07-18 02:34:35,147 - root - INFO - {"event": "execute_tool", "message": "Executing tool wifi-details"}
2023-07-18 02:34:40,230 - root - INFO - {"event": "execute_tool", "message": "Executing tool wifi-details"}
2023-07-18 02:34:42,306 - root - INFO - {"event": "execute_tool", "message": "Executing tool trusted-network-status"}
2023-07-18 02:34:45,309 - root - INFO - {"event": "execute_tool", "message": "Executing tool wifi-details"}
