2023-07-17 22:13:50,012 - root - INFO - {"event": "startup", "message": "Loading tool states"}
2023-07-17 22:13:50,014 - root - INFO - {"event": "load_states", "message": "Loading states"}
2023-07-17 22:13:50,019 - root - INFO - {"event": "load_states", "message": "States loaded successfully"}
2023-07-17 22:13:50,019 - root - INFO - {"event": "startup", "message": "Adding wifi-details tool"}
2023-07-17 22:13:50,020 - root - INFO - {"event": "add_tool", "message": "Adding tool wifi-details"}
2023-07-17 22:13:50,020 - root - INFO - {"event": "add_tool", "message": "Tool wifi-details added successfully"}
2023-07-17 22:13:50,020 - root - INFO - {"event": "startup", "message": "Adding network adapters tool"}
2023-07-17 22:13:50,021 - root - INFO - {"event": "add_tool", "message": "Adding tool network-adapters"}
2023-07-17 22:13:50,021 - root - INFO - {"event": "add_tool", "message": "Tool network-adapters added successfully"}
2023-07-17 22:13:50,021 - root - INFO - {"event": "startup", "message": "Adding trusted network status tool"}
2023-07-17 22:13:50,021 - root - INFO - {"event": "add_tool", "message": "Adding tool trusted-network-status"}
2023-07-17 22:13:50,021 - root - INFO - {"event": "add_tool", "message": "Tool trusted-network-status added successfully"}
2023-07-17 22:13:50,022 - root - INFO - {"event": "startup", "message": "Adding ad status tool"}
2023-07-17 22:13:50,022 - root - INFO - {"event": "add_tool", "message": "Adding tool ad-status"}
2023-07-17 22:13:50,022 - root - INFO - {"event": "add_tool", "message": "Tool ad-status added successfully"}
2023-07-17 22:13:50,022 - root - INFO - {"event": "startup", "message": "Adding device data tool"}
2023-07-17 22:13:50,022 - root - INFO - {"event": "add_tool", "message": "Adding tool device-data"}
2023-07-17 22:13:50,022 - root - INFO - {"event": "add_tool", "message": "Tool device-data added successfully"}
2023-07-17 22:13:50,023 - root - INFO - {"event": "startup", "message": "Adding domain data tool"}
2023-07-17 22:13:50,023 - root - INFO - {"event": "add_tool", "message": "Adding tool domain-data"}
2023-07-17 22:13:50,023 - root - INFO - {"event": "add_tool", "message": "Tool domain-data added successfully"}
2023-07-17 22:13:50,023 - root - INFO - {"event": "startup", "message": "Adding password data tool"}
2023-07-17 22:13:50,023 - root - INFO - {"event": "add_tool", "message": "Adding tool password-data"}
2023-07-17 22:13:50,024 - root - INFO - {"event": "add_tool", "message": "Tool password-data added successfully"}
2023-07-17 22:13:50,024 - root - INFO - {"event": "startup", "message": "Adding disk usage tool"}
2023-07-17 22:13:50,024 - root - INFO - {"event": "add_tool", "message": "Adding tool disk-usage"}
2023-07-17 22:13:50,024 - root - INFO - {"event": "add_tool", "message": "Tool disk-usage added successfully"}
2023-07-17 22:13:50,025 - root - INFO - {"event": "startup", "message": "Adding toggle low Wi-Fi notifications tool"}
2023-07-17 22:13:50,025 - root - INFO - {"event": "add_tool", "message": "Adding tool low-wifi-notifs"}
2023-07-17 22:13:50,025 - root - INFO - {"event": "add_tool", "message": "Tool low-wifi-notifs added successfully"}
2023-07-17 22:13:50,025 - root - INFO - {"event": "startup", "message": "Adding get last boottime tool"}
2023-07-17 22:13:50,025 - root - INFO - {"event": "add_tool", "message": "Adding tool last-boottime"}
2023-07-17 22:13:50,025 - root - INFO - {"event": "add_tool", "message": "Tool last-boottime added successfully"}
2023-07-17 22:13:50,737 - root - INFO - {"event": "execute_tool", "message": "Executing tool wifi-details"}
2023-07-17 22:13:55,881 - root - INFO - {"event": "execute_tool", "message": "Executing tool wifi-details"}
2023-07-17 22:14:01,100 - root - INFO - {"event": "execute_tool", "message": "Executing tool wifi-details"}
2023-07-17 22:14:06,577 - root - INFO - {"event": "execute_tool", "message": "Executing tool wifi-details"}
2023-07-17 22:14:11,660 - root - INFO - {"event": "execute_tool", "message": "Executing tool wifi-details"}
2023-07-17 22:14:16,808 - root - INFO - {"event": "execute_tool", "message": "Executing tool wifi-details"}
2023-07-17 22:14:21,919 - root - INFO - {"event": "execute_tool", "message": "Executing tool wifi-details"}
2023-07-17 22:14:27,051 - root - INFO - {"event": "execute_tool", "message": "Executing tool wifi-details"}
2023-07-17 22:14:32,136 - root - INFO - {"event": "execute_tool", "message": "Executing tool wifi-details"}
2023-07-17 22:14:37,239 - root - INFO - {"event": "execute_tool", "message": "Executing tool wifi-details"}
2023-07-17 22:14:42,629 - root - INFO - {"event": "execute_tool", "message": "Executing tool wifi-details"}
2023-07-17 22:14:47,708 - root - INFO - {"event": "execute_tool", "message": "Executing tool wifi-details"}
