2023-07-10 22:12:43,259 - root - INFO - {"event": "startup", "message": "Loading tool states"}
2023-07-10 22:12:43,260 - root - INFO - {"event": "load_states", "message": "Loading states"}
2023-07-10 22:12:43,279 - root - INFO - {"event": "load_states", "message": "States loaded successfully"}
2023-07-10 22:12:43,279 - root - INFO - {"event": "startup", "message": "Adding wifi-details tool"}
2023-07-10 22:12:43,280 - root - INFO - {"event": "add_tool", "message": "Adding tool wifi-details"}
2023-07-10 22:12:43,280 - root - INFO - {"event": "add_tool", "message": "Tool wifi-details added successfully"}
2023-07-10 22:12:43,281 - root - INFO - {"event": "startup", "message": "Adding network adapters tool"}
2023-07-10 22:12:43,281 - root - INFO - {"event": "add_tool", "message": "Adding tool network-adapters"}
2023-07-10 22:12:43,281 - root - INFO - {"event": "add_tool", "message": "Tool network-adapters added successfully"}
2023-07-10 22:12:43,281 - root - INFO - {"event": "startup", "message": "Adding trusted network status tool"}
2023-07-10 22:12:43,282 - root - INFO - {"event": "add_tool", "message": "Adding tool trusted-network-status"}
2023-07-10 22:12:43,282 - root - INFO - {"event": "add_tool", "message": "Tool trusted-network-status added successfully"}
2023-07-10 22:12:43,282 - root - INFO - {"event": "startup", "message": "Adding ad status tool"}
2023-07-10 22:12:43,283 - root - INFO - {"event": "add_tool", "message": "Adding tool ad-status"}
2023-07-10 22:12:43,283 - root - INFO - {"event": "add_tool", "message": "Tool ad-status added successfully"}
2023-07-10 22:12:43,283 - root - INFO - {"event": "startup", "message": "Adding device data tool"}
2023-07-10 22:12:43,283 - root - INFO - {"event": "add_tool", "message": "Adding tool device-data"}
2023-07-10 22:12:43,283 - root - INFO - {"event": "add_tool", "message": "Tool device-data added successfully"}
2023-07-10 22:12:43,284 - root - INFO - {"event": "startup", "message": "Adding domain data tool"}
2023-07-10 22:12:43,284 - root - INFO - {"event": "add_tool", "message": "Adding tool domain-data"}
2023-07-10 22:12:43,284 - root - INFO - {"event": "add_tool", "message": "Tool domain-data added successfully"}
2023-07-10 22:12:43,284 - root - INFO - {"event": "startup", "message": "Adding password data tool"}
2023-07-10 22:12:43,285 - root - INFO - {"event": "add_tool", "message": "Adding tool password-data"}
2023-07-10 22:12:43,285 - root - INFO - {"event": "add_tool", "message": "Tool password-data added successfully"}
2023-07-10 22:12:43,285 - root - INFO - {"event": "startup", "message": "Adding disk usage tool"}
2023-07-10 22:12:43,285 - root - INFO - {"event": "add_tool", "message": "Adding tool disk-usage"}
2023-07-10 22:12:43,285 - root - INFO - {"event": "add_tool", "message": "Tool disk-usage added successfully"}
2023-07-10 22:12:43,286 - root - INFO - {"event": "startup", "message": "Adding toggle low Wi-Fi notifications tool"}
2023-07-10 22:12:43,286 - root - INFO - {"event": "add_tool", "message": "Adding tool low-wifi-notifs"}
2023-07-10 22:12:43,286 - root - INFO - {"event": "add_tool", "message": "Tool low-wifi-notifs added successfully"}
2023-07-10 23:06:23,495 - root - INFO - {"event": "execute_tool", "message": "Executing tool wifi-details"}
2023-07-10 23:06:32,450 - root - INFO - {"event": "execute_tool", "message": "Executing tool wifi-details"}
2023-07-10 23:06:36,523 - root - INFO - {"event": "execute_tool", "message": "Executing tool trusted-network-status"}
2023-07-10 23:06:40,035 - root - INFO - {"event": "execute_tool", "message": "Executing tool ad-status"}
2023-07-10 23:06:40,116 - root - INFO - {"event": "execute_tool", "message": "Executing tool password-data"}
2023-07-10 23:06:47,213 - root - INFO - {"event": "execute_tool", "message": "Executing tool disk-usage"}
2023-07-10 23:12:12,268 - root - INFO - {"event": "execute_tool", "message": "Executing tool wifi-details"}
2023-07-10 23:17:12,742 - root - INFO - {"event": "execute_tool", "message": "Executing tool wifi-details"}
2023-07-10 23:22:13,214 - root - INFO - {"event": "execute_tool", "message": "Executing tool wifi-details"}
2023-07-10 23:27:13,906 - root - INFO - {"event": "execute_tool", "message": "Executing tool wifi-details"}
2023-07-10 23:27:59,954 - root - INFO - {"event": "execute_tool", "message": "Executing tool wifi-details"}
2023-07-10 23:28:04,579 - root - INFO - {"event": "execute_tool", "message": "Executing tool wifi-details"}
2023-07-10 23:28:06,544 - root - INFO - {"event": "execute_tool", "message": "Executing tool trusted-network-status"}
2023-07-10 23:28:08,052 - root - INFO - {"event": "execute_tool", "message": "Executing tool ad-status"}
2023-07-10 23:28:08,120 - root - INFO - {"event": "execute_tool", "message": "Executing tool password-data"}
2023-07-10 23:28:09,526 - root - INFO - {"event": "execute_tool", "message": "Executing tool disk-usage"}
2023-07-10 23:28:50,504 - root - INFO - {"event": "execute_tool", "message": "Executing tool trusted-network-status"}
2023-07-10 23:29:08,078 - root - INFO - {"event": "execute_tool", "message": "Executing tool wifi-details"}
2023-07-10 23:29:39,541 - root - INFO - {"event": "execute_tool", "message": "Executing tool wifi-details"}
2023-07-10 23:30:37,692 - root - INFO - {"event": "execute_tool", "message": "Executing tool network-adapters"}
2023-07-10 23:30:37,796 - root - INFO - {"event": "execute_tool", "message": "Executing tool wifi-details"}
2023-07-10 23:35:45,035 - root - INFO - {"event": "execute_tool", "message": "Executing tool wifi-details"}
2023-07-10 23:40:38,691 - root - INFO - {"event": "execute_tool", "message": "Executing tool wifi-details"}
2023-07-10 23:40:45,079 - root - INFO - {"event": "execute_tool", "message": "Executing tool wifi-details"}
2023-07-10 23:40:54,101 - root - INFO - {"event": "execute_tool", "message": "Executing tool trusted-network-status"}
2023-07-10 23:41:26,851 - root - INFO - {"event": "execute_tool", "message": "Executing tool wifi-details"}
2023-07-10 23:44:52,178 - root - INFO - {"event": "execute_tool", "message": "Executing tool wifi-details"}
2023-07-10 23:44:52,825 - root - INFO - {"event": "execute_tool", "message": "Executing tool ad-status"}
2023-07-10 23:44:52,925 - root - INFO - {"event": "execute_tool", "message": "Executing tool password-data"}
2023-07-10 23:45:45,692 - root - INFO - {"event": "execute_tool", "message": "Executing tool wifi-details"}
2023-07-10 23:45:48,486 - root - INFO - {"event": "execute_tool", "message": "Executing tool disk-usage"}
2023-07-10 23:50:42,040 - root - INFO - {"event": "execute_tool", "message": "Executing tool wifi-details"}
2023-07-10 23:50:46,287 - root - INFO - {"event": "execute_tool", "message": "Executing tool wifi-details"}
2023-07-10 23:50:48,237 - root - INFO - {"event": "execute_tool", "message": "Executing tool trusted-network-status"}
2023-07-10 23:50:59,505 - root - INFO - {"event": "execute_tool", "message": "Executing tool wifi-details"}
2023-07-10 23:51:01,905 - root - INFO - {"event": "execute_tool", "message": "Executing tool wifi-details"}
2023-07-10 23:51:04,082 - root - INFO - {"event": "execute_tool", "message": "Executing tool trusted-network-status"}
2023-07-10 23:51:42,148 - root - INFO - {"event": "execute_tool", "message": "Executing tool wifi-details"}
2023-07-10 23:51:44,912 - root - INFO - {"event": "execute_tool", "message": "Executing tool wifi-details"}
2023-07-10 23:51:47,054 - root - INFO - {"event": "execute_tool", "message": "Executing tool trusted-network-status"}
2023-07-10 23:53:52,556 - root - INFO - {"event": "execute_tool", "message": "Executing tool wifi-details"}
2023-07-10 23:53:55,494 - root - INFO - {"event": "execute_tool", "message": "Executing tool wifi-details"}
2023-07-10 23:56:41,471 - root - INFO - {"event": "execute_tool", "message": "Executing tool wifi-details"}
2023-07-10 23:56:44,719 - root - INFO - {"event": "execute_tool", "message": "Executing tool trusted-network-status"}
2023-07-10 23:56:45,649 - root - INFO - {"event": "execute_tool", "message": "Executing tool ad-status"}
2023-07-10 23:56:45,712 - root - INFO - {"event": "execute_tool", "message": "Executing tool password-data"}
2023-07-10 23:56:47,832 - root - INFO - {"event": "execute_tool", "message": "Executing tool disk-usage"}
