2023-07-11 18:35:36,130 - root - INFO - {"event": "startup", "message": "Loading tool states"}
2023-07-11 18:35:36,130 - root - INFO - {"event": "load_states", "message": "Loading states"}
2023-07-11 18:35:36,137 - root - INFO - {"event": "load_states", "message": "States loaded successfully"}
2023-07-11 18:35:36,137 - root - INFO - {"event": "startup", "message": "Adding wifi-details tool"}
2023-07-11 18:35:36,137 - root - INFO - {"event": "add_tool", "message": "Adding tool wifi-details"}
2023-07-11 18:35:36,137 - root - INFO - {"event": "add_tool", "message": "Tool wifi-details added successfully"}
2023-07-11 18:35:36,137 - root - INFO - {"event": "startup", "message": "Adding network adapters tool"}
2023-07-11 18:35:36,138 - root - INFO - {"event": "add_tool", "message": "Adding tool network-adapters"}
2023-07-11 18:35:36,138 - root - INFO - {"event": "add_tool", "message": "Tool network-adapters added successfully"}
2023-07-11 18:35:36,138 - root - INFO - {"event": "startup", "message": "Adding trusted network status tool"}
2023-07-11 18:35:36,138 - root - INFO - {"event": "add_tool", "message": "Adding tool trusted-network-status"}
2023-07-11 18:35:36,138 - root - INFO - {"event": "add_tool", "message": "Tool trusted-network-status added successfully"}
2023-07-11 18:35:36,138 - root - INFO - {"event": "startup", "message": "Adding ad status tool"}
2023-07-11 18:35:36,138 - root - INFO - {"event": "add_tool", "message": "Adding tool ad-status"}
2023-07-11 18:35:36,138 - root - INFO - {"event": "add_tool", "message": "Tool ad-status added successfully"}
2023-07-11 18:35:36,138 - root - INFO - {"event": "startup", "message": "Adding device data tool"}
2023-07-11 18:35:36,139 - root - INFO - {"event": "add_tool", "message": "Adding tool device-data"}
2023-07-11 18:35:36,139 - root - INFO - {"event": "add_tool", "message": "Tool device-data added successfully"}
2023-07-11 18:35:36,139 - root - INFO - {"event": "startup", "message": "Adding domain data tool"}
2023-07-11 18:35:36,139 - root - INFO - {"event": "add_tool", "message": "Adding tool domain-data"}
2023-07-11 18:35:36,139 - root - INFO - {"event": "add_tool", "message": "Tool domain-data added successfully"}
2023-07-11 18:35:36,139 - root - INFO - {"event": "startup", "message": "Adding password data tool"}
2023-07-11 18:35:36,139 - root - INFO - {"event": "add_tool", "message": "Adding tool password-data"}
2023-07-11 18:35:36,139 - root - INFO - {"event": "add_tool", "message": "Tool password-data added successfully"}
2023-07-11 18:35:36,140 - root - INFO - {"event": "startup", "message": "Adding disk usage tool"}
2023-07-11 18:35:36,140 - root - INFO - {"event": "add_tool", "message": "Adding tool disk-usage"}
2023-07-11 18:35:36,140 - root - INFO - {"event": "add_tool", "message": "Tool disk-usage added successfully"}
2023-07-11 18:35:36,140 - root - INFO - {"event": "startup", "message": "Adding toggle low Wi-Fi notifications tool"}
2023-07-11 18:35:36,140 - root - INFO - {"event": "add_tool", "message": "Adding tool low-wifi-notifs"}
2023-07-11 18:35:36,140 - root - INFO - {"event": "add_tool", "message": "Tool low-wifi-notifs added successfully"}
2023-07-11 18:35:45,418 - root - INFO - {"event": "get_tools", "message": "Returned 1 tools"}
2023-07-11 18:35:54,881 - root - INFO - {"event": "get_tools", "message": "Returned 1 tools"}
2023-07-11 18:35:59,066 - root - INFO - {"event": "execute_tool", "message": "Executing tool wifi-details"}
2023-07-11 18:41:00,004 - root - INFO - {"event": "execute_tool", "message": "Executing tool wifi-details"}
2023-07-11 18:46:00,995 - root - INFO - {"event": "execute_tool", "message": "Executing tool wifi-details"}
2023-07-11 18:51:02,002 - root - INFO - {"event": "execute_tool", "message": "Executing tool wifi-details"}
2023-07-11 18:56:02,995 - root - INFO - {"event": "execute_tool", "message": "Executing tool wifi-details"}
2023-07-11 19:01:03,989 - root - INFO - {"event": "execute_tool", "message": "Executing tool wifi-details"}
2023-07-11 19:06:04,995 - root - INFO - {"event": "execute_tool", "message": "Executing tool wifi-details"}
2023-07-11 19:11:05,985 - root - INFO - {"event": "execute_tool", "message": "Executing tool wifi-details"}
2023-07-11 19:16:07,004 - root - INFO - {"event": "execute_tool", "message": "Executing tool wifi-details"}
2023-07-11 19:21:07,992 - root - INFO - {"event": "execute_tool", "message": "Executing tool wifi-details"}
2023-07-11 19:26:08,989 - root - INFO - {"event": "execute_tool", "message": "Executing tool wifi-details"}
2023-07-11 19:31:10,002 - root - INFO - {"event": "execute_tool", "message": "Executing tool wifi-details"}
2023-07-11 19:36:10,999 - root - INFO - {"event": "execute_tool", "message": "Executing tool wifi-details"}
2023-07-11 19:37:03,348 - root - INFO - {"event": "execute_tool", "message": "Executing tool wifi-details"}
2023-07-11 19:37:22,507 - root - INFO - {"event": "execute_tool", "message": "Executing tool wifi-details"}
2023-07-11 19:37:30,454 - root - INFO - {"event": "execute_tool", "message": "Executing tool wifi-details"}
2023-07-11 19:37:59,280 - root - INFO - {"event": "execute_tool", "message": "Executing tool wifi-details"}
