2023-07-14 23:19:41,502 - root - INFO - {"event": "startup", "message": "Loading tool states"}
2023-07-14 23:19:41,502 - root - INFO - {"event": "load_states", "message": "Loading states"}
2023-07-14 23:19:41,504 - root - INFO - {"event": "load_states", "message": "States loaded successfully"}
2023-07-14 23:19:41,504 - root - INFO - {"event": "startup", "message": "Adding wifi-details tool"}
2023-07-14 23:19:41,505 - root - INFO - {"event": "add_tool", "message": "Adding tool wifi-details"}
2023-07-14 23:19:41,505 - root - INFO - {"event": "add_tool", "message": "Tool wifi-details added successfully"}
2023-07-14 23:19:41,505 - root - INFO - {"event": "startup", "message": "Adding network adapters tool"}
2023-07-14 23:19:41,505 - root - INFO - {"event": "add_tool", "message": "Adding tool network-adapters"}
2023-07-14 23:19:41,505 - root - INFO - {"event": "add_tool", "message": "Tool network-adapters added successfully"}
2023-07-14 23:19:41,505 - root - INFO - {"event": "startup", "message": "Adding trusted network status tool"}
2023-07-14 23:19:41,505 - root - INFO - {"event": "add_tool", "message": "Adding tool trusted-network-status"}
2023-07-14 23:19:41,505 - root - INFO - {"event": "add_tool", "message": "Tool trusted-network-status added successfully"}
2023-07-14 23:19:41,505 - root - INFO - {"event": "startup", "message": "Adding ad status tool"}
2023-07-14 23:19:41,506 - root - INFO - {"event": "add_tool", "message": "Adding tool ad-status"}
2023-07-14 23:19:41,506 - root - INFO - {"event": "add_tool", "message": "Tool ad-status added successfully"}
2023-07-14 23:19:41,506 - root - INFO - {"event": "startup", "message": "Adding device data tool"}
2023-07-14 23:19:41,506 - root - INFO - {"event": "add_tool", "message": "Adding tool device-data"}
2023-07-14 23:19:41,506 - root - INFO - {"event": "add_tool", "message": "Tool device-data added successfully"}
2023-07-14 23:19:41,506 - root - INFO - {"event": "startup", "message": "Adding domain data tool"}
2023-07-14 23:19:41,506 - root - INFO - {"event": "add_tool", "message": "Adding tool domain-data"}
2023-07-14 23:19:41,506 - root - INFO - {"event": "add_tool", "message": "Tool domain-data added successfully"}
2023-07-14 23:19:41,506 - root - INFO - {"event": "startup", "message": "Adding password data tool"}
2023-07-14 23:19:41,506 - root - INFO - {"event": "add_tool", "message": "Adding tool password-data"}
2023-07-14 23:19:41,506 - root - INFO - {"event": "add_tool", "message": "Tool password-data added successfully"}
2023-07-14 23:19:41,506 - root - INFO - {"event": "startup", "message": "Adding disk usage tool"}
2023-07-14 23:19:41,506 - root - INFO - {"event": "add_tool", "message": "Adding tool disk-usage"}
2023-07-14 23:19:41,506 - root - INFO - {"event": "add_tool", "message": "Tool disk-usage added successfully"}
2023-07-14 23:19:41,507 - root - INFO - {"event": "startup", "message": "Adding toggle low Wi-Fi notifications tool"}
2023-07-14 23:19:41,507 - root - INFO - {"event": "add_tool", "message": "Adding tool low-wifi-notifs"}
2023-07-14 23:19:41,507 - root - INFO - {"event": "add_tool", "message": "Tool low-wifi-notifs added successfully"}
2023-07-14 23:19:44,422 - root - INFO - {"event": "execute_tool", "message": "Executing tool wifi-details"}
2023-07-14 23:19:44,529 - root - ERROR - {"event": "error", "message": "Error executing tool wifi-details", "error": "name '_assess_signal_quality' is not defined"}
2023-07-14 23:19:50,073 - root - INFO - {"event": "execute_tool", "message": "Executing tool wifi-details"}
2023-07-14 23:19:50,176 - root - ERROR - {"event": "error", "message": "Error executing tool wifi-details", "error": "name '_assess_signal_quality' is not defined"}
2023-07-14 23:19:50,179 - root - INFO - {"event": "execute_tool", "message": "Executing tool trusted-network-status"}
2023-07-14 23:19:50,455 - root - INFO - {"event": "execute_tool", "message": "Executing tool wifi-details"}
2023-07-14 23:19:50,550 - root - ERROR - {"event": "error", "message": "Error executing tool wifi-details", "error": "name '_assess_signal_quality' is not defined"}
2023-07-14 23:19:51,553 - root - INFO - {"event": "execute_tool", "message": "Executing tool wifi-details"}
2023-07-14 23:19:51,622 - root - ERROR - {"event": "error", "message": "Error executing tool wifi-details", "error": "name '_assess_signal_quality' is not defined"}
2023-07-14 23:19:53,629 - root - INFO - {"event": "execute_tool", "message": "Executing tool wifi-details"}
2023-07-14 23:19:53,711 - root - ERROR - {"event": "error", "message": "Error executing tool wifi-details", "error": "name '_assess_signal_quality' is not defined"}
2023-07-14 23:19:57,719 - root - INFO - {"event": "execute_tool", "message": "Executing tool wifi-details"}
2023-07-14 23:19:57,806 - root - ERROR - {"event": "error", "message": "Error executing tool wifi-details", "error": "name '_assess_signal_quality' is not defined"}
2023-07-14 23:21:16,618 - root - INFO - {"event": "execute_tool", "message": "Executing tool wifi-details"}
2023-07-14 23:21:16,717 - root - ERROR - {"event": "error", "message": "Error executing tool wifi-details", "error": "name '_assess_signal_quality' is not defined"}
2023-07-14 23:21:17,733 - root - INFO - {"event": "execute_tool", "message": "Executing tool wifi-details"}
2023-07-14 23:21:17,822 - root - ERROR - {"event": "error", "message": "Error executing tool wifi-details", "error": "name '_assess_signal_quality' is not defined"}
2023-07-14 23:21:19,836 - root - INFO - {"event": "execute_tool", "message": "Executing tool wifi-details"}
2023-07-14 23:21:19,922 - root - ERROR - {"event": "error", "message": "Error executing tool wifi-details", "error": "name '_assess_signal_quality' is not defined"}
2023-07-14 23:21:23,932 - root - INFO - {"event": "execute_tool", "message": "Executing tool wifi-details"}
2023-07-14 23:21:24,000 - root - ERROR - {"event": "error", "message": "Error executing tool wifi-details", "error": "name '_assess_signal_quality' is not defined"}
2023-07-14 23:25:12,811 - root - INFO - {"event": "execute_tool", "message": "Executing tool wifi-details"}
2023-07-14 23:25:12,909 - root - ERROR - {"event": "error", "message": "Error executing tool wifi-details", "error": "name '_assess_signal_quality' is not defined"}
2023-07-14 23:25:13,919 - root - INFO - {"event": "execute_tool", "message": "Executing tool wifi-details"}
2023-07-14 23:25:14,014 - root - ERROR - {"event": "error", "message": "Error executing tool wifi-details", "error": "name '_assess_signal_quality' is not defined"}
2023-07-14 23:25:16,020 - root - INFO - {"event": "execute_tool", "message": "Executing tool wifi-details"}
2023-07-14 23:25:16,104 - root - ERROR - {"event": "error", "message": "Error executing tool wifi-details", "error": "name '_assess_signal_quality' is not defined"}
2023-07-14 23:25:20,112 - root - INFO - {"event": "execute_tool", "message": "Executing tool wifi-details"}
2023-07-14 23:25:20,223 - root - ERROR - {"event": "error", "message": "Error executing tool wifi-details", "error": "name '_assess_signal_quality' is not defined"}
2023-07-14 23:27:47,227 - root - INFO - {"event": "execute_tool", "message": "Executing tool wifi-details"}
2023-07-14 23:27:47,327 - root - ERROR - {"event": "error", "message": "Error executing tool wifi-details", "error": "name '_assess_signal_quality' is not defined"}
2023-07-14 23:27:48,335 - root - INFO - {"event": "execute_tool", "message": "Executing tool wifi-details"}
2023-07-14 23:27:48,420 - root - ERROR - {"event": "error", "message": "Error executing tool wifi-details", "error": "name '_assess_signal_quality' is not defined"}
2023-07-14 23:27:50,427 - root - INFO - {"event": "execute_tool", "message": "Executing tool wifi-details"}
2023-07-14 23:27:50,501 - root - ERROR - {"event": "error", "message": "Error executing tool wifi-details", "error": "name '_assess_signal_quality' is not defined"}
2023-07-14 23:27:54,511 - root - INFO - {"event": "execute_tool", "message": "Executing tool wifi-details"}
2023-07-14 23:27:54,678 - root - ERROR - {"event": "error", "message": "Error executing tool wifi-details", "error": "name '_assess_signal_quality' is not defined"}
