2023-07-18 01:27:07,798 - root - INFO - {"event": "startup", "message": "Loading tool states"}
2023-07-18 01:27:07,798 - root - INFO - {"event": "load_states", "message": "Loading states"}
2023-07-18 01:27:07,801 - root - INFO - {"event": "load_states", "message": "States loaded successfully"}
2023-07-18 01:27:07,802 - root - INFO - {"event": "startup", "message": "Adding wifi-details tool"}
2023-07-18 01:27:07,802 - root - INFO - {"event": "add_tool", "message": "Adding tool wifi-details"}
2023-07-18 01:27:07,802 - root - INFO - {"event": "add_tool", "message": "Tool wifi-details added successfully"}
2023-07-18 01:27:07,803 - root - INFO - {"event": "startup", "message": "Adding network adapters tool"}
2023-07-18 01:27:07,803 - root - INFO - {"event": "add_tool", "message": "Adding tool network-adapters"}
2023-07-18 01:27:07,803 - root - INFO - {"event": "add_tool", "message": "Tool network-adapters added successfully"}
2023-07-18 01:27:07,803 - root - INFO - {"event": "startup", "message": "Adding trusted network status tool"}
2023-07-18 01:27:07,803 - root - INFO - {"event": "add_tool", "message": "Adding tool trusted-network-status"}
2023-07-18 01:27:07,803 - root - INFO - {"event": "add_tool", "message": "Tool trusted-network-status added successfully"}
2023-07-18 01:27:07,803 - root - INFO - {"event": "startup", "message": "Adding ad status tool"}
2023-07-18 01:27:07,804 - root - INFO - {"event": "add_tool", "message": "Adding tool ad-status"}
2023-07-18 01:27:07,804 - root - INFO - {"event": "add_tool", "message": "Tool ad-status added successfully"}
2023-07-18 01:27:07,804 - root - INFO - {"event": "startup", "message": "Adding device data tool"}
2023-07-18 01:27:07,804 - root - INFO - {"event": "add_tool", "message": "Adding tool device-data"}
2023-07-18 01:27:07,804 - root - INFO - {"event": "add_tool", "message": "Tool device-data added successfully"}
2023-07-18 01:27:07,804 - root - INFO - {"event": "startup", "message": "Adding domain data tool"}
2023-07-18 01:27:07,804 - root - INFO - {"event": "add_tool", "message": "Adding tool domain-data"}
2023-07-18 01:27:07,804 - root - INFO - {"event": "add_tool", "message": "Tool domain-data added successfully"}
2023-07-18 01:27:07,805 - root - INFO - {"event": "startup", "message": "Adding password data tool"}
2023-07-18 01:27:07,805 - root - INFO - {"event": "add_tool", "message": "Adding tool password-data"}
2023-07-18 01:27:07,805 - root - INFO - {"event": "add_tool", "message": "Tool password-data added successfully"}
2023-07-18 01:27:07,805 - root - INFO - {"event": "startup", "message": "Adding disk usage tool"}
2023-07-18 01:27:07,805 - root - INFO - {"event": "add_tool", "message": "Adding tool disk-usage"}
2023-07-18 01:27:07,805 - root - INFO - {"event": "add_tool", "message": "Tool disk-usage added successfully"}
2023-07-18 01:27:07,805 - root - INFO - {"event": "startup", "message": "Adding toggle low Wi-Fi notifications tool"}
2023-07-18 01:27:07,805 - root - INFO - {"event": "add_tool", "message": "Adding tool low-wifi-notifs"}
2023-07-18 01:27:07,806 - root - INFO - {"event": "add_tool", "message": "Tool low-wifi-notifs added successfully"}
2023-07-18 01:27:07,806 - root - INFO - {"event": "startup", "message": "Adding get last boottime tool"}
2023-07-18 01:27:07,806 - root - INFO - {"event": "add_tool", "message": "Adding tool last-boottime"}
2023-07-18 01:27:07,806 - root - INFO - {"event": "add_tool", "message": "Tool last-boottime added successfully"}
2023-07-18 01:27:08,124 - root - INFO - {"event": "execute_tool", "message": "Executing tool trusted-network-status"}
2023-07-18 01:27:11,202 - root - INFO - {"event": "execute_tool", "message": "Executing tool wifi-details"}
2023-07-18 01:27:14,002 - root - INFO - {"event": "execute_tool", "message": "Executing tool trusted-network-status"}
2023-07-18 01:27:16,351 - root - INFO - {"event": "execute_tool", "message": "Executing tool wifi-details"}
2023-07-18 01:27:19,276 - root - INFO - {"event": "execute_tool", "message": "Executing tool trusted-network-status"}
2023-07-18 01:27:21,446 - root - INFO - {"event": "execute_tool", "message": "Executing tool wifi-details"}
2023-07-18 01:27:26,858 - root - INFO - {"event": "execute_tool", "message": "Executing tool wifi-details"}
2023-07-18 01:27:31,964 - root - INFO - {"event": "execute_tool", "message": "Executing tool wifi-details"}
2023-07-18 01:27:37,061 - root - INFO - {"event": "execute_tool", "message": "Executing tool wifi-details"}
2023-07-18 01:27:42,483 - root - INFO - {"event": "execute_tool", "message": "Executing tool wifi-details"}
2023-07-18 01:27:47,567 - root - INFO - {"event": "execute_tool", "message": "Executing tool wifi-details"}
2023-07-18 01:27:52,970 - root - INFO - {"event": "execute_tool", "message": "Executing tool wifi-details"}
2023-07-18 01:27:58,097 - root - INFO - {"event": "execute_tool", "message": "Executing tool wifi-details"}
2023-07-18 01:28:03,503 - root - INFO - {"event": "execute_tool", "message": "Executing tool wifi-details"}
2023-07-18 01:28:08,588 - root - INFO - {"event": "execute_tool", "message": "Executing tool wifi-details"}
2023-07-18 01:28:14,088 - root - INFO - {"event": "execute_tool", "message": "Executing tool wifi-details"}
2023-07-18 01:28:19,253 - root - INFO - {"event": "execute_tool", "message": "Executing tool wifi-details"}
2023-07-18 01:28:24,681 - root - INFO - {"event": "execute_tool", "message": "Executing tool wifi-details"}
2023-07-18 01:28:29,766 - root - INFO - {"event": "execute_tool", "message": "Executing tool wifi-details"}
2023-07-18 01:28:34,853 - root - INFO - {"event": "execute_tool", "message": "Executing tool wifi-details"}
2023-07-18 01:28:40,346 - root - INFO - {"event": "execute_tool", "message": "Executing tool wifi-details"}
2023-07-18 01:28:45,482 - root - INFO - {"event": "execute_tool", "message": "Executing tool wifi-details"}
2023-07-18 01:28:50,892 - root - INFO - {"event": "execute_tool", "message": "Executing tool wifi-details"}
2023-07-18 01:28:55,998 - root - INFO - {"event": "execute_tool", "message": "Executing tool wifi-details"}
2023-07-18 01:29:01,213 - root - INFO - {"event": "execute_tool", "message": "Executing tool wifi-details"}
2023-07-18 01:29:05,391 - root - INFO - {"event": "execute_tool", "message": "Executing tool trusted-network-status"}
2023-07-18 01:29:06,337 - root - INFO - {"event": "execute_tool", "message": "Executing tool wifi-details"}
2023-07-18 01:29:08,311 - root - INFO - {"event": "execute_tool", "message": "Executing tool wifi-details"}
2023-07-18 01:29:08,455 - root - INFO - {"event": "execute_tool", "message": "Executing tool trusted-network-status"}
2023-07-18 01:29:08,459 - root - INFO - {"event": "execute_tool", "message": "Executing tool ad-status"}
2023-07-18 01:29:08,566 - root - INFO - {"event": "execute_tool", "message": "Executing tool password-data"}
2023-07-18 01:29:08,570 - root - INFO - {"event": "execute_tool", "message": "Executing tool disk-usage"}
2023-07-18 01:29:08,573 - root - INFO - {"event": "execute_tool", "message": "Executing tool last-boottime"}
2023-07-18 01:29:13,474 - root - INFO - {"event": "execute_tool", "message": "Executing tool wifi-details"}
2023-07-18 01:29:18,585 - root - INFO - {"event": "execute_tool", "message": "Executing tool wifi-details"}
2023-07-18 01:29:19,218 - root - INFO - {"event": "execute_tool", "message": "Executing tool trusted-network-status"}
2023-07-18 01:29:21,360 - root - INFO - {"event": "execute_tool", "message": "Executing tool wifi-details"}
2023-07-18 01:29:21,503 - root - INFO - {"event": "execute_tool", "message": "Executing tool password-data"}
2023-07-18 01:29:21,505 - root - INFO - {"event": "execute_tool", "message": "Executing tool disk-usage"}
2023-07-18 01:29:21,507 - root - INFO - {"event": "execute_tool", "message": "Executing tool ad-status"}
2023-07-18 01:29:21,608 - root - INFO - {"event": "execute_tool", "message": "Executing tool trusted-network-status"}
2023-07-18 01:29:21,610 - root - INFO - {"event": "execute_tool", "message": "Executing tool last-boottime"}
2023-07-18 01:29:28,096 - root - INFO - {"event": "execute_tool", "message": "Executing tool wifi-details"}
2023-07-18 01:29:28,180 - root - INFO - {"event": "execute_tool", "message": "Executing tool trusted-network-status"}
2023-07-18 01:29:33,194 - root - INFO - {"event": "execute_tool", "message": "Executing tool wifi-details"}
2023-07-18 01:29:34,059 - root - INFO - {"event": "execute_tool", "message": "Executing tool trusted-network-status"}
2023-07-18 01:29:38,278 - root - INFO - {"event": "execute_tool", "message": "Executing tool wifi-details"}
2023-07-18 01:29:41,063 - root - INFO - {"event": "execute_tool", "message": "Executing tool trusted-network-status"}
2023-07-18 01:29:43,383 - root - INFO - {"event": "execute_tool", "message": "Executing tool wifi-details"}
2023-07-18 01:29:48,495 - root - INFO - {"event": "execute_tool", "message": "Executing tool wifi-details"}
2023-07-18 01:29:53,943 - root - INFO - {"event": "execute_tool", "message": "Executing tool wifi-details"}
2023-07-18 01:29:59,074 - root - INFO - {"event": "execute_tool", "message": "Executing tool wifi-details"}
2023-07-18 01:30:04,522 - root - INFO - {"event": "execute_tool", "message": "Executing tool wifi-details"}
2023-07-18 01:30:09,682 - root - INFO - {"event": "execute_tool", "message": "Executing tool wifi-details"}
2023-07-18 01:30:15,155 - root - INFO - {"event": "execute_tool", "message": "Executing tool wifi-details"}
2023-07-18 01:30:20,287 - root - INFO - {"event": "execute_tool", "message": "Executing tool wifi-details"}
2023-07-18 01:30:25,757 - root - INFO - {"event": "execute_tool", "message": "Executing tool wifi-details"}
2023-07-18 01:30:30,852 - root - INFO - {"event": "execute_tool", "message": "Executing tool wifi-details"}
2023-07-18 01:30:35,951 - root - INFO - {"event": "execute_tool", "message": "Executing tool wifi-details"}
2023-07-18 01:30:41,055 - root - INFO - {"event": "execute_tool", "message": "Executing tool wifi-details"}
2023-07-18 01:30:46,500 - root - INFO - {"event": "execute_tool", "message": "Executing tool wifi-details"}
2023-07-18 01:30:51,706 - root - INFO - {"event": "execute_tool", "message": "Executing tool wifi-details"}
2023-07-18 01:30:57,119 - root - INFO - {"event": "execute_tool", "message": "Executing tool wifi-details"}
2023-07-18 01:31:02,213 - root - INFO - {"event": "execute_tool", "message": "Executing tool wifi-details"}
2023-07-18 01:31:07,603 - root - INFO - {"event": "execute_tool", "message": "Executing tool wifi-details"}
2023-07-18 01:31:12,686 - root - INFO - {"event": "execute_tool", "message": "Executing tool wifi-details"}
2023-07-18 01:31:18,091 - root - INFO - {"event": "execute_tool", "message": "Executing tool wifi-details"}
2023-07-18 01:31:21,097 - root - INFO - {"event": "execute_tool", "message": "Executing tool trusted-network-status"}
2023-07-18 01:31:23,794 - root - INFO - {"event": "execute_tool", "message": "Executing tool wifi-details"}
2023-07-18 01:31:23,919 - root - INFO - {"event": "execute_tool", "message": "Executing tool trusted-network-status"}
2023-07-18 01:31:23,924 - root - INFO - {"event": "execute_tool", "message": "Executing tool ad-status"}
2023-07-18 01:31:24,055 - root - INFO - {"event": "execute_tool", "message": "Executing tool password-data"}
2023-07-18 01:31:24,057 - root - INFO - {"event": "execute_tool", "message": "Executing tool disk-usage"}
2023-07-18 01:31:24,060 - root - INFO - {"event": "execute_tool", "message": "Executing tool last-boottime"}
2023-07-18 01:31:28,955 - root - INFO - {"event": "execute_tool", "message": "Executing tool wifi-details"}
2023-07-18 01:31:29,278 - root - INFO - {"event": "execute_tool", "message": "Executing tool trusted-network-status"}
2023-07-18 01:31:34,036 - root - INFO - {"event": "execute_tool", "message": "Executing tool wifi-details"}
2023-07-18 01:31:39,126 - root - INFO - {"event": "execute_tool", "message": "Executing tool wifi-details"}
2023-07-18 01:31:44,199 - root - INFO - {"event": "execute_tool", "message": "Executing tool wifi-details"}
2023-07-18 01:31:49,296 - root - INFO - {"event": "execute_tool", "message": "Executing tool wifi-details"}
2023-07-18 01:31:53,367 - root - INFO - {"event": "execute_tool", "message": "Executing tool trusted-network-status"}
2023-07-18 01:31:54,366 - root - INFO - {"event": "execute_tool", "message": "Executing tool wifi-details"}
2023-07-18 01:31:59,438 - root - INFO - {"event": "execute_tool", "message": "Executing tool wifi-details"}
2023-07-18 01:32:00,401 - root - INFO - {"event": "execute_tool", "message": "Executing tool trusted-network-status"}
2023-07-18 01:32:04,523 - root - INFO - {"event": "execute_tool", "message": "Executing tool wifi-details"}
2023-07-18 01:32:09,620 - root - INFO - {"event": "execute_tool", "message": "Executing tool wifi-details"}
2023-07-18 01:32:15,014 - root - INFO - {"event": "execute_tool", "message": "Executing tool wifi-details"}
2023-07-18 01:32:20,105 - root - INFO - {"event": "execute_tool", "message": "Executing tool wifi-details"}
2023-07-18 01:32:25,511 - root - INFO - {"event": "execute_tool", "message": "Executing tool wifi-details"}
2023-07-18 01:32:30,622 - root - INFO - {"event": "execute_tool", "message": "Executing tool wifi-details"}
2023-07-18 01:32:36,111 - root - INFO - {"event": "execute_tool", "message": "Executing tool wifi-details"}
2023-07-18 01:32:41,216 - root - INFO - {"event": "execute_tool", "message": "Executing tool wifi-details"}
2023-07-18 01:32:46,618 - root - INFO - {"event": "execute_tool", "message": "Executing tool wifi-details"}
2023-07-18 01:32:51,721 - root - INFO - {"event": "execute_tool", "message": "Executing tool wifi-details"}
2023-07-18 01:32:57,185 - root - INFO - {"event": "execute_tool", "message": "Executing tool wifi-details"}
2023-07-18 01:33:02,369 - root - INFO - {"event": "execute_tool", "message": "Executing tool wifi-details"}
2023-07-18 01:33:07,794 - root - INFO - {"event": "execute_tool", "message": "Executing tool wifi-details"}
2023-07-18 01:33:12,887 - root - INFO - {"event": "execute_tool", "message": "Executing tool wifi-details"}
2023-07-18 01:33:18,333 - root - INFO - {"event": "execute_tool", "message": "Executing tool wifi-details"}
2023-07-18 01:33:23,482 - root - INFO - {"event": "execute_tool", "message": "Executing tool wifi-details"}
2023-07-18 01:33:28,893 - root - INFO - {"event": "execute_tool", "message": "Executing tool wifi-details"}
2023-07-18 01:33:33,996 - root - INFO - {"event": "execute_tool", "message": "Executing tool wifi-details"}
2023-07-18 01:33:39,378 - root - INFO - {"event": "execute_tool", "message": "Executing tool wifi-details"}
2023-07-18 01:33:44,493 - root - INFO - {"event": "execute_tool", "message": "Executing tool wifi-details"}
2023-07-18 01:33:49,906 - root - INFO - {"event": "execute_tool", "message": "Executing tool wifi-details"}
2023-07-18 01:33:55,034 - root - INFO - {"event": "execute_tool", "message": "Executing tool wifi-details"}
2023-07-18 01:34:00,461 - root - INFO - {"event": "execute_tool", "message": "Executing tool wifi-details"}
2023-07-18 01:34:05,653 - root - INFO - {"event": "execute_tool", "message": "Executing tool wifi-details"}
2023-07-18 01:34:11,047 - root - INFO - {"event": "execute_tool", "message": "Executing tool wifi-details"}
2023-07-18 01:34:16,144 - root - INFO - {"event": "execute_tool", "message": "Executing tool wifi-details"}
2023-07-18 01:34:21,598 - root - INFO - {"event": "execute_tool", "message": "Executing tool wifi-details"}
2023-07-18 01:34:26,760 - root - INFO - {"event": "execute_tool", "message": "Executing tool wifi-details"}
2023-07-18 01:34:32,176 - root - INFO - {"event": "execute_tool", "message": "Executing tool wifi-details"}
2023-07-18 01:34:37,267 - root - INFO - {"event": "execute_tool", "message": "Executing tool wifi-details"}
2023-07-18 01:34:42,730 - root - INFO - {"event": "execute_tool", "message": "Executing tool wifi-details"}
2023-07-18 01:34:47,844 - root - INFO - {"event": "execute_tool", "message": "Executing tool wifi-details"}
2023-07-18 01:34:53,265 - root - INFO - {"event": "execute_tool", "message": "Executing tool wifi-details"}
2023-07-18 01:34:58,399 - root - INFO - {"event": "execute_tool", "message": "Executing tool wifi-details"}
2023-07-18 01:35:03,795 - root - INFO - {"event": "execute_tool", "message": "Executing tool wifi-details"}
2023-07-18 01:35:08,948 - root - INFO - {"event": "execute_tool", "message": "Executing tool wifi-details"}
2023-07-18 01:35:14,436 - root - INFO - {"event": "execute_tool", "message": "Executing tool wifi-details"}
2023-07-18 01:35:19,543 - root - INFO - {"event": "execute_tool", "message": "Executing tool wifi-details"}
2023-07-18 01:35:24,948 - root - INFO - {"event": "execute_tool", "message": "Executing tool wifi-details"}
2023-07-18 01:35:30,390 - root - INFO - {"event": "execute_tool", "message": "Executing tool wifi-details"}
2023-07-18 01:35:35,805 - root - INFO - {"event": "execute_tool", "message": "Executing tool wifi-details"}
2023-07-18 01:35:40,916 - root - INFO - {"event": "execute_tool", "message": "Executing tool wifi-details"}
2023-07-18 01:35:46,008 - root - INFO - {"event": "execute_tool", "message": "Executing tool wifi-details"}
2023-07-18 01:35:51,430 - root - INFO - {"event": "execute_tool", "message": "Executing tool wifi-details"}
2023-07-18 01:35:56,532 - root - INFO - {"event": "execute_tool", "message": "Executing tool wifi-details"}
2023-07-18 01:36:01,972 - root - INFO - {"event": "execute_tool", "message": "Executing tool wifi-details"}
2023-07-18 01:36:07,155 - root - INFO - {"event": "execute_tool", "message": "Executing tool wifi-details"}
2023-07-18 01:36:12,579 - root - INFO - {"event": "execute_tool", "message": "Executing tool wifi-details"}
2023-07-18 01:36:17,688 - root - INFO - {"event": "execute_tool", "message": "Executing tool wifi-details"}
2023-07-18 01:36:23,112 - root - INFO - {"event": "execute_tool", "message": "Executing tool wifi-details"}
2023-07-18 01:36:28,226 - root - INFO - {"event": "execute_tool", "message": "Executing tool wifi-details"}
2023-07-18 01:36:33,635 - root - INFO - {"event": "execute_tool", "message": "Executing tool wifi-details"}
2023-07-18 01:36:38,745 - root - INFO - {"event": "execute_tool", "message": "Executing tool wifi-details"}
2023-07-18 01:36:44,159 - root - INFO - {"event": "execute_tool", "message": "Executing tool wifi-details"}
2023-07-18 01:36:49,287 - root - INFO - {"event": "execute_tool", "message": "Executing tool wifi-details"}
2023-07-18 01:36:54,705 - root - INFO - {"event": "execute_tool", "message": "Executing tool wifi-details"}
2023-07-18 01:36:59,782 - root - INFO - {"event": "execute_tool", "message": "Executing tool wifi-details"}
2023-07-18 01:37:00,411 - root - INFO - {"event": "execute_tool", "message": "Executing tool trusted-network-status"}
2023-07-18 01:37:04,912 - root - INFO - {"event": "execute_tool", "message": "Executing tool wifi-details"}
2023-07-18 01:37:10,367 - root - INFO - {"event": "execute_tool", "message": "Executing tool wifi-details"}
2023-07-18 01:37:15,479 - root - INFO - {"event": "execute_tool", "message": "Executing tool wifi-details"}
2023-07-18 01:37:20,596 - root - INFO - {"event": "execute_tool", "message": "Executing tool wifi-details"}
2023-07-18 01:37:25,671 - root - INFO - {"event": "execute_tool", "message": "Executing tool wifi-details"}
2023-07-18 01:37:30,794 - root - INFO - {"event": "execute_tool", "message": "Executing tool wifi-details"}
2023-07-18 01:37:36,218 - root - INFO - {"event": "execute_tool", "message": "Executing tool wifi-details"}
2023-07-18 01:37:41,371 - root - INFO - {"event": "execute_tool", "message": "Executing tool wifi-details"}
2023-07-18 01:37:46,788 - root - INFO - {"event": "execute_tool", "message": "Executing tool wifi-details"}
2023-07-18 01:37:51,931 - root - INFO - {"event": "execute_tool", "message": "Executing tool wifi-details"}
2023-07-18 01:37:56,942 - root - INFO - {"event": "execute_tool", "message": "Executing tool trusted-network-status"}
2023-07-18 01:37:57,053 - root - INFO - {"event": "execute_tool", "message": "Executing tool wifi-details"}
2023-07-18 01:37:59,400 - root - INFO - {"event": "execute_tool", "message": "Executing tool wifi-details"}
2023-07-18 01:37:59,514 - root - INFO - {"event": "execute_tool", "message": "Executing tool trusted-network-status"}
2023-07-18 01:37:59,518 - root - INFO - {"event": "execute_tool", "message": "Executing tool ad-status"}
2023-07-18 01:37:59,610 - root - INFO - {"event": "execute_tool", "message": "Executing tool password-data"}
2023-07-18 01:37:59,613 - root - INFO - {"event": "execute_tool", "message": "Executing tool disk-usage"}
2023-07-18 01:37:59,616 - root - INFO - {"event": "execute_tool", "message": "Executing tool last-boottime"}
2023-07-18 01:38:04,533 - root - INFO - {"event": "execute_tool", "message": "Executing tool wifi-details"}
2023-07-18 01:38:09,618 - root - INFO - {"event": "execute_tool", "message": "Executing tool wifi-details"}
2023-07-18 01:38:14,747 - root - INFO - {"event": "execute_tool", "message": "Executing tool wifi-details"}
2023-07-18 01:38:19,851 - root - INFO - {"event": "execute_tool", "message": "Executing tool wifi-details"}
2023-07-18 01:38:24,960 - root - INFO - {"event": "execute_tool", "message": "Executing tool wifi-details"}
2023-07-18 01:38:30,069 - root - INFO - {"event": "execute_tool", "message": "Executing tool wifi-details"}
2023-07-18 01:38:35,496 - root - INFO - {"event": "execute_tool", "message": "Executing tool wifi-details"}
2023-07-18 01:38:40,627 - root - INFO - {"event": "execute_tool", "message": "Executing tool wifi-details"}
2023-07-18 01:38:46,028 - root - INFO - {"event": "execute_tool", "message": "Executing tool wifi-details"}
2023-07-18 01:38:51,133 - root - INFO - {"event": "execute_tool", "message": "Executing tool wifi-details"}
2023-07-18 01:38:56,231 - root - INFO - {"event": "execute_tool", "message": "Executing tool trusted-network-status"}
2023-07-18 01:38:56,246 - root - INFO - {"event": "execute_tool", "message": "Executing tool wifi-details"}
2023-07-18 01:38:58,345 - root - INFO - {"event": "execute_tool", "message": "Executing tool wifi-details"}
2023-07-18 01:38:58,482 - root - INFO - {"event": "execute_tool", "message": "Executing tool trusted-network-status"}
2023-07-18 01:38:58,490 - root - INFO - {"event": "execute_tool", "message": "Executing tool ad-status"}
2023-07-18 01:38:58,603 - root - INFO - {"event": "execute_tool", "message": "Executing tool password-data"}
2023-07-18 01:38:58,605 - root - INFO - {"event": "execute_tool", "message": "Executing tool disk-usage"}
2023-07-18 01:38:58,608 - root - INFO - {"event": "execute_tool", "message": "Executing tool last-boottime"}
2023-07-18 01:39:03,337 - root - INFO - {"event": "execute_tool", "message": "Executing tool network-adapters"}
2023-07-18 01:39:03,523 - root - INFO - {"event": "execute_tool", "message": "Executing tool wifi-details"}
2023-07-18 01:39:04,757 - root - INFO - {"event": "execute_tool", "message": "Executing tool trusted-network-status"}
2023-07-18 01:39:08,616 - root - INFO - {"event": "execute_tool", "message": "Executing tool wifi-details"}
2023-07-18 01:39:13,411 - root - INFO - {"event": "execute_tool", "message": "Executing tool trusted-network-status"}
2023-07-18 01:39:13,707 - root - INFO - {"event": "execute_tool", "message": "Executing tool wifi-details"}
2023-07-18 01:39:18,824 - root - INFO - {"event": "execute_tool", "message": "Executing tool wifi-details"}
2023-07-18 01:39:25,107 - root - INFO - {"event": "execute_tool", "message": "Executing tool wifi-details"}
2023-07-18 01:39:30,187 - root - INFO - {"event": "execute_tool", "message": "Executing tool wifi-details"}
2023-07-18 01:39:35,589 - root - INFO - {"event": "execute_tool", "message": "Executing tool wifi-details"}
2023-07-18 01:39:40,677 - root - INFO - {"event": "execute_tool", "message": "Executing tool wifi-details"}
2023-07-18 01:39:42,499 - root - INFO - {"event": "execute_tool", "message": "Executing tool trusted-network-status"}
2023-07-18 01:39:45,765 - root - INFO - {"event": "execute_tool", "message": "Executing tool wifi-details"}
2023-07-18 01:39:50,837 - root - INFO - {"event": "execute_tool", "message": "Executing tool wifi-details"}
2023-07-18 01:39:55,911 - root - INFO - {"event": "execute_tool", "message": "Executing tool wifi-details"}
2023-07-18 01:39:56,091 - root - INFO - {"event": "execute_tool", "message": "Executing tool trusted-network-status"}
2023-07-18 01:40:01,000 - root - INFO - {"event": "execute_tool", "message": "Executing tool wifi-details"}
2023-07-18 01:40:02,691 - root - INFO - {"event": "execute_tool", "message": "Executing tool network-adapters"}
2023-07-18 01:40:05,481 - root - INFO - {"event": "execute_tool", "message": "Executing tool trusted-network-status"}
2023-07-18 01:40:06,074 - root - INFO - {"event": "execute_tool", "message": "Executing tool wifi-details"}
2023-07-18 01:40:10,494 - root - INFO - {"event": "execute_tool", "message": "Executing tool trusted-network-status"}
2023-07-18 01:40:11,158 - root - INFO - {"event": "execute_tool", "message": "Executing tool wifi-details"}
2023-07-18 01:40:16,546 - root - INFO - {"event": "execute_tool", "message": "Executing tool wifi-details"}
2023-07-18 01:40:19,557 - root - INFO - {"event": "execute_tool", "message": "Executing tool trusted-network-status"}
2023-07-18 01:40:21,624 - root - INFO - {"event": "execute_tool", "message": "Executing tool wifi-details"}
2023-07-18 01:40:26,696 - root - INFO - {"event": "execute_tool", "message": "Executing tool wifi-details"}
2023-07-18 01:40:27,192 - root - INFO - {"event": "execute_tool", "message": "Executing tool trusted-network-status"}
2023-07-18 01:40:32,066 - root - INFO - {"event": "execute_tool", "message": "Executing tool wifi-details"}
2023-07-18 01:40:34,357 - root - INFO - {"event": "execute_tool", "message": "Executing tool trusted-network-status"}
2023-07-18 01:40:37,152 - root - INFO - {"event": "execute_tool", "message": "Executing tool wifi-details"}
2023-07-18 01:40:42,089 - root - INFO - {"event": "execute_tool", "message": "Executing tool trusted-network-status"}
2023-07-18 01:40:42,243 - root - INFO - {"event": "execute_tool", "message": "Executing tool wifi-details"}
2023-07-18 01:40:47,649 - root - INFO - {"event": "execute_tool", "message": "Executing tool wifi-details"}
2023-07-18 01:40:48,367 - root - INFO - {"event": "execute_tool", "message": "Executing tool trusted-network-status"}
2023-07-18 01:40:52,726 - root - INFO - {"event": "execute_tool", "message": "Executing tool wifi-details"}
2023-07-18 01:40:57,800 - root - INFO - {"event": "execute_tool", "message": "Executing tool wifi-details"}
2023-07-18 01:41:01,908 - root - INFO - {"event": "execute_tool", "message": "Executing tool trusted-network-status"}
2023-07-18 01:41:02,892 - root - INFO - {"event": "execute_tool", "message": "Executing tool wifi-details"}
2023-07-18 01:41:07,970 - root - INFO - {"event": "execute_tool", "message": "Executing tool wifi-details"}
2023-07-18 01:41:13,042 - root - INFO - {"event": "execute_tool", "message": "Executing tool wifi-details"}
2023-07-18 01:41:18,421 - root - INFO - {"event": "execute_tool", "message": "Executing tool wifi-details"}
2023-07-18 01:41:23,496 - root - INFO - {"event": "execute_tool", "message": "Executing tool wifi-details"}
2023-07-18 01:41:28,959 - root - INFO - {"event": "execute_tool", "message": "Executing tool wifi-details"}
2023-07-18 01:41:34,046 - root - INFO - {"event": "execute_tool", "message": "Executing tool wifi-details"}
2023-07-18 01:41:39,436 - root - INFO - {"event": "execute_tool", "message": "Executing tool wifi-details"}
2023-07-18 01:41:44,531 - root - INFO - {"event": "execute_tool", "message": "Executing tool wifi-details"}
2023-07-18 01:41:49,622 - root - INFO - {"event": "execute_tool", "message": "Executing tool wifi-details"}
2023-07-18 01:41:55,020 - root - INFO - {"event": "execute_tool", "message": "Executing tool wifi-details"}
2023-07-18 01:42:00,120 - root - INFO - {"event": "execute_tool", "message": "Executing tool wifi-details"}
2023-07-18 01:42:05,193 - root - INFO - {"event": "execute_tool", "message": "Executing tool wifi-details"}
2023-07-18 01:42:10,588 - root - INFO - {"event": "execute_tool", "message": "Executing tool wifi-details"}
2023-07-18 01:42:15,679 - root - INFO - {"event": "execute_tool", "message": "Executing tool wifi-details"}
2023-07-18 01:42:19,782 - root - INFO - {"event": "execute_tool", "message": "Executing tool trusted-network-status"}
2023-07-18 01:42:20,784 - root - INFO - {"event": "execute_tool", "message": "Executing tool wifi-details"}
2023-07-18 01:42:25,209 - root - INFO - {"event": "execute_tool", "message": "Executing tool trusted-network-status"}
2023-07-18 01:42:25,858 - root - INFO - {"event": "execute_tool", "message": "Executing tool wifi-details"}
2023-07-18 01:42:30,979 - root - INFO - {"event": "execute_tool", "message": "Executing tool wifi-details"}
2023-07-18 01:42:33,251 - root - INFO - {"event": "execute_tool", "message": "Executing tool trusted-network-status"}
2023-07-18 01:42:36,050 - root - INFO - {"event": "execute_tool", "message": "Executing tool wifi-details"}
2023-07-18 01:42:41,131 - root - INFO - {"event": "execute_tool", "message": "Executing tool wifi-details"}
2023-07-18 01:42:44,296 - root - INFO - {"event": "execute_tool", "message": "Executing tool trusted-network-status"}
2023-07-18 01:42:46,207 - root - INFO - {"event": "execute_tool", "message": "Executing tool wifi-details"}
2023-07-18 01:42:51,298 - root - INFO - {"event": "execute_tool", "message": "Executing tool wifi-details"}
2023-07-18 01:42:56,394 - root - INFO - {"event": "execute_tool", "message": "Executing tool wifi-details"}
2023-07-18 01:43:01,486 - root - INFO - {"event": "execute_tool", "message": "Executing tool wifi-details"}
2023-07-18 01:43:06,886 - root - INFO - {"event": "execute_tool", "message": "Executing tool wifi-details"}
2023-07-18 01:43:11,998 - root - INFO - {"event": "execute_tool", "message": "Executing tool wifi-details"}
2023-07-18 01:43:17,081 - root - INFO - {"event": "execute_tool", "message": "Executing tool wifi-details"}
2023-07-18 01:43:18,824 - root - INFO - {"event": "execute_tool", "message": "Executing tool trusted-network-status"}
2023-07-18 01:43:18,889 - root - INFO - {"event": "execute_tool", "message": "Executing tool network-adapters"}
2023-07-18 01:43:22,158 - root - INFO - {"event": "execute_tool", "message": "Executing tool wifi-details"}
2023-07-18 01:43:24,037 - root - INFO - {"event": "execute_tool", "message": "Executing tool trusted-network-status"}
2023-07-18 01:43:27,227 - root - INFO - {"event": "execute_tool", "message": "Executing tool wifi-details"}
2023-07-18 01:43:31,036 - root - INFO - {"event": "execute_tool", "message": "Executing tool trusted-network-status"}
2023-07-18 01:43:32,310 - root - INFO - {"event": "execute_tool", "message": "Executing tool wifi-details"}
2023-07-18 01:43:37,700 - root - INFO - {"event": "execute_tool", "message": "Executing tool wifi-details"}
2023-07-18 01:43:42,797 - root - INFO - {"event": "execute_tool", "message": "Executing tool wifi-details"}
2023-07-18 01:43:44,045 - root - INFO - {"event": "execute_tool", "message": "Executing tool trusted-network-status"}
2023-07-18 01:43:47,885 - root - INFO - {"event": "execute_tool", "message": "Executing tool wifi-details"}
2023-07-18 01:43:51,614 - root - INFO - {"event": "execute_tool", "message": "Executing tool trusted-network-status"}
2023-07-18 01:43:52,963 - root - INFO - {"event": "execute_tool", "message": "Executing tool wifi-details"}
2023-07-18 01:43:58,044 - root - INFO - {"event": "execute_tool", "message": "Executing tool wifi-details"}
2023-07-18 01:43:59,591 - root - INFO - {"event": "execute_tool", "message": "Executing tool trusted-network-status"}
2023-07-18 01:44:03,115 - root - INFO - {"event": "execute_tool", "message": "Executing tool wifi-details"}
2023-07-18 01:44:08,187 - root - INFO - {"event": "execute_tool", "message": "Executing tool wifi-details"}
2023-07-18 01:44:13,572 - root - INFO - {"event": "execute_tool", "message": "Executing tool wifi-details"}
2023-07-18 01:44:18,663 - root - INFO - {"event": "execute_tool", "message": "Executing tool wifi-details"}
2023-07-18 01:44:23,739 - root - INFO - {"event": "execute_tool", "message": "Executing tool wifi-details"}
2023-07-18 01:44:23,971 - root - INFO - {"event": "execute_tool", "message": "Executing tool trusted-network-status"}
2023-07-18 01:44:28,811 - root - INFO - {"event": "execute_tool", "message": "Executing tool wifi-details"}
2023-07-18 01:44:33,884 - root - INFO - {"event": "execute_tool", "message": "Executing tool wifi-details"}
2023-07-18 01:44:36,353 - root - INFO - {"event": "execute_tool", "message": "Executing tool trusted-network-status"}
2023-07-18 01:44:38,959 - root - INFO - {"event": "execute_tool", "message": "Executing tool wifi-details"}
2023-07-18 01:44:44,337 - root - INFO - {"event": "execute_tool", "message": "Executing tool wifi-details"}
2023-07-18 01:44:49,443 - root - INFO - {"event": "execute_tool", "message": "Executing tool wifi-details"}
2023-07-18 01:44:54,513 - root - INFO - {"event": "execute_tool", "message": "Executing tool wifi-details"}
2023-07-18 01:44:59,583 - root - INFO - {"event": "execute_tool", "message": "Executing tool wifi-details"}
2023-07-18 01:45:04,977 - root - INFO - {"event": "execute_tool", "message": "Executing tool wifi-details"}
2023-07-18 01:45:09,834 - root - INFO - {"event": "execute_tool", "message": "Executing tool trusted-network-status"}
2023-07-18 01:45:10,092 - root - INFO - {"event": "execute_tool", "message": "Executing tool wifi-details"}
2023-07-18 01:45:12,815 - root - INFO - {"event": "execute_tool", "message": "Executing tool network-adapters"}
2023-07-18 01:45:15,186 - root - INFO - {"event": "execute_tool", "message": "Executing tool wifi-details"}
2023-07-18 01:45:15,692 - root - INFO - {"event": "execute_tool", "message": "Executing tool trusted-network-status"}
2023-07-18 01:45:20,282 - root - INFO - {"event": "execute_tool", "message": "Executing tool wifi-details"}
2023-07-18 01:45:25,374 - root - INFO - {"event": "execute_tool", "message": "Executing tool wifi-details"}
